2021-10-08 02:03:25,258 - PDL-Slicing/Transport - INFO - Configuring environment variables
2021-10-08 02:03:25,259 - PDL-Slicing/Transport - INFO - Configuring Blockchain connection
2021-10-08 02:03:25,271 - PDL-Slicing/Transport - INFO - Connection with te blockchain ready: True
2021-10-08 02:03:25,281 - PDL-Slicing/Transport - INFO - Current Ethereum block number: 3
2021-10-08 02:03:25,344 - PDL-Slicing/Transport - INFO - Abstraction process of the SDN local context.
2021-10-08 02:03:25,346 - PDL-Slicing/Transport - INFO - Topology abstraction using the vnode model.
2021-10-08 02:03:25,749 - PDL-Slicing/Transport - INFO - Element added into the DB context
2021-10-08 02:03:25,751 - PDL-Slicing/Transport - INFO - Internal E2E graph initalization for path computation.
2021-10-08 02:03:25,751 - PDL-Slicing/Transport - INFO - Retrieving elements from DB context
2021-10-08 02:03:25,754 - PDL-Slicing/Transport - INFO - VL_COMP: External SDN context added.
2021-10-08 02:03:25,754 - PDL-Slicing/Transport - INFO - Configuring permanent threads to manage Blockchain events (slicing and transport)
2021-10-08 02:03:25,797 - PDL-Slicing/Transport - INFO - Thread pool created with 20 workers
2021-10-08 02:09:47,415 - PDL-Slicing/Transport - INFO - TRANSPORT_EVENT_MNGR: NEW SET OF IDL
2021-10-08 02:09:47,432 - PDL-Slicing/Transport - INFO - BLOCKCHAIN_IDL - 2021-10-08 02:09:47.432065
2021-10-08 02:09:47,434 - PDL-Slicing/Transport - INFO - ORCH: Adding inter-domain links to the E2E graph for path conmputation.
2021-10-08 02:09:47,437 - PDL-Slicing/Transport - INFO - ORCH: Prepares E2E topology information.
2021-10-08 02:09:50,228 - PDL-Slicing/Transport - INFO - VL_COMP: Set of IDLs added.
2021-10-08 02:14:00,336 - PDL-Slicing/Transport - INFO - TRANSPORT_EVENT_MNGR: NEW SET OF IDL
2021-10-08 02:14:00,338 - PDL-Slicing/Transport - INFO - BLOCKCHAIN_IDL - 2021-10-08 02:14:00.338593
2021-10-08 02:14:00,348 - PDL-Slicing/Transport - INFO - ORCH: Adding inter-domain links to the E2E graph for path conmputation.
2021-10-08 02:14:00,348 - PDL-Slicing/Transport - INFO - ORCH: Prepares E2E topology information.
2021-10-08 02:14:07,525 - PDL-Slicing/Transport - INFO - VL_COMP: Set of IDLs added.
2021-10-08 02:16:00,503 - PDL-Slicing/Transport - INFO - TRANSPORT_EVENT_MNGR: NEW SET OF IDL
2021-10-08 02:16:00,505 - PDL-Slicing/Transport - INFO - BLOCKCHAIN_IDL - 2021-10-08 02:16:00.505251
2021-10-08 02:16:00,507 - PDL-Slicing/Transport - INFO - ORCH: Adding inter-domain links to the E2E graph for path conmputation.
2021-10-08 02:16:00,507 - PDL-Slicing/Transport - INFO - ORCH: Prepares E2E topology information.
2021-10-08 02:16:08,902 - PDL-Slicing/Transport - INFO - VL_COMP: Set of IDLs added.
2021-10-08 02:16:45,793 - PDL-Slicing/Transport - INFO - ORCH: Received IDL and context to distribute.
2021-10-08 02:16:45,794 - PDL-Slicing/Transport - INFO - VL_COMP: Set of IDLs added.
2021-10-08 02:16:45,794 - PDL-Slicing/Transport - INFO - ORCH: Get E2E topology from BL.
2021-10-08 02:16:45,970 - PDL-Slicing/Transport - INFO - ORCH: ADDING ANOTHER IDL.
2021-10-08 02:16:45,971 - PDL-Slicing/Transport - INFO - ORCH: Local E2E graph updated, distributing it and the IDLs.
2021-10-08 02:16:47,964 - PDL-Slicing/Transport - INFO - BLOCKCHAIN_MAPPER: COST E2E_TOPOLOGY  - 111818 - 1820
2021-10-08 02:16:48,029 - PDL-Slicing/Transport - INFO - TRANSPORT_EVENT_MNGR: NO NEED TO PROCESS THIS EVENT.
2021-10-08 02:17:15,100 - PDL-Slicing/Transport - INFO - ORCH: Preparing the context to be distributed.
2021-10-08 02:17:15,100 - PDL-Slicing/Transport - INFO - Retrieveing an element from the DB context
2021-10-08 02:17:19,568 - PDL-Slicing/Transport - INFO - BLOCKCHAIN_MAPPER: COST SIP  - 799855 - 991
2021-10-08 02:17:24,914 - PDL-Slicing/Transport - INFO - BLOCKCHAIN_MAPPER: COST SIP  - 799843 - 990
2021-10-08 02:17:30,468 - PDL-Slicing/Transport - INFO - BLOCKCHAIN_MAPPER: COST SIP  - 799831 - 989
2021-10-08 02:17:34,481 - PDL-Slicing/Transport - INFO - BLOCKCHAIN_MAPPER: COST SIP  - 799819 - 988
2021-10-08 02:17:38,084 - PDL-Slicing/Transport - INFO - BLOCKCHAIN_MAPPER: COST SIP  - 799855 - 991
2021-10-08 02:17:41,841 - PDL-Slicing/Transport - INFO - BLOCKCHAIN_MAPPER: COST SIP  - 799855 - 991
2021-10-08 02:17:45,896 - PDL-Slicing/Transport - INFO - BLOCKCHAIN_MAPPER: COST SIP  - 799855 - 991
2021-10-08 02:17:49,718 - PDL-Slicing/Transport - INFO - BLOCKCHAIN_MAPPER: COST SIP  - 799855 - 991
2021-10-08 02:17:53,765 - PDL-Slicing/Transport - INFO - BLOCKCHAIN_MAPPER: COST SIP  - 799855 - 991
2021-10-08 02:17:57,660 - PDL-Slicing/Transport - INFO - BLOCKCHAIN_MAPPER: COST SIP  - 799855 - 991
2021-10-08 02:18:02,287 - PDL-Slicing/Transport - INFO - BLOCKCHAIN_MAPPER: COST SIP  - 799831 - 989
2021-10-08 02:18:07,142 - PDL-Slicing/Transport - INFO - BLOCKCHAIN_MAPPER: COST SIP  - 799831 - 989
2021-10-08 02:18:11,194 - PDL-Slicing/Transport - INFO - BLOCKCHAIN_MAPPER: COST SIP  - 799831 - 989
2021-10-08 02:18:14,977 - PDL-Slicing/Transport - INFO - BLOCKCHAIN_MAPPER: COST SIP  - 799843 - 990
2021-10-08 02:18:19,093 - PDL-Slicing/Transport - INFO - BLOCKCHAIN_MAPPER: COST SIP  - 799831 - 989
2021-10-08 02:18:23,031 - PDL-Slicing/Transport - INFO - BLOCKCHAIN_MAPPER: COST SIP  - 799855 - 991
2021-10-08 02:18:27,572 - PDL-Slicing/Transport - INFO - BLOCKCHAIN_MAPPER: COST SIP  - 799831 - 989
2021-10-08 02:18:31,756 - PDL-Slicing/Transport - INFO - BLOCKCHAIN_MAPPER: COST SIP  - 799819 - 988
2021-10-08 02:18:35,887 - PDL-Slicing/Transport - INFO - BLOCKCHAIN_MAPPER: COST SIP  - 799843 - 990
2021-10-08 02:18:39,681 - PDL-Slicing/Transport - INFO - BLOCKCHAIN_MAPPER: COST SIP  - 799831 - 989
2021-10-08 02:18:43,696 - PDL-Slicing/Transport - INFO - BLOCKCHAIN_MAPPER: COST SIP  - 799855 - 991
2021-10-08 02:18:47,663 - PDL-Slicing/Transport - INFO - BLOCKCHAIN_MAPPER: COST SIP  - 799831 - 989
2021-10-08 02:18:51,539 - PDL-Slicing/Transport - INFO - BLOCKCHAIN_MAPPER: COST SIP  - 799819 - 988
2021-10-08 02:18:55,081 - PDL-Slicing/Transport - INFO - BLOCKCHAIN_MAPPER: COST SIP  - 799855 - 991
2021-10-08 02:18:59,187 - PDL-Slicing/Transport - INFO - BLOCKCHAIN_MAPPER: COST SIP  - 799819 - 988
2021-10-08 02:19:05,155 - PDL-Slicing/Transport - INFO - BLOCKCHAIN_MAPPER: COST SIP  - 799855 - 991
2021-10-08 02:19:09,479 - PDL-Slicing/Transport - INFO - BLOCKCHAIN_MAPPER: COST SIP  - 799831 - 989
2021-10-08 02:19:13,367 - PDL-Slicing/Transport - INFO - BLOCKCHAIN_MAPPER: COST SIP  - 799819 - 988
2021-10-08 02:19:17,221 - PDL-Slicing/Transport - INFO - BLOCKCHAIN_MAPPER: COST SIP  - 799819 - 988
2021-10-08 02:19:20,679 - PDL-Slicing/Transport - INFO - BLOCKCHAIN_MAPPER: COST SIP  - 799843 - 990
2021-10-08 02:19:24,623 - PDL-Slicing/Transport - INFO - BLOCKCHAIN_MAPPER: COST SIP  - 799855 - 991
2021-10-08 02:19:28,726 - PDL-Slicing/Transport - INFO - BLOCKCHAIN_MAPPER: COST SIP  - 799843 - 990
2021-10-08 02:19:33,102 - PDL-Slicing/Transport - INFO - BLOCKCHAIN_MAPPER: COST SIP  - 799843 - 990
2021-10-08 02:19:36,919 - PDL-Slicing/Transport - INFO - BLOCKCHAIN_MAPPER: COST SIP  - 799819 - 988
2021-10-08 02:19:40,711 - PDL-Slicing/Transport - INFO - BLOCKCHAIN_MAPPER: COST SIP  - 799831 - 989
2021-10-08 02:19:44,446 - PDL-Slicing/Transport - INFO - BLOCKCHAIN_MAPPER: COST SIP  - 799831 - 989
2021-10-08 02:19:48,109 - PDL-Slicing/Transport - INFO - BLOCKCHAIN_MAPPER: COST SIP  - 799855 - 991
2021-10-08 02:19:51,790 - PDL-Slicing/Transport - INFO - BLOCKCHAIN_MAPPER: COST SIP  - 799819 - 988
2021-10-08 02:19:55,690 - PDL-Slicing/Transport - INFO - BLOCKCHAIN_MAPPER: COST SIP  - 799807 - 987
2021-10-08 02:19:59,697 - PDL-Slicing/Transport - INFO - BLOCKCHAIN_MAPPER: COST SIP  - 799831 - 989
2021-10-08 02:20:05,595 - PDL-Slicing/Transport - INFO - BLOCKCHAIN_MAPPER: COST SIP  - 799819 - 988
2021-10-08 02:20:09,734 - PDL-Slicing/Transport - INFO - BLOCKCHAIN_MAPPER: COST SIP  - 799819 - 988
2021-10-08 02:20:13,588 - PDL-Slicing/Transport - INFO - BLOCKCHAIN_MAPPER: COST SIP  - 799855 - 991
2021-10-08 02:20:17,616 - PDL-Slicing/Transport - INFO - BLOCKCHAIN_MAPPER: COST SIP  - 799843 - 990
2021-10-08 02:20:21,379 - PDL-Slicing/Transport - INFO - BLOCKCHAIN_MAPPER: COST SIP  - 799831 - 989
2021-10-08 02:20:25,101 - PDL-Slicing/Transport - INFO - BLOCKCHAIN_MAPPER: COST SIP  - 799819 - 988
2021-10-08 02:20:29,127 - PDL-Slicing/Transport - INFO - BLOCKCHAIN_MAPPER: COST SIP  - 799843 - 990
2021-10-08 02:20:32,689 - PDL-Slicing/Transport - INFO - BLOCKCHAIN_MAPPER: COST SIP  - 799819 - 988
2021-10-08 02:20:36,970 - PDL-Slicing/Transport - INFO - BLOCKCHAIN_MAPPER: COST SIP  - 799819 - 988
2021-10-08 02:20:41,948 - PDL-Slicing/Transport - INFO - BLOCKCHAIN_MAPPER: COST SIP  - 799819 - 988
2021-10-08 02:20:45,910 - PDL-Slicing/Transport - INFO - BLOCKCHAIN_MAPPER: COST SIP  - 799855 - 991
2021-10-08 02:20:50,071 - PDL-Slicing/Transport - INFO - BLOCKCHAIN_MAPPER: COST SIP  - 799831 - 989
2021-10-08 02:20:53,989 - PDL-Slicing/Transport - INFO - BLOCKCHAIN_MAPPER: COST SIP  - 799831 - 989
2021-10-08 02:20:57,957 - PDL-Slicing/Transport - INFO - BLOCKCHAIN_MAPPER: COST SIP  - 799831 - 989
2021-10-08 02:21:03,774 - PDL-Slicing/Transport - INFO - BLOCKCHAIN_MAPPER: COST SIP  - 799855 - 991
2021-10-08 02:21:08,002 - PDL-Slicing/Transport - INFO - BLOCKCHAIN_MAPPER: COST SIP  - 799819 - 988
2021-10-08 02:21:11,875 - PDL-Slicing/Transport - INFO - BLOCKCHAIN_MAPPER: COST SIP  - 799843 - 990
2021-10-08 02:21:15,671 - PDL-Slicing/Transport - INFO - BLOCKCHAIN_MAPPER: COST SIP  - 799831 - 989
2021-10-08 02:21:19,861 - PDL-Slicing/Transport - INFO - BLOCKCHAIN_MAPPER: COST SIP  - 799819 - 988
2021-10-08 02:21:24,083 - PDL-Slicing/Transport - INFO - BLOCKCHAIN_MAPPER: COST SIP  - 799843 - 990
2021-10-08 02:21:28,105 - PDL-Slicing/Transport - INFO - BLOCKCHAIN_MAPPER: COST SIP  - 799855 - 991
2021-10-08 02:21:32,585 - PDL-Slicing/Transport - INFO - BLOCKCHAIN_MAPPER: COST SIP  - 799843 - 990
2021-10-08 02:21:36,332 - PDL-Slicing/Transport - INFO - BLOCKCHAIN_MAPPER: COST SIP  - 799831 - 989
2021-10-08 02:21:40,364 - PDL-Slicing/Transport - INFO - BLOCKCHAIN_MAPPER: COST SIP  - 799843 - 990
2021-10-08 02:21:44,470 - PDL-Slicing/Transport - INFO - BLOCKCHAIN_MAPPER: COST SIP  - 799831 - 989
2021-10-08 02:21:48,440 - PDL-Slicing/Transport - INFO - BLOCKCHAIN_MAPPER: COST SIP  - 799855 - 991
2021-10-08 02:21:52,353 - PDL-Slicing/Transport - INFO - BLOCKCHAIN_MAPPER: COST SIP  - 799855 - 991
2021-10-08 02:21:56,287 - PDL-Slicing/Transport - INFO - BLOCKCHAIN_MAPPER: COST SIP  - 799855 - 991
2021-10-08 02:22:00,531 - PDL-Slicing/Transport - INFO - BLOCKCHAIN_MAPPER: COST SIP  - 799855 - 991
2021-10-08 02:22:06,187 - PDL-Slicing/Transport - INFO - BLOCKCHAIN_MAPPER: COST SIP  - 799831 - 989
2021-10-08 02:22:10,132 - PDL-Slicing/Transport - INFO - BLOCKCHAIN_MAPPER: COST SIP  - 799855 - 991
2021-10-08 02:22:14,205 - PDL-Slicing/Transport - INFO - BLOCKCHAIN_MAPPER: COST SIP  - 799855 - 991
2021-10-08 02:22:18,384 - PDL-Slicing/Transport - INFO - BLOCKCHAIN_MAPPER: COST SIP  - 799855 - 991
2021-10-08 02:22:22,772 - PDL-Slicing/Transport - INFO - BLOCKCHAIN_MAPPER: COST SIP  - 799843 - 990
2021-10-08 02:22:27,707 - PDL-Slicing/Transport - INFO - BLOCKCHAIN_MAPPER: COST SIP  - 799843 - 990
2021-10-08 02:22:34,029 - PDL-Slicing/Transport - INFO - BLOCKCHAIN_MAPPER: COST SIP  - 799855 - 991
2021-10-08 02:22:39,504 - PDL-Slicing/Transport - INFO - BLOCKCHAIN_MAPPER: COST SIP  - 799855 - 991
2021-10-08 02:22:43,235 - PDL-Slicing/Transport - INFO - BLOCKCHAIN_MAPPER: COST SIP  - 799831 - 989
2021-10-08 02:22:46,913 - PDL-Slicing/Transport - INFO - BLOCKCHAIN_MAPPER: COST SIP  - 799831 - 989
2021-10-08 02:22:50,223 - PDL-Slicing/Transport - INFO - BLOCKCHAIN_MAPPER: COST SIP  - 799831 - 989
2021-10-08 02:22:53,819 - PDL-Slicing/Transport - INFO - BLOCKCHAIN_MAPPER: COST SIP  - 799819 - 988
2021-10-08 02:22:57,518 - PDL-Slicing/Transport - INFO - BLOCKCHAIN_MAPPER: COST SIP  - 799843 - 990
2021-10-08 02:23:01,183 - PDL-Slicing/Transport - INFO - BLOCKCHAIN_MAPPER: COST SIP  - 799831 - 989
2021-10-08 02:23:06,866 - PDL-Slicing/Transport - INFO - BLOCKCHAIN_MAPPER: COST SIP  - 799855 - 991
2021-10-08 02:23:10,504 - PDL-Slicing/Transport - INFO - BLOCKCHAIN_MAPPER: COST SIP  - 799843 - 990
2021-10-08 02:23:14,126 - PDL-Slicing/Transport - INFO - BLOCKCHAIN_MAPPER: COST SIP  - 799855 - 991
2021-10-08 02:23:17,614 - PDL-Slicing/Transport - INFO - BLOCKCHAIN_MAPPER: COST SIP  - 799855 - 991
2021-10-08 02:23:21,444 - PDL-Slicing/Transport - INFO - BLOCKCHAIN_MAPPER: COST SIP  - 799855 - 991
2021-10-08 02:23:24,787 - PDL-Slicing/Transport - INFO - BLOCKCHAIN_MAPPER: COST SIP  - 799855 - 991
2021-10-08 02:23:28,122 - PDL-Slicing/Transport - INFO - BLOCKCHAIN_MAPPER: COST SIP  - 799855 - 991
2021-10-08 02:23:31,872 - PDL-Slicing/Transport - INFO - BLOCKCHAIN_MAPPER: COST SIP  - 799855 - 991
2021-10-08 02:23:35,611 - PDL-Slicing/Transport - INFO - BLOCKCHAIN_MAPPER: COST SIP  - 799819 - 988
2021-10-08 02:23:39,113 - PDL-Slicing/Transport - INFO - BLOCKCHAIN_MAPPER: COST SIP  - 799831 - 989
2021-10-08 02:23:42,966 - PDL-Slicing/Transport - INFO - BLOCKCHAIN_MAPPER: COST SIP  - 799855 - 991
2021-10-08 02:23:46,359 - PDL-Slicing/Transport - INFO - BLOCKCHAIN_MAPPER: COST SIP  - 799843 - 990
2021-10-08 02:23:50,416 - PDL-Slicing/Transport - INFO - BLOCKCHAIN_MAPPER: COST SIP  - 799819 - 988
2021-10-08 02:23:53,950 - PDL-Slicing/Transport - INFO - BLOCKCHAIN_MAPPER: COST SIP  - 799831 - 989
2021-10-08 02:23:57,421 - PDL-Slicing/Transport - INFO - BLOCKCHAIN_MAPPER: COST SIP  - 799855 - 991
2021-10-08 02:24:01,049 - PDL-Slicing/Transport - INFO - BLOCKCHAIN_MAPPER: COST SIP  - 799855 - 991
2021-10-08 02:24:07,026 - PDL-Slicing/Transport - INFO - BLOCKCHAIN_MAPPER: COST SIP  - 799831 - 989
2021-10-08 02:24:10,812 - PDL-Slicing/Transport - INFO - BLOCKCHAIN_MAPPER: COST SIP  - 799855 - 991
2021-10-08 02:24:14,695 - PDL-Slicing/Transport - INFO - BLOCKCHAIN_MAPPER: COST SIP  - 799831 - 989
2021-10-08 02:24:18,397 - PDL-Slicing/Transport - INFO - BLOCKCHAIN_MAPPER: COST SIP  - 799819 - 988
2021-10-08 02:24:21,852 - PDL-Slicing/Transport - INFO - BLOCKCHAIN_MAPPER: COST SIP  - 799855 - 991
2021-10-08 02:24:25,929 - PDL-Slicing/Transport - INFO - BLOCKCHAIN_MAPPER: COST SIP  - 799855 - 991
2021-10-08 02:24:29,960 - PDL-Slicing/Transport - INFO - BLOCKCHAIN_MAPPER: COST SIP  - 799855 - 991
2021-10-08 02:24:33,522 - PDL-Slicing/Transport - INFO - BLOCKCHAIN_MAPPER: COST SIP  - 799843 - 990
2021-10-08 02:24:37,323 - PDL-Slicing/Transport - INFO - BLOCKCHAIN_MAPPER: COST SIP  - 799855 - 991
2021-10-08 02:24:40,880 - PDL-Slicing/Transport - INFO - BLOCKCHAIN_MAPPER: COST SIP  - 799831 - 989
2021-10-08 02:24:44,572 - PDL-Slicing/Transport - INFO - BLOCKCHAIN_MAPPER: COST SIP  - 799855 - 991
2021-10-08 02:24:48,402 - PDL-Slicing/Transport - INFO - BLOCKCHAIN_MAPPER: COST SIP  - 799843 - 990
2021-10-08 02:24:52,319 - PDL-Slicing/Transport - INFO - BLOCKCHAIN_MAPPER: COST SIP  - 799831 - 989
2021-10-08 02:24:56,007 - PDL-Slicing/Transport - INFO - BLOCKCHAIN_MAPPER: COST SIP  - 799819 - 988
2021-10-08 02:24:59,330 - PDL-Slicing/Transport - INFO - BLOCKCHAIN_MAPPER: COST SIP  - 799831 - 989
2021-10-08 02:25:05,242 - PDL-Slicing/Transport - INFO - BLOCKCHAIN_MAPPER: COST SIP  - 799819 - 988
2021-10-08 02:25:08,951 - PDL-Slicing/Transport - INFO - BLOCKCHAIN_MAPPER: COST SIP  - 799819 - 988
2021-10-08 02:25:12,638 - PDL-Slicing/Transport - INFO - BLOCKCHAIN_MAPPER: COST SIP  - 799843 - 990
2021-10-08 02:25:16,254 - PDL-Slicing/Transport - INFO - BLOCKCHAIN_MAPPER: COST SIP  - 799855 - 991
2021-10-08 02:25:20,066 - PDL-Slicing/Transport - INFO - BLOCKCHAIN_MAPPER: COST SIP  - 799843 - 990
2021-10-08 02:25:23,618 - PDL-Slicing/Transport - INFO - BLOCKCHAIN_MAPPER: COST SIP  - 799819 - 988
2021-10-08 02:25:27,167 - PDL-Slicing/Transport - INFO - BLOCKCHAIN_MAPPER: COST SIP  - 799831 - 989
2021-10-08 02:25:30,715 - PDL-Slicing/Transport - INFO - BLOCKCHAIN_MAPPER: COST SIP  - 799831 - 989
2021-10-08 02:25:34,443 - PDL-Slicing/Transport - INFO - BLOCKCHAIN_MAPPER: COST SIP  - 799855 - 991
2021-10-08 02:25:37,906 - PDL-Slicing/Transport - INFO - BLOCKCHAIN_MAPPER: COST SIP  - 799855 - 991
2021-10-08 02:25:41,897 - PDL-Slicing/Transport - INFO - BLOCKCHAIN_MAPPER: COST SIP  - 799843 - 990
2021-10-08 02:25:45,738 - PDL-Slicing/Transport - INFO - BLOCKCHAIN_MAPPER: COST SIP  - 799819 - 988
2021-10-08 02:25:49,559 - PDL-Slicing/Transport - INFO - BLOCKCHAIN_MAPPER: COST SIP  - 799855 - 991
2021-10-08 02:25:53,423 - PDL-Slicing/Transport - INFO - BLOCKCHAIN_MAPPER: COST SIP  - 799843 - 990
2021-10-08 02:25:57,198 - PDL-Slicing/Transport - INFO - BLOCKCHAIN_MAPPER: COST SIP  - 799855 - 991
2021-10-08 02:26:00,996 - PDL-Slicing/Transport - INFO - BLOCKCHAIN_MAPPER: COST SIP  - 799855 - 991
2021-10-08 02:26:06,589 - PDL-Slicing/Transport - INFO - BLOCKCHAIN_MAPPER: COST SIP  - 799819 - 988
2021-10-08 02:26:10,248 - PDL-Slicing/Transport - INFO - BLOCKCHAIN_MAPPER: COST SIP  - 799855 - 991
2021-10-08 02:26:13,888 - PDL-Slicing/Transport - INFO - BLOCKCHAIN_MAPPER: COST SIP  - 799855 - 991
2021-10-08 02:26:18,022 - PDL-Slicing/Transport - INFO - BLOCKCHAIN_MAPPER: COST SIP  - 799855 - 991
2021-10-08 02:26:22,135 - PDL-Slicing/Transport - INFO - BLOCKCHAIN_MAPPER: COST SIP  - 799819 - 988
2021-10-08 02:26:25,848 - PDL-Slicing/Transport - INFO - BLOCKCHAIN_MAPPER: COST SIP  - 799831 - 989
2021-10-08 02:26:29,836 - PDL-Slicing/Transport - INFO - BLOCKCHAIN_MAPPER: COST SIP  - 799843 - 990
2021-10-08 02:26:33,708 - PDL-Slicing/Transport - INFO - BLOCKCHAIN_MAPPER: COST SIP  - 799855 - 991
2021-10-08 02:26:37,315 - PDL-Slicing/Transport - INFO - BLOCKCHAIN_MAPPER: COST SIP  - 799807 - 987
2021-10-08 02:26:41,018 - PDL-Slicing/Transport - INFO - BLOCKCHAIN_MAPPER: COST SIP  - 799831 - 989
2021-10-08 02:26:44,772 - PDL-Slicing/Transport - INFO - BLOCKCHAIN_MAPPER: COST SIP  - 799831 - 989
2021-10-08 02:26:48,599 - PDL-Slicing/Transport - INFO - BLOCKCHAIN_MAPPER: COST SIP  - 799831 - 989
2021-10-08 02:26:52,346 - PDL-Slicing/Transport - INFO - BLOCKCHAIN_MAPPER: COST SIP  - 799819 - 988
2021-10-08 02:26:56,134 - PDL-Slicing/Transport - INFO - BLOCKCHAIN_MAPPER: COST SIP  - 799855 - 991
2021-10-08 02:26:59,995 - PDL-Slicing/Transport - INFO - BLOCKCHAIN_MAPPER: COST SIP  - 799831 - 989
2021-10-08 02:27:05,910 - PDL-Slicing/Transport - INFO - BLOCKCHAIN_MAPPER: COST SIP  - 799843 - 990
2021-10-08 02:27:10,311 - PDL-Slicing/Transport - INFO - BLOCKCHAIN_MAPPER: COST SIP  - 799855 - 991
2021-10-08 02:27:14,407 - PDL-Slicing/Transport - INFO - BLOCKCHAIN_MAPPER: COST SIP  - 799855 - 991
2021-10-08 02:27:18,057 - PDL-Slicing/Transport - INFO - BLOCKCHAIN_MAPPER: COST SIP  - 799855 - 991
2021-10-08 02:27:21,511 - PDL-Slicing/Transport - INFO - BLOCKCHAIN_MAPPER: COST SIP  - 799855 - 991
2021-10-08 02:27:25,624 - PDL-Slicing/Transport - INFO - BLOCKCHAIN_MAPPER: COST SIP  - 799831 - 989
2021-10-08 02:27:29,396 - PDL-Slicing/Transport - INFO - BLOCKCHAIN_MAPPER: COST SIP  - 799843 - 990
2021-10-08 02:27:33,245 - PDL-Slicing/Transport - INFO - BLOCKCHAIN_MAPPER: COST SIP  - 799855 - 991
2021-10-08 02:27:37,185 - PDL-Slicing/Transport - INFO - BLOCKCHAIN_MAPPER: COST SIP  - 799855 - 991
2021-10-08 02:27:41,226 - PDL-Slicing/Transport - INFO - BLOCKCHAIN_MAPPER: COST SIP  - 799819 - 988
2021-10-08 02:27:45,600 - PDL-Slicing/Transport - INFO - BLOCKCHAIN_MAPPER: COST SIP  - 799855 - 991
2021-10-08 02:27:49,415 - PDL-Slicing/Transport - INFO - BLOCKCHAIN_MAPPER: COST SIP  - 799855 - 991
2021-10-08 02:27:52,999 - PDL-Slicing/Transport - INFO - BLOCKCHAIN_MAPPER: COST SIP  - 799831 - 989
2021-10-08 02:27:56,726 - PDL-Slicing/Transport - INFO - BLOCKCHAIN_MAPPER: COST SIP  - 799831 - 989
2021-10-08 02:28:00,489 - PDL-Slicing/Transport - INFO - BLOCKCHAIN_MAPPER: COST SIP  - 799831 - 989
2021-10-08 02:28:06,177 - PDL-Slicing/Transport - INFO - BLOCKCHAIN_MAPPER: COST SIP  - 799831 - 989
2021-10-08 02:28:09,760 - PDL-Slicing/Transport - INFO - BLOCKCHAIN_MAPPER: COST SIP  - 799855 - 991
2021-10-08 02:28:13,511 - PDL-Slicing/Transport - INFO - BLOCKCHAIN_MAPPER: COST SIP  - 799807 - 987
2021-10-08 02:28:17,088 - PDL-Slicing/Transport - INFO - BLOCKCHAIN_MAPPER: COST SIP  - 799807 - 987
2021-10-08 02:28:20,657 - PDL-Slicing/Transport - INFO - BLOCKCHAIN_MAPPER: COST SIP  - 799831 - 989
2021-10-08 02:28:24,731 - PDL-Slicing/Transport - INFO - BLOCKCHAIN_MAPPER: COST SIP  - 799819 - 988
2021-10-08 02:28:28,428 - PDL-Slicing/Transport - INFO - BLOCKCHAIN_MAPPER: COST SIP  - 799831 - 989
2021-10-08 02:28:32,316 - PDL-Slicing/Transport - INFO - BLOCKCHAIN_MAPPER: COST SIP  - 799843 - 990
2021-10-08 02:28:35,889 - PDL-Slicing/Transport - INFO - BLOCKCHAIN_MAPPER: COST SIP  - 799855 - 991
2021-10-08 02:28:39,956 - PDL-Slicing/Transport - INFO - BLOCKCHAIN_MAPPER: COST SIP  - 799831 - 989
2021-10-08 02:28:43,655 - PDL-Slicing/Transport - INFO - BLOCKCHAIN_MAPPER: COST SIP  - 799831 - 989
2021-10-08 02:28:47,665 - PDL-Slicing/Transport - INFO - BLOCKCHAIN_MAPPER: COST SIP  - 799855 - 991
2021-10-08 02:28:51,370 - PDL-Slicing/Transport - INFO - BLOCKCHAIN_MAPPER: COST SIP  - 799831 - 989
2021-10-08 02:28:54,894 - PDL-Slicing/Transport - INFO - BLOCKCHAIN_MAPPER: COST SIP  - 799831 - 989
2021-10-08 02:28:58,682 - PDL-Slicing/Transport - INFO - BLOCKCHAIN_MAPPER: COST SIP  - 799843 - 990
2021-10-08 02:29:04,318 - PDL-Slicing/Transport - INFO - BLOCKCHAIN_MAPPER: COST SIP  - 799831 - 989
2021-10-08 02:29:08,318 - PDL-Slicing/Transport - INFO - BLOCKCHAIN_MAPPER: COST SIP  - 799819 - 988
2021-10-08 02:29:11,916 - PDL-Slicing/Transport - INFO - BLOCKCHAIN_MAPPER: COST SIP  - 799831 - 989
2021-10-08 02:29:15,473 - PDL-Slicing/Transport - INFO - BLOCKCHAIN_MAPPER: COST SIP  - 799831 - 989
2021-10-08 02:29:19,137 - PDL-Slicing/Transport - INFO - BLOCKCHAIN_MAPPER: COST SIP  - 799855 - 991
2021-10-08 02:29:22,942 - PDL-Slicing/Transport - INFO - BLOCKCHAIN_MAPPER: COST SIP  - 799819 - 988
2021-10-08 02:29:26,745 - PDL-Slicing/Transport - INFO - BLOCKCHAIN_MAPPER: COST SIP  - 799855 - 991
2021-10-08 02:29:30,572 - PDL-Slicing/Transport - INFO - BLOCKCHAIN_MAPPER: COST SIP  - 799819 - 988
2021-10-08 02:29:34,391 - PDL-Slicing/Transport - INFO - BLOCKCHAIN_MAPPER: COST SIP  - 799831 - 989
2021-10-08 02:29:37,988 - PDL-Slicing/Transport - INFO - BLOCKCHAIN_MAPPER: COST SIP  - 799819 - 988
2021-10-08 02:29:41,904 - PDL-Slicing/Transport - INFO - BLOCKCHAIN_MAPPER: COST SIP  - 799843 - 990
2021-10-08 02:29:46,126 - PDL-Slicing/Transport - INFO - BLOCKCHAIN_MAPPER: COST SIP  - 799831 - 989
2021-10-08 02:29:49,875 - PDL-Slicing/Transport - INFO - BLOCKCHAIN_MAPPER: COST SIP  - 799843 - 990
2021-10-08 02:29:53,915 - PDL-Slicing/Transport - INFO - BLOCKCHAIN_MAPPER: COST SIP  - 799843 - 990
2021-10-08 02:29:57,617 - PDL-Slicing/Transport - INFO - BLOCKCHAIN_MAPPER: COST SIP  - 799831 - 989
2021-10-08 02:30:01,763 - PDL-Slicing/Transport - INFO - BLOCKCHAIN_MAPPER: COST SIP  - 799843 - 990
2021-10-08 02:30:06,645 - PDL-Slicing/Transport - INFO - BLOCKCHAIN_MAPPER: COST SIP  - 799855 - 991
2021-10-08 02:30:10,590 - PDL-Slicing/Transport - INFO - BLOCKCHAIN_MAPPER: COST SIP  - 799819 - 988
2021-10-08 02:30:14,850 - PDL-Slicing/Transport - INFO - BLOCKCHAIN_MAPPER: COST SIP  - 799855 - 991
2021-10-08 02:30:18,738 - PDL-Slicing/Transport - INFO - BLOCKCHAIN_MAPPER: COST SIP  - 799831 - 989
2021-10-08 02:30:22,800 - PDL-Slicing/Transport - INFO - BLOCKCHAIN_MAPPER: COST SIP  - 799831 - 989
2021-10-08 02:30:26,644 - PDL-Slicing/Transport - INFO - BLOCKCHAIN_MAPPER: COST SIP  - 799855 - 991
2021-10-08 02:30:30,806 - PDL-Slicing/Transport - INFO - BLOCKCHAIN_MAPPER: COST SIP  - 799831 - 989
2021-10-08 02:30:34,560 - PDL-Slicing/Transport - INFO - BLOCKCHAIN_MAPPER: COST SIP  - 799831 - 989
2021-10-08 02:30:38,088 - PDL-Slicing/Transport - INFO - BLOCKCHAIN_MAPPER: COST SIP  - 799831 - 989
2021-10-08 02:30:41,700 - PDL-Slicing/Transport - INFO - BLOCKCHAIN_MAPPER: COST SIP  - 799819 - 988
2021-10-08 02:30:45,736 - PDL-Slicing/Transport - INFO - BLOCKCHAIN_MAPPER: COST SIP  - 799843 - 990
2021-10-08 02:30:49,473 - PDL-Slicing/Transport - INFO - BLOCKCHAIN_MAPPER: COST SIP  - 799831 - 989
2021-10-08 02:30:53,365 - PDL-Slicing/Transport - INFO - BLOCKCHAIN_MAPPER: COST SIP  - 799819 - 988
2021-10-08 02:30:57,333 - PDL-Slicing/Transport - INFO - BLOCKCHAIN_MAPPER: COST SIP  - 799831 - 989
2021-10-08 02:31:01,286 - PDL-Slicing/Transport - INFO - BLOCKCHAIN_MAPPER: COST SIP  - 799831 - 989
2021-10-08 02:31:07,323 - PDL-Slicing/Transport - INFO - BLOCKCHAIN_MAPPER: COST SIP  - 799843 - 990
2021-10-08 02:31:11,393 - PDL-Slicing/Transport - INFO - BLOCKCHAIN_MAPPER: COST SIP  - 799831 - 989
2021-10-08 02:31:15,332 - PDL-Slicing/Transport - INFO - BLOCKCHAIN_MAPPER: COST SIP  - 799843 - 990
2021-10-08 02:31:19,352 - PDL-Slicing/Transport - INFO - BLOCKCHAIN_MAPPER: COST SIP  - 799843 - 990
2021-10-08 02:31:23,118 - PDL-Slicing/Transport - INFO - BLOCKCHAIN_MAPPER: COST SIP  - 799819 - 988
2021-10-08 02:31:26,830 - PDL-Slicing/Transport - INFO - BLOCKCHAIN_MAPPER: COST SIP  - 799819 - 988
2021-10-08 02:31:30,720 - PDL-Slicing/Transport - INFO - BLOCKCHAIN_MAPPER: COST SIP  - 799831 - 989
2021-10-08 02:31:34,718 - PDL-Slicing/Transport - INFO - BLOCKCHAIN_MAPPER: COST SIP  - 799831 - 989
2021-10-08 02:31:38,626 - PDL-Slicing/Transport - INFO - BLOCKCHAIN_MAPPER: COST SIP  - 799831 - 989
2021-10-08 02:31:42,728 - PDL-Slicing/Transport - INFO - BLOCKCHAIN_MAPPER: COST SIP  - 799843 - 990
2021-10-08 02:31:46,535 - PDL-Slicing/Transport - INFO - BLOCKCHAIN_MAPPER: COST SIP  - 799831 - 989
2021-10-08 02:31:50,473 - PDL-Slicing/Transport - INFO - BLOCKCHAIN_MAPPER: COST SIP  - 799819 - 988
2021-10-08 02:31:54,214 - PDL-Slicing/Transport - INFO - BLOCKCHAIN_MAPPER: COST SIP  - 799831 - 989
2021-10-08 02:31:58,032 - PDL-Slicing/Transport - INFO - BLOCKCHAIN_MAPPER: COST SIP  - 799819 - 988
2021-10-08 02:32:04,068 - PDL-Slicing/Transport - INFO - BLOCKCHAIN_MAPPER: COST SIP  - 799807 - 987
2021-10-08 02:32:08,237 - PDL-Slicing/Transport - INFO - BLOCKCHAIN_MAPPER: COST SIP  - 799843 - 990
2021-10-08 02:32:12,119 - PDL-Slicing/Transport - INFO - BLOCKCHAIN_MAPPER: COST SIP  - 799843 - 990
2021-10-08 02:32:15,787 - PDL-Slicing/Transport - INFO - BLOCKCHAIN_MAPPER: COST SIP  - 799819 - 988
2021-10-08 02:32:19,749 - PDL-Slicing/Transport - INFO - BLOCKCHAIN_MAPPER: COST SIP  - 799831 - 989
2021-10-08 02:32:23,788 - PDL-Slicing/Transport - INFO - BLOCKCHAIN_MAPPER: COST SIP  - 799843 - 990
2021-10-08 02:32:27,447 - PDL-Slicing/Transport - INFO - BLOCKCHAIN_MAPPER: COST SIP  - 799855 - 991
2021-10-08 02:32:31,217 - PDL-Slicing/Transport - INFO - BLOCKCHAIN_MAPPER: COST SIP  - 799831 - 989
2021-10-08 02:32:35,155 - PDL-Slicing/Transport - INFO - BLOCKCHAIN_MAPPER: COST SIP  - 799855 - 991
2021-10-08 02:32:38,627 - PDL-Slicing/Transport - INFO - BLOCKCHAIN_MAPPER: COST SIP  - 799843 - 990
2021-10-08 02:32:42,642 - PDL-Slicing/Transport - INFO - BLOCKCHAIN_MAPPER: COST SIP  - 799831 - 989
2021-10-08 02:32:46,858 - PDL-Slicing/Transport - INFO - BLOCKCHAIN_MAPPER: COST SIP  - 799843 - 990
2021-10-08 02:32:50,839 - PDL-Slicing/Transport - INFO - BLOCKCHAIN_MAPPER: COST SIP  - 799843 - 990
2021-10-08 02:32:54,540 - PDL-Slicing/Transport - INFO - BLOCKCHAIN_MAPPER: COST SIP  - 799855 - 991
2021-10-08 02:32:58,452 - PDL-Slicing/Transport - INFO - BLOCKCHAIN_MAPPER: COST SIP  - 799831 - 989
2021-10-08 02:33:04,151 - PDL-Slicing/Transport - INFO - BLOCKCHAIN_MAPPER: COST SIP  - 799855 - 991
2021-10-08 02:33:08,480 - PDL-Slicing/Transport - INFO - BLOCKCHAIN_MAPPER: COST SIP  - 799819 - 988
2021-10-08 02:33:12,615 - PDL-Slicing/Transport - INFO - BLOCKCHAIN_MAPPER: COST SIP  - 799843 - 990
2021-10-08 02:33:16,463 - PDL-Slicing/Transport - INFO - BLOCKCHAIN_MAPPER: COST SIP  - 799831 - 989
2021-10-08 02:33:20,191 - PDL-Slicing/Transport - INFO - BLOCKCHAIN_MAPPER: COST SIP  - 799831 - 989
2021-10-08 02:33:24,369 - PDL-Slicing/Transport - INFO - BLOCKCHAIN_MAPPER: COST SIP  - 799831 - 989
2021-10-08 02:33:28,417 - PDL-Slicing/Transport - INFO - BLOCKCHAIN_MAPPER: COST SIP  - 799843 - 990
2021-10-08 02:33:32,253 - PDL-Slicing/Transport - INFO - BLOCKCHAIN_MAPPER: COST SIP  - 799819 - 988
2021-10-08 02:33:36,284 - PDL-Slicing/Transport - INFO - BLOCKCHAIN_MAPPER: COST SIP  - 799819 - 988
2021-10-08 02:33:40,543 - PDL-Slicing/Transport - INFO - BLOCKCHAIN_MAPPER: COST SIP  - 799855 - 991
2021-10-08 02:33:44,902 - PDL-Slicing/Transport - INFO - BLOCKCHAIN_MAPPER: COST SIP  - 799831 - 989
2021-10-08 02:33:49,971 - PDL-Slicing/Transport - INFO - BLOCKCHAIN_MAPPER: COST NEP  - 1191061 - 1549
2021-10-08 02:33:54,426 - PDL-Slicing/Transport - INFO - BLOCKCHAIN_MAPPER: COST NEP  - 1191061 - 1549
2021-10-08 02:33:59,287 - PDL-Slicing/Transport - INFO - BLOCKCHAIN_MAPPER: COST NEP  - 1191061 - 1549
2021-10-08 02:34:06,653 - PDL-Slicing/Transport - INFO - BLOCKCHAIN_MAPPER: COST NEP  - 1191061 - 1549
2021-10-08 02:34:11,596 - PDL-Slicing/Transport - INFO - BLOCKCHAIN_MAPPER: COST NEP  - 1191061 - 1549
2021-10-08 02:34:16,530 - PDL-Slicing/Transport - INFO - BLOCKCHAIN_MAPPER: COST NEP  - 1191061 - 1549
2021-10-08 02:34:21,054 - PDL-Slicing/Transport - INFO - BLOCKCHAIN_MAPPER: COST NEP  - 1191061 - 1549
2021-10-08 02:34:25,860 - PDL-Slicing/Transport - INFO - BLOCKCHAIN_MAPPER: COST NEP  - 1191061 - 1549
2021-10-08 02:34:31,232 - PDL-Slicing/Transport - INFO - BLOCKCHAIN_MAPPER: COST NEP  - 1191061 - 1549
2021-10-08 02:34:36,103 - PDL-Slicing/Transport - INFO - BLOCKCHAIN_MAPPER: COST NEP  - 1191061 - 1549
2021-10-08 02:34:40,743 - PDL-Slicing/Transport - INFO - BLOCKCHAIN_MAPPER: COST NEP  - 1191061 - 1549
2021-10-08 02:34:45,544 - PDL-Slicing/Transport - INFO - BLOCKCHAIN_MAPPER: COST NEP  - 1191061 - 1549
2021-10-08 02:34:50,278 - PDL-Slicing/Transport - INFO - BLOCKCHAIN_MAPPER: COST NEP  - 1191061 - 1549
2021-10-08 02:34:55,174 - PDL-Slicing/Transport - INFO - BLOCKCHAIN_MAPPER: COST NEP  - 1191061 - 1549
2021-10-08 02:34:59,786 - PDL-Slicing/Transport - INFO - BLOCKCHAIN_MAPPER: COST NEP  - 1191061 - 1549
2021-10-08 02:35:06,179 - PDL-Slicing/Transport - INFO - BLOCKCHAIN_MAPPER: COST NEP  - 1191061 - 1549
2021-10-08 02:35:11,193 - PDL-Slicing/Transport - INFO - BLOCKCHAIN_MAPPER: COST NEP  - 1191061 - 1549
2021-10-08 02:35:16,011 - PDL-Slicing/Transport - INFO - BLOCKCHAIN_MAPPER: COST NEP  - 1191061 - 1549
2021-10-08 02:35:20,544 - PDL-Slicing/Transport - INFO - BLOCKCHAIN_MAPPER: COST NEP  - 1191061 - 1549
2021-10-08 02:35:25,033 - PDL-Slicing/Transport - INFO - BLOCKCHAIN_MAPPER: COST NEP  - 1191061 - 1549
2021-10-08 02:35:29,614 - PDL-Slicing/Transport - INFO - BLOCKCHAIN_MAPPER: COST NEP  - 1191061 - 1549
2021-10-08 02:35:34,267 - PDL-Slicing/Transport - INFO - BLOCKCHAIN_MAPPER: COST NEP  - 1191061 - 1549
2021-10-08 02:35:38,603 - PDL-Slicing/Transport - INFO - BLOCKCHAIN_MAPPER: COST NEP  - 1191061 - 1549
2021-10-08 02:35:43,207 - PDL-Slicing/Transport - INFO - BLOCKCHAIN_MAPPER: COST NEP  - 1191061 - 1549
2021-10-08 02:35:48,271 - PDL-Slicing/Transport - INFO - BLOCKCHAIN_MAPPER: COST NEP  - 1191061 - 1549
2021-10-08 02:35:52,925 - PDL-Slicing/Transport - INFO - BLOCKCHAIN_MAPPER: COST NEP  - 1191061 - 1549
2021-10-08 02:35:57,027 - PDL-Slicing/Transport - INFO - BLOCKCHAIN_MAPPER: COST NEP  - 1191061 - 1549
2021-10-08 02:36:01,239 - PDL-Slicing/Transport - INFO - BLOCKCHAIN_MAPPER: COST NEP  - 1191061 - 1549
2021-10-08 02:36:07,798 - PDL-Slicing/Transport - INFO - BLOCKCHAIN_MAPPER: COST NEP  - 1191061 - 1549
2021-10-08 02:36:12,132 - PDL-Slicing/Transport - INFO - BLOCKCHAIN_MAPPER: COST NEP  - 1191061 - 1549
2021-10-08 02:36:16,666 - PDL-Slicing/Transport - INFO - BLOCKCHAIN_MAPPER: COST NEP  - 1191061 - 1549
2021-10-08 02:36:21,164 - PDL-Slicing/Transport - INFO - BLOCKCHAIN_MAPPER: COST NEP  - 1191061 - 1549
2021-10-08 02:36:25,924 - PDL-Slicing/Transport - INFO - BLOCKCHAIN_MAPPER: COST NEP  - 1191061 - 1549
2021-10-08 02:36:30,863 - PDL-Slicing/Transport - INFO - BLOCKCHAIN_MAPPER: COST NEP  - 1191061 - 1549
2021-10-08 02:36:35,239 - PDL-Slicing/Transport - INFO - BLOCKCHAIN_MAPPER: COST NEP  - 1191061 - 1549
2021-10-08 02:36:39,833 - PDL-Slicing/Transport - INFO - BLOCKCHAIN_MAPPER: COST NEP  - 1191061 - 1549
2021-10-08 02:36:44,393 - PDL-Slicing/Transport - INFO - BLOCKCHAIN_MAPPER: COST NEP  - 1191061 - 1549
2021-10-08 02:36:49,089 - PDL-Slicing/Transport - INFO - BLOCKCHAIN_MAPPER: COST NEP  - 1191061 - 1549
2021-10-08 02:36:53,294 - PDL-Slicing/Transport - INFO - BLOCKCHAIN_MAPPER: COST NEP  - 1191061 - 1549
2021-10-08 02:36:58,013 - PDL-Slicing/Transport - INFO - BLOCKCHAIN_MAPPER: COST NEP  - 1191061 - 1549
2021-10-08 02:37:04,771 - PDL-Slicing/Transport - INFO - BLOCKCHAIN_MAPPER: COST NEP  - 1191061 - 1549
2021-10-08 02:37:09,341 - PDL-Slicing/Transport - INFO - BLOCKCHAIN_MAPPER: COST NEP  - 1191061 - 1549
2021-10-08 02:37:13,332 - PDL-Slicing/Transport - INFO - BLOCKCHAIN_MAPPER: COST NEP  - 1191061 - 1549
2021-10-08 02:37:17,606 - PDL-Slicing/Transport - INFO - BLOCKCHAIN_MAPPER: COST NEP  - 1191061 - 1549
2021-10-08 02:37:21,870 - PDL-Slicing/Transport - INFO - BLOCKCHAIN_MAPPER: COST NEP  - 1191061 - 1549
2021-10-08 02:37:26,409 - PDL-Slicing/Transport - INFO - BLOCKCHAIN_MAPPER: COST NEP  - 1191061 - 1549
2021-10-08 02:37:31,280 - PDL-Slicing/Transport - INFO - BLOCKCHAIN_MAPPER: COST NEP  - 1191061 - 1549
2021-10-08 02:37:36,550 - PDL-Slicing/Transport - INFO - BLOCKCHAIN_MAPPER: COST NEP  - 1191061 - 1549
2021-10-08 02:37:40,839 - PDL-Slicing/Transport - INFO - BLOCKCHAIN_MAPPER: COST NEP  - 1191061 - 1549
2021-10-08 02:37:45,175 - PDL-Slicing/Transport - INFO - BLOCKCHAIN_MAPPER: COST NEP  - 1191061 - 1549
2021-10-08 02:37:49,946 - PDL-Slicing/Transport - INFO - BLOCKCHAIN_MAPPER: COST NEP  - 1191061 - 1549
2021-10-08 02:37:54,748 - PDL-Slicing/Transport - INFO - BLOCKCHAIN_MAPPER: COST NEP  - 1191061 - 1549
2021-10-08 02:37:59,511 - PDL-Slicing/Transport - INFO - BLOCKCHAIN_MAPPER: COST NEP  - 1191061 - 1549
2021-10-08 02:38:06,383 - PDL-Slicing/Transport - INFO - BLOCKCHAIN_MAPPER: COST NEP  - 1191061 - 1549
2021-10-08 02:38:11,004 - PDL-Slicing/Transport - INFO - BLOCKCHAIN_MAPPER: COST NEP  - 1191061 - 1549
2021-10-08 02:38:15,813 - PDL-Slicing/Transport - INFO - BLOCKCHAIN_MAPPER: COST NEP  - 1191061 - 1549
2021-10-08 02:38:20,871 - PDL-Slicing/Transport - INFO - BLOCKCHAIN_MAPPER: COST NEP  - 1191061 - 1549
2021-10-08 02:38:25,753 - PDL-Slicing/Transport - INFO - BLOCKCHAIN_MAPPER: COST NEP  - 1191061 - 1549
2021-10-08 02:38:30,714 - PDL-Slicing/Transport - INFO - BLOCKCHAIN_MAPPER: COST NEP  - 1191061 - 1549
2021-10-08 02:38:35,668 - PDL-Slicing/Transport - INFO - BLOCKCHAIN_MAPPER: COST NEP  - 1191061 - 1549
2021-10-08 02:38:40,442 - PDL-Slicing/Transport - INFO - BLOCKCHAIN_MAPPER: COST NEP  - 1191061 - 1549
2021-10-08 02:38:44,943 - PDL-Slicing/Transport - INFO - BLOCKCHAIN_MAPPER: COST NEP  - 1191061 - 1549
2021-10-08 02:38:49,796 - PDL-Slicing/Transport - INFO - BLOCKCHAIN_MAPPER: COST NEP  - 1191061 - 1549
2021-10-08 02:38:54,199 - PDL-Slicing/Transport - INFO - BLOCKCHAIN_MAPPER: COST NEP  - 1191061 - 1549
2021-10-08 02:38:58,834 - PDL-Slicing/Transport - INFO - BLOCKCHAIN_MAPPER: COST NEP  - 1191061 - 1549
2021-10-08 02:39:05,468 - PDL-Slicing/Transport - INFO - BLOCKCHAIN_MAPPER: COST NEP  - 1191061 - 1549
2021-10-08 02:39:09,979 - PDL-Slicing/Transport - INFO - BLOCKCHAIN_MAPPER: COST NEP  - 1191061 - 1549
2021-10-08 02:39:14,547 - PDL-Slicing/Transport - INFO - BLOCKCHAIN_MAPPER: COST NEP  - 1191061 - 1549
2021-10-08 02:39:19,218 - PDL-Slicing/Transport - INFO - BLOCKCHAIN_MAPPER: COST NEP  - 1191061 - 1549
2021-10-08 02:39:23,749 - PDL-Slicing/Transport - INFO - BLOCKCHAIN_MAPPER: COST NEP  - 1191061 - 1549
2021-10-08 02:39:28,473 - PDL-Slicing/Transport - INFO - BLOCKCHAIN_MAPPER: COST NEP  - 1191061 - 1549
2021-10-08 02:39:32,721 - PDL-Slicing/Transport - INFO - BLOCKCHAIN_MAPPER: COST NEP  - 1191061 - 1549
2021-10-08 02:39:37,422 - PDL-Slicing/Transport - INFO - BLOCKCHAIN_MAPPER: COST NEP  - 1191061 - 1549
2021-10-08 02:39:41,981 - PDL-Slicing/Transport - INFO - BLOCKCHAIN_MAPPER: COST NEP  - 1191061 - 1549
2021-10-08 02:39:46,316 - PDL-Slicing/Transport - INFO - BLOCKCHAIN_MAPPER: COST NEP  - 1191061 - 1549
2021-10-08 02:39:50,692 - PDL-Slicing/Transport - INFO - BLOCKCHAIN_MAPPER: COST NEP  - 1191061 - 1549
2021-10-08 02:39:55,246 - PDL-Slicing/Transport - INFO - BLOCKCHAIN_MAPPER: COST NEP  - 1191061 - 1549
2021-10-08 02:39:59,670 - PDL-Slicing/Transport - INFO - BLOCKCHAIN_MAPPER: COST NEP  - 1191061 - 1549
2021-10-08 02:40:06,424 - PDL-Slicing/Transport - INFO - BLOCKCHAIN_MAPPER: COST NEP  - 1191061 - 1549
2021-10-08 02:40:11,274 - PDL-Slicing/Transport - INFO - BLOCKCHAIN_MAPPER: COST NEP  - 1191061 - 1549
2021-10-08 02:40:15,964 - PDL-Slicing/Transport - INFO - BLOCKCHAIN_MAPPER: COST NEP  - 1191061 - 1549
2021-10-08 02:40:20,625 - PDL-Slicing/Transport - INFO - BLOCKCHAIN_MAPPER: COST NEP  - 1191061 - 1549
2021-10-08 02:40:25,200 - PDL-Slicing/Transport - INFO - BLOCKCHAIN_MAPPER: COST NEP  - 1191061 - 1549
2021-10-08 02:40:29,777 - PDL-Slicing/Transport - INFO - BLOCKCHAIN_MAPPER: COST NEP  - 1191061 - 1549
2021-10-08 02:40:34,253 - PDL-Slicing/Transport - INFO - BLOCKCHAIN_MAPPER: COST NEP  - 1191061 - 1549
2021-10-08 02:40:38,814 - PDL-Slicing/Transport - INFO - BLOCKCHAIN_MAPPER: COST NEP  - 1191061 - 1549
2021-10-08 02:40:43,470 - PDL-Slicing/Transport - INFO - BLOCKCHAIN_MAPPER: COST NEP  - 1191061 - 1549
2021-10-08 02:40:47,776 - PDL-Slicing/Transport - INFO - BLOCKCHAIN_MAPPER: COST NEP  - 1191061 - 1549
2021-10-08 02:40:52,340 - PDL-Slicing/Transport - INFO - BLOCKCHAIN_MAPPER: COST NEP  - 1191061 - 1549
2021-10-08 02:40:57,354 - PDL-Slicing/Transport - INFO - BLOCKCHAIN_MAPPER: COST NEP  - 1191061 - 1549
2021-10-08 02:41:03,528 - PDL-Slicing/Transport - INFO - BLOCKCHAIN_MAPPER: COST NEP  - 1191061 - 1549
2021-10-08 02:41:08,588 - PDL-Slicing/Transport - INFO - BLOCKCHAIN_MAPPER: COST NEP  - 1191061 - 1549
2021-10-08 02:41:14,134 - PDL-Slicing/Transport - INFO - BLOCKCHAIN_MAPPER: COST NEP  - 1191061 - 1549
2021-10-08 02:41:18,936 - PDL-Slicing/Transport - INFO - BLOCKCHAIN_MAPPER: COST NEP  - 1191061 - 1549
2021-10-08 02:41:23,776 - PDL-Slicing/Transport - INFO - BLOCKCHAIN_MAPPER: COST NEP  - 1191061 - 1549
2021-10-08 02:41:28,359 - PDL-Slicing/Transport - INFO - BLOCKCHAIN_MAPPER: COST NEP  - 1191061 - 1549
2021-10-08 02:41:32,858 - PDL-Slicing/Transport - INFO - BLOCKCHAIN_MAPPER: COST NEP  - 1191061 - 1549
2021-10-08 02:41:37,511 - PDL-Slicing/Transport - INFO - BLOCKCHAIN_MAPPER: COST NEP  - 1191061 - 1549
2021-10-08 02:41:42,101 - PDL-Slicing/Transport - INFO - BLOCKCHAIN_MAPPER: COST NEP  - 1191061 - 1549
2021-10-08 02:41:46,665 - PDL-Slicing/Transport - INFO - BLOCKCHAIN_MAPPER: COST NEP  - 1191061 - 1549
2021-10-08 02:41:50,978 - PDL-Slicing/Transport - INFO - BLOCKCHAIN_MAPPER: COST NEP  - 1191061 - 1549
2021-10-08 02:41:55,448 - PDL-Slicing/Transport - INFO - BLOCKCHAIN_MAPPER: COST NEP  - 1191061 - 1549
2021-10-08 02:41:59,983 - PDL-Slicing/Transport - INFO - BLOCKCHAIN_MAPPER: COST NEP  - 1191061 - 1549
2021-10-08 02:42:06,772 - PDL-Slicing/Transport - INFO - BLOCKCHAIN_MAPPER: COST NEP  - 1191061 - 1549
2021-10-08 02:42:11,312 - PDL-Slicing/Transport - INFO - BLOCKCHAIN_MAPPER: COST NEP  - 1191061 - 1549
2021-10-08 02:42:16,098 - PDL-Slicing/Transport - INFO - BLOCKCHAIN_MAPPER: COST NEP  - 1191061 - 1549
2021-10-08 02:42:20,892 - PDL-Slicing/Transport - INFO - BLOCKCHAIN_MAPPER: COST NEP  - 1191061 - 1549
2021-10-08 02:42:25,563 - PDL-Slicing/Transport - INFO - BLOCKCHAIN_MAPPER: COST NEP  - 1191061 - 1549
2021-10-08 02:42:29,885 - PDL-Slicing/Transport - INFO - BLOCKCHAIN_MAPPER: COST NEP  - 1191061 - 1549
2021-10-08 02:42:34,087 - PDL-Slicing/Transport - INFO - BLOCKCHAIN_MAPPER: COST NEP  - 1191061 - 1549
2021-10-08 02:42:38,718 - PDL-Slicing/Transport - INFO - BLOCKCHAIN_MAPPER: COST NEP  - 1191061 - 1549
2021-10-08 02:42:43,291 - PDL-Slicing/Transport - INFO - BLOCKCHAIN_MAPPER: COST NEP  - 1191061 - 1549
2021-10-08 02:42:47,839 - PDL-Slicing/Transport - INFO - BLOCKCHAIN_MAPPER: COST NEP  - 1191061 - 1549
2021-10-08 02:42:53,068 - PDL-Slicing/Transport - INFO - BLOCKCHAIN_MAPPER: COST NEP  - 1191061 - 1549
2021-10-08 02:42:58,103 - PDL-Slicing/Transport - INFO - BLOCKCHAIN_MAPPER: COST NEP  - 1191061 - 1549
2021-10-08 02:43:05,142 - PDL-Slicing/Transport - INFO - BLOCKCHAIN_MAPPER: COST NEP  - 1191061 - 1549
2021-10-08 02:43:10,959 - PDL-Slicing/Transport - INFO - BLOCKCHAIN_MAPPER: COST NEP  - 1191061 - 1549
2021-10-08 02:43:16,075 - PDL-Slicing/Transport - INFO - BLOCKCHAIN_MAPPER: COST NEP  - 1191061 - 1549
2021-10-08 02:43:20,780 - PDL-Slicing/Transport - INFO - BLOCKCHAIN_MAPPER: COST NEP  - 1191061 - 1549
2021-10-08 02:43:27,647 - PDL-Slicing/Transport - INFO - BLOCKCHAIN_MAPPER: COST NEP  - 1191061 - 1549
2021-10-08 02:43:36,754 - PDL-Slicing/Transport - INFO - TRANSPORT_EVENT_MNGR: NEW TOPOLOGY EVENT
2021-10-08 02:43:36,770 - PDL-Slicing/Transport - INFO - BLOCKCHAIN_CONTEXT - 2021-10-08 02:43:36.770251
2021-10-08 02:43:36,782 - PDL-Slicing/Transport - INFO - ORCH: Adding external SDN domain context information in the E2E Network graph.627ea8a3-f3cf-578b-b0dd-9e65a5a0e0a3
2021-10-08 02:43:36,872 - PDL-Slicing/Transport - INFO - BLOCKCHAIN_MAPPER: COST NEP  - 1191061 - 1549
2021-10-08 02:43:41,397 - PDL-Slicing/Transport - INFO - BLOCKCHAIN_MAPPER: COST NEP  - 1191061 - 1549
2021-10-08 02:43:45,932 - PDL-Slicing/Transport - INFO - BLOCKCHAIN_MAPPER: COST NEP  - 1191061 - 1549
2021-10-08 02:43:51,980 - PDL-Slicing/Transport - INFO - BLOCKCHAIN_MAPPER: COST NODE  - 3396039 - 190907
2021-10-08 02:44:00,537 - PDL-Slicing/Transport - INFO - TRANSPORT_EVENT_MNGR: NO NEED TO PROCESS THIS EVENT.
2021-10-08 02:44:00,667 - PDL-Slicing/Transport - INFO - BLOCKCHAIN_MAPPER: COST CONTEXT  - 7065399 - 435425
2021-10-08 02:44:00,670 - PDL-Slicing/Transport - INFO - ORCH: Local context distributed.
2021-10-08 02:54:56,751 - PDL-Slicing/Transport - INFO - TRANSPORT_EVENT_MNGR: NEW TOPOLOGY EVENT
2021-10-08 02:54:56,758 - PDL-Slicing/Transport - INFO - BLOCKCHAIN_CONTEXT - 2021-10-08 02:54:56.758475
2021-10-08 02:54:56,760 - PDL-Slicing/Transport - INFO - ORCH: Adding external SDN domain context information in the E2E Network graph.3d89bd76-e54d-5fab-9787-eb609f291ee0
2021-10-08 02:57:19,598 - PDL-Slicing/Transport - INFO - TRANSPORT_EVENT_MNGR: NEW TOPOLOGY EVENT
2021-10-08 02:57:19,609 - PDL-Slicing/Transport - INFO - BLOCKCHAIN_CONTEXT - 2021-10-08 02:57:19.609235
2021-10-08 02:57:19,611 - PDL-Slicing/Transport - INFO - ORCH: Adding external SDN domain context information in the E2E Network graph.226b9166-974e-57ff-821d-2f24e5a71b00
2021-10-08 05:32:28,290 - PDL-Slicing/Transport - INFO - TRANSPORT_EVENT_MNGR: NO NEED TO PROCESS THIS EVENT.
2021-10-08 05:32:30,765 - PDL-Slicing/Transport - INFO - TRANSPORT_EVENT_MNGR: NO NEED TO PROCESS THIS EVENT.
2021-10-08 05:36:52,059 - PDL-Slicing/Transport - INFO - TRANSPORT_EVENT_MNGR: NO NEED TO PROCESS THIS EVENT.
2021-10-08 05:36:54,252 - PDL-Slicing/Transport - INFO - TRANSPORT_EVENT_MNGR: NO NEED TO PROCESS THIS EVENT.
2021-10-08 05:39:51,095 - PDL-Slicing/Transport - INFO - TRANSPORT_EVENT_MNGR: EVENT TO CREATE A NEW CS
2021-10-08 05:39:51,105 - PDL-Slicing/Transport - INFO - ORCH: Received request to deploy a local CS: b69e1737-ff33-49cb-a926-f51846609c1e
2021-10-08 05:39:51,105 - PDL-Slicing/Transport - INFO - SDN_MAPPER: Arrived a requests to deploy a local CS.
2021-10-08 05:39:51,105 - PDL-Slicing/Transport - INFO - SDN_MAPPER: CS information: {'uuid': 'b69e1737-ff33-49cb-a926-f51846609c1e', 'context-uuid': '0bd7908e-c22b-574d-8bba-396d060e2611', 'address-owner': '0x62c80fbc6774bF3A92c2fdfb04C446f10b071b5E', 'status': 'INSTANTIATING', 'sip-source': '1b7dbfae-2ef5-5d7c-b4ff-be8fba395f6d', 'sip-destination': '0ef74f99-1acc-57bd-ab9d-4b958b06c513', 'internal-links': []} / Capacity: {'value': 375, 'unit': 'GHz'}/ Spectrum: {'lower-frequency': 191700000, 'upper-frequency': 192075000}
2021-10-08 05:39:51,105 - PDL-Slicing/Transport - INFO - {'tapi-connectivity:connectivity-service': [{'uuid': 'b69e1737-ff33-49cb-a926-f51846609c1e', 'connectivity-constraint': {'requested-capacity': {'total-size': {'value': 375, 'unit': 'GHz'}}, 'connectivity-direction': 'UNIDIRECTIONAL'}, 'end-point': [{'service-interface-point': {'service-interface-point-uuid': '1b7dbfae-2ef5-5d7c-b4ff-be8fba395f6d'}, 'layer-protocol-name': 'PHOTONIC_MEDIA', 'layer-protocol-qualifier': 'tapi-photonic-media:PHOTONIC_LAYER_QUALIFIER_NMC', 'local-id': '1b7dbfae-2ef5-5d7c-b4ff-be8fba395f6d', 'tapi-photonic-media:media-channel-connectivity-service-end-point-spec': {'mc-config': {'spectrum': {'frequency-constraint': {'adjustment-granularity': 'G_6_25GHZ', 'grid-type': 'FLEX'}, 'lower-frequency': 191700000, 'upper-frequency': 192075000}}}}, {'service-interface-point': {'service-interface-point-uuid': '0ef74f99-1acc-57bd-ab9d-4b958b06c513'}, 'layer-protocol-name': 'PHOTONIC_MEDIA', 'layer-protocol-qualifier': 'tapi-photonic-media:PHOTONIC_LAYER_QUALIFIER_NMC', 'local-id': '0ef74f99-1acc-57bd-ab9d-4b958b06c513'}]}]}
2021-10-08 05:39:51,356 - PDL-Slicing/Transport - INFO - Added local CS element.
2021-10-08 05:39:52,539 - PDL-Slicing/Transport - INFO - BLOCKCHAIN_MAPPER: COST DEPLOY_CS Update - 217674 - 498
2021-10-08 05:39:53,230 - PDL-Slicing/Transport - INFO - TRANSPORT_EVENT_MNGR: NO NEED TO PROCESS THIS EVENT.
2021-10-08 05:40:57,361 - PDL-Slicing/Transport - INFO - TRANSPORT_EVENT_MNGR: EVENT TO TERMINATE A CS
2021-10-08 05:40:57,368 - PDL-Slicing/Transport - INFO - TIME TERMINATE BLOCKCHAIN - b69e1737-ff33-49cb-a926-f51846609c1e - 2021-10-08 05:40:57.368656
2021-10-08 05:40:57,371 - PDL-Slicing/Transport - INFO - ORCH: Received request to terminate a local CS: b69e1737-ff33-49cb-a926-f51846609c1e
2021-10-08 05:40:57,371 - PDL-Slicing/Transport - INFO - SDN_MAPPER: Arrived a requests to terminate a local CS: b69e1737-ff33-49cb-a926-f51846609c1e
2021-10-08 05:40:57,622 - PDL-Slicing/Transport - INFO - Added local CS element.
2021-10-08 05:40:58,121 - PDL-Slicing/Transport - INFO - BLOCKCHAIN_MAPPER: COST TERMINATE_CS Update - 46242 - 46
2021-10-08 05:40:58,415 - PDL-Slicing/Transport - INFO - TRANSPORT_EVENT_MNGR: NO NEED TO PROCESS THIS EVENT.
2021-10-08 05:41:27,567 - PDL-Slicing/Transport - INFO - TRANSPORT_EVENT_MNGR: NO NEED TO PROCESS THIS EVENT.
2021-10-08 05:41:28,886 - PDL-Slicing/Transport - INFO - TRANSPORT_EVENT_MNGR: NO NEED TO PROCESS THIS EVENT.
2021-10-08 05:41:36,585 - PDL-Slicing/Transport - INFO - TRANSPORT_EVENT_MNGR: NO NEED TO PROCESS THIS EVENT.
2021-10-08 05:41:37,627 - PDL-Slicing/Transport - INFO - TRANSPORT_EVENT_MNGR: NO NEED TO PROCESS THIS EVENT.
2021-10-08 06:05:05,153 - PDL-Slicing/Transport - INFO - TRANSPORT_EVENT_MNGR: NO NEED TO PROCESS THIS EVENT.
2021-10-08 06:05:07,634 - PDL-Slicing/Transport - INFO - TRANSPORT_EVENT_MNGR: NO NEED TO PROCESS THIS EVENT.
2021-10-08 06:08:47,762 - PDL-Slicing/Transport - INFO - TRANSPORT_EVENT_MNGR: NO NEED TO PROCESS THIS EVENT.
2021-10-08 06:08:49,245 - PDL-Slicing/Transport - INFO - TRANSPORT_EVENT_MNGR: NO NEED TO PROCESS THIS EVENT.
2021-10-08 06:12:40,806 - PDL-Slicing/Transport - INFO - TRANSPORT_EVENT_MNGR: NO NEED TO PROCESS THIS EVENT.
2021-10-08 06:12:43,232 - PDL-Slicing/Transport - INFO - TRANSPORT_EVENT_MNGR: NO NEED TO PROCESS THIS EVENT.
2021-10-08 06:15:41,647 - PDL-Slicing/Transport - INFO - TRANSPORT_EVENT_MNGR: NO NEED TO PROCESS THIS EVENT.
2021-10-08 06:15:42,843 - PDL-Slicing/Transport - INFO - TRANSPORT_EVENT_MNGR: NO NEED TO PROCESS THIS EVENT.
2021-10-08 06:16:31,760 - PDL-Slicing/Transport - INFO - TRANSPORT_EVENT_MNGR: NO NEED TO PROCESS THIS EVENT.
2021-10-08 06:16:33,987 - PDL-Slicing/Transport - INFO - TRANSPORT_EVENT_MNGR: NO NEED TO PROCESS THIS EVENT.
2021-10-08 06:17:21,572 - PDL-Slicing/Transport - INFO - TRANSPORT_EVENT_MNGR: NO NEED TO PROCESS THIS EVENT.
2021-10-08 06:17:24,972 - PDL-Slicing/Transport - INFO - TRANSPORT_EVENT_MNGR: NO NEED TO PROCESS THIS EVENT.
2021-10-08 06:28:12,064 - PDL-Slicing/Transport - INFO - TRANSPORT_EVENT_MNGR: NO NEED TO PROCESS THIS EVENT.
2021-10-08 06:28:13,099 - PDL-Slicing/Transport - INFO - TRANSPORT_EVENT_MNGR: NO NEED TO PROCESS THIS EVENT.
2021-10-08 06:29:06,836 - PDL-Slicing/Transport - INFO - TRANSPORT_EVENT_MNGR: NO NEED TO PROCESS THIS EVENT.
2021-10-08 06:29:07,945 - PDL-Slicing/Transport - INFO - TRANSPORT_EVENT_MNGR: NO NEED TO PROCESS THIS EVENT.
2021-10-08 07:03:47,007 - PDL-Slicing/Transport - INFO - TRANSPORT_EVENT_MNGR: NO NEED TO PROCESS THIS EVENT.
2021-10-08 07:03:49,477 - PDL-Slicing/Transport - INFO - TRANSPORT_EVENT_MNGR: NO NEED TO PROCESS THIS EVENT.
2021-10-08 07:07:29,166 - PDL-Slicing/Transport - INFO - TRANSPORT_EVENT_MNGR: NO NEED TO PROCESS THIS EVENT.
2021-10-08 07:07:30,534 - PDL-Slicing/Transport - INFO - TRANSPORT_EVENT_MNGR: NO NEED TO PROCESS THIS EVENT.
2021-10-08 07:09:03,532 - PDL-Slicing/Transport - INFO - TRANSPORT_EVENT_MNGR: NO NEED TO PROCESS THIS EVENT.
2021-10-08 07:09:05,673 - PDL-Slicing/Transport - INFO - TRANSPORT_EVENT_MNGR: NO NEED TO PROCESS THIS EVENT.
2021-10-08 07:12:03,452 - PDL-Slicing/Transport - INFO - TRANSPORT_EVENT_MNGR: NO NEED TO PROCESS THIS EVENT.
2021-10-08 07:12:04,502 - PDL-Slicing/Transport - INFO - TRANSPORT_EVENT_MNGR: NO NEED TO PROCESS THIS EVENT.
2021-10-08 07:25:19,455 - PDL-Slicing/Transport - INFO - TRANSPORT_EVENT_MNGR: NO NEED TO PROCESS THIS EVENT.
2021-10-08 07:25:20,721 - PDL-Slicing/Transport - INFO - TRANSPORT_EVENT_MNGR: NO NEED TO PROCESS THIS EVENT.
2021-10-08 07:29:30,412 - PDL-Slicing/Transport - INFO - TRANSPORT_EVENT_MNGR: NO NEED TO PROCESS THIS EVENT.
2021-10-08 07:29:31,584 - PDL-Slicing/Transport - INFO - TRANSPORT_EVENT_MNGR: NO NEED TO PROCESS THIS EVENT.
2021-10-08 07:30:05,951 - PDL-Slicing/Transport - INFO - TRANSPORT_EVENT_MNGR: NO NEED TO PROCESS THIS EVENT.
2021-10-08 07:30:06,965 - PDL-Slicing/Transport - INFO - TRANSPORT_EVENT_MNGR: NO NEED TO PROCESS THIS EVENT.
2021-10-08 07:33:43,399 - PDL-Slicing/Transport - INFO - TRANSPORT_EVENT_MNGR: NO NEED TO PROCESS THIS EVENT.
2021-10-08 07:33:44,410 - PDL-Slicing/Transport - INFO - TRANSPORT_EVENT_MNGR: NO NEED TO PROCESS THIS EVENT.
2021-10-08 08:07:09,056 - PDL-Slicing/Transport - INFO - TRANSPORT_EVENT_MNGR: NO NEED TO PROCESS THIS EVENT.
2021-10-08 08:07:10,404 - PDL-Slicing/Transport - INFO - TRANSPORT_EVENT_MNGR: NO NEED TO PROCESS THIS EVENT.
2021-10-08 08:24:51,163 - PDL-Slicing/Transport - INFO - TRANSPORT_EVENT_MNGR: NO NEED TO PROCESS THIS EVENT.
2021-10-08 08:24:53,451 - PDL-Slicing/Transport - INFO - TRANSPORT_EVENT_MNGR: NO NEED TO PROCESS THIS EVENT.
2021-10-08 08:38:41,755 - PDL-Slicing/Transport - INFO - TRANSPORT_EVENT_MNGR: EVENT TO CREATE A NEW CS
2021-10-08 08:38:41,764 - PDL-Slicing/Transport - INFO - ORCH: Received request to deploy a local CS: fbc75428-2f80-4ff1-b295-67772f203554
2021-10-08 08:38:41,765 - PDL-Slicing/Transport - INFO - SDN_MAPPER: Arrived a requests to deploy a local CS.
2021-10-08 08:38:41,765 - PDL-Slicing/Transport - INFO - SDN_MAPPER: CS information: {'uuid': 'fbc75428-2f80-4ff1-b295-67772f203554', 'context-uuid': '0bd7908e-c22b-574d-8bba-396d060e2611', 'address-owner': '0x62c80fbc6774bF3A92c2fdfb04C446f10b071b5E', 'status': 'INSTANTIATING', 'sip-source': 'cf92ece7-6e9d-5059-bb2e-f609f12396b9', 'sip-destination': '291796d9-a492-5837-9ccb-24389339d18a', 'internal-links': []} / Capacity: {'value': 225, 'unit': 'GHz'}/ Spectrum: {'lower-frequency': 192075000, 'upper-frequency': 192300000}
2021-10-08 08:38:41,765 - PDL-Slicing/Transport - INFO - {'tapi-connectivity:connectivity-service': [{'uuid': 'fbc75428-2f80-4ff1-b295-67772f203554', 'connectivity-constraint': {'requested-capacity': {'total-size': {'value': 225, 'unit': 'GHz'}}, 'connectivity-direction': 'UNIDIRECTIONAL'}, 'end-point': [{'service-interface-point': {'service-interface-point-uuid': 'cf92ece7-6e9d-5059-bb2e-f609f12396b9'}, 'layer-protocol-name': 'PHOTONIC_MEDIA', 'layer-protocol-qualifier': 'tapi-photonic-media:PHOTONIC_LAYER_QUALIFIER_NMC', 'local-id': 'cf92ece7-6e9d-5059-bb2e-f609f12396b9', 'tapi-photonic-media:media-channel-connectivity-service-end-point-spec': {'mc-config': {'spectrum': {'frequency-constraint': {'adjustment-granularity': 'G_6_25GHZ', 'grid-type': 'FLEX'}, 'lower-frequency': 192075000, 'upper-frequency': 192300000}}}}, {'service-interface-point': {'service-interface-point-uuid': '291796d9-a492-5837-9ccb-24389339d18a'}, 'layer-protocol-name': 'PHOTONIC_MEDIA', 'layer-protocol-qualifier': 'tapi-photonic-media:PHOTONIC_LAYER_QUALIFIER_NMC', 'local-id': '291796d9-a492-5837-9ccb-24389339d18a'}]}]}
2021-10-08 08:38:42,017 - PDL-Slicing/Transport - INFO - Added local CS element.
2021-10-08 08:38:43,380 - PDL-Slicing/Transport - INFO - TRANSPORT_EVENT_MNGR: NO NEED TO PROCESS THIS EVENT.
2021-10-08 08:38:43,455 - PDL-Slicing/Transport - INFO - BLOCKCHAIN_MAPPER: COST DEPLOY_CS Update - 217674 - 498
2021-10-08 08:42:22,555 - PDL-Slicing/Transport - INFO - TRANSPORT_EVENT_MNGR: EVENT TO TERMINATE A CS
2021-10-08 08:42:22,556 - PDL-Slicing/Transport - INFO - TIME TERMINATE BLOCKCHAIN - fbc75428-2f80-4ff1-b295-67772f203554 - 2021-10-08 08:42:22.556461
2021-10-08 08:42:22,556 - PDL-Slicing/Transport - INFO - ORCH: Received request to terminate a local CS: fbc75428-2f80-4ff1-b295-67772f203554
2021-10-08 08:42:22,556 - PDL-Slicing/Transport - INFO - SDN_MAPPER: Arrived a requests to terminate a local CS: fbc75428-2f80-4ff1-b295-67772f203554
2021-10-08 08:42:22,807 - PDL-Slicing/Transport - INFO - Added local CS element.
2021-10-08 08:42:23,717 - PDL-Slicing/Transport - INFO - BLOCKCHAIN_MAPPER: COST TERMINATE_CS Update - 46242 - 46
2021-10-08 08:42:23,753 - PDL-Slicing/Transport - INFO - TRANSPORT_EVENT_MNGR: NO NEED TO PROCESS THIS EVENT.
2021-10-08 08:43:26,831 - PDL-Slicing/Transport - INFO - TRANSPORT_EVENT_MNGR: NO NEED TO PROCESS THIS EVENT.
2021-10-08 08:43:29,436 - PDL-Slicing/Transport - INFO - TRANSPORT_EVENT_MNGR: NO NEED TO PROCESS THIS EVENT.
2021-10-08 08:46:48,392 - PDL-Slicing/Transport - INFO - TRANSPORT_EVENT_MNGR: NO NEED TO PROCESS THIS EVENT.
2021-10-08 08:46:49,448 - PDL-Slicing/Transport - INFO - TRANSPORT_EVENT_MNGR: NO NEED TO PROCESS THIS EVENT.
2021-10-08 09:09:00,087 - PDL-Slicing/Transport - INFO - TRANSPORT_EVENT_MNGR: NO NEED TO PROCESS THIS EVENT.
2021-10-08 09:09:01,619 - PDL-Slicing/Transport - INFO - TRANSPORT_EVENT_MNGR: NO NEED TO PROCESS THIS EVENT.
2021-10-08 09:10:08,832 - PDL-Slicing/Transport - INFO - TRANSPORT_EVENT_MNGR: NO NEED TO PROCESS THIS EVENT.
2021-10-08 09:10:10,046 - PDL-Slicing/Transport - INFO - TRANSPORT_EVENT_MNGR: NO NEED TO PROCESS THIS EVENT.
2021-10-08 09:13:18,928 - PDL-Slicing/Transport - INFO - TRANSPORT_EVENT_MNGR: NO NEED TO PROCESS THIS EVENT.
2021-10-08 09:13:21,457 - PDL-Slicing/Transport - INFO - TRANSPORT_EVENT_MNGR: NO NEED TO PROCESS THIS EVENT.
2021-10-08 09:14:51,837 - PDL-Slicing/Transport - INFO - TRANSPORT_EVENT_MNGR: NO NEED TO PROCESS THIS EVENT.
2021-10-08 09:14:52,852 - PDL-Slicing/Transport - INFO - TRANSPORT_EVENT_MNGR: NO NEED TO PROCESS THIS EVENT.
2021-10-08 09:23:03,514 - PDL-Slicing/Transport - INFO - TRANSPORT_EVENT_MNGR: NO NEED TO PROCESS THIS EVENT.
2021-10-08 09:23:05,887 - PDL-Slicing/Transport - INFO - TRANSPORT_EVENT_MNGR: NO NEED TO PROCESS THIS EVENT.
2021-10-08 09:27:43,562 - PDL-Slicing/Transport - INFO - TRANSPORT_EVENT_MNGR: NO NEED TO PROCESS THIS EVENT.
2021-10-08 09:27:45,000 - PDL-Slicing/Transport - INFO - TRANSPORT_EVENT_MNGR: NO NEED TO PROCESS THIS EVENT.
2021-10-08 09:39:24,539 - PDL-Slicing/Transport - INFO - TRANSPORT_EVENT_MNGR: NO NEED TO PROCESS THIS EVENT.
2021-10-08 09:39:25,588 - PDL-Slicing/Transport - INFO - TRANSPORT_EVENT_MNGR: NO NEED TO PROCESS THIS EVENT.
2021-10-08 09:51:12,429 - PDL-Slicing/Transport - INFO - TRANSPORT_EVENT_MNGR: NO NEED TO PROCESS THIS EVENT.
2021-10-08 09:51:13,452 - PDL-Slicing/Transport - INFO - TRANSPORT_EVENT_MNGR: NO NEED TO PROCESS THIS EVENT.
2021-10-08 10:01:12,209 - PDL-Slicing/Transport - INFO - TRANSPORT_EVENT_MNGR: NO NEED TO PROCESS THIS EVENT.
2021-10-08 10:01:13,562 - PDL-Slicing/Transport - INFO - TRANSPORT_EVENT_MNGR: NO NEED TO PROCESS THIS EVENT.
2021-10-08 10:02:24,243 - PDL-Slicing/Transport - INFO - TRANSPORT_EVENT_MNGR: NO NEED TO PROCESS THIS EVENT.
2021-10-08 10:02:25,262 - PDL-Slicing/Transport - INFO - TRANSPORT_EVENT_MNGR: NO NEED TO PROCESS THIS EVENT.
2021-10-08 10:16:38,834 - PDL-Slicing/Transport - INFO - TRANSPORT_EVENT_MNGR: NO NEED TO PROCESS THIS EVENT.
2021-10-08 10:16:40,916 - PDL-Slicing/Transport - INFO - TRANSPORT_EVENT_MNGR: NO NEED TO PROCESS THIS EVENT.
2021-10-08 10:18:51,318 - PDL-Slicing/Transport - INFO - TRANSPORT_EVENT_MNGR: NO NEED TO PROCESS THIS EVENT.
2021-10-08 10:18:52,345 - PDL-Slicing/Transport - INFO - TRANSPORT_EVENT_MNGR: NO NEED TO PROCESS THIS EVENT.
2021-10-08 10:28:52,724 - PDL-Slicing/Transport - INFO - TRANSPORT_EVENT_MNGR: NO NEED TO PROCESS THIS EVENT.
2021-10-08 10:28:54,259 - PDL-Slicing/Transport - INFO - TRANSPORT_EVENT_MNGR: NO NEED TO PROCESS THIS EVENT.
2021-10-08 10:32:19,273 - PDL-Slicing/Transport - INFO - TRANSPORT_EVENT_MNGR: NO NEED TO PROCESS THIS EVENT.
2021-10-08 10:32:20,571 - PDL-Slicing/Transport - INFO - TRANSPORT_EVENT_MNGR: NO NEED TO PROCESS THIS EVENT.
2021-10-08 10:32:44,540 - PDL-Slicing/Transport - INFO - TRANSPORT_EVENT_MNGR: EVENT TO CREATE A NEW CS
2021-10-08 10:32:44,543 - PDL-Slicing/Transport - INFO - ORCH: Received request to deploy a local CS: b75e4f20-8bbd-45a7-98dd-6aad32d71097
2021-10-08 10:32:44,543 - PDL-Slicing/Transport - INFO - SDN_MAPPER: Arrived a requests to deploy a local CS.
2021-10-08 10:32:44,543 - PDL-Slicing/Transport - INFO - SDN_MAPPER: CS information: {'uuid': 'b75e4f20-8bbd-45a7-98dd-6aad32d71097', 'context-uuid': '0bd7908e-c22b-574d-8bba-396d060e2611', 'address-owner': '0x62c80fbc6774bF3A92c2fdfb04C446f10b071b5E', 'status': 'INSTANTIATING', 'sip-source': 'e9f2cd83-622f-5693-a3ea-edda0238f675', 'sip-destination': '9180bfbf-9ad7-5145-8bb8-9fd8d6b2db9a', 'internal-links': []} / Capacity: {'value': 150, 'unit': 'GHz'}/ Spectrum: {'lower-frequency': 192300000, 'upper-frequency': 192450000}
2021-10-08 10:32:44,543 - PDL-Slicing/Transport - INFO - {'tapi-connectivity:connectivity-service': [{'uuid': 'b75e4f20-8bbd-45a7-98dd-6aad32d71097', 'connectivity-constraint': {'requested-capacity': {'total-size': {'value': 150, 'unit': 'GHz'}}, 'connectivity-direction': 'UNIDIRECTIONAL'}, 'end-point': [{'service-interface-point': {'service-interface-point-uuid': 'e9f2cd83-622f-5693-a3ea-edda0238f675'}, 'layer-protocol-name': 'PHOTONIC_MEDIA', 'layer-protocol-qualifier': 'tapi-photonic-media:PHOTONIC_LAYER_QUALIFIER_NMC', 'local-id': 'e9f2cd83-622f-5693-a3ea-edda0238f675', 'tapi-photonic-media:media-channel-connectivity-service-end-point-spec': {'mc-config': {'spectrum': {'frequency-constraint': {'adjustment-granularity': 'G_6_25GHZ', 'grid-type': 'FLEX'}, 'lower-frequency': 192300000, 'upper-frequency': 192450000}}}}, {'service-interface-point': {'service-interface-point-uuid': '9180bfbf-9ad7-5145-8bb8-9fd8d6b2db9a'}, 'layer-protocol-name': 'PHOTONIC_MEDIA', 'layer-protocol-qualifier': 'tapi-photonic-media:PHOTONIC_LAYER_QUALIFIER_NMC', 'local-id': '9180bfbf-9ad7-5145-8bb8-9fd8d6b2db9a'}]}]}
2021-10-08 10:32:44,793 - PDL-Slicing/Transport - INFO - Added local CS element.
2021-10-08 10:32:47,270 - PDL-Slicing/Transport - INFO - BLOCKCHAIN_MAPPER: COST DEPLOY_CS Update - 217674 - 498
2021-10-08 10:32:47,588 - PDL-Slicing/Transport - INFO - TRANSPORT_EVENT_MNGR: NO NEED TO PROCESS THIS EVENT.
2021-10-08 10:34:22,460 - PDL-Slicing/Transport - INFO - TRANSPORT_EVENT_MNGR: EVENT TO TERMINATE A CS
2021-10-08 10:34:22,461 - PDL-Slicing/Transport - INFO - TIME TERMINATE BLOCKCHAIN - b75e4f20-8bbd-45a7-98dd-6aad32d71097 - 2021-10-08 10:34:22.461928
2021-10-08 10:34:22,463 - PDL-Slicing/Transport - INFO - ORCH: Received request to terminate a local CS: b75e4f20-8bbd-45a7-98dd-6aad32d71097
2021-10-08 10:34:22,463 - PDL-Slicing/Transport - INFO - SDN_MAPPER: Arrived a requests to terminate a local CS: b75e4f20-8bbd-45a7-98dd-6aad32d71097
2021-10-08 10:34:22,714 - PDL-Slicing/Transport - INFO - Added local CS element.
2021-10-08 10:34:23,460 - PDL-Slicing/Transport - INFO - BLOCKCHAIN_MAPPER: COST TERMINATE_CS Update - 46242 - 46
2021-10-08 10:34:23,572 - PDL-Slicing/Transport - INFO - TRANSPORT_EVENT_MNGR: NO NEED TO PROCESS THIS EVENT.
2021-10-08 10:43:37,310 - PDL-Slicing/Transport - INFO - TRANSPORT_EVENT_MNGR: NO NEED TO PROCESS THIS EVENT.
2021-10-08 10:43:38,684 - PDL-Slicing/Transport - INFO - TRANSPORT_EVENT_MNGR: NO NEED TO PROCESS THIS EVENT.
2021-10-08 10:44:17,165 - PDL-Slicing/Transport - INFO - TRANSPORT_EVENT_MNGR: NO NEED TO PROCESS THIS EVENT.
2021-10-08 10:44:18,216 - PDL-Slicing/Transport - INFO - TRANSPORT_EVENT_MNGR: NO NEED TO PROCESS THIS EVENT.
2021-10-08 11:16:36,849 - PDL-Slicing/Transport - INFO - TRANSPORT_EVENT_MNGR: NO NEED TO PROCESS THIS EVENT.
2021-10-08 11:16:38,263 - PDL-Slicing/Transport - INFO - TRANSPORT_EVENT_MNGR: NO NEED TO PROCESS THIS EVENT.
2021-10-08 11:17:48,995 - PDL-Slicing/Transport - INFO - TRANSPORT_EVENT_MNGR: NO NEED TO PROCESS THIS EVENT.
2021-10-08 11:17:50,075 - PDL-Slicing/Transport - INFO - TRANSPORT_EVENT_MNGR: NO NEED TO PROCESS THIS EVENT.
2021-10-08 11:22:35,304 - PDL-Slicing/Transport - INFO - TRANSPORT_EVENT_MNGR: NO NEED TO PROCESS THIS EVENT.
2021-10-08 11:22:36,688 - PDL-Slicing/Transport - INFO - TRANSPORT_EVENT_MNGR: NO NEED TO PROCESS THIS EVENT.
2021-10-08 11:27:45,386 - PDL-Slicing/Transport - INFO - TRANSPORT_EVENT_MNGR: NO NEED TO PROCESS THIS EVENT.
2021-10-08 11:27:47,516 - PDL-Slicing/Transport - INFO - TRANSPORT_EVENT_MNGR: NO NEED TO PROCESS THIS EVENT.
2021-10-08 11:35:35,863 - PDL-Slicing/Transport - INFO - TRANSPORT_EVENT_MNGR: NO NEED TO PROCESS THIS EVENT.
2021-10-08 11:35:38,953 - PDL-Slicing/Transport - INFO - TRANSPORT_EVENT_MNGR: NO NEED TO PROCESS THIS EVENT.
2021-10-08 11:36:29,445 - PDL-Slicing/Transport - INFO - TRANSPORT_EVENT_MNGR: NO NEED TO PROCESS THIS EVENT.
2021-10-08 11:36:31,619 - PDL-Slicing/Transport - INFO - TRANSPORT_EVENT_MNGR: NO NEED TO PROCESS THIS EVENT.
2021-10-08 11:40:03,677 - PDL-Slicing/Transport - INFO - TRANSPORT_EVENT_MNGR: NO NEED TO PROCESS THIS EVENT.
2021-10-08 11:40:05,711 - PDL-Slicing/Transport - INFO - TRANSPORT_EVENT_MNGR: NO NEED TO PROCESS THIS EVENT.
2021-10-08 11:51:41,559 - PDL-Slicing/Transport - INFO - TRANSPORT_EVENT_MNGR: NO NEED TO PROCESS THIS EVENT.
2021-10-08 11:51:43,581 - PDL-Slicing/Transport - INFO - TRANSPORT_EVENT_MNGR: NO NEED TO PROCESS THIS EVENT.
2021-10-08 12:06:32,900 - PDL-Slicing/Transport - INFO - TRANSPORT_EVENT_MNGR: NO NEED TO PROCESS THIS EVENT.
2021-10-08 12:06:35,646 - PDL-Slicing/Transport - INFO - TRANSPORT_EVENT_MNGR: NO NEED TO PROCESS THIS EVENT.
2021-10-08 12:09:56,334 - PDL-Slicing/Transport - INFO - TRANSPORT_EVENT_MNGR: NO NEED TO PROCESS THIS EVENT.
2021-10-08 12:09:57,619 - PDL-Slicing/Transport - INFO - TRANSPORT_EVENT_MNGR: NO NEED TO PROCESS THIS EVENT.
2021-10-08 12:11:32,686 - PDL-Slicing/Transport - INFO - TRANSPORT_EVENT_MNGR: NO NEED TO PROCESS THIS EVENT.
2021-10-08 12:11:35,252 - PDL-Slicing/Transport - INFO - TRANSPORT_EVENT_MNGR: NO NEED TO PROCESS THIS EVENT.
2021-10-08 12:15:31,450 - PDL-Slicing/Transport - INFO - TRANSPORT_EVENT_MNGR: NO NEED TO PROCESS THIS EVENT.
2021-10-08 12:15:32,684 - PDL-Slicing/Transport - INFO - TRANSPORT_EVENT_MNGR: NO NEED TO PROCESS THIS EVENT.
2021-10-08 12:15:38,826 - PDL-Slicing/Transport - INFO - TRANSPORT_EVENT_MNGR: NO NEED TO PROCESS THIS EVENT.
2021-10-08 12:15:40,114 - PDL-Slicing/Transport - INFO - TRANSPORT_EVENT_MNGR: NO NEED TO PROCESS THIS EVENT.
2021-10-08 12:17:04,049 - PDL-Slicing/Transport - INFO - TRANSPORT_EVENT_MNGR: NO NEED TO PROCESS THIS EVENT.
2021-10-08 12:17:05,073 - PDL-Slicing/Transport - INFO - TRANSPORT_EVENT_MNGR: NO NEED TO PROCESS THIS EVENT.
2021-10-08 12:23:47,782 - PDL-Slicing/Transport - INFO - TRANSPORT_EVENT_MNGR: NO NEED TO PROCESS THIS EVENT.
2021-10-08 12:23:49,737 - PDL-Slicing/Transport - INFO - TRANSPORT_EVENT_MNGR: NO NEED TO PROCESS THIS EVENT.
2021-10-08 12:27:30,071 - PDL-Slicing/Transport - INFO - TRANSPORT_EVENT_MNGR: NO NEED TO PROCESS THIS EVENT.
2021-10-08 12:27:32,214 - PDL-Slicing/Transport - INFO - TRANSPORT_EVENT_MNGR: NO NEED TO PROCESS THIS EVENT.
2021-10-08 12:27:43,351 - PDL-Slicing/Transport - INFO - TRANSPORT_EVENT_MNGR: NO NEED TO PROCESS THIS EVENT.
2021-10-08 12:27:44,364 - PDL-Slicing/Transport - INFO - TRANSPORT_EVENT_MNGR: NO NEED TO PROCESS THIS EVENT.
2021-10-08 12:28:20,642 - PDL-Slicing/Transport - INFO - TRANSPORT_EVENT_MNGR: NO NEED TO PROCESS THIS EVENT.
2021-10-08 12:28:21,725 - PDL-Slicing/Transport - INFO - TRANSPORT_EVENT_MNGR: NO NEED TO PROCESS THIS EVENT.
2021-10-08 12:53:45,584 - PDL-Slicing/Transport - INFO - TRANSPORT_EVENT_MNGR: NO NEED TO PROCESS THIS EVENT.
2021-10-08 12:53:47,891 - PDL-Slicing/Transport - INFO - TRANSPORT_EVENT_MNGR: NO NEED TO PROCESS THIS EVENT.
2021-10-08 13:01:06,195 - PDL-Slicing/Transport - INFO - TRANSPORT_EVENT_MNGR: NO NEED TO PROCESS THIS EVENT.
2021-10-08 13:01:08,006 - PDL-Slicing/Transport - INFO - TRANSPORT_EVENT_MNGR: NO NEED TO PROCESS THIS EVENT.
2021-10-08 13:01:21,157 - PDL-Slicing/Transport - INFO - TRANSPORT_EVENT_MNGR: NO NEED TO PROCESS THIS EVENT.
2021-10-08 13:01:22,170 - PDL-Slicing/Transport - INFO - TRANSPORT_EVENT_MNGR: NO NEED TO PROCESS THIS EVENT.
2021-10-08 13:04:05,740 - PDL-Slicing/Transport - INFO - TRANSPORT_EVENT_MNGR: NO NEED TO PROCESS THIS EVENT.
2021-10-08 13:04:06,768 - PDL-Slicing/Transport - INFO - TRANSPORT_EVENT_MNGR: NO NEED TO PROCESS THIS EVENT.
2021-10-08 13:26:45,473 - PDL-Slicing/Transport - INFO - TRANSPORT_EVENT_MNGR: NO NEED TO PROCESS THIS EVENT.
2021-10-08 13:26:46,808 - PDL-Slicing/Transport - INFO - TRANSPORT_EVENT_MNGR: NO NEED TO PROCESS THIS EVENT.
2021-10-08 13:30:59,159 - PDL-Slicing/Transport - INFO - TRANSPORT_EVENT_MNGR: NO NEED TO PROCESS THIS EVENT.
2021-10-08 13:31:00,592 - PDL-Slicing/Transport - INFO - TRANSPORT_EVENT_MNGR: NO NEED TO PROCESS THIS EVENT.
2021-10-08 13:31:31,953 - PDL-Slicing/Transport - INFO - TRANSPORT_EVENT_MNGR: NO NEED TO PROCESS THIS EVENT.
2021-10-08 13:31:32,965 - PDL-Slicing/Transport - INFO - TRANSPORT_EVENT_MNGR: NO NEED TO PROCESS THIS EVENT.
2021-10-08 13:39:55,904 - PDL-Slicing/Transport - INFO - TRANSPORT_EVENT_MNGR: NO NEED TO PROCESS THIS EVENT.
2021-10-08 13:39:56,916 - PDL-Slicing/Transport - INFO - TRANSPORT_EVENT_MNGR: NO NEED TO PROCESS THIS EVENT.
2021-10-08 13:57:15,855 - PDL-Slicing/Transport - INFO - TRANSPORT_EVENT_MNGR: NO NEED TO PROCESS THIS EVENT.
2021-10-08 13:57:18,114 - PDL-Slicing/Transport - INFO - TRANSPORT_EVENT_MNGR: NO NEED TO PROCESS THIS EVENT.
2021-10-08 14:07:14,943 - PDL-Slicing/Transport - INFO - TRANSPORT_EVENT_MNGR: NO NEED TO PROCESS THIS EVENT.
2021-10-08 14:07:14,949 - PDL-Slicing/Transport - INFO - TRANSPORT_EVENT_MNGR: NO NEED TO PROCESS THIS EVENT.
2021-10-08 14:30:06,811 - PDL-Slicing/Transport - INFO - TRANSPORT_EVENT_MNGR: NO NEED TO PROCESS THIS EVENT.
2021-10-08 14:30:09,089 - PDL-Slicing/Transport - INFO - TRANSPORT_EVENT_MNGR: NO NEED TO PROCESS THIS EVENT.
2021-10-08 14:37:57,800 - PDL-Slicing/Transport - INFO - TRANSPORT_EVENT_MNGR: NO NEED TO PROCESS THIS EVENT.
2021-10-08 14:37:58,971 - PDL-Slicing/Transport - INFO - TRANSPORT_EVENT_MNGR: NO NEED TO PROCESS THIS EVENT.
2021-10-08 14:44:06,327 - PDL-Slicing/Transport - INFO - TRANSPORT_EVENT_MNGR: NO NEED TO PROCESS THIS EVENT.
2021-10-08 14:44:07,602 - PDL-Slicing/Transport - INFO - TRANSPORT_EVENT_MNGR: NO NEED TO PROCESS THIS EVENT.
2021-10-08 14:44:13,708 - PDL-Slicing/Transport - INFO - TRANSPORT_EVENT_MNGR: NO NEED TO PROCESS THIS EVENT.
2021-10-08 14:44:14,753 - PDL-Slicing/Transport - INFO - TRANSPORT_EVENT_MNGR: NO NEED TO PROCESS THIS EVENT.
2021-10-08 14:47:12,480 - PDL-Slicing/Transport - INFO - TRANSPORT_EVENT_MNGR: NO NEED TO PROCESS THIS EVENT.
2021-10-08 14:47:13,491 - PDL-Slicing/Transport - INFO - TRANSPORT_EVENT_MNGR: NO NEED TO PROCESS THIS EVENT.
2021-10-08 14:49:51,276 - PDL-Slicing/Transport - INFO - TRANSPORT_EVENT_MNGR: NO NEED TO PROCESS THIS EVENT.
2021-10-08 14:49:52,288 - PDL-Slicing/Transport - INFO - TRANSPORT_EVENT_MNGR: NO NEED TO PROCESS THIS EVENT.
2021-10-08 15:11:18,727 - PDL-Slicing/Transport - INFO - TRANSPORT_EVENT_MNGR: NO NEED TO PROCESS THIS EVENT.
2021-10-08 15:11:21,253 - PDL-Slicing/Transport - INFO - TRANSPORT_EVENT_MNGR: NO NEED TO PROCESS THIS EVENT.
2021-10-08 15:30:50,136 - PDL-Slicing/Transport - INFO - TRANSPORT_EVENT_MNGR: NO NEED TO PROCESS THIS EVENT.
2021-10-08 15:30:51,147 - PDL-Slicing/Transport - INFO - TRANSPORT_EVENT_MNGR: NO NEED TO PROCESS THIS EVENT.
