2021-09-20 04:04:16,918 - PDL-Slicing/Transport - INFO - Configuring environment variables
2021-09-20 04:04:16,920 - PDL-Slicing/Transport - INFO - Configuring Blockchain connection
2021-09-20 04:04:16,933 - PDL-Slicing/Transport - INFO - Connection with te blockchain ready: True
2021-09-20 04:04:16,954 - PDL-Slicing/Transport - INFO - Current Ethereum block number: 2
2021-09-20 04:04:17,017 - PDL-Slicing/Transport - INFO - Abstraction process of the SDN local context.
2021-09-20 04:04:17,018 - PDL-Slicing/Transport - INFO - Topology abstraction using the vnode model.
2021-09-20 04:04:17,241 - PDL-Slicing/Transport - INFO - Element added into the DB context
2021-09-20 04:04:17,242 - PDL-Slicing/Transport - INFO - Internal E2E graph initalization for path computation.
2021-09-20 04:04:17,242 - PDL-Slicing/Transport - INFO - Retrieving elements from DB context
2021-09-20 04:04:17,244 - PDL-Slicing/Transport - INFO - VL_COMP: External SDN context added.
2021-09-20 04:04:17,245 - PDL-Slicing/Transport - INFO - Configuring permanent threads to manage Blockchain events (slicing and transport)
2021-09-20 04:04:17,272 - PDL-Slicing/Transport - INFO - Thread pool created with 20 workers
2021-09-20 04:08:38,662 - PDL-Slicing/Transport - INFO - TRANSPORT_EVENT_MNGR: NEW SET OF IDL
2021-09-20 04:08:38,670 - PDL-Slicing/Transport - INFO - BLOCKCHAIN_IDL - 2021-09-20 04:08:38.670761
2021-09-20 04:08:38,681 - PDL-Slicing/Transport - INFO - ORCH: Adding inter-domain links to the E2E graph for path conmputation.
2021-09-20 04:08:38,686 - PDL-Slicing/Transport - INFO - ORCH: Prepares E2E topology information.
2021-09-20 04:08:41,058 - PDL-Slicing/Transport - INFO - VL_COMP: Set of IDLs added.
2021-09-20 04:12:01,447 - PDL-Slicing/Transport - INFO - TRANSPORT_EVENT_MNGR: NEW SET OF IDL
2021-09-20 04:12:01,452 - PDL-Slicing/Transport - INFO - BLOCKCHAIN_IDL - 2021-09-20 04:12:01.452408
2021-09-20 04:12:01,453 - PDL-Slicing/Transport - INFO - ORCH: Adding inter-domain links to the E2E graph for path conmputation.
2021-09-20 04:12:01,453 - PDL-Slicing/Transport - INFO - ORCH: Prepares E2E topology information.
2021-09-20 04:12:06,273 - PDL-Slicing/Transport - INFO - VL_COMP: Set of IDLs added.
2021-09-20 04:13:55,388 - PDL-Slicing/Transport - INFO - TRANSPORT_EVENT_MNGR: NEW SET OF IDL
2021-09-20 04:13:55,396 - PDL-Slicing/Transport - INFO - BLOCKCHAIN_IDL - 2021-09-20 04:13:55.396600
2021-09-20 04:13:55,404 - PDL-Slicing/Transport - INFO - ORCH: Adding inter-domain links to the E2E graph for path conmputation.
2021-09-20 04:13:55,404 - PDL-Slicing/Transport - INFO - ORCH: Prepares E2E topology information.
2021-09-20 04:14:01,043 - PDL-Slicing/Transport - INFO - VL_COMP: Set of IDLs added.
2021-09-20 04:14:18,043 - PDL-Slicing/Transport - INFO - ORCH: Received IDL and context to distribute.
2021-09-20 04:14:18,045 - PDL-Slicing/Transport - INFO - VL_COMP: Set of IDLs added.
2021-09-20 04:14:18,045 - PDL-Slicing/Transport - INFO - ORCH: Get E2E topology from BL.
2021-09-20 04:14:18,253 - PDL-Slicing/Transport - INFO - ORCH: ADDING ANOTHER IDL.
2021-09-20 04:14:18,253 - PDL-Slicing/Transport - INFO - ORCH: Local E2E graph updated, distributing it and the IDLs.
2021-09-20 04:14:19,514 - PDL-Slicing/Transport - INFO - BLOCKCHAIN_MAPPER: COST E2E_TOPOLOGY  - 111818 - 1820
2021-09-20 04:14:20,169 - PDL-Slicing/Transport - INFO - TRANSPORT_EVENT_MNGR: NO NEED TO PROCESS THIS EVENT.
2021-09-20 04:15:05,162 - PDL-Slicing/Transport - INFO - ORCH: Preparing the context to be distributed.
2021-09-20 04:15:05,163 - PDL-Slicing/Transport - INFO - Retrieveing an element from the DB context
2021-09-20 04:15:06,520 - PDL-Slicing/Transport - INFO - BLOCKCHAIN_MAPPER: COST SIP  - 829855 - 991
2021-09-20 04:15:07,774 - PDL-Slicing/Transport - INFO - BLOCKCHAIN_MAPPER: COST SIP  - 799843 - 990
2021-09-20 04:15:08,852 - PDL-Slicing/Transport - INFO - BLOCKCHAIN_MAPPER: COST SIP  - 799831 - 989
2021-09-20 04:15:10,236 - PDL-Slicing/Transport - INFO - BLOCKCHAIN_MAPPER: COST SIP  - 799819 - 988
2021-09-20 04:15:12,493 - PDL-Slicing/Transport - INFO - BLOCKCHAIN_MAPPER: COST SIP  - 799855 - 991
2021-09-20 04:15:15,983 - PDL-Slicing/Transport - INFO - BLOCKCHAIN_MAPPER: COST SIP  - 799855 - 991
2021-09-20 04:15:19,278 - PDL-Slicing/Transport - INFO - BLOCKCHAIN_MAPPER: COST SIP  - 799855 - 991
2021-09-20 04:15:24,311 - PDL-Slicing/Transport - INFO - BLOCKCHAIN_MAPPER: COST SIP  - 799855 - 991
2021-09-20 04:15:28,774 - PDL-Slicing/Transport - INFO - BLOCKCHAIN_MAPPER: COST SIP  - 799855 - 991
2021-09-20 04:15:33,079 - PDL-Slicing/Transport - INFO - BLOCKCHAIN_MAPPER: COST SIP  - 799855 - 991
2021-09-20 04:15:36,355 - PDL-Slicing/Transport - INFO - BLOCKCHAIN_MAPPER: COST SIP  - 799831 - 989
2021-09-20 04:15:39,962 - PDL-Slicing/Transport - INFO - BLOCKCHAIN_MAPPER: COST SIP  - 799831 - 989
2021-09-20 04:15:45,550 - PDL-Slicing/Transport - INFO - BLOCKCHAIN_MAPPER: COST SIP  - 799831 - 989
2021-09-20 04:15:49,678 - PDL-Slicing/Transport - INFO - BLOCKCHAIN_MAPPER: COST SIP  - 799843 - 990
2021-09-20 04:15:53,365 - PDL-Slicing/Transport - INFO - BLOCKCHAIN_MAPPER: COST SIP  - 799831 - 989
2021-09-20 04:15:56,900 - PDL-Slicing/Transport - INFO - BLOCKCHAIN_MAPPER: COST SIP  - 799855 - 991
2021-09-20 04:16:00,628 - PDL-Slicing/Transport - INFO - BLOCKCHAIN_MAPPER: COST SIP  - 799831 - 989
2021-09-20 04:16:04,008 - PDL-Slicing/Transport - INFO - BLOCKCHAIN_MAPPER: COST SIP  - 799819 - 988
2021-09-20 04:16:07,652 - PDL-Slicing/Transport - INFO - BLOCKCHAIN_MAPPER: COST SIP  - 799843 - 990
2021-09-20 04:16:11,003 - PDL-Slicing/Transport - INFO - BLOCKCHAIN_MAPPER: COST SIP  - 799831 - 989
2021-09-20 04:16:14,274 - PDL-Slicing/Transport - INFO - BLOCKCHAIN_MAPPER: COST SIP  - 799855 - 991
2021-09-20 04:16:17,804 - PDL-Slicing/Transport - INFO - BLOCKCHAIN_MAPPER: COST SIP  - 799831 - 989
2021-09-20 04:16:21,218 - PDL-Slicing/Transport - INFO - BLOCKCHAIN_MAPPER: COST SIP  - 799819 - 988
2021-09-20 04:16:24,640 - PDL-Slicing/Transport - INFO - BLOCKCHAIN_MAPPER: COST SIP  - 799855 - 991
2021-09-20 04:16:28,102 - PDL-Slicing/Transport - INFO - BLOCKCHAIN_MAPPER: COST SIP  - 799819 - 988
2021-09-20 04:16:31,615 - PDL-Slicing/Transport - INFO - BLOCKCHAIN_MAPPER: COST SIP  - 799855 - 991
2021-09-20 04:16:35,073 - PDL-Slicing/Transport - INFO - BLOCKCHAIN_MAPPER: COST SIP  - 799831 - 989
2021-09-20 04:16:38,701 - PDL-Slicing/Transport - INFO - BLOCKCHAIN_MAPPER: COST SIP  - 799819 - 988
2021-09-20 04:16:42,121 - PDL-Slicing/Transport - INFO - BLOCKCHAIN_MAPPER: COST SIP  - 799819 - 988
2021-09-20 04:16:47,088 - PDL-Slicing/Transport - INFO - BLOCKCHAIN_MAPPER: COST SIP  - 799843 - 990
2021-09-20 04:16:50,606 - PDL-Slicing/Transport - INFO - BLOCKCHAIN_MAPPER: COST SIP  - 799855 - 991
2021-09-20 04:16:53,978 - PDL-Slicing/Transport - INFO - BLOCKCHAIN_MAPPER: COST SIP  - 799843 - 990
2021-09-20 04:16:57,215 - PDL-Slicing/Transport - INFO - BLOCKCHAIN_MAPPER: COST SIP  - 799843 - 990
2021-09-20 04:17:00,496 - PDL-Slicing/Transport - INFO - BLOCKCHAIN_MAPPER: COST SIP  - 799819 - 988
2021-09-20 04:17:03,938 - PDL-Slicing/Transport - INFO - BLOCKCHAIN_MAPPER: COST SIP  - 799831 - 989
2021-09-20 04:17:07,349 - PDL-Slicing/Transport - INFO - BLOCKCHAIN_MAPPER: COST SIP  - 799831 - 989
2021-09-20 04:17:10,798 - PDL-Slicing/Transport - INFO - BLOCKCHAIN_MAPPER: COST SIP  - 799855 - 991
2021-09-20 04:17:14,223 - PDL-Slicing/Transport - INFO - BLOCKCHAIN_MAPPER: COST SIP  - 799819 - 988
2021-09-20 04:17:17,691 - PDL-Slicing/Transport - INFO - BLOCKCHAIN_MAPPER: COST SIP  - 799807 - 987
2021-09-20 04:17:21,108 - PDL-Slicing/Transport - INFO - BLOCKCHAIN_MAPPER: COST SIP  - 799831 - 989
2021-09-20 04:17:24,343 - PDL-Slicing/Transport - INFO - BLOCKCHAIN_MAPPER: COST SIP  - 799819 - 988
2021-09-20 04:17:28,016 - PDL-Slicing/Transport - INFO - BLOCKCHAIN_MAPPER: COST SIP  - 799819 - 988
2021-09-20 04:17:32,733 - PDL-Slicing/Transport - INFO - BLOCKCHAIN_MAPPER: COST SIP  - 799855 - 991
2021-09-20 04:17:36,136 - PDL-Slicing/Transport - INFO - BLOCKCHAIN_MAPPER: COST SIP  - 799843 - 990
2021-09-20 04:17:39,305 - PDL-Slicing/Transport - INFO - BLOCKCHAIN_MAPPER: COST SIP  - 799831 - 989
2021-09-20 04:17:44,044 - PDL-Slicing/Transport - INFO - BLOCKCHAIN_MAPPER: COST SIP  - 799819 - 988
2021-09-20 04:17:47,886 - PDL-Slicing/Transport - INFO - BLOCKCHAIN_MAPPER: COST SIP  - 799843 - 990
2021-09-20 04:17:51,165 - PDL-Slicing/Transport - INFO - BLOCKCHAIN_MAPPER: COST SIP  - 799819 - 988
2021-09-20 04:17:54,404 - PDL-Slicing/Transport - INFO - BLOCKCHAIN_MAPPER: COST SIP  - 799819 - 988
2021-09-20 04:17:57,273 - PDL-Slicing/Transport - INFO - BLOCKCHAIN_MAPPER: COST SIP  - 799819 - 988
2021-09-20 04:18:00,944 - PDL-Slicing/Transport - INFO - BLOCKCHAIN_MAPPER: COST SIP  - 799855 - 991
2021-09-20 04:18:04,156 - PDL-Slicing/Transport - INFO - BLOCKCHAIN_MAPPER: COST SIP  - 799831 - 989
2021-09-20 04:18:07,272 - PDL-Slicing/Transport - INFO - BLOCKCHAIN_MAPPER: COST SIP  - 799831 - 989
2021-09-20 04:18:10,621 - PDL-Slicing/Transport - INFO - BLOCKCHAIN_MAPPER: COST SIP  - 799831 - 989
2021-09-20 04:18:13,979 - PDL-Slicing/Transport - INFO - BLOCKCHAIN_MAPPER: COST SIP  - 799855 - 991
2021-09-20 04:18:17,165 - PDL-Slicing/Transport - INFO - BLOCKCHAIN_MAPPER: COST SIP  - 799819 - 988
2021-09-20 04:18:20,294 - PDL-Slicing/Transport - INFO - BLOCKCHAIN_MAPPER: COST SIP  - 799843 - 990
2021-09-20 04:18:23,579 - PDL-Slicing/Transport - INFO - BLOCKCHAIN_MAPPER: COST SIP  - 799831 - 989
2021-09-20 04:18:26,861 - PDL-Slicing/Transport - INFO - BLOCKCHAIN_MAPPER: COST SIP  - 799819 - 988
2021-09-20 04:18:30,287 - PDL-Slicing/Transport - INFO - BLOCKCHAIN_MAPPER: COST SIP  - 799843 - 990
2021-09-20 04:18:33,711 - PDL-Slicing/Transport - INFO - BLOCKCHAIN_MAPPER: COST SIP  - 799855 - 991
2021-09-20 04:18:36,975 - PDL-Slicing/Transport - INFO - BLOCKCHAIN_MAPPER: COST SIP  - 799843 - 990
2021-09-20 04:18:39,977 - PDL-Slicing/Transport - INFO - BLOCKCHAIN_MAPPER: COST SIP  - 799831 - 989
2021-09-20 04:18:45,091 - PDL-Slicing/Transport - INFO - BLOCKCHAIN_MAPPER: COST SIP  - 799843 - 990
2021-09-20 04:18:48,567 - PDL-Slicing/Transport - INFO - BLOCKCHAIN_MAPPER: COST SIP  - 799831 - 989
2021-09-20 04:18:52,286 - PDL-Slicing/Transport - INFO - BLOCKCHAIN_MAPPER: COST SIP  - 799855 - 991
2021-09-20 04:18:56,005 - PDL-Slicing/Transport - INFO - BLOCKCHAIN_MAPPER: COST SIP  - 799855 - 991
2021-09-20 04:18:59,993 - PDL-Slicing/Transport - INFO - BLOCKCHAIN_MAPPER: COST SIP  - 799855 - 991
2021-09-20 04:19:03,975 - PDL-Slicing/Transport - INFO - BLOCKCHAIN_MAPPER: COST SIP  - 799855 - 991
2021-09-20 04:19:07,582 - PDL-Slicing/Transport - INFO - BLOCKCHAIN_MAPPER: COST SIP  - 799831 - 989
2021-09-20 04:19:11,351 - PDL-Slicing/Transport - INFO - BLOCKCHAIN_MAPPER: COST SIP  - 799855 - 991
2021-09-20 04:19:14,142 - PDL-Slicing/Transport - INFO - BLOCKCHAIN_MAPPER: COST SIP  - 799855 - 991
2021-09-20 04:19:17,809 - PDL-Slicing/Transport - INFO - BLOCKCHAIN_MAPPER: COST SIP  - 799855 - 991
2021-09-20 04:19:20,577 - PDL-Slicing/Transport - INFO - BLOCKCHAIN_MAPPER: COST SIP  - 799843 - 990
2021-09-20 04:19:24,050 - PDL-Slicing/Transport - INFO - BLOCKCHAIN_MAPPER: COST SIP  - 799843 - 990
2021-09-20 04:19:27,531 - PDL-Slicing/Transport - INFO - BLOCKCHAIN_MAPPER: COST SIP  - 799855 - 991
2021-09-20 04:19:31,088 - PDL-Slicing/Transport - INFO - BLOCKCHAIN_MAPPER: COST SIP  - 799855 - 991
2021-09-20 04:19:34,710 - PDL-Slicing/Transport - INFO - BLOCKCHAIN_MAPPER: COST SIP  - 799831 - 989
2021-09-20 04:19:38,210 - PDL-Slicing/Transport - INFO - BLOCKCHAIN_MAPPER: COST SIP  - 799831 - 989
2021-09-20 04:19:41,257 - PDL-Slicing/Transport - INFO - BLOCKCHAIN_MAPPER: COST SIP  - 799831 - 989
2021-09-20 04:19:46,390 - PDL-Slicing/Transport - INFO - BLOCKCHAIN_MAPPER: COST SIP  - 799819 - 988
2021-09-20 04:19:50,017 - PDL-Slicing/Transport - INFO - BLOCKCHAIN_MAPPER: COST SIP  - 799843 - 990
2021-09-20 04:19:53,579 - PDL-Slicing/Transport - INFO - BLOCKCHAIN_MAPPER: COST SIP  - 799831 - 989
2021-09-20 04:19:56,998 - PDL-Slicing/Transport - INFO - BLOCKCHAIN_MAPPER: COST SIP  - 799855 - 991
2021-09-20 04:20:00,380 - PDL-Slicing/Transport - INFO - BLOCKCHAIN_MAPPER: COST SIP  - 799843 - 990
2021-09-20 04:20:04,168 - PDL-Slicing/Transport - INFO - BLOCKCHAIN_MAPPER: COST SIP  - 799855 - 991
2021-09-20 04:20:07,493 - PDL-Slicing/Transport - INFO - BLOCKCHAIN_MAPPER: COST SIP  - 799855 - 991
2021-09-20 04:20:10,860 - PDL-Slicing/Transport - INFO - BLOCKCHAIN_MAPPER: COST SIP  - 799855 - 991
2021-09-20 04:20:14,282 - PDL-Slicing/Transport - INFO - BLOCKCHAIN_MAPPER: COST SIP  - 799855 - 991
2021-09-20 04:20:17,744 - PDL-Slicing/Transport - INFO - BLOCKCHAIN_MAPPER: COST SIP  - 799855 - 991
2021-09-20 04:20:21,021 - PDL-Slicing/Transport - INFO - BLOCKCHAIN_MAPPER: COST SIP  - 799855 - 991
2021-09-20 04:20:24,413 - PDL-Slicing/Transport - INFO - BLOCKCHAIN_MAPPER: COST SIP  - 799819 - 988
2021-09-20 04:20:27,636 - PDL-Slicing/Transport - INFO - BLOCKCHAIN_MAPPER: COST SIP  - 799831 - 989
2021-09-20 04:20:30,967 - PDL-Slicing/Transport - INFO - BLOCKCHAIN_MAPPER: COST SIP  - 799855 - 991
2021-09-20 04:20:37,087 - PDL-Slicing/Transport - INFO - BLOCKCHAIN_MAPPER: COST SIP  - 799843 - 990
2021-09-20 04:20:42,968 - PDL-Slicing/Transport - INFO - BLOCKCHAIN_MAPPER: COST SIP  - 799819 - 988
2021-09-20 04:20:47,212 - PDL-Slicing/Transport - INFO - BLOCKCHAIN_MAPPER: COST SIP  - 799831 - 989
2021-09-20 04:20:50,462 - PDL-Slicing/Transport - INFO - BLOCKCHAIN_MAPPER: COST SIP  - 799855 - 991
2021-09-20 04:20:53,593 - PDL-Slicing/Transport - INFO - BLOCKCHAIN_MAPPER: COST SIP  - 799855 - 991
2021-09-20 04:20:56,794 - PDL-Slicing/Transport - INFO - BLOCKCHAIN_MAPPER: COST SIP  - 799831 - 989
2021-09-20 04:20:59,259 - PDL-Slicing/Transport - INFO - BLOCKCHAIN_MAPPER: COST SIP  - 799855 - 991
2021-09-20 04:21:02,692 - PDL-Slicing/Transport - INFO - BLOCKCHAIN_MAPPER: COST SIP  - 799831 - 989
2021-09-20 04:21:05,789 - PDL-Slicing/Transport - INFO - BLOCKCHAIN_MAPPER: COST SIP  - 799819 - 988
2021-09-20 04:21:09,325 - PDL-Slicing/Transport - INFO - BLOCKCHAIN_MAPPER: COST SIP  - 799855 - 991
2021-09-20 04:21:12,701 - PDL-Slicing/Transport - INFO - BLOCKCHAIN_MAPPER: COST SIP  - 799855 - 991
2021-09-20 04:21:15,883 - PDL-Slicing/Transport - INFO - BLOCKCHAIN_MAPPER: COST SIP  - 799855 - 991
2021-09-20 04:21:18,746 - PDL-Slicing/Transport - INFO - BLOCKCHAIN_MAPPER: COST SIP  - 799843 - 990
2021-09-20 04:21:21,725 - PDL-Slicing/Transport - INFO - BLOCKCHAIN_MAPPER: COST SIP  - 799855 - 991
2021-09-20 04:21:25,400 - PDL-Slicing/Transport - INFO - BLOCKCHAIN_MAPPER: COST SIP  - 799831 - 989
2021-09-20 04:21:30,956 - PDL-Slicing/Transport - INFO - BLOCKCHAIN_MAPPER: COST SIP  - 799855 - 991
2021-09-20 04:21:35,980 - PDL-Slicing/Transport - INFO - BLOCKCHAIN_MAPPER: COST SIP  - 799843 - 990
2021-09-20 04:21:39,671 - PDL-Slicing/Transport - INFO - BLOCKCHAIN_MAPPER: COST SIP  - 799831 - 989
2021-09-20 04:21:44,956 - PDL-Slicing/Transport - INFO - BLOCKCHAIN_MAPPER: COST SIP  - 799819 - 988
2021-09-20 04:21:48,798 - PDL-Slicing/Transport - INFO - BLOCKCHAIN_MAPPER: COST SIP  - 799831 - 989
2021-09-20 04:21:52,338 - PDL-Slicing/Transport - INFO - BLOCKCHAIN_MAPPER: COST SIP  - 799819 - 988
2021-09-20 04:21:55,699 - PDL-Slicing/Transport - INFO - BLOCKCHAIN_MAPPER: COST SIP  - 799819 - 988
2021-09-20 04:21:59,105 - PDL-Slicing/Transport - INFO - BLOCKCHAIN_MAPPER: COST SIP  - 799843 - 990
2021-09-20 04:22:02,569 - PDL-Slicing/Transport - INFO - BLOCKCHAIN_MAPPER: COST SIP  - 799855 - 991
2021-09-20 04:22:06,016 - PDL-Slicing/Transport - INFO - BLOCKCHAIN_MAPPER: COST SIP  - 799843 - 990
2021-09-20 04:22:09,395 - PDL-Slicing/Transport - INFO - BLOCKCHAIN_MAPPER: COST SIP  - 799819 - 988
2021-09-20 04:22:12,689 - PDL-Slicing/Transport - INFO - BLOCKCHAIN_MAPPER: COST SIP  - 799831 - 989
2021-09-20 04:22:16,268 - PDL-Slicing/Transport - INFO - BLOCKCHAIN_MAPPER: COST SIP  - 799831 - 989
2021-09-20 04:22:19,598 - PDL-Slicing/Transport - INFO - BLOCKCHAIN_MAPPER: COST SIP  - 799855 - 991
2021-09-20 04:22:22,976 - PDL-Slicing/Transport - INFO - BLOCKCHAIN_MAPPER: COST SIP  - 799855 - 991
2021-09-20 04:22:26,328 - PDL-Slicing/Transport - INFO - BLOCKCHAIN_MAPPER: COST SIP  - 799843 - 990
2021-09-20 04:22:29,845 - PDL-Slicing/Transport - INFO - BLOCKCHAIN_MAPPER: COST SIP  - 799819 - 988
2021-09-20 04:22:33,334 - PDL-Slicing/Transport - INFO - BLOCKCHAIN_MAPPER: COST SIP  - 799855 - 991
2021-09-20 04:22:37,162 - PDL-Slicing/Transport - INFO - BLOCKCHAIN_MAPPER: COST SIP  - 799843 - 990
2021-09-20 04:22:40,643 - PDL-Slicing/Transport - INFO - BLOCKCHAIN_MAPPER: COST SIP  - 799855 - 991
2021-09-20 04:22:45,635 - PDL-Slicing/Transport - INFO - BLOCKCHAIN_MAPPER: COST SIP  - 799855 - 991
2021-09-20 04:22:49,300 - PDL-Slicing/Transport - INFO - BLOCKCHAIN_MAPPER: COST SIP  - 799819 - 988
2021-09-20 04:22:53,460 - PDL-Slicing/Transport - INFO - BLOCKCHAIN_MAPPER: COST SIP  - 799855 - 991
2021-09-20 04:22:56,324 - PDL-Slicing/Transport - INFO - BLOCKCHAIN_MAPPER: COST SIP  - 799855 - 991
2021-09-20 04:22:59,573 - PDL-Slicing/Transport - INFO - BLOCKCHAIN_MAPPER: COST SIP  - 799855 - 991
2021-09-20 04:23:03,207 - PDL-Slicing/Transport - INFO - BLOCKCHAIN_MAPPER: COST SIP  - 799819 - 988
2021-09-20 04:23:07,106 - PDL-Slicing/Transport - INFO - BLOCKCHAIN_MAPPER: COST SIP  - 799831 - 989
2021-09-20 04:23:10,846 - PDL-Slicing/Transport - INFO - BLOCKCHAIN_MAPPER: COST SIP  - 799843 - 990
2021-09-20 04:23:14,410 - PDL-Slicing/Transport - INFO - BLOCKCHAIN_MAPPER: COST SIP  - 799855 - 991
2021-09-20 04:23:17,969 - PDL-Slicing/Transport - INFO - BLOCKCHAIN_MAPPER: COST SIP  - 799807 - 987
2021-09-20 04:23:21,522 - PDL-Slicing/Transport - INFO - BLOCKCHAIN_MAPPER: COST SIP  - 799831 - 989
2021-09-20 04:23:25,312 - PDL-Slicing/Transport - INFO - BLOCKCHAIN_MAPPER: COST SIP  - 799831 - 989
2021-09-20 04:23:28,913 - PDL-Slicing/Transport - INFO - BLOCKCHAIN_MAPPER: COST SIP  - 799831 - 989
2021-09-20 04:23:32,424 - PDL-Slicing/Transport - INFO - BLOCKCHAIN_MAPPER: COST SIP  - 799819 - 988
2021-09-20 04:23:35,950 - PDL-Slicing/Transport - INFO - BLOCKCHAIN_MAPPER: COST SIP  - 799855 - 991
2021-09-20 04:23:39,583 - PDL-Slicing/Transport - INFO - BLOCKCHAIN_MAPPER: COST SIP  - 799831 - 989
2021-09-20 04:23:44,357 - PDL-Slicing/Transport - INFO - BLOCKCHAIN_MAPPER: COST SIP  - 799843 - 990
2021-09-20 04:23:47,930 - PDL-Slicing/Transport - INFO - BLOCKCHAIN_MAPPER: COST SIP  - 799855 - 991
2021-09-20 04:23:51,492 - PDL-Slicing/Transport - INFO - BLOCKCHAIN_MAPPER: COST SIP  - 799855 - 991
2021-09-20 04:23:54,568 - PDL-Slicing/Transport - INFO - BLOCKCHAIN_MAPPER: COST SIP  - 799855 - 991
2021-09-20 04:23:58,045 - PDL-Slicing/Transport - INFO - BLOCKCHAIN_MAPPER: COST SIP  - 799855 - 991
2021-09-20 04:24:02,108 - PDL-Slicing/Transport - INFO - BLOCKCHAIN_MAPPER: COST SIP  - 799831 - 989
2021-09-20 04:24:05,899 - PDL-Slicing/Transport - INFO - BLOCKCHAIN_MAPPER: COST SIP  - 799843 - 990
2021-09-20 04:24:09,665 - PDL-Slicing/Transport - INFO - BLOCKCHAIN_MAPPER: COST SIP  - 799855 - 991
2021-09-20 04:24:13,431 - PDL-Slicing/Transport - INFO - BLOCKCHAIN_MAPPER: COST SIP  - 799855 - 991
2021-09-20 04:24:17,232 - PDL-Slicing/Transport - INFO - BLOCKCHAIN_MAPPER: COST SIP  - 799819 - 988
2021-09-20 04:24:20,413 - PDL-Slicing/Transport - INFO - BLOCKCHAIN_MAPPER: COST SIP  - 799855 - 991
2021-09-20 04:24:23,775 - PDL-Slicing/Transport - INFO - BLOCKCHAIN_MAPPER: COST SIP  - 799855 - 991
2021-09-20 04:24:27,231 - PDL-Slicing/Transport - INFO - BLOCKCHAIN_MAPPER: COST SIP  - 799831 - 989
2021-09-20 04:24:31,039 - PDL-Slicing/Transport - INFO - BLOCKCHAIN_MAPPER: COST SIP  - 799831 - 989
2021-09-20 04:24:34,612 - PDL-Slicing/Transport - INFO - BLOCKCHAIN_MAPPER: COST SIP  - 799831 - 989
2021-09-20 04:24:38,203 - PDL-Slicing/Transport - INFO - BLOCKCHAIN_MAPPER: COST SIP  - 799831 - 989
2021-09-20 04:24:41,743 - PDL-Slicing/Transport - INFO - BLOCKCHAIN_MAPPER: COST SIP  - 799855 - 991
2021-09-20 04:24:46,955 - PDL-Slicing/Transport - INFO - BLOCKCHAIN_MAPPER: COST SIP  - 799807 - 987
2021-09-20 04:24:50,566 - PDL-Slicing/Transport - INFO - BLOCKCHAIN_MAPPER: COST SIP  - 799807 - 987
2021-09-20 04:24:54,244 - PDL-Slicing/Transport - INFO - BLOCKCHAIN_MAPPER: COST SIP  - 799831 - 989
2021-09-20 04:24:57,957 - PDL-Slicing/Transport - INFO - BLOCKCHAIN_MAPPER: COST SIP  - 799819 - 988
2021-09-20 04:25:01,563 - PDL-Slicing/Transport - INFO - BLOCKCHAIN_MAPPER: COST SIP  - 799831 - 989
2021-09-20 04:25:05,025 - PDL-Slicing/Transport - INFO - BLOCKCHAIN_MAPPER: COST SIP  - 799843 - 990
2021-09-20 04:25:08,742 - PDL-Slicing/Transport - INFO - BLOCKCHAIN_MAPPER: COST SIP  - 799855 - 991
2021-09-20 04:25:12,237 - PDL-Slicing/Transport - INFO - BLOCKCHAIN_MAPPER: COST SIP  - 799831 - 989
2021-09-20 04:25:16,075 - PDL-Slicing/Transport - INFO - BLOCKCHAIN_MAPPER: COST SIP  - 799831 - 989
2021-09-20 04:25:19,526 - PDL-Slicing/Transport - INFO - BLOCKCHAIN_MAPPER: COST SIP  - 799855 - 991
2021-09-20 04:25:23,649 - PDL-Slicing/Transport - INFO - BLOCKCHAIN_MAPPER: COST SIP  - 799831 - 989
2021-09-20 04:25:27,248 - PDL-Slicing/Transport - INFO - BLOCKCHAIN_MAPPER: COST SIP  - 799831 - 989
2021-09-20 04:25:30,784 - PDL-Slicing/Transport - INFO - BLOCKCHAIN_MAPPER: COST SIP  - 799843 - 990
2021-09-20 04:25:34,398 - PDL-Slicing/Transport - INFO - BLOCKCHAIN_MAPPER: COST SIP  - 799831 - 989
2021-09-20 04:25:37,875 - PDL-Slicing/Transport - INFO - BLOCKCHAIN_MAPPER: COST SIP  - 799819 - 988
2021-09-20 04:25:41,396 - PDL-Slicing/Transport - INFO - BLOCKCHAIN_MAPPER: COST SIP  - 799831 - 989
2021-09-20 04:25:46,351 - PDL-Slicing/Transport - INFO - BLOCKCHAIN_MAPPER: COST SIP  - 799831 - 989
2021-09-20 04:25:50,049 - PDL-Slicing/Transport - INFO - BLOCKCHAIN_MAPPER: COST SIP  - 799855 - 991
2021-09-20 04:25:53,634 - PDL-Slicing/Transport - INFO - BLOCKCHAIN_MAPPER: COST SIP  - 799819 - 988
2021-09-20 04:25:57,173 - PDL-Slicing/Transport - INFO - BLOCKCHAIN_MAPPER: COST SIP  - 799855 - 991
2021-09-20 04:26:00,686 - PDL-Slicing/Transport - INFO - BLOCKCHAIN_MAPPER: COST SIP  - 799819 - 988
2021-09-20 04:26:03,981 - PDL-Slicing/Transport - INFO - BLOCKCHAIN_MAPPER: COST SIP  - 799831 - 989
2021-09-20 04:26:07,322 - PDL-Slicing/Transport - INFO - BLOCKCHAIN_MAPPER: COST SIP  - 799819 - 988
2021-09-20 04:26:10,660 - PDL-Slicing/Transport - INFO - BLOCKCHAIN_MAPPER: COST SIP  - 799843 - 990
2021-09-20 04:26:13,975 - PDL-Slicing/Transport - INFO - BLOCKCHAIN_MAPPER: COST SIP  - 799831 - 989
2021-09-20 04:26:17,295 - PDL-Slicing/Transport - INFO - BLOCKCHAIN_MAPPER: COST SIP  - 799843 - 990
2021-09-20 04:26:20,721 - PDL-Slicing/Transport - INFO - BLOCKCHAIN_MAPPER: COST SIP  - 799843 - 990
2021-09-20 04:26:24,188 - PDL-Slicing/Transport - INFO - BLOCKCHAIN_MAPPER: COST SIP  - 799831 - 989
2021-09-20 04:26:27,693 - PDL-Slicing/Transport - INFO - BLOCKCHAIN_MAPPER: COST SIP  - 799843 - 990
2021-09-20 04:26:31,320 - PDL-Slicing/Transport - INFO - BLOCKCHAIN_MAPPER: COST SIP  - 799855 - 991
2021-09-20 04:26:34,729 - PDL-Slicing/Transport - INFO - BLOCKCHAIN_MAPPER: COST SIP  - 799819 - 988
2021-09-20 04:26:38,234 - PDL-Slicing/Transport - INFO - BLOCKCHAIN_MAPPER: COST SIP  - 799855 - 991
2021-09-20 04:26:41,877 - PDL-Slicing/Transport - INFO - BLOCKCHAIN_MAPPER: COST SIP  - 799831 - 989
2021-09-20 04:26:46,918 - PDL-Slicing/Transport - INFO - BLOCKCHAIN_MAPPER: COST SIP  - 799831 - 989
2021-09-20 04:26:50,759 - PDL-Slicing/Transport - INFO - BLOCKCHAIN_MAPPER: COST SIP  - 799855 - 991
2021-09-20 04:26:55,240 - PDL-Slicing/Transport - INFO - BLOCKCHAIN_MAPPER: COST SIP  - 799831 - 989
2021-09-20 04:26:58,746 - PDL-Slicing/Transport - INFO - BLOCKCHAIN_MAPPER: COST SIP  - 799831 - 989
2021-09-20 04:27:02,381 - PDL-Slicing/Transport - INFO - BLOCKCHAIN_MAPPER: COST SIP  - 799831 - 989
2021-09-20 04:27:05,942 - PDL-Slicing/Transport - INFO - BLOCKCHAIN_MAPPER: COST SIP  - 799819 - 988
2021-09-20 04:27:09,632 - PDL-Slicing/Transport - INFO - BLOCKCHAIN_MAPPER: COST SIP  - 799843 - 990
2021-09-20 04:27:12,480 - PDL-Slicing/Transport - INFO - BLOCKCHAIN_MAPPER: COST SIP  - 799831 - 989
2021-09-20 04:27:16,072 - PDL-Slicing/Transport - INFO - BLOCKCHAIN_MAPPER: COST SIP  - 799819 - 988
2021-09-20 04:27:19,656 - PDL-Slicing/Transport - INFO - BLOCKCHAIN_MAPPER: COST SIP  - 799831 - 989
2021-09-20 04:27:23,762 - PDL-Slicing/Transport - INFO - BLOCKCHAIN_MAPPER: COST SIP  - 799831 - 989
2021-09-20 04:27:26,715 - PDL-Slicing/Transport - INFO - BLOCKCHAIN_MAPPER: COST SIP  - 799843 - 990
2021-09-20 04:27:30,874 - PDL-Slicing/Transport - INFO - BLOCKCHAIN_MAPPER: COST SIP  - 799831 - 989
2021-09-20 04:27:34,596 - PDL-Slicing/Transport - INFO - BLOCKCHAIN_MAPPER: COST SIP  - 799843 - 990
2021-09-20 04:27:37,798 - PDL-Slicing/Transport - INFO - BLOCKCHAIN_MAPPER: COST SIP  - 799843 - 990
2021-09-20 04:27:41,186 - PDL-Slicing/Transport - INFO - BLOCKCHAIN_MAPPER: COST SIP  - 799819 - 988
2021-09-20 04:27:46,477 - PDL-Slicing/Transport - INFO - BLOCKCHAIN_MAPPER: COST SIP  - 799819 - 988
2021-09-20 04:27:50,398 - PDL-Slicing/Transport - INFO - BLOCKCHAIN_MAPPER: COST SIP  - 799831 - 989
2021-09-20 04:27:54,229 - PDL-Slicing/Transport - INFO - BLOCKCHAIN_MAPPER: COST SIP  - 799831 - 989
2021-09-20 04:27:57,724 - PDL-Slicing/Transport - INFO - BLOCKCHAIN_MAPPER: COST SIP  - 799831 - 989
2021-09-20 04:28:01,396 - PDL-Slicing/Transport - INFO - BLOCKCHAIN_MAPPER: COST SIP  - 799843 - 990
2021-09-20 04:28:05,309 - PDL-Slicing/Transport - INFO - BLOCKCHAIN_MAPPER: COST SIP  - 799831 - 989
2021-09-20 04:28:11,260 - PDL-Slicing/Transport - INFO - BLOCKCHAIN_MAPPER: COST SIP  - 799819 - 988
2021-09-20 04:28:17,054 - PDL-Slicing/Transport - INFO - BLOCKCHAIN_MAPPER: COST SIP  - 799831 - 989
2021-09-20 04:28:20,476 - PDL-Slicing/Transport - INFO - BLOCKCHAIN_MAPPER: COST SIP  - 799819 - 988
2021-09-20 04:28:23,896 - PDL-Slicing/Transport - INFO - BLOCKCHAIN_MAPPER: COST SIP  - 799807 - 987
2021-09-20 04:28:27,139 - PDL-Slicing/Transport - INFO - BLOCKCHAIN_MAPPER: COST SIP  - 799843 - 990
2021-09-20 04:28:30,295 - PDL-Slicing/Transport - INFO - BLOCKCHAIN_MAPPER: COST SIP  - 799843 - 990
2021-09-20 04:28:33,583 - PDL-Slicing/Transport - INFO - BLOCKCHAIN_MAPPER: COST SIP  - 799819 - 988
2021-09-20 04:28:36,962 - PDL-Slicing/Transport - INFO - BLOCKCHAIN_MAPPER: COST SIP  - 799831 - 989
2021-09-20 04:28:40,397 - PDL-Slicing/Transport - INFO - BLOCKCHAIN_MAPPER: COST SIP  - 799843 - 990
2021-09-20 04:28:46,109 - PDL-Slicing/Transport - INFO - BLOCKCHAIN_MAPPER: COST SIP  - 799855 - 991
2021-09-20 04:28:49,380 - PDL-Slicing/Transport - INFO - BLOCKCHAIN_MAPPER: COST SIP  - 799831 - 989
2021-09-20 04:28:52,624 - PDL-Slicing/Transport - INFO - BLOCKCHAIN_MAPPER: COST SIP  - 799855 - 991
2021-09-20 04:28:55,395 - PDL-Slicing/Transport - INFO - BLOCKCHAIN_MAPPER: COST SIP  - 799843 - 990
2021-09-20 04:28:58,168 - PDL-Slicing/Transport - INFO - BLOCKCHAIN_MAPPER: COST SIP  - 799831 - 989
2021-09-20 04:29:01,389 - PDL-Slicing/Transport - INFO - BLOCKCHAIN_MAPPER: COST SIP  - 799843 - 990
2021-09-20 04:29:04,756 - PDL-Slicing/Transport - INFO - BLOCKCHAIN_MAPPER: COST SIP  - 799843 - 990
2021-09-20 04:29:07,821 - PDL-Slicing/Transport - INFO - BLOCKCHAIN_MAPPER: COST SIP  - 799855 - 991
2021-09-20 04:29:10,866 - PDL-Slicing/Transport - INFO - BLOCKCHAIN_MAPPER: COST SIP  - 799831 - 989
2021-09-20 04:29:13,932 - PDL-Slicing/Transport - INFO - BLOCKCHAIN_MAPPER: COST SIP  - 799855 - 991
2021-09-20 04:29:17,185 - PDL-Slicing/Transport - INFO - BLOCKCHAIN_MAPPER: COST SIP  - 799819 - 988
2021-09-20 04:29:20,673 - PDL-Slicing/Transport - INFO - BLOCKCHAIN_MAPPER: COST SIP  - 799843 - 990
2021-09-20 04:29:24,208 - PDL-Slicing/Transport - INFO - BLOCKCHAIN_MAPPER: COST SIP  - 799831 - 989
2021-09-20 04:29:27,626 - PDL-Slicing/Transport - INFO - BLOCKCHAIN_MAPPER: COST SIP  - 799831 - 989
2021-09-20 04:29:31,191 - PDL-Slicing/Transport - INFO - BLOCKCHAIN_MAPPER: COST SIP  - 799831 - 989
2021-09-20 04:29:34,227 - PDL-Slicing/Transport - INFO - BLOCKCHAIN_MAPPER: COST SIP  - 799843 - 990
2021-09-20 04:29:37,420 - PDL-Slicing/Transport - INFO - BLOCKCHAIN_MAPPER: COST SIP  - 799819 - 988
2021-09-20 04:29:40,415 - PDL-Slicing/Transport - INFO - BLOCKCHAIN_MAPPER: COST SIP  - 799819 - 988
2021-09-20 04:29:45,233 - PDL-Slicing/Transport - INFO - BLOCKCHAIN_MAPPER: COST SIP  - 799855 - 991
2021-09-20 04:29:48,592 - PDL-Slicing/Transport - INFO - BLOCKCHAIN_MAPPER: COST SIP  - 799831 - 989
2021-09-20 04:29:52,922 - PDL-Slicing/Transport - INFO - BLOCKCHAIN_MAPPER: COST NEP  - 1221061 - 1549
2021-09-20 04:29:56,094 - PDL-Slicing/Transport - INFO - BLOCKCHAIN_MAPPER: COST NEP  - 1191061 - 1549
2021-09-20 04:29:59,679 - PDL-Slicing/Transport - INFO - BLOCKCHAIN_MAPPER: COST NEP  - 1191061 - 1549
2021-09-20 04:30:02,901 - PDL-Slicing/Transport - INFO - BLOCKCHAIN_MAPPER: COST NEP  - 1191061 - 1549
2021-09-20 04:30:06,346 - PDL-Slicing/Transport - INFO - BLOCKCHAIN_MAPPER: COST NEP  - 1191061 - 1549
2021-09-20 04:30:10,038 - PDL-Slicing/Transport - INFO - BLOCKCHAIN_MAPPER: COST NEP  - 1191061 - 1549
2021-09-20 04:30:13,827 - PDL-Slicing/Transport - INFO - BLOCKCHAIN_MAPPER: COST NEP  - 1191061 - 1549
2021-09-20 04:30:17,508 - PDL-Slicing/Transport - INFO - BLOCKCHAIN_MAPPER: COST NEP  - 1191061 - 1549
2021-09-20 04:30:21,444 - PDL-Slicing/Transport - INFO - BLOCKCHAIN_MAPPER: COST NEP  - 1191061 - 1549
2021-09-20 04:30:25,506 - PDL-Slicing/Transport - INFO - BLOCKCHAIN_MAPPER: COST NEP  - 1191061 - 1549
2021-09-20 04:30:29,445 - PDL-Slicing/Transport - INFO - BLOCKCHAIN_MAPPER: COST NEP  - 1191061 - 1549
2021-09-20 04:30:33,162 - PDL-Slicing/Transport - INFO - BLOCKCHAIN_MAPPER: COST NEP  - 1191061 - 1549
2021-09-20 04:30:37,092 - PDL-Slicing/Transport - INFO - BLOCKCHAIN_MAPPER: COST NEP  - 1191061 - 1549
2021-09-20 04:30:40,757 - PDL-Slicing/Transport - INFO - BLOCKCHAIN_MAPPER: COST NEP  - 1191061 - 1549
2021-09-20 04:30:46,113 - PDL-Slicing/Transport - INFO - BLOCKCHAIN_MAPPER: COST NEP  - 1191061 - 1549
2021-09-20 04:30:49,671 - PDL-Slicing/Transport - INFO - BLOCKCHAIN_MAPPER: COST NEP  - 1191061 - 1549
2021-09-20 04:30:53,848 - PDL-Slicing/Transport - INFO - BLOCKCHAIN_MAPPER: COST NEP  - 1191061 - 1549
2021-09-20 04:30:58,574 - PDL-Slicing/Transport - INFO - BLOCKCHAIN_MAPPER: COST NEP  - 1191061 - 1549
2021-09-20 04:31:05,105 - PDL-Slicing/Transport - INFO - BLOCKCHAIN_MAPPER: COST NEP  - 1191061 - 1549
2021-09-20 04:31:10,480 - PDL-Slicing/Transport - INFO - BLOCKCHAIN_MAPPER: COST NEP  - 1191061 - 1549
2021-09-20 04:31:14,837 - PDL-Slicing/Transport - INFO - BLOCKCHAIN_MAPPER: COST NEP  - 1191061 - 1549
2021-09-20 04:31:19,784 - PDL-Slicing/Transport - INFO - BLOCKCHAIN_MAPPER: COST NEP  - 1191061 - 1549
2021-09-20 04:31:24,508 - PDL-Slicing/Transport - INFO - BLOCKCHAIN_MAPPER: COST NEP  - 1191061 - 1549
2021-09-20 04:31:28,584 - PDL-Slicing/Transport - INFO - BLOCKCHAIN_MAPPER: COST NEP  - 1191061 - 1549
2021-09-20 04:31:33,400 - PDL-Slicing/Transport - INFO - BLOCKCHAIN_MAPPER: COST NEP  - 1191061 - 1549
2021-09-20 04:31:38,077 - PDL-Slicing/Transport - INFO - BLOCKCHAIN_MAPPER: COST NEP  - 1191061 - 1549
2021-09-20 04:31:44,816 - PDL-Slicing/Transport - INFO - BLOCKCHAIN_MAPPER: COST NEP  - 1191061 - 1549
2021-09-20 04:31:48,976 - PDL-Slicing/Transport - INFO - BLOCKCHAIN_MAPPER: COST NEP  - 1191061 - 1549
2021-09-20 04:31:53,417 - PDL-Slicing/Transport - INFO - BLOCKCHAIN_MAPPER: COST NEP  - 1191061 - 1549
2021-09-20 04:31:57,521 - PDL-Slicing/Transport - INFO - BLOCKCHAIN_MAPPER: COST NEP  - 1191061 - 1549
2021-09-20 04:32:01,635 - PDL-Slicing/Transport - INFO - BLOCKCHAIN_MAPPER: COST NEP  - 1191061 - 1549
2021-09-20 04:32:05,578 - PDL-Slicing/Transport - INFO - BLOCKCHAIN_MAPPER: COST NEP  - 1191061 - 1549
2021-09-20 04:32:10,017 - PDL-Slicing/Transport - INFO - BLOCKCHAIN_MAPPER: COST NEP  - 1191061 - 1549
2021-09-20 04:32:15,014 - PDL-Slicing/Transport - INFO - BLOCKCHAIN_MAPPER: COST NEP  - 1191061 - 1549
2021-09-20 04:32:19,378 - PDL-Slicing/Transport - INFO - BLOCKCHAIN_MAPPER: COST NEP  - 1191061 - 1549
2021-09-20 04:32:23,925 - PDL-Slicing/Transport - INFO - BLOCKCHAIN_MAPPER: COST NEP  - 1191061 - 1549
2021-09-20 04:32:27,958 - PDL-Slicing/Transport - INFO - BLOCKCHAIN_MAPPER: COST NEP  - 1191061 - 1549
2021-09-20 04:32:32,228 - PDL-Slicing/Transport - INFO - BLOCKCHAIN_MAPPER: COST NEP  - 1191061 - 1549
2021-09-20 04:32:36,423 - PDL-Slicing/Transport - INFO - BLOCKCHAIN_MAPPER: COST NEP  - 1191061 - 1549
2021-09-20 04:32:40,586 - PDL-Slicing/Transport - INFO - BLOCKCHAIN_MAPPER: COST NEP  - 1191061 - 1549
2021-09-20 04:32:47,252 - PDL-Slicing/Transport - INFO - BLOCKCHAIN_MAPPER: COST NEP  - 1191061 - 1549
2021-09-20 04:32:51,559 - PDL-Slicing/Transport - INFO - BLOCKCHAIN_MAPPER: COST NEP  - 1191061 - 1549
2021-09-20 04:32:55,869 - PDL-Slicing/Transport - INFO - BLOCKCHAIN_MAPPER: COST NEP  - 1191061 - 1549
2021-09-20 04:33:00,084 - PDL-Slicing/Transport - INFO - BLOCKCHAIN_MAPPER: COST NEP  - 1191061 - 1549
2021-09-20 04:33:04,507 - PDL-Slicing/Transport - INFO - BLOCKCHAIN_MAPPER: COST NEP  - 1191061 - 1549
2021-09-20 04:33:08,574 - PDL-Slicing/Transport - INFO - BLOCKCHAIN_MAPPER: COST NEP  - 1191061 - 1549
2021-09-20 04:33:12,872 - PDL-Slicing/Transport - INFO - BLOCKCHAIN_MAPPER: COST NEP  - 1191061 - 1549
2021-09-20 04:33:17,230 - PDL-Slicing/Transport - INFO - BLOCKCHAIN_MAPPER: COST NEP  - 1191061 - 1549
2021-09-20 04:33:21,573 - PDL-Slicing/Transport - INFO - BLOCKCHAIN_MAPPER: COST NEP  - 1191061 - 1549
2021-09-20 04:33:25,622 - PDL-Slicing/Transport - INFO - BLOCKCHAIN_MAPPER: COST NEP  - 1191061 - 1549
2021-09-20 04:33:32,359 - PDL-Slicing/Transport - INFO - BLOCKCHAIN_MAPPER: COST NEP  - 1191061 - 1549
2021-09-20 04:33:37,960 - PDL-Slicing/Transport - INFO - BLOCKCHAIN_MAPPER: COST NEP  - 1191061 - 1549
2021-09-20 04:33:43,295 - PDL-Slicing/Transport - INFO - BLOCKCHAIN_MAPPER: COST NEP  - 1191061 - 1549
2021-09-20 04:33:47,997 - PDL-Slicing/Transport - INFO - BLOCKCHAIN_MAPPER: COST NEP  - 1191061 - 1549
2021-09-20 04:33:52,600 - PDL-Slicing/Transport - INFO - BLOCKCHAIN_MAPPER: COST NEP  - 1191061 - 1549
2021-09-20 04:33:57,236 - PDL-Slicing/Transport - INFO - BLOCKCHAIN_MAPPER: COST NEP  - 1191061 - 1549
2021-09-20 04:34:03,300 - PDL-Slicing/Transport - INFO - BLOCKCHAIN_MAPPER: COST NEP  - 1191061 - 1549
2021-09-20 04:34:10,728 - PDL-Slicing/Transport - INFO - BLOCKCHAIN_MAPPER: COST NEP  - 1191061 - 1549
2021-09-20 04:34:17,536 - PDL-Slicing/Transport - INFO - BLOCKCHAIN_MAPPER: COST NEP  - 1191061 - 1549
2021-09-20 04:34:22,943 - PDL-Slicing/Transport - INFO - BLOCKCHAIN_MAPPER: COST NEP  - 1191061 - 1549
2021-09-20 04:34:27,616 - PDL-Slicing/Transport - INFO - BLOCKCHAIN_MAPPER: COST NEP  - 1191061 - 1549
2021-09-20 04:34:32,724 - PDL-Slicing/Transport - INFO - BLOCKCHAIN_MAPPER: COST NEP  - 1191061 - 1549
2021-09-20 04:34:37,738 - PDL-Slicing/Transport - INFO - BLOCKCHAIN_MAPPER: COST NEP  - 1191061 - 1549
2021-09-20 04:34:43,952 - PDL-Slicing/Transport - INFO - BLOCKCHAIN_MAPPER: COST NEP  - 1191061 - 1549
2021-09-20 04:34:49,032 - PDL-Slicing/Transport - INFO - BLOCKCHAIN_MAPPER: COST NEP  - 1191061 - 1549
2021-09-20 04:34:53,522 - PDL-Slicing/Transport - INFO - BLOCKCHAIN_MAPPER: COST NEP  - 1191061 - 1549
2021-09-20 04:34:57,974 - PDL-Slicing/Transport - INFO - BLOCKCHAIN_MAPPER: COST NEP  - 1191061 - 1549
2021-09-20 04:35:03,431 - PDL-Slicing/Transport - INFO - BLOCKCHAIN_MAPPER: COST NEP  - 1191061 - 1549
2021-09-20 04:35:11,035 - PDL-Slicing/Transport - INFO - BLOCKCHAIN_MAPPER: COST NEP  - 1191061 - 1549
2021-09-20 04:35:16,368 - PDL-Slicing/Transport - INFO - BLOCKCHAIN_MAPPER: COST NEP  - 1191061 - 1549
2021-09-20 04:35:22,580 - PDL-Slicing/Transport - INFO - BLOCKCHAIN_MAPPER: COST NEP  - 1191061 - 1549
2021-09-20 04:35:27,424 - PDL-Slicing/Transport - INFO - BLOCKCHAIN_MAPPER: COST NEP  - 1191061 - 1549
2021-09-20 04:35:32,883 - PDL-Slicing/Transport - INFO - BLOCKCHAIN_MAPPER: COST NEP  - 1191061 - 1549
2021-09-20 04:35:37,765 - PDL-Slicing/Transport - INFO - BLOCKCHAIN_MAPPER: COST NEP  - 1191061 - 1549
2021-09-20 04:35:43,300 - PDL-Slicing/Transport - INFO - BLOCKCHAIN_MAPPER: COST NEP  - 1191061 - 1549
2021-09-20 04:35:49,631 - PDL-Slicing/Transport - INFO - BLOCKCHAIN_MAPPER: COST NEP  - 1191061 - 1549
2021-09-20 04:35:54,283 - PDL-Slicing/Transport - INFO - BLOCKCHAIN_MAPPER: COST NEP  - 1191061 - 1549
2021-09-20 04:35:58,820 - PDL-Slicing/Transport - INFO - BLOCKCHAIN_MAPPER: COST NEP  - 1191061 - 1549
2021-09-20 04:36:03,208 - PDL-Slicing/Transport - INFO - BLOCKCHAIN_MAPPER: COST NEP  - 1191061 - 1549
2021-09-20 04:36:07,578 - PDL-Slicing/Transport - INFO - BLOCKCHAIN_MAPPER: COST NEP  - 1191061 - 1549
2021-09-20 04:36:12,605 - PDL-Slicing/Transport - INFO - BLOCKCHAIN_MAPPER: COST NEP  - 1191061 - 1549
2021-09-20 04:36:16,877 - PDL-Slicing/Transport - INFO - BLOCKCHAIN_MAPPER: COST NEP  - 1191061 - 1549
2021-09-20 04:36:21,300 - PDL-Slicing/Transport - INFO - BLOCKCHAIN_MAPPER: COST NEP  - 1191061 - 1549
2021-09-20 04:36:25,970 - PDL-Slicing/Transport - INFO - BLOCKCHAIN_MAPPER: COST NEP  - 1191061 - 1549
2021-09-20 04:36:30,595 - PDL-Slicing/Transport - INFO - BLOCKCHAIN_MAPPER: COST NEP  - 1191061 - 1549
2021-09-20 04:36:34,782 - PDL-Slicing/Transport - INFO - BLOCKCHAIN_MAPPER: COST NEP  - 1191061 - 1549
2021-09-20 04:36:39,284 - PDL-Slicing/Transport - INFO - BLOCKCHAIN_MAPPER: COST NEP  - 1191061 - 1549
2021-09-20 04:36:45,324 - PDL-Slicing/Transport - INFO - BLOCKCHAIN_MAPPER: COST NEP  - 1191061 - 1549
2021-09-20 04:36:49,999 - PDL-Slicing/Transport - INFO - BLOCKCHAIN_MAPPER: COST NEP  - 1191061 - 1549
2021-09-20 04:36:54,749 - PDL-Slicing/Transport - INFO - BLOCKCHAIN_MAPPER: COST NEP  - 1191061 - 1549
2021-09-20 04:36:59,096 - PDL-Slicing/Transport - INFO - BLOCKCHAIN_MAPPER: COST NEP  - 1191061 - 1549
2021-09-20 04:37:03,832 - PDL-Slicing/Transport - INFO - BLOCKCHAIN_MAPPER: COST NEP  - 1191061 - 1549
2021-09-20 04:37:08,017 - PDL-Slicing/Transport - INFO - BLOCKCHAIN_MAPPER: COST NEP  - 1191061 - 1549
2021-09-20 04:37:12,400 - PDL-Slicing/Transport - INFO - BLOCKCHAIN_MAPPER: COST NEP  - 1191061 - 1549
2021-09-20 04:37:17,116 - PDL-Slicing/Transport - INFO - BLOCKCHAIN_MAPPER: COST NEP  - 1191061 - 1549
2021-09-20 04:37:21,692 - PDL-Slicing/Transport - INFO - BLOCKCHAIN_MAPPER: COST NEP  - 1191061 - 1549
2021-09-20 04:37:26,289 - PDL-Slicing/Transport - INFO - BLOCKCHAIN_MAPPER: COST NEP  - 1191061 - 1549
2021-09-20 04:37:30,923 - PDL-Slicing/Transport - INFO - BLOCKCHAIN_MAPPER: COST NEP  - 1191061 - 1549
2021-09-20 04:37:35,168 - PDL-Slicing/Transport - INFO - BLOCKCHAIN_MAPPER: COST NEP  - 1191061 - 1549
2021-09-20 04:37:39,219 - PDL-Slicing/Transport - INFO - BLOCKCHAIN_MAPPER: COST NEP  - 1191061 - 1549
2021-09-20 04:37:44,781 - PDL-Slicing/Transport - INFO - BLOCKCHAIN_MAPPER: COST NEP  - 1191061 - 1549
2021-09-20 04:37:49,334 - PDL-Slicing/Transport - INFO - BLOCKCHAIN_MAPPER: COST NEP  - 1191061 - 1549
2021-09-20 04:37:53,612 - PDL-Slicing/Transport - INFO - BLOCKCHAIN_MAPPER: COST NEP  - 1191061 - 1549
2021-09-20 04:37:58,300 - PDL-Slicing/Transport - INFO - BLOCKCHAIN_MAPPER: COST NEP  - 1191061 - 1549
2021-09-20 04:38:03,368 - PDL-Slicing/Transport - INFO - BLOCKCHAIN_MAPPER: COST NEP  - 1191061 - 1549
2021-09-20 04:38:07,891 - PDL-Slicing/Transport - INFO - BLOCKCHAIN_MAPPER: COST NEP  - 1191061 - 1549
2021-09-20 04:38:12,519 - PDL-Slicing/Transport - INFO - BLOCKCHAIN_MAPPER: COST NEP  - 1191061 - 1549
2021-09-20 04:38:17,302 - PDL-Slicing/Transport - INFO - BLOCKCHAIN_MAPPER: COST NEP  - 1191061 - 1549
2021-09-20 04:38:21,694 - PDL-Slicing/Transport - INFO - BLOCKCHAIN_MAPPER: COST NEP  - 1191061 - 1549
2021-09-20 04:38:25,479 - PDL-Slicing/Transport - INFO - BLOCKCHAIN_MAPPER: COST NEP  - 1191061 - 1549
2021-09-20 04:38:31,063 - PDL-Slicing/Transport - INFO - BLOCKCHAIN_MAPPER: COST NEP  - 1191061 - 1549
2021-09-20 04:38:35,753 - PDL-Slicing/Transport - INFO - BLOCKCHAIN_MAPPER: COST NEP  - 1191061 - 1549
2021-09-20 04:38:40,546 - PDL-Slicing/Transport - INFO - BLOCKCHAIN_MAPPER: COST NEP  - 1191061 - 1549
2021-09-20 04:38:47,065 - PDL-Slicing/Transport - INFO - BLOCKCHAIN_MAPPER: COST NEP  - 1191061 - 1549
2021-09-20 04:38:52,401 - PDL-Slicing/Transport - INFO - BLOCKCHAIN_MAPPER: COST NEP  - 1191061 - 1549
2021-09-20 04:38:57,182 - PDL-Slicing/Transport - INFO - BLOCKCHAIN_MAPPER: COST NEP  - 1191061 - 1549
2021-09-20 04:39:01,741 - PDL-Slicing/Transport - INFO - BLOCKCHAIN_MAPPER: COST NEP  - 1191061 - 1549
2021-09-20 04:39:06,098 - PDL-Slicing/Transport - INFO - BLOCKCHAIN_MAPPER: COST NEP  - 1191061 - 1549
2021-09-20 04:39:10,386 - PDL-Slicing/Transport - INFO - BLOCKCHAIN_MAPPER: COST NEP  - 1191061 - 1549
2021-09-20 04:39:15,320 - PDL-Slicing/Transport - INFO - BLOCKCHAIN_MAPPER: COST NEP  - 1191061 - 1549
2021-09-20 04:39:20,423 - PDL-Slicing/Transport - INFO - BLOCKCHAIN_MAPPER: COST NEP  - 1191061 - 1549
2021-09-20 04:39:25,589 - PDL-Slicing/Transport - INFO - BLOCKCHAIN_MAPPER: COST NEP  - 1191061 - 1549
2021-09-20 04:39:30,366 - PDL-Slicing/Transport - INFO - BLOCKCHAIN_MAPPER: COST NEP  - 1191061 - 1549
2021-09-20 04:39:37,691 - PDL-Slicing/Transport - INFO - BLOCKCHAIN_MAPPER: COST NODE  - 3426039 - 190907
2021-09-20 04:39:50,346 - PDL-Slicing/Transport - INFO - TRANSPORT_EVENT_MNGR: NO NEED TO PROCESS THIS EVENT.
2021-09-20 04:39:50,354 - PDL-Slicing/Transport - INFO - BLOCKCHAIN_MAPPER: COST CONTEXT  - 7095399 - 435425
2021-09-20 04:39:50,358 - PDL-Slicing/Transport - INFO - ORCH: Local context distributed.
2021-09-20 04:40:27,273 - PDL-Slicing/Transport - INFO - TRANSPORT_EVENT_MNGR: NEW TOPOLOGY EVENT
2021-09-20 04:40:27,279 - PDL-Slicing/Transport - INFO - BLOCKCHAIN_CONTEXT - 2021-09-20 04:40:27.279497
2021-09-20 04:40:27,296 - PDL-Slicing/Transport - INFO - ORCH: Adding external SDN domain context information in the E2E Network graph.627ea8a3-f3cf-578b-b0dd-9e65a5a0e0a3
2021-09-20 04:51:01,994 - PDL-Slicing/Transport - INFO - TRANSPORT_EVENT_MNGR: NEW TOPOLOGY EVENT
2021-09-20 04:51:02,027 - PDL-Slicing/Transport - INFO - BLOCKCHAIN_CONTEXT - 2021-09-20 04:51:02.027131
2021-09-20 04:51:02,028 - PDL-Slicing/Transport - INFO - ORCH: Adding external SDN domain context information in the E2E Network graph.3d89bd76-e54d-5fab-9787-eb609f291ee0
2021-09-20 04:53:14,323 - PDL-Slicing/Transport - INFO - TRANSPORT_EVENT_MNGR: NEW TOPOLOGY EVENT
2021-09-20 04:53:14,332 - PDL-Slicing/Transport - INFO - BLOCKCHAIN_CONTEXT - 2021-09-20 04:53:14.332835
2021-09-20 04:53:14,342 - PDL-Slicing/Transport - INFO - ORCH: Adding external SDN domain context information in the E2E Network graph.226b9166-974e-57ff-821d-2f24e5a71b00
2021-09-20 05:56:57,301 - PDL-Slicing/Transport - INFO - TRANSPORT_EVENT_MNGR: NO NEED TO PROCESS THIS EVENT.
2021-09-20 05:56:58,382 - PDL-Slicing/Transport - INFO - TRANSPORT_EVENT_MNGR: NO NEED TO PROCESS THIS EVENT.
2021-09-20 06:06:18,331 - PDL-Slicing/Transport - INFO - TRANSPORT_EVENT_MNGR: NO NEED TO PROCESS THIS EVENT.
2021-09-20 06:06:19,446 - PDL-Slicing/Transport - INFO - TRANSPORT_EVENT_MNGR: NO NEED TO PROCESS THIS EVENT.
2021-09-20 06:12:58,622 - PDL-Slicing/Transport - INFO - TRANSPORT_EVENT_MNGR: NO NEED TO PROCESS THIS EVENT.
2021-09-20 06:13:00,958 - PDL-Slicing/Transport - INFO - TRANSPORT_EVENT_MNGR: NO NEED TO PROCESS THIS EVENT.
2021-09-20 06:13:00,960 - PDL-Slicing/Transport - INFO - TRANSPORT_EVENT_MNGR: NO NEED TO PROCESS THIS EVENT.
2021-09-20 06:13:03,141 - PDL-Slicing/Transport - INFO - TRANSPORT_EVENT_MNGR: NO NEED TO PROCESS THIS EVENT.
2021-09-20 06:19:56,908 - PDL-Slicing/Transport - INFO - TRANSPORT_EVENT_MNGR: NO NEED TO PROCESS THIS EVENT.
2021-09-20 06:19:58,003 - PDL-Slicing/Transport - INFO - TRANSPORT_EVENT_MNGR: NO NEED TO PROCESS THIS EVENT.
2021-09-20 06:22:54,589 - PDL-Slicing/Transport - INFO - TRANSPORT_EVENT_MNGR: NO NEED TO PROCESS THIS EVENT.
2021-09-20 06:22:55,613 - PDL-Slicing/Transport - INFO - TRANSPORT_EVENT_MNGR: NO NEED TO PROCESS THIS EVENT.
2021-09-20 06:40:57,948 - PDL-Slicing/Transport - INFO - Received E2E CS deployment request.
2021-09-20 06:40:58,305 - PDL-Slicing/Transport - INFO - Selected SIPs available to be used. Starting the deployment.
2021-09-20 06:40:58,307 - PDL-Slicing/Transport - INFO - ORCH: Received E2E request info. Let's process it.
2021-09-20 06:40:58,308 - PDL-Slicing/Transport - INFO - TIME INSTANTIATE E2E - e8c64b87-dbf5-40bd-b888-773763fc139d - 2021-09-20 06:40:58.308123
2021-09-20 06:40:58,308 - PDL-Slicing/Transport - INFO - Element added into the DB e2e_cs
2021-09-20 06:40:58,308 - PDL-Slicing/Transport - INFO - ORCH: Calculates the 20 simplest paths.
2021-09-20 06:40:58,308 - PDL-Slicing/Transport - INFO - ORCH: Prepares E2E topology information.
2021-09-20 06:41:38,366 - PDL-Slicing/Transport - INFO - Retrieveing an element from the DB e2e_cs
2021-09-20 06:41:48,391 - PDL-Slicing/Transport - INFO - Retrieveing an element from the DB e2e_cs
2021-09-20 06:41:58,412 - PDL-Slicing/Transport - INFO - Retrieveing an element from the DB e2e_cs
2021-09-20 06:42:08,434 - PDL-Slicing/Transport - INFO - Retrieveing an element from the DB e2e_cs
2021-09-20 06:42:18,449 - PDL-Slicing/Transport - INFO - Retrieveing an element from the DB e2e_cs
2021-09-20 06:42:28,471 - PDL-Slicing/Transport - INFO - Retrieveing an element from the DB e2e_cs
2021-09-20 06:42:38,510 - PDL-Slicing/Transport - INFO - Retrieveing an element from the DB e2e_cs
2021-09-20 06:42:48,530 - PDL-Slicing/Transport - INFO - Retrieveing an element from the DB e2e_cs
2021-09-20 06:42:50,068 - PDL-Slicing/Transport - INFO - ORCH: Looks for the TAPI elements information involved in the route.
2021-09-20 06:42:58,551 - PDL-Slicing/Transport - INFO - Retrieveing an element from the DB e2e_cs
2021-09-20 06:43:08,572 - PDL-Slicing/Transport - INFO - Retrieveing an element from the DB e2e_cs
2021-09-20 06:43:18,598 - PDL-Slicing/Transport - INFO - Retrieveing an element from the DB e2e_cs
2021-09-20 06:43:28,616 - PDL-Slicing/Transport - INFO - Retrieveing an element from the DB e2e_cs
2021-09-20 06:43:38,646 - PDL-Slicing/Transport - INFO - Retrieveing an element from the DB e2e_cs
2021-09-20 06:43:48,667 - PDL-Slicing/Transport - INFO - Retrieveing an element from the DB e2e_cs
2021-09-20 06:43:58,687 - PDL-Slicing/Transport - INFO - Retrieveing an element from the DB e2e_cs
2021-09-20 06:44:08,706 - PDL-Slicing/Transport - INFO - Retrieveing an element from the DB e2e_cs
2021-09-20 06:44:18,727 - PDL-Slicing/Transport - INFO - Retrieveing an element from the DB e2e_cs
2021-09-20 06:44:28,742 - PDL-Slicing/Transport - INFO - Retrieveing an element from the DB e2e_cs
2021-09-20 06:44:38,764 - PDL-Slicing/Transport - INFO - Retrieveing an element from the DB e2e_cs
2021-09-20 06:44:48,779 - PDL-Slicing/Transport - INFO - Retrieveing an element from the DB e2e_cs
2021-09-20 06:44:58,813 - PDL-Slicing/Transport - INFO - Retrieveing an element from the DB e2e_cs
2021-09-20 06:45:06,103 - PDL-Slicing/Transport - INFO - ORCH: Updating information in the Blockchain to leave resources selected for other requests.
2021-09-20 06:45:07,060 - PDL-Slicing/Transport - INFO - BLOCKCHAIN_MAPPER: COST PhysicalOption Update - 151696 - 603
2021-09-20 06:45:07,536 - PDL-Slicing/Transport - INFO - BLOCKCHAIN_MAPPER: COST LinkOption Update - 58883 - 27451
2021-09-20 06:45:07,538 - PDL-Slicing/Transport - INFO - ORCH: Saving and distributing the updated SIPs info.
2021-09-20 06:45:08,838 - PDL-Slicing/Transport - INFO - Retrieveing an element from the DB e2e_cs
2021-09-20 06:45:09,168 - PDL-Slicing/Transport - INFO - BLOCKCHAIN_MAPPER: COST SIP Update - 219087 - 1161
2021-09-20 06:45:10,637 - PDL-Slicing/Transport - INFO - BLOCKCHAIN_MAPPER: COST SIP Update - 219099 - 1162
2021-09-20 06:45:11,756 - PDL-Slicing/Transport - INFO - BLOCKCHAIN_MAPPER: COST SIP Update - 219075 - 1160
2021-09-20 06:45:13,498 - PDL-Slicing/Transport - INFO - BLOCKCHAIN_MAPPER: COST SIP Update - 219075 - 1160
2021-09-20 06:45:13,499 - PDL-Slicing/Transport - INFO - ORCH: E2E CS data object ready.
2021-09-20 06:45:13,500 - PDL-Slicing/Transport - INFO - Updating Element in DB e2e_cs
2021-09-20 06:45:13,501 - PDL-Slicing/Transport - INFO - ORCH: Sending Domain CSs requests.
2021-09-20 06:45:13,502 - PDL-Slicing/Transport - INFO - Sending domain CS request to the local SDN controller.
2021-09-20 06:45:13,502 - PDL-Slicing/Transport - INFO - TIME INSTANTIATE LOCAL - 75b8d8e6-b36e-402b-ac46-32b989f6ab87 - 2021-09-20 06:45:13.502482
2021-09-20 06:45:13,502 - PDL-Slicing/Transport - INFO - SDN_MAPPER: Arrived a requests to deploy a local CS.
2021-09-20 06:45:13,502 - PDL-Slicing/Transport - INFO - SDN_MAPPER: CS information: {'uuid': '75b8d8e6-b36e-402b-ac46-32b989f6ab87', 'context-uuid': '0bd7908e-c22b-574d-8bba-396d060e2611', 'address-owner': '0xC6206ba91913529069855Cfa888d793EeA395BA6', 'status': 'INSTANTIATING', 'sip-source': 'b10c4b7d-1c2f-5f25-a239-de4daaa622ac', 'sip-destination': 'bd512c4b-834e-5551-bbc5-0f6de0f262db', 'internal-links': []} / Capacity: {'value': 600, 'unit': 'GHz'}/ Spectrum: {'lower-frequency': 191700000, 'upper-frequency': 192300000}
2021-09-20 06:45:13,503 - PDL-Slicing/Transport - INFO - {'tapi-connectivity:connectivity-service': [{'uuid': '75b8d8e6-b36e-402b-ac46-32b989f6ab87', 'connectivity-constraint': {'requested-capacity': {'total-size': {'value': 600, 'unit': 'GHz'}}, 'connectivity-direction': 'UNIDIRECTIONAL'}, 'end-point': [{'service-interface-point': {'service-interface-point-uuid': 'b10c4b7d-1c2f-5f25-a239-de4daaa622ac'}, 'layer-protocol-name': 'PHOTONIC_MEDIA', 'layer-protocol-qualifier': 'tapi-photonic-media:PHOTONIC_LAYER_QUALIFIER_NMC', 'local-id': 'b10c4b7d-1c2f-5f25-a239-de4daaa622ac', 'tapi-photonic-media:media-channel-connectivity-service-end-point-spec': {'mc-config': {'spectrum': {'frequency-constraint': {'adjustment-granularity': 'G_6_25GHZ', 'grid-type': 'FLEX'}, 'lower-frequency': 191700000, 'upper-frequency': 192300000}}}}, {'service-interface-point': {'service-interface-point-uuid': 'bd512c4b-834e-5551-bbc5-0f6de0f262db'}, 'layer-protocol-name': 'PHOTONIC_MEDIA', 'layer-protocol-qualifier': 'tapi-photonic-media:PHOTONIC_LAYER_QUALIFIER_NMC', 'local-id': 'bd512c4b-834e-5551-bbc5-0f6de0f262db'}]}]}
2021-09-20 06:45:13,754 - PDL-Slicing/Transport - INFO - TIME INSTANTIATE LOCAL - 75b8d8e6-b36e-402b-ac46-32b989f6ab87 - 2021-09-20 06:45:13.753941
2021-09-20 06:45:13,754 - PDL-Slicing/Transport - INFO - Added local CS element.
2021-09-20 06:45:13,758 - PDL-Slicing/Transport - INFO - Retrieveing an element from the DB e2e_cs
2021-09-20 06:45:13,758 - PDL-Slicing/Transport - INFO - Updating Element in DB e2e_cs
2021-09-20 06:45:13,759 - PDL-Slicing/Transport - INFO - Distribute domain CS request to deploy in the Blockchain.
2021-09-20 06:45:13,762 - PDL-Slicing/Transport - INFO - TIME INSTANTIATE BLOCKCHAIN - c7a8eb00-ee1e-4942-a6f5-2040752611f2 - 2021-09-20 06:45:13.762145
2021-09-20 06:45:13,764 - PDL-Slicing/Transport - INFO - BLOCKCHAIN_MAPPER: CS information: {'uuid': 'c7a8eb00-ee1e-4942-a6f5-2040752611f2', 'context-uuid': '3d89bd76-e54d-5fab-9787-eb609f291ee0', 'address-owner': '0xB241d1F61c9aD358a0A11BAB862655501f4A11b6', 'status': 'INSTANTIATING', 'sip-source': 'ce525139-c58a-5ee7-a527-94e344d8fa5e', 'sip-destination': 'eb287d83-f05e-53ec-ab5a-adf6bd2b5418', 'internal-links': []} / Capacity: {'value': 600, 'unit': 'GHz'}/ Spectrum: {'lower-frequency': 191700000, 'upper-frequency': 192300000}
2021-09-20 06:45:14,734 - PDL-Slicing/Transport - INFO - BLOCKCHAIN_MAPPER: COST DEPLOY_CS - 578195 - 418
2021-09-20 06:45:14,741 - PDL-Slicing/Transport - INFO - ORCH: Waiting all the domains CS to be deployed.
2021-09-20 06:45:14,743 - PDL-Slicing/Transport - INFO - Retrieveing an element from the DB e2e_cs
2021-09-20 06:45:15,424 - PDL-Slicing/Transport - INFO - TRANSPORT_EVENT_MNGR: NO NEED TO PROCESS THIS EVENT.
2021-09-20 06:45:16,472 - PDL-Slicing/Transport - INFO - TRANSPORT_EVENT_MNGR: EVENT TO UPDATE A DEPLOYED DOMAIN CS
2021-09-20 06:45:16,476 - PDL-Slicing/Transport - INFO - TIME INSTANTIATE BLOCKCHAIN - c7a8eb00-ee1e-4942-a6f5-2040752611f2 - 2021-09-20 06:45:16.476387
2021-09-20 06:45:16,486 - PDL-Slicing/Transport - INFO - ORCH: Updating connectivity services information from another domain.
2021-09-20 06:45:16,486 - PDL-Slicing/Transport - INFO - Retrieving elements from DB e2e_cs
2021-09-20 06:45:16,486 - PDL-Slicing/Transport - INFO - Updating Element in DB e2e_cs
2021-09-20 06:45:16,486 - PDL-Slicing/Transport - INFO - TIME INSTANTIATE BLOCKCHAIN - c7a8eb00-ee1e-4942-a6f5-2040752611f2 - 2021-09-20 06:45:16.486475
2021-09-20 06:45:18,860 - PDL-Slicing/Transport - INFO - Retrieveing an element from the DB e2e_cs
2021-09-20 06:45:24,753 - PDL-Slicing/Transport - INFO - Retrieveing an element from the DB e2e_cs
2021-09-20 06:45:28,911 - PDL-Slicing/Transport - INFO - Retrieveing an element from the DB e2e_cs
2021-09-20 06:45:34,762 - PDL-Slicing/Transport - INFO - Retrieveing an element from the DB e2e_cs
2021-09-20 06:45:34,762 - PDL-Slicing/Transport - INFO - Updating Element in DB e2e_cs
2021-09-20 06:45:34,763 - PDL-Slicing/Transport - INFO - TIME INSTANTIATE E2E - e8c64b87-dbf5-40bd-b888-773763fc139d - 2021-09-20 06:45:34.763320
2021-09-20 06:45:34,763 - PDL-Slicing/Transport - INFO - ORCH: E2E CS request processed.
2021-09-20 06:45:34,763 - PDL-Slicing/Transport - INFO - ORCH: e2e_cs_json: {'uuid': 'e8c64b87-dbf5-40bd-b888-773763fc139d', 'source': {'context_uuid': '0bd7908e-c22b-574d-8bba-396d060e2611', 'node_uuid': '0bd7908e-c22b-574d-8bba-396d060e2611', 'sip_uuid': 'b10c4b7d-1c2f-5f25-a239-de4daaa622ac'}, 'destination': {'context_uuid': '3d89bd76-e54d-5fab-9787-eb609f291ee0', 'node_uuid': '3d89bd76-e54d-5fab-9787-eb609f291ee0', 'sip_uuid': 'eb287d83-f05e-53ec-ab5a-adf6bd2b5418'}, 'status': 'DEPLOYED', 'capacity': {'value': 600, 'unit': 'GHz'}, 'spectrum': {'lower-frequency': 191700000, 'upper-frequency': 192300000}, 'route-nodes': [{'context_uuid': '0bd7908e-c22b-574d-8bba-396d060e2611', 'node_uuid': '0bd7908e-c22b-574d-8bba-396d060e2611', 'nep_uuid': 'ffb6aa1a-1af5-5e4a-80a4-329f261f1920', 'sip_uuid': 'b10c4b7d-1c2f-5f25-a239-de4daaa622ac', 'nep_direction': 'OUTPUT'}, {'context_uuid': '0bd7908e-c22b-574d-8bba-396d060e2611', 'node_uuid': 'bc1cfe05-af20-59e7-85b8-eb096253c769', 'nep_uuid': 'df00a549-9a86-5d57-be3e-3a05767fe26b', 'sip_uuid': 'bd512c4b-834e-5551-bbc5-0f6de0f262db', 'nep_direction': 'OUTPUT', 'link': '278c061e-b8c1-4379-9161-99ec4b8e9ace'}, {'context_uuid': '3d89bd76-e54d-5fab-9787-eb609f291ee0', 'node_uuid': 'bc1cfe05-af20-59e7-85b8-eb096253c769', 'nep_uuid': 'df00a549-9a86-5d57-be3e-3a05767fe26b', 'sip_uuid': 'ce525139-c58a-5ee7-a527-94e344d8fa5e', 'nep_direction': 'INPUT', 'link': '278c061e-b8c1-4379-9161-99ec4b8e9ace'}, {'context_uuid': '3d89bd76-e54d-5fab-9787-eb609f291ee0', 'node_uuid': '3d89bd76-e54d-5fab-9787-eb609f291ee0', 'nep_uuid': '91d83f8c-b25c-5151-8a21-83cb6bed2126', 'sip_uuid': 'eb287d83-f05e-53ec-ab5a-adf6bd2b5418', 'nep_direction': 'INPUT'}], 'domain-cs': [{'uuid': '75b8d8e6-b36e-402b-ac46-32b989f6ab87', 'context-uuid': '0bd7908e-c22b-574d-8bba-396d060e2611', 'address-owner': '0xC6206ba91913529069855Cfa888d793EeA395BA6', 'status': 'DEPLOYED', 'sip-source': 'b10c4b7d-1c2f-5f25-a239-de4daaa622ac', 'sip-destination': 'bd512c4b-834e-5551-bbc5-0f6de0f262db', 'internal-links': []}, {'uuid': 'c7a8eb00-ee1e-4942-a6f5-2040752611f2', 'context-uuid': '3d89bd76-e54d-5fab-9787-eb609f291ee0', 'address-owner': '0xB241d1F61c9aD358a0A11BAB862655501f4A11b6', 'status': 'DEPLOYED', 'sip-source': 'ce525139-c58a-5ee7-a527-94e344d8fa5e', 'sip-destination': 'eb287d83-f05e-53ec-ab5a-adf6bd2b5418', 'internal-links': []}], 'description': 'OK'}
2021-09-20 06:45:38,931 - PDL-Slicing/Transport - INFO - Retrieveing an element from the DB e2e_cs
2021-09-20 06:46:05,270 - PDL-Slicing/Transport - INFO - Received E2E CS terminate request.
2021-09-20 06:46:05,274 - PDL-Slicing/Transport - INFO - ORCH: Received E2E request info to terminate CS. Let's process it.
2021-09-20 06:46:05,274 - PDL-Slicing/Transport - INFO - TIME TERMINATE E2E - e8c64b87-dbf5-40bd-b888-773763fc139d - 2021-09-20 06:46:05.274620
2021-09-20 06:46:05,274 - PDL-Slicing/Transport - INFO - Retrieveing an element from the DB e2e_cs
2021-09-20 06:46:05,275 - PDL-Slicing/Transport - INFO - TIME TERMINATE LOCAL - 75b8d8e6-b36e-402b-ac46-32b989f6ab87 - 2021-09-20 06:46:05.275327
2021-09-20 06:46:05,275 - PDL-Slicing/Transport - INFO - SDN_MAPPER: Arrived a requests to terminate a local CS: 75b8d8e6-b36e-402b-ac46-32b989f6ab87
2021-09-20 06:46:05,286 - PDL-Slicing/Transport - INFO - Retrieveing an element from the DB e2e_cs
2021-09-20 06:46:05,526 - PDL-Slicing/Transport - INFO - TIME TERMINATE LOCAL - 75b8d8e6-b36e-402b-ac46-32b989f6ab87 - 2021-09-20 06:46:05.526278
2021-09-20 06:46:05,526 - PDL-Slicing/Transport - INFO - Added local CS element.
2021-09-20 06:46:05,527 - PDL-Slicing/Transport - INFO - Retrieveing an element from the DB e2e_cs
2021-09-20 06:46:05,527 - PDL-Slicing/Transport - INFO - Updating Element in DB e2e_cs
2021-09-20 06:46:05,528 - PDL-Slicing/Transport - INFO - TIME TERMINATE BLOCKCHAIN - c7a8eb00-ee1e-4942-a6f5-2040752611f2 - 2021-09-20 06:46:05.528194
2021-09-20 06:46:05,733 - PDL-Slicing/Transport - INFO - BLOCKCHAIN_MAPPER: COST TERMINATE_CS Update - 36656 - c7a8eb00-ee1e-4942-a6f5-2040752611f2
2021-09-20 06:46:05,735 - PDL-Slicing/Transport - INFO - ORCH: Waiting all the domains CS from other domains to be terminated.
2021-09-20 06:46:05,738 - PDL-Slicing/Transport - INFO - Retrieveing an element from the DB e2e_cs
2021-09-20 06:46:06,342 - PDL-Slicing/Transport - INFO - TRANSPORT_EVENT_MNGR: NO NEED TO PROCESS THIS EVENT.
2021-09-20 06:46:07,392 - PDL-Slicing/Transport - INFO - TRANSPORT_EVENT_MNGR: EVENT TO UPDATE A TERMINATED CS
2021-09-20 06:46:07,403 - PDL-Slicing/Transport - INFO - TIME TERMINATE BLOCKCHAIN - c7a8eb00-ee1e-4942-a6f5-2040752611f2 - 2021-09-20 06:46:07.403505
2021-09-20 06:46:07,404 - PDL-Slicing/Transport - INFO - ORCH: Updating connectivity services information from another domain.
2021-09-20 06:46:07,404 - PDL-Slicing/Transport - INFO - Retrieving elements from DB e2e_cs
2021-09-20 06:46:07,404 - PDL-Slicing/Transport - INFO - Updating Element in DB e2e_cs
2021-09-20 06:46:07,405 - PDL-Slicing/Transport - INFO - TIME TERMINATE BLOCKCHAIN - c7a8eb00-ee1e-4942-a6f5-2040752611f2 - 2021-09-20 06:46:07.404990
2021-09-20 06:46:15,335 - PDL-Slicing/Transport - INFO - Retrieveing an element from the DB e2e_cs
2021-09-20 06:46:15,749 - PDL-Slicing/Transport - INFO - Retrieveing an element from the DB e2e_cs
2021-09-20 06:46:25,368 - PDL-Slicing/Transport - INFO - Retrieveing an element from the DB e2e_cs
2021-09-20 06:46:25,760 - PDL-Slicing/Transport - INFO - Retrieveing an element from the DB e2e_cs
2021-09-20 06:46:35,388 - PDL-Slicing/Transport - INFO - Retrieveing an element from the DB e2e_cs
2021-09-20 06:46:45,419 - PDL-Slicing/Transport - INFO - Retrieveing an element from the DB e2e_cs
2021-09-20 06:46:55,442 - PDL-Slicing/Transport - INFO - Retrieveing an element from the DB e2e_cs
2021-09-20 06:47:05,459 - PDL-Slicing/Transport - INFO - Retrieveing an element from the DB e2e_cs
2021-09-20 06:47:15,482 - PDL-Slicing/Transport - INFO - Retrieveing an element from the DB e2e_cs
2021-09-20 06:47:25,503 - PDL-Slicing/Transport - INFO - Retrieveing an element from the DB e2e_cs
2021-09-20 06:47:35,518 - PDL-Slicing/Transport - INFO - Retrieveing an element from the DB e2e_cs
2021-09-20 06:47:44,292 - PDL-Slicing/Transport - INFO - ORCH: Updating resources information in DDBBs.
2021-09-20 06:47:44,293 - PDL-Slicing/Transport - INFO - ORCH: Updating NEP Client (SIP) info.
2021-09-20 06:47:45,538 - PDL-Slicing/Transport - INFO - Retrieveing an element from the DB e2e_cs
2021-09-20 06:47:46,489 - PDL-Slicing/Transport - INFO - BLOCKCHAIN_MAPPER: COST SIP Update - 63300 - 1015
2021-09-20 06:47:46,495 - PDL-Slicing/Transport - INFO - ORCH: Updating NEP Client (SIP) info.
2021-09-20 06:47:48,958 - PDL-Slicing/Transport - INFO - BLOCKCHAIN_MAPPER: COST PhysicalOption Update - 44678 - 457
2021-09-20 06:47:49,982 - PDL-Slicing/Transport - INFO - BLOCKCHAIN_MAPPER: COST LinkOption Update - 58859 - 27303
2021-09-20 06:47:54,260 - PDL-Slicing/Transport - INFO - BLOCKCHAIN_MAPPER: COST SIP Update - 63306 - 1016
2021-09-20 06:47:54,272 - PDL-Slicing/Transport - INFO - ORCH: Updating NEP Client (SIP) info.
2021-09-20 06:47:55,562 - PDL-Slicing/Transport - INFO - Retrieveing an element from the DB e2e_cs
2021-09-20 06:47:57,676 - PDL-Slicing/Transport - INFO - BLOCKCHAIN_MAPPER: COST SIP Update - 63294 - 1014
2021-09-20 06:47:57,677 - PDL-Slicing/Transport - INFO - ORCH: Updating NEP Client (SIP) info.
2021-09-20 06:47:59,277 - PDL-Slicing/Transport - INFO - BLOCKCHAIN_MAPPER: COST SIP Update - 63294 - 1014
2021-09-20 06:47:59,278 - PDL-Slicing/Transport - INFO - Updating Element in DB e2e_cs
2021-09-20 06:47:59,279 - PDL-Slicing/Transport - INFO - TIME TERMINATE E2E - e8c64b87-dbf5-40bd-b888-773763fc139d - 2021-09-20 06:47:59.279849
2021-09-20 06:47:59,280 - PDL-Slicing/Transport - INFO - ORCH: E2E CS request processed.
2021-09-20 06:48:05,594 - PDL-Slicing/Transport - INFO - Retrieveing an element from the DB e2e_cs
2021-09-20 07:33:54,466 - PDL-Slicing/Transport - INFO - TRANSPORT_EVENT_MNGR: NO NEED TO PROCESS THIS EVENT.
2021-09-20 07:33:55,719 - PDL-Slicing/Transport - INFO - TRANSPORT_EVENT_MNGR: NO NEED TO PROCESS THIS EVENT.
2021-09-20 07:34:44,349 - PDL-Slicing/Transport - INFO - TRANSPORT_EVENT_MNGR: NO NEED TO PROCESS THIS EVENT.
2021-09-20 07:34:45,364 - PDL-Slicing/Transport - INFO - TRANSPORT_EVENT_MNGR: NO NEED TO PROCESS THIS EVENT.
2021-09-20 07:46:12,587 - PDL-Slicing/Transport - INFO - TRANSPORT_EVENT_MNGR: NO NEED TO PROCESS THIS EVENT.
2021-09-20 07:46:13,735 - PDL-Slicing/Transport - INFO - TRANSPORT_EVENT_MNGR: NO NEED TO PROCESS THIS EVENT.
2021-09-20 07:48:38,936 - PDL-Slicing/Transport - INFO - TRANSPORT_EVENT_MNGR: NO NEED TO PROCESS THIS EVENT.
2021-09-20 07:48:41,077 - PDL-Slicing/Transport - INFO - TRANSPORT_EVENT_MNGR: NO NEED TO PROCESS THIS EVENT.
2021-09-20 08:20:50,415 - PDL-Slicing/Transport - INFO - TRANSPORT_EVENT_MNGR: NO NEED TO PROCESS THIS EVENT.
2021-09-20 08:20:51,624 - PDL-Slicing/Transport - INFO - TRANSPORT_EVENT_MNGR: NO NEED TO PROCESS THIS EVENT.
2021-09-20 08:33:14,408 - PDL-Slicing/Transport - INFO - TRANSPORT_EVENT_MNGR: NO NEED TO PROCESS THIS EVENT.
2021-09-20 08:33:15,429 - PDL-Slicing/Transport - INFO - TRANSPORT_EVENT_MNGR: NO NEED TO PROCESS THIS EVENT.
2021-09-20 08:43:36,830 - PDL-Slicing/Transport - INFO - TRANSPORT_EVENT_MNGR: NO NEED TO PROCESS THIS EVENT.
2021-09-20 08:43:37,935 - PDL-Slicing/Transport - INFO - TRANSPORT_EVENT_MNGR: NO NEED TO PROCESS THIS EVENT.
2021-09-20 08:47:32,153 - PDL-Slicing/Transport - INFO - TRANSPORT_EVENT_MNGR: EVENT TO CREATE A NEW CS
2021-09-20 08:47:32,155 - PDL-Slicing/Transport - INFO - TIME INSTANTIATE BLOCKCHAIN - d071625f-5bad-433b-af41-0549668ed78e - 2021-09-20 08:47:32.155214
2021-09-20 08:47:32,166 - PDL-Slicing/Transport - INFO - ORCH: Received request to deploy a local CS: d071625f-5bad-433b-af41-0549668ed78e
2021-09-20 08:47:32,166 - PDL-Slicing/Transport - INFO - SDN_MAPPER: Arrived a requests to deploy a local CS.
2021-09-20 08:47:32,166 - PDL-Slicing/Transport - INFO - SDN_MAPPER: CS information: {'uuid': 'd071625f-5bad-433b-af41-0549668ed78e', 'context-uuid': '0bd7908e-c22b-574d-8bba-396d060e2611', 'address-owner': '0xC6206ba91913529069855Cfa888d793EeA395BA6', 'status': 'INSTANTIATING', 'sip-source': '1b7dbfae-2ef5-5d7c-b4ff-be8fba395f6d', 'sip-destination': 'aade6001-f00b-5e2f-a357-6a0a9d3de870', 'internal-links': []} / Capacity: {'value': 150, 'unit': 'GHz'}/ Spectrum: {'lower-frequency': 191700000, 'upper-frequency': 191850000}
2021-09-20 08:47:32,166 - PDL-Slicing/Transport - INFO - {'tapi-connectivity:connectivity-service': [{'uuid': 'd071625f-5bad-433b-af41-0549668ed78e', 'connectivity-constraint': {'requested-capacity': {'total-size': {'value': 150, 'unit': 'GHz'}}, 'connectivity-direction': 'UNIDIRECTIONAL'}, 'end-point': [{'service-interface-point': {'service-interface-point-uuid': '1b7dbfae-2ef5-5d7c-b4ff-be8fba395f6d'}, 'layer-protocol-name': 'PHOTONIC_MEDIA', 'layer-protocol-qualifier': 'tapi-photonic-media:PHOTONIC_LAYER_QUALIFIER_NMC', 'local-id': '1b7dbfae-2ef5-5d7c-b4ff-be8fba395f6d', 'tapi-photonic-media:media-channel-connectivity-service-end-point-spec': {'mc-config': {'spectrum': {'frequency-constraint': {'adjustment-granularity': 'G_6_25GHZ', 'grid-type': 'FLEX'}, 'lower-frequency': 191700000, 'upper-frequency': 191850000}}}}, {'service-interface-point': {'service-interface-point-uuid': 'aade6001-f00b-5e2f-a357-6a0a9d3de870'}, 'layer-protocol-name': 'PHOTONIC_MEDIA', 'layer-protocol-qualifier': 'tapi-photonic-media:PHOTONIC_LAYER_QUALIFIER_NMC', 'local-id': 'aade6001-f00b-5e2f-a357-6a0a9d3de870'}]}]}
2021-09-20 08:47:32,416 - PDL-Slicing/Transport - INFO - Added local CS element.
2021-09-20 08:47:33,706 - PDL-Slicing/Transport - INFO - BLOCKCHAIN_MAPPER: COST DEPLOY_CS Update - 217674 - 498
2021-09-20 08:47:34,390 - PDL-Slicing/Transport - INFO - TRANSPORT_EVENT_MNGR: NO NEED TO PROCESS THIS EVENT.
2021-09-20 08:48:34,554 - PDL-Slicing/Transport - INFO - TRANSPORT_EVENT_MNGR: EVENT TO TERMINATE A CS
2021-09-20 08:48:34,558 - PDL-Slicing/Transport - INFO - TIME TERMINATE BLOCKCHAIN - d071625f-5bad-433b-af41-0549668ed78e - 2021-09-20 08:48:34.558734
2021-09-20 08:48:34,560 - PDL-Slicing/Transport - INFO - ORCH: Received request to terminate a local CS: d071625f-5bad-433b-af41-0549668ed78e
2021-09-20 08:48:34,560 - PDL-Slicing/Transport - INFO - SDN_MAPPER: Arrived a requests to terminate a local CS: d071625f-5bad-433b-af41-0549668ed78e
2021-09-20 08:48:34,811 - PDL-Slicing/Transport - INFO - Added local CS element.
2021-09-20 08:48:35,622 - PDL-Slicing/Transport - INFO - BLOCKCHAIN_MAPPER: COST TERMINATE_CS Update - 46242 - {'uuid': 'd071625f-5bad-433b-af41-0549668ed78e', 'owner': '0xC6206ba91913529069855Cfa888d793EeA395BA6', 'status': 'TERMINATED'}
2021-09-20 08:48:35,643 - PDL-Slicing/Transport - INFO - TRANSPORT_EVENT_MNGR: NO NEED TO PROCESS THIS EVENT.
2021-09-20 08:54:35,503 - PDL-Slicing/Transport - INFO - TRANSPORT_EVENT_MNGR: NO NEED TO PROCESS THIS EVENT.
2021-09-20 08:54:36,514 - PDL-Slicing/Transport - INFO - TRANSPORT_EVENT_MNGR: NO NEED TO PROCESS THIS EVENT.
2021-09-20 09:06:15,196 - PDL-Slicing/Transport - INFO - TRANSPORT_EVENT_MNGR: NO NEED TO PROCESS THIS EVENT.
2021-09-20 09:06:16,491 - PDL-Slicing/Transport - INFO - TRANSPORT_EVENT_MNGR: NO NEED TO PROCESS THIS EVENT.
2021-09-20 09:10:05,587 - PDL-Slicing/Transport - INFO - TRANSPORT_EVENT_MNGR: NO NEED TO PROCESS THIS EVENT.
2021-09-20 09:10:06,714 - PDL-Slicing/Transport - INFO - TRANSPORT_EVENT_MNGR: NO NEED TO PROCESS THIS EVENT.
2021-09-20 09:12:10,077 - PDL-Slicing/Transport - INFO - TRANSPORT_EVENT_MNGR: NO NEED TO PROCESS THIS EVENT.
2021-09-20 09:12:11,097 - PDL-Slicing/Transport - INFO - TRANSPORT_EVENT_MNGR: NO NEED TO PROCESS THIS EVENT.
2021-09-20 09:19:00,825 - PDL-Slicing/Transport - INFO - TRANSPORT_EVENT_MNGR: NO NEED TO PROCESS THIS EVENT.
2021-09-20 09:19:02,119 - PDL-Slicing/Transport - INFO - TRANSPORT_EVENT_MNGR: NO NEED TO PROCESS THIS EVENT.
2021-09-20 09:19:34,477 - PDL-Slicing/Transport - INFO - TRANSPORT_EVENT_MNGR: NO NEED TO PROCESS THIS EVENT.
2021-09-20 09:19:35,495 - PDL-Slicing/Transport - INFO - TRANSPORT_EVENT_MNGR: NO NEED TO PROCESS THIS EVENT.
2021-09-20 09:21:44,510 - PDL-Slicing/Transport - INFO - TRANSPORT_EVENT_MNGR: NO NEED TO PROCESS THIS EVENT.
2021-09-20 09:21:45,530 - PDL-Slicing/Transport - INFO - TRANSPORT_EVENT_MNGR: NO NEED TO PROCESS THIS EVENT.
2021-09-20 09:44:01,246 - PDL-Slicing/Transport - INFO - Received E2E CS deployment request.
2021-09-20 09:44:01,575 - PDL-Slicing/Transport - INFO - Selected SIPs available to be used. Starting the deployment.
2021-09-20 09:44:01,577 - PDL-Slicing/Transport - INFO - ORCH: Received E2E request info. Let's process it.
2021-09-20 09:44:01,577 - PDL-Slicing/Transport - INFO - TIME INSTANTIATE E2E - 91b7b888-d71d-4d8f-9471-7cc481d0f68c - 2021-09-20 09:44:01.577399
2021-09-20 09:44:01,577 - PDL-Slicing/Transport - INFO - Element added into the DB e2e_cs
2021-09-20 09:44:01,577 - PDL-Slicing/Transport - INFO - ORCH: Calculates the 20 simplest paths.
2021-09-20 09:44:01,578 - PDL-Slicing/Transport - INFO - ORCH: Prepares E2E topology information.
2021-09-20 09:44:41,627 - PDL-Slicing/Transport - INFO - Retrieveing an element from the DB e2e_cs
2021-09-20 09:44:45,781 - PDL-Slicing/Transport - INFO - ORCH: Looks for the TAPI elements information involved in the route.
2021-09-20 09:44:51,656 - PDL-Slicing/Transport - INFO - Retrieveing an element from the DB e2e_cs
2021-09-20 09:45:01,677 - PDL-Slicing/Transport - INFO - Retrieveing an element from the DB e2e_cs
2021-09-20 09:45:11,694 - PDL-Slicing/Transport - INFO - Retrieveing an element from the DB e2e_cs
2021-09-20 09:45:21,713 - PDL-Slicing/Transport - INFO - Retrieveing an element from the DB e2e_cs
2021-09-20 09:45:31,731 - PDL-Slicing/Transport - INFO - Retrieveing an element from the DB e2e_cs
2021-09-20 09:45:41,754 - PDL-Slicing/Transport - INFO - Retrieveing an element from the DB e2e_cs
2021-09-20 09:45:51,773 - PDL-Slicing/Transport - INFO - Retrieveing an element from the DB e2e_cs
2021-09-20 09:46:01,791 - PDL-Slicing/Transport - INFO - Retrieveing an element from the DB e2e_cs
2021-09-20 09:46:11,812 - PDL-Slicing/Transport - INFO - Retrieveing an element from the DB e2e_cs
2021-09-20 09:46:21,844 - PDL-Slicing/Transport - INFO - Retrieveing an element from the DB e2e_cs
2021-09-20 09:46:31,860 - PDL-Slicing/Transport - INFO - Retrieveing an element from the DB e2e_cs
2021-09-20 09:46:41,877 - PDL-Slicing/Transport - INFO - Retrieveing an element from the DB e2e_cs
2021-09-20 09:46:51,900 - PDL-Slicing/Transport - INFO - Retrieveing an element from the DB e2e_cs
2021-09-20 09:47:01,950 - PDL-Slicing/Transport - INFO - Retrieveing an element from the DB e2e_cs
2021-09-20 09:47:08,802 - PDL-Slicing/Transport - INFO - ORCH: Updating information in the Blockchain to leave resources selected for other requests.
2021-09-20 09:47:09,504 - PDL-Slicing/Transport - INFO - BLOCKCHAIN_MAPPER: COST PhysicalOption Update - 151696 - 603
2021-09-20 09:47:09,833 - PDL-Slicing/Transport - INFO - BLOCKCHAIN_MAPPER: COST LinkOption Update - 58883 - 27451
2021-09-20 09:47:09,835 - PDL-Slicing/Transport - INFO - ORCH: Saving and distributing the updated SIPs info.
2021-09-20 09:47:11,319 - PDL-Slicing/Transport - INFO - BLOCKCHAIN_MAPPER: COST SIP Update - 204087 - 1161
2021-09-20 09:47:11,969 - PDL-Slicing/Transport - INFO - Retrieveing an element from the DB e2e_cs
2021-09-20 09:47:12,756 - PDL-Slicing/Transport - INFO - BLOCKCHAIN_MAPPER: COST SIP Update - 219087 - 1161
2021-09-20 09:47:14,216 - PDL-Slicing/Transport - INFO - BLOCKCHAIN_MAPPER: COST SIP Update - 219063 - 1159
2021-09-20 09:47:16,059 - PDL-Slicing/Transport - INFO - BLOCKCHAIN_MAPPER: COST SIP Update - 204051 - 1158
2021-09-20 09:47:16,061 - PDL-Slicing/Transport - INFO - ORCH: E2E CS data object ready.
2021-09-20 09:47:16,062 - PDL-Slicing/Transport - INFO - Updating Element in DB e2e_cs
2021-09-20 09:47:16,063 - PDL-Slicing/Transport - INFO - ORCH: Sending Domain CSs requests.
2021-09-20 09:47:16,064 - PDL-Slicing/Transport - INFO - Sending domain CS request to the local SDN controller.
2021-09-20 09:47:16,064 - PDL-Slicing/Transport - INFO - TIME INSTANTIATE LOCAL - 09f976c2-ae9c-4684-81f0-1aac27e03413 - 2021-09-20 09:47:16.064455
2021-09-20 09:47:16,064 - PDL-Slicing/Transport - INFO - SDN_MAPPER: Arrived a requests to deploy a local CS.
2021-09-20 09:47:16,064 - PDL-Slicing/Transport - INFO - SDN_MAPPER: CS information: {'uuid': '09f976c2-ae9c-4684-81f0-1aac27e03413', 'context-uuid': '0bd7908e-c22b-574d-8bba-396d060e2611', 'address-owner': '0xC6206ba91913529069855Cfa888d793EeA395BA6', 'status': 'INSTANTIATING', 'sip-source': 'b10c4b7d-1c2f-5f25-a239-de4daaa622ac', 'sip-destination': 'd7ee402b-7f9e-5468-86ec-113c5ec22707', 'internal-links': []} / Capacity: {'value': 75, 'unit': 'GHz'}/ Spectrum: {'lower-frequency': 191700000, 'upper-frequency': 191775000}
2021-09-20 09:47:16,064 - PDL-Slicing/Transport - INFO - {'tapi-connectivity:connectivity-service': [{'uuid': '09f976c2-ae9c-4684-81f0-1aac27e03413', 'connectivity-constraint': {'requested-capacity': {'total-size': {'value': 75, 'unit': 'GHz'}}, 'connectivity-direction': 'UNIDIRECTIONAL'}, 'end-point': [{'service-interface-point': {'service-interface-point-uuid': 'b10c4b7d-1c2f-5f25-a239-de4daaa622ac'}, 'layer-protocol-name': 'PHOTONIC_MEDIA', 'layer-protocol-qualifier': 'tapi-photonic-media:PHOTONIC_LAYER_QUALIFIER_NMC', 'local-id': 'b10c4b7d-1c2f-5f25-a239-de4daaa622ac', 'tapi-photonic-media:media-channel-connectivity-service-end-point-spec': {'mc-config': {'spectrum': {'frequency-constraint': {'adjustment-granularity': 'G_6_25GHZ', 'grid-type': 'FLEX'}, 'lower-frequency': 191700000, 'upper-frequency': 191775000}}}}, {'service-interface-point': {'service-interface-point-uuid': 'd7ee402b-7f9e-5468-86ec-113c5ec22707'}, 'layer-protocol-name': 'PHOTONIC_MEDIA', 'layer-protocol-qualifier': 'tapi-photonic-media:PHOTONIC_LAYER_QUALIFIER_NMC', 'local-id': 'd7ee402b-7f9e-5468-86ec-113c5ec22707'}]}]}
2021-09-20 09:47:16,315 - PDL-Slicing/Transport - INFO - TIME INSTANTIATE LOCAL - 09f976c2-ae9c-4684-81f0-1aac27e03413 - 2021-09-20 09:47:16.315503
2021-09-20 09:47:16,315 - PDL-Slicing/Transport - INFO - Added local CS element.
2021-09-20 09:47:16,316 - PDL-Slicing/Transport - INFO - Retrieveing an element from the DB e2e_cs
2021-09-20 09:47:16,316 - PDL-Slicing/Transport - INFO - Updating Element in DB e2e_cs
2021-09-20 09:47:16,316 - PDL-Slicing/Transport - INFO - Distribute domain CS request to deploy in the Blockchain.
2021-09-20 09:47:16,317 - PDL-Slicing/Transport - INFO - TIME INSTANTIATE BLOCKCHAIN - ffa1f22b-aa5d-4ce0-b05a-285e10dcc292 - 2021-09-20 09:47:16.317541
2021-09-20 09:47:16,317 - PDL-Slicing/Transport - INFO - BLOCKCHAIN_MAPPER: CS information: {'uuid': 'ffa1f22b-aa5d-4ce0-b05a-285e10dcc292', 'context-uuid': '226b9166-974e-57ff-821d-2f24e5a71b00', 'address-owner': '0xE834802d0D86A1d9344F27b7A00CF035fDf53466', 'status': 'INSTANTIATING', 'sip-source': 'ce525139-c58a-5ee7-a527-94e344d8fa5e', 'sip-destination': 'b1655446-a3e1-5077-8006-0277028b9179', 'internal-links': []} / Capacity: {'value': 75, 'unit': 'GHz'}/ Spectrum: {'lower-frequency': 191700000, 'upper-frequency': 191775000}
2021-09-20 09:47:17,345 - PDL-Slicing/Transport - INFO - BLOCKCHAIN_MAPPER: COST DEPLOY_CS - 578183 - 417
2021-09-20 09:47:17,348 - PDL-Slicing/Transport - INFO - ORCH: Waiting all the domains CS to be deployed.
2021-09-20 09:47:17,350 - PDL-Slicing/Transport - INFO - Retrieveing an element from the DB e2e_cs
2021-09-20 09:47:17,950 - PDL-Slicing/Transport - INFO - TRANSPORT_EVENT_MNGR: NO NEED TO PROCESS THIS EVENT.
2021-09-20 09:47:19,080 - PDL-Slicing/Transport - INFO - TRANSPORT_EVENT_MNGR: EVENT TO UPDATE A DEPLOYED DOMAIN CS
2021-09-20 09:47:19,088 - PDL-Slicing/Transport - INFO - TIME INSTANTIATE BLOCKCHAIN - ffa1f22b-aa5d-4ce0-b05a-285e10dcc292 - 2021-09-20 09:47:19.088963
2021-09-20 09:47:19,090 - PDL-Slicing/Transport - INFO - ORCH: Updating connectivity services information from another domain.
2021-09-20 09:47:19,090 - PDL-Slicing/Transport - INFO - Retrieving elements from DB e2e_cs
2021-09-20 09:47:19,090 - PDL-Slicing/Transport - INFO - Updating Element in DB e2e_cs
2021-09-20 09:47:19,090 - PDL-Slicing/Transport - INFO - TIME INSTANTIATE BLOCKCHAIN - ffa1f22b-aa5d-4ce0-b05a-285e10dcc292 - 2021-09-20 09:47:19.090322
2021-09-20 09:47:21,986 - PDL-Slicing/Transport - INFO - Retrieveing an element from the DB e2e_cs
2021-09-20 09:47:27,362 - PDL-Slicing/Transport - INFO - Retrieveing an element from the DB e2e_cs
2021-09-20 09:47:32,006 - PDL-Slicing/Transport - INFO - Retrieveing an element from the DB e2e_cs
2021-09-20 09:47:37,370 - PDL-Slicing/Transport - INFO - Retrieveing an element from the DB e2e_cs
2021-09-20 09:47:37,370 - PDL-Slicing/Transport - INFO - Updating Element in DB e2e_cs
2021-09-20 09:47:37,371 - PDL-Slicing/Transport - INFO - TIME INSTANTIATE E2E - 91b7b888-d71d-4d8f-9471-7cc481d0f68c - 2021-09-20 09:47:37.371146
2021-09-20 09:47:37,371 - PDL-Slicing/Transport - INFO - ORCH: E2E CS request processed.
2021-09-20 09:47:37,371 - PDL-Slicing/Transport - INFO - ORCH: e2e_cs_json: {'uuid': '91b7b888-d71d-4d8f-9471-7cc481d0f68c', 'source': {'context_uuid': '0bd7908e-c22b-574d-8bba-396d060e2611', 'node_uuid': '0bd7908e-c22b-574d-8bba-396d060e2611', 'sip_uuid': 'b10c4b7d-1c2f-5f25-a239-de4daaa622ac'}, 'destination': {'context_uuid': '226b9166-974e-57ff-821d-2f24e5a71b00', 'node_uuid': '226b9166-974e-57ff-821d-2f24e5a71b00', 'sip_uuid': 'b1655446-a3e1-5077-8006-0277028b9179'}, 'status': 'DEPLOYED', 'capacity': {'value': 75, 'unit': 'GHz'}, 'spectrum': {'lower-frequency': 191700000, 'upper-frequency': 191775000}, 'route-nodes': [{'context_uuid': '0bd7908e-c22b-574d-8bba-396d060e2611', 'node_uuid': '0bd7908e-c22b-574d-8bba-396d060e2611', 'nep_uuid': 'ffb6aa1a-1af5-5e4a-80a4-329f261f1920', 'sip_uuid': 'b10c4b7d-1c2f-5f25-a239-de4daaa622ac', 'nep_direction': 'OUTPUT'}, {'context_uuid': '0bd7908e-c22b-574d-8bba-396d060e2611', 'node_uuid': '69c1ef5e-0d4a-5fb7-b729-b494313d3dc5', 'nep_uuid': 'bcb246d4-37b9-5a77-b88b-c27fc3d2c16b', 'sip_uuid': 'd7ee402b-7f9e-5468-86ec-113c5ec22707', 'nep_direction': 'OUTPUT', 'link': 'f7f5cdef-8bb0-42c4-a315-bbc852b0a193'}, {'context_uuid': '226b9166-974e-57ff-821d-2f24e5a71b00', 'node_uuid': 'bc1cfe05-af20-59e7-85b8-eb096253c769', 'nep_uuid': 'df00a549-9a86-5d57-be3e-3a05767fe26b', 'sip_uuid': 'ce525139-c58a-5ee7-a527-94e344d8fa5e', 'nep_direction': 'INPUT', 'link': 'f7f5cdef-8bb0-42c4-a315-bbc852b0a193'}, {'context_uuid': '226b9166-974e-57ff-821d-2f24e5a71b00', 'node_uuid': '226b9166-974e-57ff-821d-2f24e5a71b00', 'nep_uuid': '0e8fd12c-f9e6-583a-a8fd-71c4ad4f8c10', 'sip_uuid': 'b1655446-a3e1-5077-8006-0277028b9179', 'nep_direction': 'INPUT'}], 'domain-cs': [{'uuid': '09f976c2-ae9c-4684-81f0-1aac27e03413', 'context-uuid': '0bd7908e-c22b-574d-8bba-396d060e2611', 'address-owner': '0xC6206ba91913529069855Cfa888d793EeA395BA6', 'status': 'DEPLOYED', 'sip-source': 'b10c4b7d-1c2f-5f25-a239-de4daaa622ac', 'sip-destination': 'd7ee402b-7f9e-5468-86ec-113c5ec22707', 'internal-links': []}, {'uuid': 'ffa1f22b-aa5d-4ce0-b05a-285e10dcc292', 'context-uuid': '226b9166-974e-57ff-821d-2f24e5a71b00', 'address-owner': '0xE834802d0D86A1d9344F27b7A00CF035fDf53466', 'status': 'DEPLOYED', 'sip-source': 'ce525139-c58a-5ee7-a527-94e344d8fa5e', 'sip-destination': 'b1655446-a3e1-5077-8006-0277028b9179', 'internal-links': []}], 'description': 'OK'}
2021-09-20 09:47:42,022 - PDL-Slicing/Transport - INFO - Retrieveing an element from the DB e2e_cs
2021-09-20 10:25:31,206 - PDL-Slicing/Transport - INFO - Received E2E CS terminate request.
2021-09-20 10:25:31,208 - PDL-Slicing/Transport - INFO - ORCH: Received E2E request info to terminate CS. Let's process it.
2021-09-20 10:25:31,208 - PDL-Slicing/Transport - INFO - TIME TERMINATE E2E - 91b7b888-d71d-4d8f-9471-7cc481d0f68c - 2021-09-20 10:25:31.208745
2021-09-20 10:25:31,208 - PDL-Slicing/Transport - INFO - Retrieveing an element from the DB e2e_cs
2021-09-20 10:25:31,209 - PDL-Slicing/Transport - INFO - TIME TERMINATE LOCAL - 09f976c2-ae9c-4684-81f0-1aac27e03413 - 2021-09-20 10:25:31.209516
2021-09-20 10:25:31,209 - PDL-Slicing/Transport - INFO - SDN_MAPPER: Arrived a requests to terminate a local CS: 09f976c2-ae9c-4684-81f0-1aac27e03413
2021-09-20 10:25:31,229 - PDL-Slicing/Transport - INFO - Retrieveing an element from the DB e2e_cs
2021-09-20 10:25:31,460 - PDL-Slicing/Transport - INFO - TIME TERMINATE LOCAL - 09f976c2-ae9c-4684-81f0-1aac27e03413 - 2021-09-20 10:25:31.460565
2021-09-20 10:25:31,461 - PDL-Slicing/Transport - INFO - Added local CS element.
2021-09-20 10:25:31,462 - PDL-Slicing/Transport - INFO - Retrieveing an element from the DB e2e_cs
2021-09-20 10:25:31,462 - PDL-Slicing/Transport - INFO - Updating Element in DB e2e_cs
2021-09-20 10:25:31,463 - PDL-Slicing/Transport - INFO - TIME TERMINATE BLOCKCHAIN - ffa1f22b-aa5d-4ce0-b05a-285e10dcc292 - 2021-09-20 10:25:31.463854
2021-09-20 10:25:31,879 - PDL-Slicing/Transport - INFO - BLOCKCHAIN_MAPPER: COST TERMINATE_CS Update - 36656 - ffa1f22b-aa5d-4ce0-b05a-285e10dcc292
2021-09-20 10:25:31,899 - PDL-Slicing/Transport - INFO - ORCH: Waiting all the domains CS from other domains to be terminated.
2021-09-20 10:25:31,904 - PDL-Slicing/Transport - INFO - Retrieveing an element from the DB e2e_cs
2021-09-20 10:25:31,926 - PDL-Slicing/Transport - INFO - TRANSPORT_EVENT_MNGR: NO NEED TO PROCESS THIS EVENT.
2021-09-20 10:25:32,952 - PDL-Slicing/Transport - INFO - TRANSPORT_EVENT_MNGR: EVENT TO UPDATE A TERMINATED CS
2021-09-20 10:25:32,954 - PDL-Slicing/Transport - INFO - TIME TERMINATE BLOCKCHAIN - ffa1f22b-aa5d-4ce0-b05a-285e10dcc292 - 2021-09-20 10:25:32.954459
2021-09-20 10:25:32,959 - PDL-Slicing/Transport - INFO - ORCH: Updating connectivity services information from another domain.
2021-09-20 10:25:32,959 - PDL-Slicing/Transport - INFO - Retrieving elements from DB e2e_cs
2021-09-20 10:25:32,959 - PDL-Slicing/Transport - INFO - Updating Element in DB e2e_cs
2021-09-20 10:25:32,959 - PDL-Slicing/Transport - INFO - TIME TERMINATE BLOCKCHAIN - ffa1f22b-aa5d-4ce0-b05a-285e10dcc292 - 2021-09-20 10:25:32.959752
2021-09-20 10:25:41,246 - PDL-Slicing/Transport - INFO - Retrieveing an element from the DB e2e_cs
2021-09-20 10:25:41,915 - PDL-Slicing/Transport - INFO - Retrieveing an element from the DB e2e_cs
2021-09-20 10:25:51,266 - PDL-Slicing/Transport - INFO - Retrieveing an element from the DB e2e_cs
2021-09-20 10:25:51,923 - PDL-Slicing/Transport - INFO - Retrieveing an element from the DB e2e_cs
2021-09-20 10:26:01,286 - PDL-Slicing/Transport - INFO - Retrieveing an element from the DB e2e_cs
2021-09-20 10:26:11,310 - PDL-Slicing/Transport - INFO - Retrieveing an element from the DB e2e_cs
2021-09-20 10:26:21,330 - PDL-Slicing/Transport - INFO - Retrieveing an element from the DB e2e_cs
2021-09-20 10:26:31,355 - PDL-Slicing/Transport - INFO - Retrieveing an element from the DB e2e_cs
2021-09-20 10:26:34,366 - PDL-Slicing/Transport - INFO - ORCH: Updating resources information in DDBBs.
2021-09-20 10:26:34,367 - PDL-Slicing/Transport - INFO - ORCH: Updating NEP Client (SIP) info.
2021-09-20 10:26:35,965 - PDL-Slicing/Transport - INFO - BLOCKCHAIN_MAPPER: COST SIP Update - 63300 - 1015
2021-09-20 10:26:35,967 - PDL-Slicing/Transport - INFO - ORCH: Updating NEP Client (SIP) info.
2021-09-20 10:26:36,709 - PDL-Slicing/Transport - INFO - BLOCKCHAIN_MAPPER: COST PhysicalOption Update - 44678 - 457
2021-09-20 10:26:37,084 - PDL-Slicing/Transport - INFO - BLOCKCHAIN_MAPPER: COST LinkOption Update - 58859 - 27303
2021-09-20 10:26:38,508 - PDL-Slicing/Transport - INFO - BLOCKCHAIN_MAPPER: COST SIP Update - 63300 - 1015
2021-09-20 10:26:38,510 - PDL-Slicing/Transport - INFO - ORCH: Updating NEP Client (SIP) info.
2021-09-20 10:26:40,288 - PDL-Slicing/Transport - INFO - BLOCKCHAIN_MAPPER: COST SIP Update - 63288 - 1013
2021-09-20 10:26:40,289 - PDL-Slicing/Transport - INFO - ORCH: Updating NEP Client (SIP) info.
2021-09-20 10:26:41,381 - PDL-Slicing/Transport - INFO - Retrieveing an element from the DB e2e_cs
2021-09-20 10:26:41,887 - PDL-Slicing/Transport - INFO - BLOCKCHAIN_MAPPER: COST SIP Update - 63282 - 1012
2021-09-20 10:26:41,890 - PDL-Slicing/Transport - INFO - Updating Element in DB e2e_cs
2021-09-20 10:26:41,892 - PDL-Slicing/Transport - INFO - TIME TERMINATE E2E - 91b7b888-d71d-4d8f-9471-7cc481d0f68c - 2021-09-20 10:26:41.892104
2021-09-20 10:26:41,892 - PDL-Slicing/Transport - INFO - ORCH: E2E CS request processed.
2021-09-20 10:26:51,406 - PDL-Slicing/Transport - INFO - Retrieveing an element from the DB e2e_cs
2021-09-20 10:46:12,913 - PDL-Slicing/Transport - INFO - TRANSPORT_EVENT_MNGR: NO NEED TO PROCESS THIS EVENT.
2021-09-20 10:46:14,279 - PDL-Slicing/Transport - INFO - TRANSPORT_EVENT_MNGR: NO NEED TO PROCESS THIS EVENT.
2021-09-20 10:47:38,211 - PDL-Slicing/Transport - INFO - TRANSPORT_EVENT_MNGR: NO NEED TO PROCESS THIS EVENT.
2021-09-20 10:47:39,228 - PDL-Slicing/Transport - INFO - TRANSPORT_EVENT_MNGR: NO NEED TO PROCESS THIS EVENT.
2021-09-20 11:16:20,217 - PDL-Slicing/Transport - INFO - TRANSPORT_EVENT_MNGR: NO NEED TO PROCESS THIS EVENT.
2021-09-20 11:16:21,404 - PDL-Slicing/Transport - INFO - TRANSPORT_EVENT_MNGR: NO NEED TO PROCESS THIS EVENT.
2021-09-20 11:23:27,806 - PDL-Slicing/Transport - INFO - TRANSPORT_EVENT_MNGR: NO NEED TO PROCESS THIS EVENT.
2021-09-20 11:23:28,825 - PDL-Slicing/Transport - INFO - TRANSPORT_EVENT_MNGR: NO NEED TO PROCESS THIS EVENT.
2021-09-20 12:10:26,851 - PDL-Slicing/Transport - INFO - TRANSPORT_EVENT_MNGR: NO NEED TO PROCESS THIS EVENT.
2021-09-20 12:10:27,944 - PDL-Slicing/Transport - INFO - TRANSPORT_EVENT_MNGR: NO NEED TO PROCESS THIS EVENT.
2021-09-20 12:20:09,067 - PDL-Slicing/Transport - INFO - TRANSPORT_EVENT_MNGR: NO NEED TO PROCESS THIS EVENT.
2021-09-20 12:20:10,080 - PDL-Slicing/Transport - INFO - TRANSPORT_EVENT_MNGR: NO NEED TO PROCESS THIS EVENT.
2021-09-20 12:49:35,718 - PDL-Slicing/Transport - INFO - TRANSPORT_EVENT_MNGR: NO NEED TO PROCESS THIS EVENT.
2021-09-20 12:49:37,792 - PDL-Slicing/Transport - INFO - TRANSPORT_EVENT_MNGR: NO NEED TO PROCESS THIS EVENT.
2021-09-20 12:53:45,918 - PDL-Slicing/Transport - INFO - TRANSPORT_EVENT_MNGR: NO NEED TO PROCESS THIS EVENT.
2021-09-20 12:53:48,195 - PDL-Slicing/Transport - INFO - TRANSPORT_EVENT_MNGR: NO NEED TO PROCESS THIS EVENT.
2021-09-20 13:00:09,734 - PDL-Slicing/Transport - INFO - TRANSPORT_EVENT_MNGR: NO NEED TO PROCESS THIS EVENT.
2021-09-20 13:00:10,750 - PDL-Slicing/Transport - INFO - TRANSPORT_EVENT_MNGR: NO NEED TO PROCESS THIS EVENT.
2021-09-20 13:01:11,575 - PDL-Slicing/Transport - INFO - TRANSPORT_EVENT_MNGR: NO NEED TO PROCESS THIS EVENT.
2021-09-20 13:01:12,630 - PDL-Slicing/Transport - INFO - TRANSPORT_EVENT_MNGR: NO NEED TO PROCESS THIS EVENT.
2021-09-20 13:26:41,704 - PDL-Slicing/Transport - INFO - TRANSPORT_EVENT_MNGR: NO NEED TO PROCESS THIS EVENT.
2021-09-20 13:26:43,580 - PDL-Slicing/Transport - INFO - TRANSPORT_EVENT_MNGR: NO NEED TO PROCESS THIS EVENT.
2021-09-20 13:27:57,832 - PDL-Slicing/Transport - INFO - TRANSPORT_EVENT_MNGR: NO NEED TO PROCESS THIS EVENT.
2021-09-20 13:28:00,122 - PDL-Slicing/Transport - INFO - TRANSPORT_EVENT_MNGR: NO NEED TO PROCESS THIS EVENT.
2021-09-20 14:04:34,803 - PDL-Slicing/Transport - INFO - TRANSPORT_EVENT_MNGR: NO NEED TO PROCESS THIS EVENT.
2021-09-20 14:04:35,933 - PDL-Slicing/Transport - INFO - TRANSPORT_EVENT_MNGR: NO NEED TO PROCESS THIS EVENT.
2021-09-20 14:11:59,693 - PDL-Slicing/Transport - INFO - TRANSPORT_EVENT_MNGR: NO NEED TO PROCESS THIS EVENT.
2021-09-20 14:12:00,703 - PDL-Slicing/Transport - INFO - TRANSPORT_EVENT_MNGR: NO NEED TO PROCESS THIS EVENT.
2021-09-20 14:16:32,764 - PDL-Slicing/Transport - INFO - TRANSPORT_EVENT_MNGR: EVENT TO CREATE A NEW CS
2021-09-20 14:16:32,780 - PDL-Slicing/Transport - INFO - TIME INSTANTIATE BLOCKCHAIN - 6b0f3dbd-6e4f-4b1e-9a46-649dff490584 - 2021-09-20 14:16:32.780078
2021-09-20 14:16:32,783 - PDL-Slicing/Transport - INFO - ORCH: Received request to deploy a local CS: 6b0f3dbd-6e4f-4b1e-9a46-649dff490584
2021-09-20 14:16:32,783 - PDL-Slicing/Transport - INFO - SDN_MAPPER: Arrived a requests to deploy a local CS.
2021-09-20 14:16:32,784 - PDL-Slicing/Transport - INFO - SDN_MAPPER: CS information: {'uuid': '6b0f3dbd-6e4f-4b1e-9a46-649dff490584', 'context-uuid': '0bd7908e-c22b-574d-8bba-396d060e2611', 'address-owner': '0xC6206ba91913529069855Cfa888d793EeA395BA6', 'status': 'INSTANTIATING', 'sip-source': 'cf92ece7-6e9d-5059-bb2e-f609f12396b9', 'sip-destination': '291796d9-a492-5837-9ccb-24389339d18a', 'internal-links': []} / Capacity: {'value': 375, 'unit': 'GHz'}/ Spectrum: {'lower-frequency': 191850000, 'upper-frequency': 192225000}
2021-09-20 14:16:32,784 - PDL-Slicing/Transport - INFO - {'tapi-connectivity:connectivity-service': [{'uuid': '6b0f3dbd-6e4f-4b1e-9a46-649dff490584', 'connectivity-constraint': {'requested-capacity': {'total-size': {'value': 375, 'unit': 'GHz'}}, 'connectivity-direction': 'UNIDIRECTIONAL'}, 'end-point': [{'service-interface-point': {'service-interface-point-uuid': 'cf92ece7-6e9d-5059-bb2e-f609f12396b9'}, 'layer-protocol-name': 'PHOTONIC_MEDIA', 'layer-protocol-qualifier': 'tapi-photonic-media:PHOTONIC_LAYER_QUALIFIER_NMC', 'local-id': 'cf92ece7-6e9d-5059-bb2e-f609f12396b9', 'tapi-photonic-media:media-channel-connectivity-service-end-point-spec': {'mc-config': {'spectrum': {'frequency-constraint': {'adjustment-granularity': 'G_6_25GHZ', 'grid-type': 'FLEX'}, 'lower-frequency': 191850000, 'upper-frequency': 192225000}}}}, {'service-interface-point': {'service-interface-point-uuid': '291796d9-a492-5837-9ccb-24389339d18a'}, 'layer-protocol-name': 'PHOTONIC_MEDIA', 'layer-protocol-qualifier': 'tapi-photonic-media:PHOTONIC_LAYER_QUALIFIER_NMC', 'local-id': '291796d9-a492-5837-9ccb-24389339d18a'}]}]}
2021-09-20 14:16:33,034 - PDL-Slicing/Transport - INFO - Added local CS element.
2021-09-20 14:16:34,084 - PDL-Slicing/Transport - INFO - TRANSPORT_EVENT_MNGR: NO NEED TO PROCESS THIS EVENT.
2021-09-20 14:16:34,112 - PDL-Slicing/Transport - INFO - BLOCKCHAIN_MAPPER: COST DEPLOY_CS Update - 217674 - 498
2021-09-20 14:23:17,444 - PDL-Slicing/Transport - INFO - TRANSPORT_EVENT_MNGR: EVENT TO TERMINATE A CS
2021-09-20 14:23:17,446 - PDL-Slicing/Transport - INFO - TIME TERMINATE BLOCKCHAIN - 6b0f3dbd-6e4f-4b1e-9a46-649dff490584 - 2021-09-20 14:23:17.446120
2021-09-20 14:23:17,447 - PDL-Slicing/Transport - INFO - ORCH: Received request to terminate a local CS: 6b0f3dbd-6e4f-4b1e-9a46-649dff490584
2021-09-20 14:23:17,447 - PDL-Slicing/Transport - INFO - SDN_MAPPER: Arrived a requests to terminate a local CS: 6b0f3dbd-6e4f-4b1e-9a46-649dff490584
2021-09-20 14:23:17,698 - PDL-Slicing/Transport - INFO - Added local CS element.
2021-09-20 14:23:18,169 - PDL-Slicing/Transport - INFO - BLOCKCHAIN_MAPPER: COST TERMINATE_CS Update - 46242 - {'uuid': '6b0f3dbd-6e4f-4b1e-9a46-649dff490584', 'owner': '0xC6206ba91913529069855Cfa888d793EeA395BA6', 'status': 'TERMINATED'}
2021-09-20 14:23:18,457 - PDL-Slicing/Transport - INFO - TRANSPORT_EVENT_MNGR: NO NEED TO PROCESS THIS EVENT.
2021-09-20 14:41:36,940 - PDL-Slicing/Transport - INFO - TRANSPORT_EVENT_MNGR: EVENT TO CREATE A NEW CS
2021-09-20 14:41:36,943 - PDL-Slicing/Transport - INFO - TIME INSTANTIATE BLOCKCHAIN - f0c994fe-50d9-4e98-bd51-05b65deee340 - 2021-09-20 14:41:36.943867
2021-09-20 14:41:36,945 - PDL-Slicing/Transport - INFO - ORCH: Received request to deploy a local CS: f0c994fe-50d9-4e98-bd51-05b65deee340
2021-09-20 14:41:36,945 - PDL-Slicing/Transport - INFO - SDN_MAPPER: Arrived a requests to deploy a local CS.
2021-09-20 14:41:36,945 - PDL-Slicing/Transport - INFO - SDN_MAPPER: CS information: {'uuid': 'f0c994fe-50d9-4e98-bd51-05b65deee340', 'context-uuid': '0bd7908e-c22b-574d-8bba-396d060e2611', 'address-owner': '0xC6206ba91913529069855Cfa888d793EeA395BA6', 'status': 'INSTANTIATING', 'sip-source': 'e9f2cd83-622f-5693-a3ea-edda0238f675', 'sip-destination': '291796d9-a492-5837-9ccb-24389339d18a', 'internal-links': []} / Capacity: {'value': 450, 'unit': 'GHz'}/ Spectrum: {'lower-frequency': 192225000, 'upper-frequency': 192675000}
2021-09-20 14:41:36,945 - PDL-Slicing/Transport - INFO - {'tapi-connectivity:connectivity-service': [{'uuid': 'f0c994fe-50d9-4e98-bd51-05b65deee340', 'connectivity-constraint': {'requested-capacity': {'total-size': {'value': 450, 'unit': 'GHz'}}, 'connectivity-direction': 'UNIDIRECTIONAL'}, 'end-point': [{'service-interface-point': {'service-interface-point-uuid': 'e9f2cd83-622f-5693-a3ea-edda0238f675'}, 'layer-protocol-name': 'PHOTONIC_MEDIA', 'layer-protocol-qualifier': 'tapi-photonic-media:PHOTONIC_LAYER_QUALIFIER_NMC', 'local-id': 'e9f2cd83-622f-5693-a3ea-edda0238f675', 'tapi-photonic-media:media-channel-connectivity-service-end-point-spec': {'mc-config': {'spectrum': {'frequency-constraint': {'adjustment-granularity': 'G_6_25GHZ', 'grid-type': 'FLEX'}, 'lower-frequency': 192225000, 'upper-frequency': 192675000}}}}, {'service-interface-point': {'service-interface-point-uuid': '291796d9-a492-5837-9ccb-24389339d18a'}, 'layer-protocol-name': 'PHOTONIC_MEDIA', 'layer-protocol-qualifier': 'tapi-photonic-media:PHOTONIC_LAYER_QUALIFIER_NMC', 'local-id': '291796d9-a492-5837-9ccb-24389339d18a'}]}]}
2021-09-20 14:41:37,195 - PDL-Slicing/Transport - INFO - Added local CS element.
2021-09-20 14:41:38,208 - PDL-Slicing/Transport - INFO - TRANSPORT_EVENT_MNGR: NO NEED TO PROCESS THIS EVENT.
2021-09-20 14:41:38,213 - PDL-Slicing/Transport - INFO - BLOCKCHAIN_MAPPER: COST DEPLOY_CS Update - 217674 - 498
2021-09-20 14:43:23,186 - PDL-Slicing/Transport - INFO - TRANSPORT_EVENT_MNGR: EVENT TO TERMINATE A CS
2021-09-20 14:43:23,187 - PDL-Slicing/Transport - INFO - TIME TERMINATE BLOCKCHAIN - f0c994fe-50d9-4e98-bd51-05b65deee340 - 2021-09-20 14:43:23.187767
2021-09-20 14:43:23,190 - PDL-Slicing/Transport - INFO - ORCH: Received request to terminate a local CS: f0c994fe-50d9-4e98-bd51-05b65deee340
2021-09-20 14:43:23,190 - PDL-Slicing/Transport - INFO - SDN_MAPPER: Arrived a requests to terminate a local CS: f0c994fe-50d9-4e98-bd51-05b65deee340
2021-09-20 14:43:23,441 - PDL-Slicing/Transport - INFO - Added local CS element.
2021-09-20 14:43:23,826 - PDL-Slicing/Transport - INFO - BLOCKCHAIN_MAPPER: COST TERMINATE_CS Update - 46242 - {'uuid': 'f0c994fe-50d9-4e98-bd51-05b65deee340', 'owner': '0xC6206ba91913529069855Cfa888d793EeA395BA6', 'status': 'TERMINATED'}
2021-09-20 14:43:24,202 - PDL-Slicing/Transport - INFO - TRANSPORT_EVENT_MNGR: NO NEED TO PROCESS THIS EVENT.
