2021-09-23 16:08:58,638 - PDL-Slicing/Transport - INFO - Configuring environment variables
2021-09-23 16:08:58,640 - PDL-Slicing/Transport - INFO - Configuring Blockchain connection
2021-09-23 16:08:58,654 - PDL-Slicing/Transport - INFO - Connection with te blockchain ready: True
2021-09-23 16:08:58,669 - PDL-Slicing/Transport - INFO - Current Ethereum block number: 2
2021-09-23 16:08:58,889 - PDL-Slicing/Transport - INFO - Abstraction process of the SDN local context.
2021-09-23 16:08:58,903 - PDL-Slicing/Transport - INFO - Topology abstraction using the vnode model.
2021-09-23 16:08:59,288 - PDL-Slicing/Transport - INFO - Element added into the DB context
2021-09-23 16:08:59,307 - PDL-Slicing/Transport - INFO - Internal E2E graph initalization for path computation.
2021-09-23 16:08:59,309 - PDL-Slicing/Transport - INFO - Retrieving elements from DB context
2021-09-23 16:08:59,310 - PDL-Slicing/Transport - INFO - VL_COMP: External SDN context added.
2021-09-23 16:08:59,312 - PDL-Slicing/Transport - INFO - Configuring permanent threads to manage Blockchain events (slicing and transport)
2021-09-23 16:08:59,423 - PDL-Slicing/Transport - INFO - Thread pool created with 20 workers
2021-09-23 16:12:57,979 - PDL-Slicing/Transport - INFO - TRANSPORT_EVENT_MNGR: NEW SET OF IDL
2021-09-23 16:12:57,985 - PDL-Slicing/Transport - INFO - BLOCKCHAIN_IDL - 2021-09-23 16:12:57.985682
2021-09-23 16:12:57,986 - PDL-Slicing/Transport - INFO - ORCH: Adding inter-domain links to the E2E graph for path conmputation.
2021-09-23 16:12:57,988 - PDL-Slicing/Transport - INFO - ORCH: Prepares E2E topology information.
2021-09-23 16:13:00,867 - PDL-Slicing/Transport - INFO - VL_COMP: Set of IDLs added.
2021-09-23 16:16:47,419 - PDL-Slicing/Transport - INFO - TRANSPORT_EVENT_MNGR: NEW SET OF IDL
2021-09-23 16:16:47,421 - PDL-Slicing/Transport - INFO - BLOCKCHAIN_IDL - 2021-09-23 16:16:47.421252
2021-09-23 16:16:47,423 - PDL-Slicing/Transport - INFO - ORCH: Adding inter-domain links to the E2E graph for path conmputation.
2021-09-23 16:16:47,424 - PDL-Slicing/Transport - INFO - ORCH: Prepares E2E topology information.
2021-09-23 16:16:54,409 - PDL-Slicing/Transport - INFO - VL_COMP: Set of IDLs added.
2021-09-23 16:19:30,100 - PDL-Slicing/Transport - INFO - TRANSPORT_EVENT_MNGR: NEW SET OF IDL
2021-09-23 16:19:30,106 - PDL-Slicing/Transport - INFO - BLOCKCHAIN_IDL - 2021-09-23 16:19:30.106116
2021-09-23 16:19:30,115 - PDL-Slicing/Transport - INFO - ORCH: Adding inter-domain links to the E2E graph for path conmputation.
2021-09-23 16:19:30,115 - PDL-Slicing/Transport - INFO - ORCH: Prepares E2E topology information.
2021-09-23 16:19:37,635 - PDL-Slicing/Transport - INFO - VL_COMP: Set of IDLs added.
2021-09-23 16:19:40,074 - PDL-Slicing/Transport - INFO - ORCH: Received IDL and context to distribute.
2021-09-23 16:19:40,075 - PDL-Slicing/Transport - INFO - VL_COMP: Set of IDLs added.
2021-09-23 16:19:40,076 - PDL-Slicing/Transport - INFO - ORCH: Get E2E topology from BL.
2021-09-23 16:19:40,290 - PDL-Slicing/Transport - INFO - ORCH: ADDING ANOTHER IDL.
2021-09-23 16:19:40,291 - PDL-Slicing/Transport - INFO - ORCH: Local E2E graph updated, distributing it and the IDLs.
2021-09-23 16:19:41,525 - PDL-Slicing/Transport - INFO - TRANSPORT_EVENT_MNGR: NO NEED TO PROCESS THIS EVENT.
2021-09-23 16:19:41,542 - PDL-Slicing/Transport - INFO - BLOCKCHAIN_MAPPER: COST E2E_TOPOLOGY  - 111818 - 1820
2021-09-23 16:20:27,557 - PDL-Slicing/Transport - INFO - ORCH: Preparing the context to be distributed.
2021-09-23 16:20:27,558 - PDL-Slicing/Transport - INFO - Retrieveing an element from the DB context
2021-09-23 16:20:31,704 - PDL-Slicing/Transport - INFO - BLOCKCHAIN_MAPPER: COST SIP  - 799855 - 991
2021-09-23 16:20:35,725 - PDL-Slicing/Transport - INFO - BLOCKCHAIN_MAPPER: COST SIP  - 799843 - 990
2021-09-23 16:20:39,383 - PDL-Slicing/Transport - INFO - BLOCKCHAIN_MAPPER: COST SIP  - 799831 - 989
2021-09-23 16:20:43,203 - PDL-Slicing/Transport - INFO - BLOCKCHAIN_MAPPER: COST SIP  - 799819 - 988
2021-09-23 16:20:47,185 - PDL-Slicing/Transport - INFO - BLOCKCHAIN_MAPPER: COST SIP  - 799855 - 991
2021-09-23 16:20:52,447 - PDL-Slicing/Transport - INFO - BLOCKCHAIN_MAPPER: COST SIP  - 799855 - 991
2021-09-23 16:20:56,317 - PDL-Slicing/Transport - INFO - BLOCKCHAIN_MAPPER: COST SIP  - 799855 - 991
2021-09-23 16:21:00,310 - PDL-Slicing/Transport - INFO - BLOCKCHAIN_MAPPER: COST SIP  - 799855 - 991
2021-09-23 16:21:04,116 - PDL-Slicing/Transport - INFO - BLOCKCHAIN_MAPPER: COST SIP  - 799855 - 991
2021-09-23 16:21:08,162 - PDL-Slicing/Transport - INFO - BLOCKCHAIN_MAPPER: COST SIP  - 799855 - 991
2021-09-23 16:21:12,065 - PDL-Slicing/Transport - INFO - BLOCKCHAIN_MAPPER: COST SIP  - 799831 - 989
2021-09-23 16:21:15,877 - PDL-Slicing/Transport - INFO - BLOCKCHAIN_MAPPER: COST SIP  - 799831 - 989
2021-09-23 16:21:19,662 - PDL-Slicing/Transport - INFO - BLOCKCHAIN_MAPPER: COST SIP  - 799831 - 989
2021-09-23 16:21:23,772 - PDL-Slicing/Transport - INFO - BLOCKCHAIN_MAPPER: COST SIP  - 799843 - 990
2021-09-23 16:21:27,653 - PDL-Slicing/Transport - INFO - BLOCKCHAIN_MAPPER: COST SIP  - 799831 - 989
2021-09-23 16:21:31,380 - PDL-Slicing/Transport - INFO - BLOCKCHAIN_MAPPER: COST SIP  - 799855 - 991
2021-09-23 16:21:35,247 - PDL-Slicing/Transport - INFO - BLOCKCHAIN_MAPPER: COST SIP  - 799831 - 989
2021-09-23 16:21:39,142 - PDL-Slicing/Transport - INFO - BLOCKCHAIN_MAPPER: COST SIP  - 799819 - 988
2021-09-23 16:21:43,023 - PDL-Slicing/Transport - INFO - BLOCKCHAIN_MAPPER: COST SIP  - 799843 - 990
2021-09-23 16:21:46,737 - PDL-Slicing/Transport - INFO - BLOCKCHAIN_MAPPER: COST SIP  - 799831 - 989
2021-09-23 16:21:52,000 - PDL-Slicing/Transport - INFO - BLOCKCHAIN_MAPPER: COST SIP  - 799855 - 991
2021-09-23 16:21:55,799 - PDL-Slicing/Transport - INFO - BLOCKCHAIN_MAPPER: COST SIP  - 799831 - 989
2021-09-23 16:21:59,541 - PDL-Slicing/Transport - INFO - BLOCKCHAIN_MAPPER: COST SIP  - 799819 - 988
2021-09-23 16:22:03,205 - PDL-Slicing/Transport - INFO - BLOCKCHAIN_MAPPER: COST SIP  - 799855 - 991
2021-09-23 16:22:07,485 - PDL-Slicing/Transport - INFO - BLOCKCHAIN_MAPPER: COST SIP  - 799819 - 988
2021-09-23 16:22:11,634 - PDL-Slicing/Transport - INFO - BLOCKCHAIN_MAPPER: COST SIP  - 799855 - 991
2021-09-23 16:22:15,863 - PDL-Slicing/Transport - INFO - BLOCKCHAIN_MAPPER: COST SIP  - 799831 - 989
2021-09-23 16:22:19,632 - PDL-Slicing/Transport - INFO - BLOCKCHAIN_MAPPER: COST SIP  - 799819 - 988
2021-09-23 16:22:23,419 - PDL-Slicing/Transport - INFO - BLOCKCHAIN_MAPPER: COST SIP  - 799819 - 988
2021-09-23 16:22:27,193 - PDL-Slicing/Transport - INFO - BLOCKCHAIN_MAPPER: COST SIP  - 799843 - 990
2021-09-23 16:22:30,965 - PDL-Slicing/Transport - INFO - BLOCKCHAIN_MAPPER: COST SIP  - 799855 - 991
2021-09-23 16:22:34,815 - PDL-Slicing/Transport - INFO - BLOCKCHAIN_MAPPER: COST SIP  - 799843 - 990
2021-09-23 16:22:38,398 - PDL-Slicing/Transport - INFO - BLOCKCHAIN_MAPPER: COST SIP  - 799843 - 990
2021-09-23 16:22:42,175 - PDL-Slicing/Transport - INFO - BLOCKCHAIN_MAPPER: COST SIP  - 799819 - 988
2021-09-23 16:22:46,456 - PDL-Slicing/Transport - INFO - BLOCKCHAIN_MAPPER: COST SIP  - 799831 - 989
2021-09-23 16:22:51,723 - PDL-Slicing/Transport - INFO - BLOCKCHAIN_MAPPER: COST SIP  - 799831 - 989
2021-09-23 16:22:55,638 - PDL-Slicing/Transport - INFO - BLOCKCHAIN_MAPPER: COST SIP  - 799855 - 991
2021-09-23 16:22:59,295 - PDL-Slicing/Transport - INFO - BLOCKCHAIN_MAPPER: COST SIP  - 799819 - 988
2021-09-23 16:23:03,200 - PDL-Slicing/Transport - INFO - BLOCKCHAIN_MAPPER: COST SIP  - 799807 - 987
2021-09-23 16:23:06,811 - PDL-Slicing/Transport - INFO - BLOCKCHAIN_MAPPER: COST SIP  - 799831 - 989
2021-09-23 16:23:10,820 - PDL-Slicing/Transport - INFO - BLOCKCHAIN_MAPPER: COST SIP  - 799819 - 988
2021-09-23 16:23:14,658 - PDL-Slicing/Transport - INFO - BLOCKCHAIN_MAPPER: COST SIP  - 799819 - 988
2021-09-23 16:23:18,626 - PDL-Slicing/Transport - INFO - BLOCKCHAIN_MAPPER: COST SIP  - 799855 - 991
2021-09-23 16:23:22,404 - PDL-Slicing/Transport - INFO - BLOCKCHAIN_MAPPER: COST SIP  - 799843 - 990
2021-09-23 16:23:26,189 - PDL-Slicing/Transport - INFO - BLOCKCHAIN_MAPPER: COST SIP  - 799831 - 989
2021-09-23 16:23:30,172 - PDL-Slicing/Transport - INFO - BLOCKCHAIN_MAPPER: COST SIP  - 799819 - 988
2021-09-23 16:23:34,209 - PDL-Slicing/Transport - INFO - BLOCKCHAIN_MAPPER: COST SIP  - 799843 - 990
2021-09-23 16:23:37,854 - PDL-Slicing/Transport - INFO - BLOCKCHAIN_MAPPER: COST SIP  - 799819 - 988
2021-09-23 16:23:41,356 - PDL-Slicing/Transport - INFO - BLOCKCHAIN_MAPPER: COST SIP  - 799819 - 988
2021-09-23 16:23:44,838 - PDL-Slicing/Transport - INFO - BLOCKCHAIN_MAPPER: COST SIP  - 799819 - 988
2021-09-23 16:23:50,153 - PDL-Slicing/Transport - INFO - BLOCKCHAIN_MAPPER: COST SIP  - 799855 - 991
2021-09-23 16:23:53,971 - PDL-Slicing/Transport - INFO - BLOCKCHAIN_MAPPER: COST SIP  - 799831 - 989
2021-09-23 16:23:57,850 - PDL-Slicing/Transport - INFO - BLOCKCHAIN_MAPPER: COST SIP  - 799831 - 989
2021-09-23 16:24:01,855 - PDL-Slicing/Transport - INFO - BLOCKCHAIN_MAPPER: COST SIP  - 799831 - 989
2021-09-23 16:24:05,637 - PDL-Slicing/Transport - INFO - BLOCKCHAIN_MAPPER: COST SIP  - 799855 - 991
2021-09-23 16:24:09,485 - PDL-Slicing/Transport - INFO - BLOCKCHAIN_MAPPER: COST SIP  - 799819 - 988
2021-09-23 16:24:13,308 - PDL-Slicing/Transport - INFO - BLOCKCHAIN_MAPPER: COST SIP  - 799843 - 990
2021-09-23 16:24:17,373 - PDL-Slicing/Transport - INFO - BLOCKCHAIN_MAPPER: COST SIP  - 799831 - 989
2021-09-23 16:24:21,213 - PDL-Slicing/Transport - INFO - BLOCKCHAIN_MAPPER: COST SIP  - 799819 - 988
2021-09-23 16:24:24,683 - PDL-Slicing/Transport - INFO - BLOCKCHAIN_MAPPER: COST SIP  - 799843 - 990
2021-09-23 16:24:28,424 - PDL-Slicing/Transport - INFO - BLOCKCHAIN_MAPPER: COST SIP  - 799855 - 991
2021-09-23 16:24:32,090 - PDL-Slicing/Transport - INFO - BLOCKCHAIN_MAPPER: COST SIP  - 799843 - 990
2021-09-23 16:24:35,707 - PDL-Slicing/Transport - INFO - BLOCKCHAIN_MAPPER: COST SIP  - 799831 - 989
2021-09-23 16:24:39,649 - PDL-Slicing/Transport - INFO - BLOCKCHAIN_MAPPER: COST SIP  - 799843 - 990
2021-09-23 16:24:43,762 - PDL-Slicing/Transport - INFO - BLOCKCHAIN_MAPPER: COST SIP  - 799831 - 989
2021-09-23 16:24:48,200 - PDL-Slicing/Transport - INFO - BLOCKCHAIN_MAPPER: COST SIP  - 799855 - 991
2021-09-23 16:24:53,374 - PDL-Slicing/Transport - INFO - BLOCKCHAIN_MAPPER: COST SIP  - 799855 - 991
2021-09-23 16:24:57,175 - PDL-Slicing/Transport - INFO - BLOCKCHAIN_MAPPER: COST SIP  - 799855 - 991
2021-09-23 16:25:01,228 - PDL-Slicing/Transport - INFO - BLOCKCHAIN_MAPPER: COST SIP  - 799855 - 991
2021-09-23 16:25:05,289 - PDL-Slicing/Transport - INFO - BLOCKCHAIN_MAPPER: COST SIP  - 799831 - 989
2021-09-23 16:25:09,254 - PDL-Slicing/Transport - INFO - BLOCKCHAIN_MAPPER: COST SIP  - 799855 - 991
2021-09-23 16:25:13,187 - PDL-Slicing/Transport - INFO - BLOCKCHAIN_MAPPER: COST SIP  - 799855 - 991
2021-09-23 16:25:17,824 - PDL-Slicing/Transport - INFO - BLOCKCHAIN_MAPPER: COST SIP  - 799855 - 991
2021-09-23 16:25:21,785 - PDL-Slicing/Transport - INFO - BLOCKCHAIN_MAPPER: COST SIP  - 799843 - 990
2021-09-23 16:25:25,759 - PDL-Slicing/Transport - INFO - BLOCKCHAIN_MAPPER: COST SIP  - 799843 - 990
2021-09-23 16:25:29,849 - PDL-Slicing/Transport - INFO - BLOCKCHAIN_MAPPER: COST SIP  - 799855 - 991
2021-09-23 16:25:34,850 - PDL-Slicing/Transport - INFO - BLOCKCHAIN_MAPPER: COST SIP  - 799855 - 991
2021-09-23 16:25:41,093 - PDL-Slicing/Transport - INFO - BLOCKCHAIN_MAPPER: COST SIP  - 799831 - 989
2021-09-23 16:25:45,741 - PDL-Slicing/Transport - INFO - BLOCKCHAIN_MAPPER: COST SIP  - 799831 - 989
2021-09-23 16:25:50,593 - PDL-Slicing/Transport - INFO - BLOCKCHAIN_MAPPER: COST SIP  - 799831 - 989
2021-09-23 16:25:54,091 - PDL-Slicing/Transport - INFO - BLOCKCHAIN_MAPPER: COST SIP  - 799819 - 988
2021-09-23 16:25:57,564 - PDL-Slicing/Transport - INFO - BLOCKCHAIN_MAPPER: COST SIP  - 799843 - 990
2021-09-23 16:26:01,083 - PDL-Slicing/Transport - INFO - BLOCKCHAIN_MAPPER: COST SIP  - 799831 - 989
2021-09-23 16:26:04,623 - PDL-Slicing/Transport - INFO - BLOCKCHAIN_MAPPER: COST SIP  - 799855 - 991
2021-09-23 16:26:08,163 - PDL-Slicing/Transport - INFO - BLOCKCHAIN_MAPPER: COST SIP  - 799843 - 990
2021-09-23 16:26:11,522 - PDL-Slicing/Transport - INFO - BLOCKCHAIN_MAPPER: COST SIP  - 799855 - 991
2021-09-23 16:26:14,835 - PDL-Slicing/Transport - INFO - BLOCKCHAIN_MAPPER: COST SIP  - 799855 - 991
2021-09-23 16:26:18,198 - PDL-Slicing/Transport - INFO - BLOCKCHAIN_MAPPER: COST SIP  - 799855 - 991
2021-09-23 16:26:21,684 - PDL-Slicing/Transport - INFO - BLOCKCHAIN_MAPPER: COST SIP  - 799855 - 991
2021-09-23 16:26:25,343 - PDL-Slicing/Transport - INFO - BLOCKCHAIN_MAPPER: COST SIP  - 799855 - 991
2021-09-23 16:26:28,793 - PDL-Slicing/Transport - INFO - BLOCKCHAIN_MAPPER: COST SIP  - 799855 - 991
2021-09-23 16:26:32,254 - PDL-Slicing/Transport - INFO - BLOCKCHAIN_MAPPER: COST SIP  - 799819 - 988
2021-09-23 16:26:36,106 - PDL-Slicing/Transport - INFO - BLOCKCHAIN_MAPPER: COST SIP  - 799831 - 989
2021-09-23 16:26:39,559 - PDL-Slicing/Transport - INFO - BLOCKCHAIN_MAPPER: COST SIP  - 799855 - 991
2021-09-23 16:26:42,910 - PDL-Slicing/Transport - INFO - BLOCKCHAIN_MAPPER: COST SIP  - 799843 - 990
2021-09-23 16:26:46,276 - PDL-Slicing/Transport - INFO - BLOCKCHAIN_MAPPER: COST SIP  - 799819 - 988
2021-09-23 16:26:51,395 - PDL-Slicing/Transport - INFO - BLOCKCHAIN_MAPPER: COST SIP  - 799831 - 989
2021-09-23 16:26:54,699 - PDL-Slicing/Transport - INFO - BLOCKCHAIN_MAPPER: COST SIP  - 799855 - 991
2021-09-23 16:26:58,208 - PDL-Slicing/Transport - INFO - BLOCKCHAIN_MAPPER: COST SIP  - 799855 - 991
2021-09-23 16:27:01,553 - PDL-Slicing/Transport - INFO - BLOCKCHAIN_MAPPER: COST SIP  - 799831 - 989
2021-09-23 16:27:04,719 - PDL-Slicing/Transport - INFO - BLOCKCHAIN_MAPPER: COST SIP  - 799855 - 991
2021-09-23 16:27:07,954 - PDL-Slicing/Transport - INFO - BLOCKCHAIN_MAPPER: COST SIP  - 799831 - 989
2021-09-23 16:27:11,132 - PDL-Slicing/Transport - INFO - BLOCKCHAIN_MAPPER: COST SIP  - 799819 - 988
2021-09-23 16:27:14,600 - PDL-Slicing/Transport - INFO - BLOCKCHAIN_MAPPER: COST SIP  - 799855 - 991
2021-09-23 16:27:18,139 - PDL-Slicing/Transport - INFO - BLOCKCHAIN_MAPPER: COST SIP  - 799855 - 991
2021-09-23 16:27:21,682 - PDL-Slicing/Transport - INFO - BLOCKCHAIN_MAPPER: COST SIP  - 799855 - 991
2021-09-23 16:27:25,278 - PDL-Slicing/Transport - INFO - BLOCKCHAIN_MAPPER: COST SIP  - 799843 - 990
2021-09-23 16:27:28,682 - PDL-Slicing/Transport - INFO - BLOCKCHAIN_MAPPER: COST SIP  - 799855 - 991
2021-09-23 16:27:32,165 - PDL-Slicing/Transport - INFO - BLOCKCHAIN_MAPPER: COST SIP  - 799831 - 989
2021-09-23 16:27:35,375 - PDL-Slicing/Transport - INFO - BLOCKCHAIN_MAPPER: COST SIP  - 799855 - 991
2021-09-23 16:27:38,671 - PDL-Slicing/Transport - INFO - BLOCKCHAIN_MAPPER: COST SIP  - 799843 - 990
2021-09-23 16:27:42,016 - PDL-Slicing/Transport - INFO - BLOCKCHAIN_MAPPER: COST SIP  - 799831 - 989
2021-09-23 16:27:45,440 - PDL-Slicing/Transport - INFO - BLOCKCHAIN_MAPPER: COST SIP  - 799819 - 988
2021-09-23 16:27:50,444 - PDL-Slicing/Transport - INFO - BLOCKCHAIN_MAPPER: COST SIP  - 799831 - 989
2021-09-23 16:27:54,113 - PDL-Slicing/Transport - INFO - BLOCKCHAIN_MAPPER: COST SIP  - 799819 - 988
2021-09-23 16:27:57,602 - PDL-Slicing/Transport - INFO - BLOCKCHAIN_MAPPER: COST SIP  - 799819 - 988
2021-09-23 16:28:01,083 - PDL-Slicing/Transport - INFO - BLOCKCHAIN_MAPPER: COST SIP  - 799843 - 990
2021-09-23 16:28:04,430 - PDL-Slicing/Transport - INFO - BLOCKCHAIN_MAPPER: COST SIP  - 799855 - 991
2021-09-23 16:28:07,981 - PDL-Slicing/Transport - INFO - BLOCKCHAIN_MAPPER: COST SIP  - 799843 - 990
2021-09-23 16:28:11,667 - PDL-Slicing/Transport - INFO - BLOCKCHAIN_MAPPER: COST SIP  - 799819 - 988
2021-09-23 16:28:15,156 - PDL-Slicing/Transport - INFO - BLOCKCHAIN_MAPPER: COST SIP  - 799831 - 989
2021-09-23 16:28:18,628 - PDL-Slicing/Transport - INFO - BLOCKCHAIN_MAPPER: COST SIP  - 799831 - 989
2021-09-23 16:28:22,147 - PDL-Slicing/Transport - INFO - BLOCKCHAIN_MAPPER: COST SIP  - 799855 - 991
2021-09-23 16:28:25,427 - PDL-Slicing/Transport - INFO - BLOCKCHAIN_MAPPER: COST SIP  - 799855 - 991
2021-09-23 16:28:28,679 - PDL-Slicing/Transport - INFO - BLOCKCHAIN_MAPPER: COST SIP  - 799843 - 990
2021-09-23 16:28:32,290 - PDL-Slicing/Transport - INFO - BLOCKCHAIN_MAPPER: COST SIP  - 799819 - 988
2021-09-23 16:28:35,747 - PDL-Slicing/Transport - INFO - BLOCKCHAIN_MAPPER: COST SIP  - 799855 - 991
2021-09-23 16:28:39,014 - PDL-Slicing/Transport - INFO - BLOCKCHAIN_MAPPER: COST SIP  - 799843 - 990
2021-09-23 16:28:43,354 - PDL-Slicing/Transport - INFO - BLOCKCHAIN_MAPPER: COST SIP  - 799855 - 991
2021-09-23 16:28:46,818 - PDL-Slicing/Transport - INFO - BLOCKCHAIN_MAPPER: COST SIP  - 799855 - 991
2021-09-23 16:28:51,882 - PDL-Slicing/Transport - INFO - BLOCKCHAIN_MAPPER: COST SIP  - 799819 - 988
2021-09-23 16:28:55,275 - PDL-Slicing/Transport - INFO - BLOCKCHAIN_MAPPER: COST SIP  - 799855 - 991
2021-09-23 16:28:58,827 - PDL-Slicing/Transport - INFO - BLOCKCHAIN_MAPPER: COST SIP  - 799855 - 991
2021-09-23 16:29:02,285 - PDL-Slicing/Transport - INFO - BLOCKCHAIN_MAPPER: COST SIP  - 799855 - 991
2021-09-23 16:29:05,754 - PDL-Slicing/Transport - INFO - BLOCKCHAIN_MAPPER: COST SIP  - 799819 - 988
2021-09-23 16:29:09,082 - PDL-Slicing/Transport - INFO - BLOCKCHAIN_MAPPER: COST SIP  - 799831 - 989
2021-09-23 16:29:12,809 - PDL-Slicing/Transport - INFO - BLOCKCHAIN_MAPPER: COST SIP  - 799843 - 990
2021-09-23 16:29:16,516 - PDL-Slicing/Transport - INFO - BLOCKCHAIN_MAPPER: COST SIP  - 799855 - 991
2021-09-23 16:29:19,841 - PDL-Slicing/Transport - INFO - BLOCKCHAIN_MAPPER: COST SIP  - 799807 - 987
2021-09-23 16:29:23,211 - PDL-Slicing/Transport - INFO - BLOCKCHAIN_MAPPER: COST SIP  - 799831 - 989
2021-09-23 16:29:26,539 - PDL-Slicing/Transport - INFO - BLOCKCHAIN_MAPPER: COST SIP  - 799831 - 989
2021-09-23 16:29:30,474 - PDL-Slicing/Transport - INFO - BLOCKCHAIN_MAPPER: COST SIP  - 799831 - 989
2021-09-23 16:29:34,160 - PDL-Slicing/Transport - INFO - BLOCKCHAIN_MAPPER: COST SIP  - 799819 - 988
2021-09-23 16:29:37,676 - PDL-Slicing/Transport - INFO - BLOCKCHAIN_MAPPER: COST SIP  - 799855 - 991
2021-09-23 16:29:41,282 - PDL-Slicing/Transport - INFO - BLOCKCHAIN_MAPPER: COST SIP  - 799831 - 989
2021-09-23 16:29:44,592 - PDL-Slicing/Transport - INFO - BLOCKCHAIN_MAPPER: COST SIP  - 799843 - 990
2021-09-23 16:29:48,381 - PDL-Slicing/Transport - INFO - BLOCKCHAIN_MAPPER: COST SIP  - 799855 - 991
2021-09-23 16:29:53,068 - PDL-Slicing/Transport - INFO - BLOCKCHAIN_MAPPER: COST SIP  - 799855 - 991
2021-09-23 16:29:56,337 - PDL-Slicing/Transport - INFO - BLOCKCHAIN_MAPPER: COST SIP  - 799855 - 991
2021-09-23 16:29:59,788 - PDL-Slicing/Transport - INFO - BLOCKCHAIN_MAPPER: COST SIP  - 799855 - 991
2021-09-23 16:30:03,375 - PDL-Slicing/Transport - INFO - BLOCKCHAIN_MAPPER: COST SIP  - 799831 - 989
2021-09-23 16:30:07,009 - PDL-Slicing/Transport - INFO - BLOCKCHAIN_MAPPER: COST SIP  - 799843 - 990
2021-09-23 16:30:10,686 - PDL-Slicing/Transport - INFO - BLOCKCHAIN_MAPPER: COST SIP  - 799855 - 991
2021-09-23 16:30:14,040 - PDL-Slicing/Transport - INFO - BLOCKCHAIN_MAPPER: COST SIP  - 799855 - 991
2021-09-23 16:30:17,738 - PDL-Slicing/Transport - INFO - BLOCKCHAIN_MAPPER: COST SIP  - 799819 - 988
2021-09-23 16:30:21,165 - PDL-Slicing/Transport - INFO - BLOCKCHAIN_MAPPER: COST SIP  - 799855 - 991
2021-09-23 16:30:24,826 - PDL-Slicing/Transport - INFO - BLOCKCHAIN_MAPPER: COST SIP  - 799855 - 991
2021-09-23 16:30:28,292 - PDL-Slicing/Transport - INFO - BLOCKCHAIN_MAPPER: COST SIP  - 799831 - 989
2021-09-23 16:30:31,517 - PDL-Slicing/Transport - INFO - BLOCKCHAIN_MAPPER: COST SIP  - 799831 - 989
2021-09-23 16:30:34,956 - PDL-Slicing/Transport - INFO - BLOCKCHAIN_MAPPER: COST SIP  - 799831 - 989
2021-09-23 16:30:38,714 - PDL-Slicing/Transport - INFO - BLOCKCHAIN_MAPPER: COST SIP  - 799831 - 989
2021-09-23 16:30:42,816 - PDL-Slicing/Transport - INFO - BLOCKCHAIN_MAPPER: COST SIP  - 799855 - 991
2021-09-23 16:30:46,490 - PDL-Slicing/Transport - INFO - BLOCKCHAIN_MAPPER: COST SIP  - 799807 - 987
2021-09-23 16:30:51,465 - PDL-Slicing/Transport - INFO - BLOCKCHAIN_MAPPER: COST SIP  - 799807 - 987
2021-09-23 16:30:54,879 - PDL-Slicing/Transport - INFO - BLOCKCHAIN_MAPPER: COST SIP  - 799831 - 989
2021-09-23 16:30:58,471 - PDL-Slicing/Transport - INFO - BLOCKCHAIN_MAPPER: COST SIP  - 799819 - 988
2021-09-23 16:31:02,155 - PDL-Slicing/Transport - INFO - BLOCKCHAIN_MAPPER: COST SIP  - 799831 - 989
2021-09-23 16:31:05,568 - PDL-Slicing/Transport - INFO - BLOCKCHAIN_MAPPER: COST SIP  - 799843 - 990
2021-09-23 16:31:09,045 - PDL-Slicing/Transport - INFO - BLOCKCHAIN_MAPPER: COST SIP  - 799855 - 991
2021-09-23 16:31:12,690 - PDL-Slicing/Transport - INFO - BLOCKCHAIN_MAPPER: COST SIP  - 799831 - 989
2021-09-23 16:31:16,677 - PDL-Slicing/Transport - INFO - BLOCKCHAIN_MAPPER: COST SIP  - 799831 - 989
2021-09-23 16:31:20,316 - PDL-Slicing/Transport - INFO - BLOCKCHAIN_MAPPER: COST SIP  - 799855 - 991
2021-09-23 16:31:24,059 - PDL-Slicing/Transport - INFO - BLOCKCHAIN_MAPPER: COST SIP  - 799831 - 989
2021-09-23 16:31:27,616 - PDL-Slicing/Transport - INFO - BLOCKCHAIN_MAPPER: COST SIP  - 799831 - 989
2021-09-23 16:31:31,180 - PDL-Slicing/Transport - INFO - BLOCKCHAIN_MAPPER: COST SIP  - 799843 - 990
2021-09-23 16:31:34,640 - PDL-Slicing/Transport - INFO - BLOCKCHAIN_MAPPER: COST SIP  - 799831 - 989
2021-09-23 16:31:38,041 - PDL-Slicing/Transport - INFO - BLOCKCHAIN_MAPPER: COST SIP  - 799819 - 988
2021-09-23 16:31:41,414 - PDL-Slicing/Transport - INFO - BLOCKCHAIN_MAPPER: COST SIP  - 799831 - 989
2021-09-23 16:31:44,943 - PDL-Slicing/Transport - INFO - BLOCKCHAIN_MAPPER: COST SIP  - 799831 - 989
2021-09-23 16:31:50,098 - PDL-Slicing/Transport - INFO - BLOCKCHAIN_MAPPER: COST SIP  - 799855 - 991
2021-09-23 16:31:54,933 - PDL-Slicing/Transport - INFO - BLOCKCHAIN_MAPPER: COST SIP  - 799819 - 988
2021-09-23 16:31:58,349 - PDL-Slicing/Transport - INFO - BLOCKCHAIN_MAPPER: COST SIP  - 799855 - 991
2021-09-23 16:32:01,952 - PDL-Slicing/Transport - INFO - BLOCKCHAIN_MAPPER: COST SIP  - 799819 - 988
2021-09-23 16:32:05,474 - PDL-Slicing/Transport - INFO - BLOCKCHAIN_MAPPER: COST SIP  - 799831 - 989
2021-09-23 16:32:08,920 - PDL-Slicing/Transport - INFO - BLOCKCHAIN_MAPPER: COST SIP  - 799819 - 988
2021-09-23 16:32:12,650 - PDL-Slicing/Transport - INFO - BLOCKCHAIN_MAPPER: COST SIP  - 799843 - 990
2021-09-23 16:32:16,093 - PDL-Slicing/Transport - INFO - BLOCKCHAIN_MAPPER: COST SIP  - 799831 - 989
2021-09-23 16:32:19,489 - PDL-Slicing/Transport - INFO - BLOCKCHAIN_MAPPER: COST SIP  - 799843 - 990
2021-09-23 16:32:23,063 - PDL-Slicing/Transport - INFO - BLOCKCHAIN_MAPPER: COST SIP  - 799843 - 990
2021-09-23 16:32:26,680 - PDL-Slicing/Transport - INFO - BLOCKCHAIN_MAPPER: COST SIP  - 799831 - 989
2021-09-23 16:32:30,192 - PDL-Slicing/Transport - INFO - BLOCKCHAIN_MAPPER: COST SIP  - 799843 - 990
2021-09-23 16:32:33,458 - PDL-Slicing/Transport - INFO - BLOCKCHAIN_MAPPER: COST SIP  - 799855 - 991
2021-09-23 16:32:36,824 - PDL-Slicing/Transport - INFO - BLOCKCHAIN_MAPPER: COST SIP  - 799819 - 988
2021-09-23 16:32:40,116 - PDL-Slicing/Transport - INFO - BLOCKCHAIN_MAPPER: COST SIP  - 799855 - 991
2021-09-23 16:32:43,657 - PDL-Slicing/Transport - INFO - BLOCKCHAIN_MAPPER: COST SIP  - 799831 - 989
2021-09-23 16:32:47,476 - PDL-Slicing/Transport - INFO - BLOCKCHAIN_MAPPER: COST SIP  - 799831 - 989
2021-09-23 16:32:52,750 - PDL-Slicing/Transport - INFO - BLOCKCHAIN_MAPPER: COST SIP  - 799855 - 991
2021-09-23 16:32:57,294 - PDL-Slicing/Transport - INFO - BLOCKCHAIN_MAPPER: COST SIP  - 799831 - 989
2021-09-23 16:33:00,945 - PDL-Slicing/Transport - INFO - BLOCKCHAIN_MAPPER: COST SIP  - 799831 - 989
2021-09-23 16:33:04,477 - PDL-Slicing/Transport - INFO - BLOCKCHAIN_MAPPER: COST SIP  - 799831 - 989
2021-09-23 16:33:07,987 - PDL-Slicing/Transport - INFO - BLOCKCHAIN_MAPPER: COST SIP  - 799819 - 988
2021-09-23 16:33:11,219 - PDL-Slicing/Transport - INFO - BLOCKCHAIN_MAPPER: COST SIP  - 799843 - 990
2021-09-23 16:33:14,639 - PDL-Slicing/Transport - INFO - BLOCKCHAIN_MAPPER: COST SIP  - 799831 - 989
2021-09-23 16:33:18,071 - PDL-Slicing/Transport - INFO - BLOCKCHAIN_MAPPER: COST SIP  - 799819 - 988
2021-09-23 16:33:21,598 - PDL-Slicing/Transport - INFO - BLOCKCHAIN_MAPPER: COST SIP  - 799831 - 989
2021-09-23 16:33:25,389 - PDL-Slicing/Transport - INFO - BLOCKCHAIN_MAPPER: COST SIP  - 799831 - 989
2021-09-23 16:33:28,764 - PDL-Slicing/Transport - INFO - BLOCKCHAIN_MAPPER: COST SIP  - 799843 - 990
2021-09-23 16:33:32,267 - PDL-Slicing/Transport - INFO - BLOCKCHAIN_MAPPER: COST SIP  - 799831 - 989
2021-09-23 16:33:35,964 - PDL-Slicing/Transport - INFO - BLOCKCHAIN_MAPPER: COST SIP  - 799843 - 990
2021-09-23 16:33:39,582 - PDL-Slicing/Transport - INFO - BLOCKCHAIN_MAPPER: COST SIP  - 799843 - 990
2021-09-23 16:33:43,127 - PDL-Slicing/Transport - INFO - BLOCKCHAIN_MAPPER: COST SIP  - 799819 - 988
2021-09-23 16:33:46,685 - PDL-Slicing/Transport - INFO - BLOCKCHAIN_MAPPER: COST SIP  - 799819 - 988
2021-09-23 16:33:51,565 - PDL-Slicing/Transport - INFO - BLOCKCHAIN_MAPPER: COST SIP  - 799831 - 989
2021-09-23 16:33:55,302 - PDL-Slicing/Transport - INFO - BLOCKCHAIN_MAPPER: COST SIP  - 799831 - 989
2021-09-23 16:33:59,274 - PDL-Slicing/Transport - INFO - BLOCKCHAIN_MAPPER: COST SIP  - 799831 - 989
2021-09-23 16:34:03,012 - PDL-Slicing/Transport - INFO - BLOCKCHAIN_MAPPER: COST SIP  - 799843 - 990
2021-09-23 16:34:06,417 - PDL-Slicing/Transport - INFO - BLOCKCHAIN_MAPPER: COST SIP  - 799831 - 989
2021-09-23 16:34:09,740 - PDL-Slicing/Transport - INFO - BLOCKCHAIN_MAPPER: COST SIP  - 799819 - 988
2021-09-23 16:34:13,338 - PDL-Slicing/Transport - INFO - BLOCKCHAIN_MAPPER: COST SIP  - 799831 - 989
2021-09-23 16:34:17,336 - PDL-Slicing/Transport - INFO - BLOCKCHAIN_MAPPER: COST SIP  - 799819 - 988
2021-09-23 16:34:21,558 - PDL-Slicing/Transport - INFO - BLOCKCHAIN_MAPPER: COST SIP  - 799807 - 987
2021-09-23 16:34:25,320 - PDL-Slicing/Transport - INFO - BLOCKCHAIN_MAPPER: COST SIP  - 799843 - 990
2021-09-23 16:34:28,844 - PDL-Slicing/Transport - INFO - BLOCKCHAIN_MAPPER: COST SIP  - 799843 - 990
2021-09-23 16:34:32,364 - PDL-Slicing/Transport - INFO - BLOCKCHAIN_MAPPER: COST SIP  - 799819 - 988
2021-09-23 16:34:36,028 - PDL-Slicing/Transport - INFO - BLOCKCHAIN_MAPPER: COST SIP  - 799831 - 989
2021-09-23 16:34:39,276 - PDL-Slicing/Transport - INFO - BLOCKCHAIN_MAPPER: COST SIP  - 799843 - 990
2021-09-23 16:34:42,811 - PDL-Slicing/Transport - INFO - BLOCKCHAIN_MAPPER: COST SIP  - 799855 - 991
2021-09-23 16:34:46,346 - PDL-Slicing/Transport - INFO - BLOCKCHAIN_MAPPER: COST SIP  - 799831 - 989
2021-09-23 16:34:51,239 - PDL-Slicing/Transport - INFO - BLOCKCHAIN_MAPPER: COST SIP  - 799855 - 991
2021-09-23 16:34:54,820 - PDL-Slicing/Transport - INFO - BLOCKCHAIN_MAPPER: COST SIP  - 799843 - 990
2021-09-23 16:34:58,427 - PDL-Slicing/Transport - INFO - BLOCKCHAIN_MAPPER: COST SIP  - 799831 - 989
2021-09-23 16:35:02,020 - PDL-Slicing/Transport - INFO - BLOCKCHAIN_MAPPER: COST SIP  - 799843 - 990
2021-09-23 16:35:05,565 - PDL-Slicing/Transport - INFO - BLOCKCHAIN_MAPPER: COST SIP  - 799843 - 990
2021-09-23 16:35:09,241 - PDL-Slicing/Transport - INFO - BLOCKCHAIN_MAPPER: COST SIP  - 799855 - 991
2021-09-23 16:35:12,912 - PDL-Slicing/Transport - INFO - BLOCKCHAIN_MAPPER: COST SIP  - 799831 - 989
2021-09-23 16:35:16,320 - PDL-Slicing/Transport - INFO - BLOCKCHAIN_MAPPER: COST SIP  - 799855 - 991
2021-09-23 16:35:20,072 - PDL-Slicing/Transport - INFO - BLOCKCHAIN_MAPPER: COST SIP  - 799819 - 988
2021-09-23 16:35:23,969 - PDL-Slicing/Transport - INFO - BLOCKCHAIN_MAPPER: COST SIP  - 799843 - 990
2021-09-23 16:35:28,195 - PDL-Slicing/Transport - INFO - BLOCKCHAIN_MAPPER: COST SIP  - 799831 - 989
2021-09-23 16:35:32,639 - PDL-Slicing/Transport - INFO - BLOCKCHAIN_MAPPER: COST SIP  - 799831 - 989
2021-09-23 16:35:36,298 - PDL-Slicing/Transport - INFO - BLOCKCHAIN_MAPPER: COST SIP  - 799831 - 989
2021-09-23 16:35:40,292 - PDL-Slicing/Transport - INFO - BLOCKCHAIN_MAPPER: COST SIP  - 799843 - 990
2021-09-23 16:35:44,320 - PDL-Slicing/Transport - INFO - BLOCKCHAIN_MAPPER: COST SIP  - 799819 - 988
2021-09-23 16:35:48,751 - PDL-Slicing/Transport - INFO - BLOCKCHAIN_MAPPER: COST SIP  - 799819 - 988
2021-09-23 16:35:53,088 - PDL-Slicing/Transport - INFO - BLOCKCHAIN_MAPPER: COST SIP  - 799855 - 991
2021-09-23 16:35:56,968 - PDL-Slicing/Transport - INFO - BLOCKCHAIN_MAPPER: COST SIP  - 799831 - 989
2021-09-23 16:36:01,390 - PDL-Slicing/Transport - INFO - BLOCKCHAIN_MAPPER: COST NEP  - 1191061 - 1549
2021-09-23 16:36:05,607 - PDL-Slicing/Transport - INFO - BLOCKCHAIN_MAPPER: COST NEP  - 1191061 - 1549
2021-09-23 16:36:09,869 - PDL-Slicing/Transport - INFO - BLOCKCHAIN_MAPPER: COST NEP  - 1191061 - 1549
2021-09-23 16:36:14,347 - PDL-Slicing/Transport - INFO - BLOCKCHAIN_MAPPER: COST NEP  - 1191061 - 1549
2021-09-23 16:36:18,689 - PDL-Slicing/Transport - INFO - BLOCKCHAIN_MAPPER: COST NEP  - 1191061 - 1549
2021-09-23 16:36:22,947 - PDL-Slicing/Transport - INFO - BLOCKCHAIN_MAPPER: COST NEP  - 1191061 - 1549
2021-09-23 16:36:27,086 - PDL-Slicing/Transport - INFO - BLOCKCHAIN_MAPPER: COST NEP  - 1191061 - 1549
2021-09-23 16:36:31,284 - PDL-Slicing/Transport - INFO - BLOCKCHAIN_MAPPER: COST NEP  - 1191061 - 1549
2021-09-23 16:36:35,284 - PDL-Slicing/Transport - INFO - BLOCKCHAIN_MAPPER: COST NEP  - 1191061 - 1549
2021-09-23 16:36:39,364 - PDL-Slicing/Transport - INFO - BLOCKCHAIN_MAPPER: COST NEP  - 1191061 - 1549
2021-09-23 16:36:43,293 - PDL-Slicing/Transport - INFO - BLOCKCHAIN_MAPPER: COST NEP  - 1191061 - 1549
2021-09-23 16:36:46,970 - PDL-Slicing/Transport - INFO - BLOCKCHAIN_MAPPER: COST NEP  - 1191061 - 1549
2021-09-23 16:36:52,418 - PDL-Slicing/Transport - INFO - BLOCKCHAIN_MAPPER: COST NEP  - 1191061 - 1549
2021-09-23 16:36:56,718 - PDL-Slicing/Transport - INFO - BLOCKCHAIN_MAPPER: COST NEP  - 1191061 - 1549
2021-09-23 16:37:00,980 - PDL-Slicing/Transport - INFO - BLOCKCHAIN_MAPPER: COST NEP  - 1191061 - 1549
2021-09-23 16:37:05,050 - PDL-Slicing/Transport - INFO - BLOCKCHAIN_MAPPER: COST NEP  - 1191061 - 1549
2021-09-23 16:37:08,934 - PDL-Slicing/Transport - INFO - BLOCKCHAIN_MAPPER: COST NEP  - 1191061 - 1549
2021-09-23 16:37:13,174 - PDL-Slicing/Transport - INFO - BLOCKCHAIN_MAPPER: COST NEP  - 1191061 - 1549
2021-09-23 16:37:17,318 - PDL-Slicing/Transport - INFO - BLOCKCHAIN_MAPPER: COST NEP  - 1191061 - 1549
2021-09-23 16:37:21,427 - PDL-Slicing/Transport - INFO - BLOCKCHAIN_MAPPER: COST NEP  - 1191061 - 1549
2021-09-23 16:37:25,552 - PDL-Slicing/Transport - INFO - BLOCKCHAIN_MAPPER: COST NEP  - 1191061 - 1549
2021-09-23 16:37:29,664 - PDL-Slicing/Transport - INFO - BLOCKCHAIN_MAPPER: COST NEP  - 1191061 - 1549
2021-09-23 16:37:33,749 - PDL-Slicing/Transport - INFO - BLOCKCHAIN_MAPPER: COST NEP  - 1191061 - 1549
2021-09-23 16:37:37,624 - PDL-Slicing/Transport - INFO - BLOCKCHAIN_MAPPER: COST NEP  - 1191061 - 1549
2021-09-23 16:37:41,691 - PDL-Slicing/Transport - INFO - BLOCKCHAIN_MAPPER: COST NEP  - 1191061 - 1549
2021-09-23 16:37:45,727 - PDL-Slicing/Transport - INFO - BLOCKCHAIN_MAPPER: COST NEP  - 1191061 - 1549
2021-09-23 16:37:53,436 - PDL-Slicing/Transport - INFO - BLOCKCHAIN_MAPPER: COST NEP  - 1191061 - 1549
2021-09-23 16:37:57,831 - PDL-Slicing/Transport - INFO - BLOCKCHAIN_MAPPER: COST NEP  - 1191061 - 1549
2021-09-23 16:38:01,755 - PDL-Slicing/Transport - INFO - BLOCKCHAIN_MAPPER: COST NEP  - 1191061 - 1549
2021-09-23 16:38:05,851 - PDL-Slicing/Transport - INFO - BLOCKCHAIN_MAPPER: COST NEP  - 1191061 - 1549
2021-09-23 16:38:10,149 - PDL-Slicing/Transport - INFO - BLOCKCHAIN_MAPPER: COST NEP  - 1191061 - 1549
2021-09-23 16:38:14,694 - PDL-Slicing/Transport - INFO - BLOCKCHAIN_MAPPER: COST NEP  - 1191061 - 1549
2021-09-23 16:38:18,882 - PDL-Slicing/Transport - INFO - BLOCKCHAIN_MAPPER: COST NEP  - 1191061 - 1549
2021-09-23 16:38:23,082 - PDL-Slicing/Transport - INFO - BLOCKCHAIN_MAPPER: COST NEP  - 1191061 - 1549
2021-09-23 16:38:27,159 - PDL-Slicing/Transport - INFO - BLOCKCHAIN_MAPPER: COST NEP  - 1191061 - 1549
2021-09-23 16:38:31,231 - PDL-Slicing/Transport - INFO - BLOCKCHAIN_MAPPER: COST NEP  - 1191061 - 1549
2021-09-23 16:38:35,401 - PDL-Slicing/Transport - INFO - BLOCKCHAIN_MAPPER: COST NEP  - 1191061 - 1549
2021-09-23 16:38:39,396 - PDL-Slicing/Transport - INFO - BLOCKCHAIN_MAPPER: COST NEP  - 1191061 - 1549
2021-09-23 16:38:43,447 - PDL-Slicing/Transport - INFO - BLOCKCHAIN_MAPPER: COST NEP  - 1191061 - 1549
2021-09-23 16:38:47,818 - PDL-Slicing/Transport - INFO - BLOCKCHAIN_MAPPER: COST NEP  - 1191061 - 1549
2021-09-23 16:38:54,373 - PDL-Slicing/Transport - INFO - BLOCKCHAIN_MAPPER: COST NEP  - 1191061 - 1549
2021-09-23 16:38:58,385 - PDL-Slicing/Transport - INFO - BLOCKCHAIN_MAPPER: COST NEP  - 1191061 - 1549
2021-09-23 16:39:02,600 - PDL-Slicing/Transport - INFO - BLOCKCHAIN_MAPPER: COST NEP  - 1191061 - 1549
2021-09-23 16:39:06,648 - PDL-Slicing/Transport - INFO - BLOCKCHAIN_MAPPER: COST NEP  - 1191061 - 1549
2021-09-23 16:39:10,715 - PDL-Slicing/Transport - INFO - BLOCKCHAIN_MAPPER: COST NEP  - 1191061 - 1549
2021-09-23 16:39:14,865 - PDL-Slicing/Transport - INFO - BLOCKCHAIN_MAPPER: COST NEP  - 1191061 - 1549
2021-09-23 16:39:18,949 - PDL-Slicing/Transport - INFO - BLOCKCHAIN_MAPPER: COST NEP  - 1191061 - 1549
2021-09-23 16:39:23,349 - PDL-Slicing/Transport - INFO - BLOCKCHAIN_MAPPER: COST NEP  - 1191061 - 1549
2021-09-23 16:39:27,558 - PDL-Slicing/Transport - INFO - BLOCKCHAIN_MAPPER: COST NEP  - 1191061 - 1549
2021-09-23 16:39:31,597 - PDL-Slicing/Transport - INFO - BLOCKCHAIN_MAPPER: COST NEP  - 1191061 - 1549
2021-09-23 16:39:35,920 - PDL-Slicing/Transport - INFO - BLOCKCHAIN_MAPPER: COST NEP  - 1191061 - 1549
2021-09-23 16:39:40,059 - PDL-Slicing/Transport - INFO - BLOCKCHAIN_MAPPER: COST NEP  - 1191061 - 1549
2021-09-23 16:39:44,113 - PDL-Slicing/Transport - INFO - BLOCKCHAIN_MAPPER: COST NEP  - 1191061 - 1549
2021-09-23 16:39:49,519 - PDL-Slicing/Transport - INFO - BLOCKCHAIN_MAPPER: COST NEP  - 1191061 - 1549
2021-09-23 16:39:53,839 - PDL-Slicing/Transport - INFO - BLOCKCHAIN_MAPPER: COST NEP  - 1191061 - 1549
2021-09-23 16:39:57,987 - PDL-Slicing/Transport - INFO - BLOCKCHAIN_MAPPER: COST NEP  - 1191061 - 1549
2021-09-23 16:40:02,378 - PDL-Slicing/Transport - INFO - BLOCKCHAIN_MAPPER: COST NEP  - 1191061 - 1549
2021-09-23 16:40:06,583 - PDL-Slicing/Transport - INFO - BLOCKCHAIN_MAPPER: COST NEP  - 1191061 - 1549
2021-09-23 16:40:10,835 - PDL-Slicing/Transport - INFO - BLOCKCHAIN_MAPPER: COST NEP  - 1191061 - 1549
2021-09-23 16:40:15,595 - PDL-Slicing/Transport - INFO - BLOCKCHAIN_MAPPER: COST NEP  - 1191061 - 1549
2021-09-23 16:40:19,667 - PDL-Slicing/Transport - INFO - BLOCKCHAIN_MAPPER: COST NEP  - 1191061 - 1549
2021-09-23 16:40:24,095 - PDL-Slicing/Transport - INFO - BLOCKCHAIN_MAPPER: COST NEP  - 1191061 - 1549
2021-09-23 16:40:28,402 - PDL-Slicing/Transport - INFO - BLOCKCHAIN_MAPPER: COST NEP  - 1191061 - 1549
2021-09-23 16:40:32,545 - PDL-Slicing/Transport - INFO - BLOCKCHAIN_MAPPER: COST NEP  - 1191061 - 1549
2021-09-23 16:40:36,574 - PDL-Slicing/Transport - INFO - BLOCKCHAIN_MAPPER: COST NEP  - 1191061 - 1549
2021-09-23 16:40:40,721 - PDL-Slicing/Transport - INFO - BLOCKCHAIN_MAPPER: COST NEP  - 1191061 - 1549
2021-09-23 16:40:44,957 - PDL-Slicing/Transport - INFO - BLOCKCHAIN_MAPPER: COST NEP  - 1191061 - 1549
2021-09-23 16:40:50,440 - PDL-Slicing/Transport - INFO - BLOCKCHAIN_MAPPER: COST NEP  - 1191061 - 1549
2021-09-23 16:40:55,712 - PDL-Slicing/Transport - INFO - BLOCKCHAIN_MAPPER: COST NEP  - 1191061 - 1549
2021-09-23 16:40:59,869 - PDL-Slicing/Transport - INFO - BLOCKCHAIN_MAPPER: COST NEP  - 1191061 - 1549
2021-09-23 16:41:04,409 - PDL-Slicing/Transport - INFO - BLOCKCHAIN_MAPPER: COST NEP  - 1191061 - 1549
2021-09-23 16:41:08,634 - PDL-Slicing/Transport - INFO - BLOCKCHAIN_MAPPER: COST NEP  - 1191061 - 1549
2021-09-23 16:41:12,541 - PDL-Slicing/Transport - INFO - BLOCKCHAIN_MAPPER: COST NEP  - 1191061 - 1549
2021-09-23 16:41:16,665 - PDL-Slicing/Transport - INFO - BLOCKCHAIN_MAPPER: COST NEP  - 1191061 - 1549
2021-09-23 16:41:20,784 - PDL-Slicing/Transport - INFO - BLOCKCHAIN_MAPPER: COST NEP  - 1191061 - 1549
2021-09-23 16:41:24,756 - PDL-Slicing/Transport - INFO - BLOCKCHAIN_MAPPER: COST NEP  - 1191061 - 1549
2021-09-23 16:41:29,135 - PDL-Slicing/Transport - INFO - BLOCKCHAIN_MAPPER: COST NEP  - 1191061 - 1549
2021-09-23 16:41:33,133 - PDL-Slicing/Transport - INFO - BLOCKCHAIN_MAPPER: COST NEP  - 1191061 - 1549
2021-09-23 16:41:37,214 - PDL-Slicing/Transport - INFO - BLOCKCHAIN_MAPPER: COST NEP  - 1191061 - 1549
2021-09-23 16:41:41,045 - PDL-Slicing/Transport - INFO - BLOCKCHAIN_MAPPER: COST NEP  - 1191061 - 1549
2021-09-23 16:41:45,168 - PDL-Slicing/Transport - INFO - BLOCKCHAIN_MAPPER: COST NEP  - 1191061 - 1549
2021-09-23 16:41:50,738 - PDL-Slicing/Transport - INFO - BLOCKCHAIN_MAPPER: COST NEP  - 1191061 - 1549
2021-09-23 16:41:54,692 - PDL-Slicing/Transport - INFO - BLOCKCHAIN_MAPPER: COST NEP  - 1191061 - 1549
2021-09-23 16:41:58,968 - PDL-Slicing/Transport - INFO - BLOCKCHAIN_MAPPER: COST NEP  - 1191061 - 1549
2021-09-23 16:42:03,168 - PDL-Slicing/Transport - INFO - BLOCKCHAIN_MAPPER: COST NEP  - 1191061 - 1549
2021-09-23 16:42:07,446 - PDL-Slicing/Transport - INFO - BLOCKCHAIN_MAPPER: COST NEP  - 1191061 - 1549
2021-09-23 16:42:12,282 - PDL-Slicing/Transport - INFO - BLOCKCHAIN_MAPPER: COST NEP  - 1191061 - 1549
2021-09-23 16:42:16,376 - PDL-Slicing/Transport - INFO - BLOCKCHAIN_MAPPER: COST NEP  - 1191061 - 1549
2021-09-23 16:42:20,586 - PDL-Slicing/Transport - INFO - BLOCKCHAIN_MAPPER: COST NEP  - 1191061 - 1549
2021-09-23 16:42:24,860 - PDL-Slicing/Transport - INFO - BLOCKCHAIN_MAPPER: COST NEP  - 1191061 - 1549
2021-09-23 16:42:29,186 - PDL-Slicing/Transport - INFO - BLOCKCHAIN_MAPPER: COST NEP  - 1191061 - 1549
2021-09-23 16:42:33,656 - PDL-Slicing/Transport - INFO - BLOCKCHAIN_MAPPER: COST NEP  - 1191061 - 1549
2021-09-23 16:42:37,893 - PDL-Slicing/Transport - INFO - BLOCKCHAIN_MAPPER: COST NEP  - 1191061 - 1549
2021-09-23 16:42:42,156 - PDL-Slicing/Transport - INFO - BLOCKCHAIN_MAPPER: COST NEP  - 1191061 - 1549
2021-09-23 16:42:46,151 - PDL-Slicing/Transport - INFO - BLOCKCHAIN_MAPPER: COST NEP  - 1191061 - 1549
2021-09-23 16:42:51,899 - PDL-Slicing/Transport - INFO - BLOCKCHAIN_MAPPER: COST NEP  - 1191061 - 1549
2021-09-23 16:42:56,181 - PDL-Slicing/Transport - INFO - BLOCKCHAIN_MAPPER: COST NEP  - 1191061 - 1549
2021-09-23 16:43:00,401 - PDL-Slicing/Transport - INFO - BLOCKCHAIN_MAPPER: COST NEP  - 1191061 - 1549
2021-09-23 16:43:04,734 - PDL-Slicing/Transport - INFO - BLOCKCHAIN_MAPPER: COST NEP  - 1191061 - 1549
2021-09-23 16:43:08,915 - PDL-Slicing/Transport - INFO - BLOCKCHAIN_MAPPER: COST NEP  - 1191061 - 1549
2021-09-23 16:43:13,908 - PDL-Slicing/Transport - INFO - BLOCKCHAIN_MAPPER: COST NEP  - 1191061 - 1549
2021-09-23 16:43:18,412 - PDL-Slicing/Transport - INFO - BLOCKCHAIN_MAPPER: COST NEP  - 1191061 - 1549
2021-09-23 16:43:22,794 - PDL-Slicing/Transport - INFO - BLOCKCHAIN_MAPPER: COST NEP  - 1191061 - 1549
2021-09-23 16:43:26,729 - PDL-Slicing/Transport - INFO - BLOCKCHAIN_MAPPER: COST NEP  - 1191061 - 1549
2021-09-23 16:43:30,737 - PDL-Slicing/Transport - INFO - BLOCKCHAIN_MAPPER: COST NEP  - 1191061 - 1549
2021-09-23 16:43:35,135 - PDL-Slicing/Transport - INFO - BLOCKCHAIN_MAPPER: COST NEP  - 1191061 - 1549
2021-09-23 16:43:39,344 - PDL-Slicing/Transport - INFO - BLOCKCHAIN_MAPPER: COST NEP  - 1191061 - 1549
2021-09-23 16:43:43,384 - PDL-Slicing/Transport - INFO - BLOCKCHAIN_MAPPER: COST NEP  - 1191061 - 1549
2021-09-23 16:43:47,845 - PDL-Slicing/Transport - INFO - BLOCKCHAIN_MAPPER: COST NEP  - 1191061 - 1549
2021-09-23 16:43:53,529 - PDL-Slicing/Transport - INFO - BLOCKCHAIN_MAPPER: COST NEP  - 1191061 - 1549
2021-09-23 16:43:58,010 - PDL-Slicing/Transport - INFO - BLOCKCHAIN_MAPPER: COST NEP  - 1191061 - 1549
2021-09-23 16:44:02,605 - PDL-Slicing/Transport - INFO - BLOCKCHAIN_MAPPER: COST NEP  - 1191061 - 1549
2021-09-23 16:44:06,952 - PDL-Slicing/Transport - INFO - BLOCKCHAIN_MAPPER: COST NEP  - 1191061 - 1549
2021-09-23 16:44:12,401 - PDL-Slicing/Transport - INFO - BLOCKCHAIN_MAPPER: COST NEP  - 1191061 - 1549
2021-09-23 16:44:21,390 - PDL-Slicing/Transport - INFO - BLOCKCHAIN_MAPPER: COST NEP  - 1191061 - 1549
2021-09-23 16:44:25,116 - PDL-Slicing/Transport - INFO - TRANSPORT_EVENT_MNGR: NEW TOPOLOGY EVENT
2021-09-23 16:44:25,117 - PDL-Slicing/Transport - INFO - BLOCKCHAIN_CONTEXT - 2021-09-23 16:44:25.117889
2021-09-23 16:44:25,124 - PDL-Slicing/Transport - INFO - ORCH: Adding external SDN domain context information in the E2E Network graph.627ea8a3-f3cf-578b-b0dd-9e65a5a0e0a3
2021-09-23 16:44:27,099 - PDL-Slicing/Transport - INFO - BLOCKCHAIN_MAPPER: COST NEP  - 1191061 - 1549
2021-09-23 16:44:31,376 - PDL-Slicing/Transport - INFO - BLOCKCHAIN_MAPPER: COST NEP  - 1191061 - 1549
2021-09-23 16:44:35,662 - PDL-Slicing/Transport - INFO - BLOCKCHAIN_MAPPER: COST NEP  - 1191061 - 1549
2021-09-23 16:44:39,707 - PDL-Slicing/Transport - INFO - BLOCKCHAIN_MAPPER: COST NEP  - 1191061 - 1549
2021-09-23 16:44:43,894 - PDL-Slicing/Transport - INFO - BLOCKCHAIN_MAPPER: COST NEP  - 1191061 - 1549
2021-09-23 16:44:48,892 - PDL-Slicing/Transport - INFO - BLOCKCHAIN_MAPPER: COST NEP  - 1191061 - 1549
2021-09-23 16:44:53,952 - PDL-Slicing/Transport - INFO - BLOCKCHAIN_MAPPER: COST NEP  - 1191061 - 1549
2021-09-23 16:44:58,109 - PDL-Slicing/Transport - INFO - BLOCKCHAIN_MAPPER: COST NEP  - 1191061 - 1549
2021-09-23 16:45:04,647 - PDL-Slicing/Transport - INFO - BLOCKCHAIN_MAPPER: COST NODE  - 3396039 - 190907
2021-09-23 16:45:13,026 - PDL-Slicing/Transport - INFO - TRANSPORT_EVENT_MNGR: NO NEED TO PROCESS THIS EVENT.
2021-09-23 16:45:13,213 - PDL-Slicing/Transport - INFO - BLOCKCHAIN_MAPPER: COST CONTEXT  - 7065399 - 435425
2021-09-23 16:45:13,217 - PDL-Slicing/Transport - INFO - ORCH: Local context distributed.
2021-09-23 16:54:59,708 - PDL-Slicing/Transport - INFO - TRANSPORT_EVENT_MNGR: NEW TOPOLOGY EVENT
2021-09-23 16:54:59,726 - PDL-Slicing/Transport - INFO - BLOCKCHAIN_CONTEXT - 2021-09-23 16:54:59.726093
2021-09-23 16:54:59,731 - PDL-Slicing/Transport - INFO - ORCH: Adding external SDN domain context information in the E2E Network graph.3d89bd76-e54d-5fab-9787-eb609f291ee0
2021-09-23 16:57:17,691 - PDL-Slicing/Transport - INFO - TRANSPORT_EVENT_MNGR: NEW TOPOLOGY EVENT
2021-09-23 16:57:17,700 - PDL-Slicing/Transport - INFO - BLOCKCHAIN_CONTEXT - 2021-09-23 16:57:17.700639
2021-09-23 16:57:17,711 - PDL-Slicing/Transport - INFO - ORCH: Adding external SDN domain context information in the E2E Network graph.226b9166-974e-57ff-821d-2f24e5a71b00
2021-09-23 17:05:58,074 - PDL-Slicing/Transport - INFO - TRANSPORT_EVENT_MNGR: NO NEED TO PROCESS THIS EVENT.
2021-09-23 17:05:59,108 - PDL-Slicing/Transport - INFO - TRANSPORT_EVENT_MNGR: NO NEED TO PROCESS THIS EVENT.
2021-09-23 17:06:37,884 - PDL-Slicing/Transport - INFO - TRANSPORT_EVENT_MNGR: NO NEED TO PROCESS THIS EVENT.
2021-09-23 17:06:37,889 - PDL-Slicing/Transport - INFO - TRANSPORT_EVENT_MNGR: NO NEED TO PROCESS THIS EVENT.
2021-09-23 17:12:29,521 - PDL-Slicing/Transport - INFO - TRANSPORT_EVENT_MNGR: EVENT TO CREATE A NEW CS
2021-09-23 17:12:29,523 - PDL-Slicing/Transport - INFO - ORCH: Received request to deploy a local CS: 717bfb04-a411-443d-ac15-f13de161c0dd
2021-09-23 17:12:29,523 - PDL-Slicing/Transport - INFO - SDN_MAPPER: Arrived a requests to deploy a local CS.
2021-09-23 17:12:29,524 - PDL-Slicing/Transport - INFO - SDN_MAPPER: CS information: {'uuid': '717bfb04-a411-443d-ac15-f13de161c0dd', 'context-uuid': '0bd7908e-c22b-574d-8bba-396d060e2611', 'address-owner': '0xcEE1A10D9Fa3685686EbF052F09d0f9f2C30a58a', 'status': 'INSTANTIATING', 'sip-source': '1b7dbfae-2ef5-5d7c-b4ff-be8fba395f6d', 'sip-destination': 'a9b6a9a3-99c5-5b37-bc83-d087abf94ceb', 'internal-links': []} / Capacity: {'value': 600, 'unit': 'GHz'}/ Spectrum: {'lower-frequency': 191700000, 'upper-frequency': 192300000}
2021-09-23 17:12:29,524 - PDL-Slicing/Transport - INFO - {'tapi-connectivity:connectivity-service': [{'uuid': '717bfb04-a411-443d-ac15-f13de161c0dd', 'connectivity-constraint': {'requested-capacity': {'total-size': {'value': 600, 'unit': 'GHz'}}, 'connectivity-direction': 'UNIDIRECTIONAL'}, 'end-point': [{'service-interface-point': {'service-interface-point-uuid': '1b7dbfae-2ef5-5d7c-b4ff-be8fba395f6d'}, 'layer-protocol-name': 'PHOTONIC_MEDIA', 'layer-protocol-qualifier': 'tapi-photonic-media:PHOTONIC_LAYER_QUALIFIER_NMC', 'local-id': '1b7dbfae-2ef5-5d7c-b4ff-be8fba395f6d', 'tapi-photonic-media:media-channel-connectivity-service-end-point-spec': {'mc-config': {'spectrum': {'frequency-constraint': {'adjustment-granularity': 'G_6_25GHZ', 'grid-type': 'FLEX'}, 'lower-frequency': 191700000, 'upper-frequency': 192300000}}}}, {'service-interface-point': {'service-interface-point-uuid': 'a9b6a9a3-99c5-5b37-bc83-d087abf94ceb'}, 'layer-protocol-name': 'PHOTONIC_MEDIA', 'layer-protocol-qualifier': 'tapi-photonic-media:PHOTONIC_LAYER_QUALIFIER_NMC', 'local-id': 'a9b6a9a3-99c5-5b37-bc83-d087abf94ceb'}]}]}
2021-09-23 17:12:29,774 - PDL-Slicing/Transport - INFO - Added local CS element.
2021-09-23 17:12:30,770 - PDL-Slicing/Transport - INFO - TRANSPORT_EVENT_MNGR: NO NEED TO PROCESS THIS EVENT.
2021-09-23 17:12:30,844 - PDL-Slicing/Transport - INFO - BLOCKCHAIN_MAPPER: COST DEPLOY_CS Update - 217674 - 498
2021-09-23 17:21:13,844 - PDL-Slicing/Transport - INFO - TRANSPORT_EVENT_MNGR: EVENT TO TERMINATE A CS
2021-09-23 17:21:13,848 - PDL-Slicing/Transport - INFO - TIME TERMINATE BLOCKCHAIN - 717bfb04-a411-443d-ac15-f13de161c0dd - 2021-09-23 17:21:13.848732
2021-09-23 17:21:13,851 - PDL-Slicing/Transport - INFO - ORCH: Received request to terminate a local CS: 717bfb04-a411-443d-ac15-f13de161c0dd
2021-09-23 17:21:13,851 - PDL-Slicing/Transport - INFO - SDN_MAPPER: Arrived a requests to terminate a local CS: 717bfb04-a411-443d-ac15-f13de161c0dd
2021-09-23 17:21:14,104 - PDL-Slicing/Transport - INFO - Added local CS element.
2021-09-23 17:21:14,449 - PDL-Slicing/Transport - INFO - BLOCKCHAIN_MAPPER: COST TERMINATE_CS Update - 46242 - 46
2021-09-23 17:21:14,883 - PDL-Slicing/Transport - INFO - TRANSPORT_EVENT_MNGR: NO NEED TO PROCESS THIS EVENT.
2021-09-23 17:26:37,948 - PDL-Slicing/Transport - INFO - TRANSPORT_EVENT_MNGR: NO NEED TO PROCESS THIS EVENT.
2021-09-23 17:26:38,972 - PDL-Slicing/Transport - INFO - TRANSPORT_EVENT_MNGR: NO NEED TO PROCESS THIS EVENT.
2021-09-23 17:31:05,561 - PDL-Slicing/Transport - INFO - TRANSPORT_EVENT_MNGR: NO NEED TO PROCESS THIS EVENT.
2021-09-23 17:31:06,586 - PDL-Slicing/Transport - INFO - TRANSPORT_EVENT_MNGR: NO NEED TO PROCESS THIS EVENT.
2021-09-23 17:42:04,781 - PDL-Slicing/Transport - INFO - TRANSPORT_EVENT_MNGR: NO NEED TO PROCESS THIS EVENT.
2021-09-23 17:42:05,804 - PDL-Slicing/Transport - INFO - TRANSPORT_EVENT_MNGR: NO NEED TO PROCESS THIS EVENT.
2021-09-23 17:55:39,435 - PDL-Slicing/Transport - INFO - TRANSPORT_EVENT_MNGR: NO NEED TO PROCESS THIS EVENT.
2021-09-23 17:55:40,459 - PDL-Slicing/Transport - INFO - TRANSPORT_EVENT_MNGR: NO NEED TO PROCESS THIS EVENT.
2021-09-23 18:03:30,389 - PDL-Slicing/Transport - INFO - TRANSPORT_EVENT_MNGR: NO NEED TO PROCESS THIS EVENT.
2021-09-23 18:03:31,682 - PDL-Slicing/Transport - INFO - TRANSPORT_EVENT_MNGR: NO NEED TO PROCESS THIS EVENT.
2021-09-23 18:06:39,311 - PDL-Slicing/Transport - INFO - TRANSPORT_EVENT_MNGR: NO NEED TO PROCESS THIS EVENT.
2021-09-23 18:06:40,401 - PDL-Slicing/Transport - INFO - TRANSPORT_EVENT_MNGR: NO NEED TO PROCESS THIS EVENT.
2021-09-23 18:07:35,826 - PDL-Slicing/Transport - INFO - TRANSPORT_EVENT_MNGR: NO NEED TO PROCESS THIS EVENT.
2021-09-23 18:07:36,852 - PDL-Slicing/Transport - INFO - TRANSPORT_EVENT_MNGR: NO NEED TO PROCESS THIS EVENT.
2021-09-23 18:10:00,697 - PDL-Slicing/Transport - INFO - TRANSPORT_EVENT_MNGR: NO NEED TO PROCESS THIS EVENT.
2021-09-23 18:10:01,723 - PDL-Slicing/Transport - INFO - TRANSPORT_EVENT_MNGR: NO NEED TO PROCESS THIS EVENT.
2021-09-23 18:11:46,191 - PDL-Slicing/Transport - INFO - Received E2E CS deployment request.
2021-09-23 18:11:46,405 - PDL-Slicing/Transport - INFO - Selected SIPs available to be used. Starting the deployment.
2021-09-23 18:11:46,407 - PDL-Slicing/Transport - INFO - ORCH: Received E2E request info. Let's process it.
2021-09-23 18:11:46,407 - PDL-Slicing/Transport - INFO - TIME INSTANTIATE E2E - d623cd26-31cd-4a1a-be8c-2ad08092ab57 - 2021-09-23 18:11:46.407548
2021-09-23 18:11:46,407 - PDL-Slicing/Transport - INFO - Element added into the DB e2e_cs
2021-09-23 18:11:46,407 - PDL-Slicing/Transport - INFO - ORCH: Calculates the 20 simplest paths.
2021-09-23 18:11:46,408 - PDL-Slicing/Transport - INFO - ORCH: Prepares E2E topology information.
2021-09-23 18:12:26,454 - PDL-Slicing/Transport - INFO - Retrieveing an element from the DB e2e_cs
2021-09-23 18:12:29,262 - PDL-Slicing/Transport - INFO - ORCH: Looks for the TAPI elements information involved in the route.
2021-09-23 18:12:36,471 - PDL-Slicing/Transport - INFO - Retrieveing an element from the DB e2e_cs
2021-09-23 18:12:46,495 - PDL-Slicing/Transport - INFO - Retrieveing an element from the DB e2e_cs
2021-09-23 18:12:56,515 - PDL-Slicing/Transport - INFO - Retrieveing an element from the DB e2e_cs
2021-09-23 18:13:06,546 - PDL-Slicing/Transport - INFO - Retrieveing an element from the DB e2e_cs
2021-09-23 18:13:16,562 - PDL-Slicing/Transport - INFO - Retrieveing an element from the DB e2e_cs
2021-09-23 18:13:26,583 - PDL-Slicing/Transport - INFO - Retrieveing an element from the DB e2e_cs
2021-09-23 18:13:36,601 - PDL-Slicing/Transport - INFO - Retrieveing an element from the DB e2e_cs
2021-09-23 18:13:46,620 - PDL-Slicing/Transport - INFO - Retrieveing an element from the DB e2e_cs
2021-09-23 18:13:56,639 - PDL-Slicing/Transport - INFO - Retrieveing an element from the DB e2e_cs
2021-09-23 18:14:06,659 - PDL-Slicing/Transport - INFO - Retrieveing an element from the DB e2e_cs
2021-09-23 18:14:16,678 - PDL-Slicing/Transport - INFO - Retrieveing an element from the DB e2e_cs
2021-09-23 18:14:26,699 - PDL-Slicing/Transport - INFO - Retrieveing an element from the DB e2e_cs
2021-09-23 18:14:36,718 - PDL-Slicing/Transport - INFO - Retrieveing an element from the DB e2e_cs
2021-09-23 18:14:46,734 - PDL-Slicing/Transport - INFO - Retrieveing an element from the DB e2e_cs
2021-09-23 18:14:56,753 - PDL-Slicing/Transport - INFO - Retrieveing an element from the DB e2e_cs
2021-09-23 18:15:06,772 - PDL-Slicing/Transport - INFO - Retrieveing an element from the DB e2e_cs
2021-09-23 18:15:16,791 - PDL-Slicing/Transport - INFO - Retrieveing an element from the DB e2e_cs
2021-09-23 18:15:26,810 - PDL-Slicing/Transport - INFO - Retrieveing an element from the DB e2e_cs
2021-09-23 18:15:36,830 - PDL-Slicing/Transport - INFO - Retrieveing an element from the DB e2e_cs
2021-09-23 18:15:46,862 - PDL-Slicing/Transport - INFO - Retrieveing an element from the DB e2e_cs
2021-09-23 18:15:56,890 - PDL-Slicing/Transport - INFO - Retrieveing an element from the DB e2e_cs
2021-09-23 18:16:06,911 - PDL-Slicing/Transport - INFO - Retrieveing an element from the DB e2e_cs
2021-09-23 18:16:08,227 - PDL-Slicing/Transport - INFO - ORCH: Updating information in the Blockchain to leave resources selected for other requests.
2021-09-23 18:16:09,386 - PDL-Slicing/Transport - INFO - BLOCKCHAIN_MAPPER: COST_PhysicalOption_Update - 151696 - 603
2021-09-23 18:16:10,388 - PDL-Slicing/Transport - INFO - BLOCKCHAIN_MAPPER: COST_LinkOption_Update - 58883 - 27451
2021-09-23 18:16:10,390 - PDL-Slicing/Transport - INFO - ORCH: Saving and distributing the updated SIPs info.
2021-09-23 18:16:12,426 - PDL-Slicing/Transport - INFO - BLOCKCHAIN_MAPPER: COST_SIP_Update - 219075 - 1160
2021-09-23 18:16:14,488 - PDL-Slicing/Transport - INFO - BLOCKCHAIN_MAPPER: COST_SIP_Update - 219087 - 1161
2021-09-23 18:16:16,439 - PDL-Slicing/Transport - INFO - BLOCKCHAIN_MAPPER: COST_SIP_Update - 219063 - 1159
2021-09-23 18:16:16,931 - PDL-Slicing/Transport - INFO - Retrieveing an element from the DB e2e_cs
2021-09-23 18:16:18,622 - PDL-Slicing/Transport - INFO - BLOCKCHAIN_MAPPER: COST_SIP_Update - 219051 - 1158
2021-09-23 18:16:18,623 - PDL-Slicing/Transport - INFO - ORCH: E2E CS data object ready.
2021-09-23 18:16:18,624 - PDL-Slicing/Transport - INFO - Updating Element in DB e2e_cs
2021-09-23 18:16:18,624 - PDL-Slicing/Transport - INFO - ORCH: Sending Domain CSs requests.
2021-09-23 18:16:18,626 - PDL-Slicing/Transport - INFO - Sending domain CS request to the local SDN controller.
2021-09-23 18:16:18,626 - PDL-Slicing/Transport - INFO - TIME INSTANTIATE LOCAL - 069f600a-00b3-4969-8da8-015614b27a9f - 2021-09-23 18:16:18.626606
2021-09-23 18:16:18,626 - PDL-Slicing/Transport - INFO - SDN_MAPPER: Arrived a requests to deploy a local CS.
2021-09-23 18:16:18,626 - PDL-Slicing/Transport - INFO - SDN_MAPPER: CS information: {'uuid': '069f600a-00b3-4969-8da8-015614b27a9f', 'context-uuid': '0bd7908e-c22b-574d-8bba-396d060e2611', 'address-owner': '0xcEE1A10D9Fa3685686EbF052F09d0f9f2C30a58a', 'status': 'INSTANTIATING', 'sip-source': '0d29c715-fa35-5eaf-8be8-20cc73d8a4e6', 'sip-destination': 'd7ee402b-7f9e-5468-86ec-113c5ec22707', 'internal-links': []} / Capacity: {'value': 450, 'unit': 'GHz'}/ Spectrum: {'lower-frequency': 191700000, 'upper-frequency': 192150000}
2021-09-23 18:16:18,627 - PDL-Slicing/Transport - INFO - {'tapi-connectivity:connectivity-service': [{'uuid': '069f600a-00b3-4969-8da8-015614b27a9f', 'connectivity-constraint': {'requested-capacity': {'total-size': {'value': 450, 'unit': 'GHz'}}, 'connectivity-direction': 'UNIDIRECTIONAL'}, 'end-point': [{'service-interface-point': {'service-interface-point-uuid': '0d29c715-fa35-5eaf-8be8-20cc73d8a4e6'}, 'layer-protocol-name': 'PHOTONIC_MEDIA', 'layer-protocol-qualifier': 'tapi-photonic-media:PHOTONIC_LAYER_QUALIFIER_NMC', 'local-id': '0d29c715-fa35-5eaf-8be8-20cc73d8a4e6', 'tapi-photonic-media:media-channel-connectivity-service-end-point-spec': {'mc-config': {'spectrum': {'frequency-constraint': {'adjustment-granularity': 'G_6_25GHZ', 'grid-type': 'FLEX'}, 'lower-frequency': 191700000, 'upper-frequency': 192150000}}}}, {'service-interface-point': {'service-interface-point-uuid': 'd7ee402b-7f9e-5468-86ec-113c5ec22707'}, 'layer-protocol-name': 'PHOTONIC_MEDIA', 'layer-protocol-qualifier': 'tapi-photonic-media:PHOTONIC_LAYER_QUALIFIER_NMC', 'local-id': 'd7ee402b-7f9e-5468-86ec-113c5ec22707'}]}]}
2021-09-23 18:16:18,877 - PDL-Slicing/Transport - INFO - TIME INSTANTIATE LOCAL - 069f600a-00b3-4969-8da8-015614b27a9f - 2021-09-23 18:16:18.877753
2021-09-23 18:16:18,878 - PDL-Slicing/Transport - INFO - Added local CS element.
2021-09-23 18:16:18,878 - PDL-Slicing/Transport - INFO - Retrieveing an element from the DB e2e_cs
2021-09-23 18:16:18,879 - PDL-Slicing/Transport - INFO - Updating Element in DB e2e_cs
2021-09-23 18:16:18,879 - PDL-Slicing/Transport - INFO - Distribute domain CS request to deploy in the Blockchain.
2021-09-23 18:16:18,879 - PDL-Slicing/Transport - INFO - TIME INSTANTIATE BLOCKCHAIN - 05620711-2899-4562-952e-8a61600603f3 - 2021-09-23 18:16:18.879571
2021-09-23 18:16:18,880 - PDL-Slicing/Transport - INFO - BLOCKCHAIN_MAPPER: CS information: {'uuid': '05620711-2899-4562-952e-8a61600603f3', 'context-uuid': '226b9166-974e-57ff-821d-2f24e5a71b00', 'address-owner': '0x04cbF364a507Faf82006f8A1E8e86458013113Dd', 'status': 'INSTANTIATING', 'sip-source': 'ce525139-c58a-5ee7-a527-94e344d8fa5e', 'sip-destination': 'b1655446-a3e1-5077-8006-0277028b9179', 'internal-links': []} / Capacity: {'value': 450, 'unit': 'GHz'}/ Spectrum: {'lower-frequency': 191700000, 'upper-frequency': 192150000}
2021-09-23 18:16:20,396 - PDL-Slicing/Transport - INFO - BLOCKCHAIN_MAPPER: COST DEPLOY_CS - 578195 - 418
2021-09-23 18:16:20,403 - PDL-Slicing/Transport - INFO - ORCH: Waiting all the domains CS to be deployed.
2021-09-23 18:16:20,425 - PDL-Slicing/Transport - INFO - Retrieveing an element from the DB e2e_cs
2021-09-23 18:16:20,663 - PDL-Slicing/Transport - INFO - TRANSPORT_EVENT_MNGR: NO NEED TO PROCESS THIS EVENT.
2021-09-23 18:16:22,158 - PDL-Slicing/Transport - INFO - TRANSPORT_EVENT_MNGR: EVENT TO UPDATE A DEPLOYED DOMAIN CS
2021-09-23 18:16:22,166 - PDL-Slicing/Transport - INFO - ORCH: Updating connectivity services information from another domain.
2021-09-23 18:16:22,166 - PDL-Slicing/Transport - INFO - Retrieving elements from DB e2e_cs
2021-09-23 18:16:22,167 - PDL-Slicing/Transport - INFO - Updating Element in DB e2e_cs
2021-09-23 18:16:22,167 - PDL-Slicing/Transport - INFO - TIME INSTANTIATE BLOCKCHAIN - 05620711-2899-4562-952e-8a61600603f3 - 2021-09-23 18:16:22.167323
2021-09-23 18:16:26,958 - PDL-Slicing/Transport - INFO - Retrieveing an element from the DB e2e_cs
2021-09-23 18:16:30,437 - PDL-Slicing/Transport - INFO - Retrieveing an element from the DB e2e_cs
2021-09-23 18:16:36,974 - PDL-Slicing/Transport - INFO - Retrieveing an element from the DB e2e_cs
2021-09-23 18:16:40,446 - PDL-Slicing/Transport - INFO - Retrieveing an element from the DB e2e_cs
2021-09-23 18:16:40,446 - PDL-Slicing/Transport - INFO - Updating Element in DB e2e_cs
2021-09-23 18:16:40,447 - PDL-Slicing/Transport - INFO - TIME INSTANTIATE E2E - d623cd26-31cd-4a1a-be8c-2ad08092ab57 - 2021-09-23 18:16:40.447160
2021-09-23 18:16:40,447 - PDL-Slicing/Transport - INFO - TIME LINKS CAPACITY - [] - 450GHz
2021-09-23 18:16:40,447 - PDL-Slicing/Transport - INFO - ORCH: E2E CS request processed.
2021-09-23 18:16:40,448 - PDL-Slicing/Transport - INFO - ORCH: e2e_cs_json: {'uuid': 'd623cd26-31cd-4a1a-be8c-2ad08092ab57', 'source': {'context_uuid': '0bd7908e-c22b-574d-8bba-396d060e2611', 'node_uuid': '0bd7908e-c22b-574d-8bba-396d060e2611', 'sip_uuid': '0d29c715-fa35-5eaf-8be8-20cc73d8a4e6'}, 'destination': {'context_uuid': '226b9166-974e-57ff-821d-2f24e5a71b00', 'node_uuid': '226b9166-974e-57ff-821d-2f24e5a71b00', 'sip_uuid': 'b1655446-a3e1-5077-8006-0277028b9179'}, 'status': 'DEPLOYED', 'capacity': {'value': 450, 'unit': 'GHz'}, 'spectrum': {'lower-frequency': 191700000, 'upper-frequency': 192150000}, 'route-nodes': [{'context_uuid': '0bd7908e-c22b-574d-8bba-396d060e2611', 'node_uuid': '0bd7908e-c22b-574d-8bba-396d060e2611', 'nep_uuid': '6336a0d4-2007-5c32-b842-f6f40cf93965', 'sip_uuid': '0d29c715-fa35-5eaf-8be8-20cc73d8a4e6', 'nep_direction': 'OUTPUT'}, {'context_uuid': '0bd7908e-c22b-574d-8bba-396d060e2611', 'node_uuid': '69c1ef5e-0d4a-5fb7-b729-b494313d3dc5', 'nep_uuid': 'bcb246d4-37b9-5a77-b88b-c27fc3d2c16b', 'sip_uuid': 'd7ee402b-7f9e-5468-86ec-113c5ec22707', 'nep_direction': 'OUTPUT', 'link': 'f7f5cdef-8bb0-42c4-a315-bbc852b0a193'}, {'context_uuid': '226b9166-974e-57ff-821d-2f24e5a71b00', 'node_uuid': 'bc1cfe05-af20-59e7-85b8-eb096253c769', 'nep_uuid': 'df00a549-9a86-5d57-be3e-3a05767fe26b', 'sip_uuid': 'ce525139-c58a-5ee7-a527-94e344d8fa5e', 'nep_direction': 'INPUT', 'link': 'f7f5cdef-8bb0-42c4-a315-bbc852b0a193'}, {'context_uuid': '226b9166-974e-57ff-821d-2f24e5a71b00', 'node_uuid': '226b9166-974e-57ff-821d-2f24e5a71b00', 'nep_uuid': '0e8fd12c-f9e6-583a-a8fd-71c4ad4f8c10', 'sip_uuid': 'b1655446-a3e1-5077-8006-0277028b9179', 'nep_direction': 'INPUT'}], 'domain-cs': [{'uuid': '069f600a-00b3-4969-8da8-015614b27a9f', 'context-uuid': '0bd7908e-c22b-574d-8bba-396d060e2611', 'address-owner': '0xcEE1A10D9Fa3685686EbF052F09d0f9f2C30a58a', 'status': 'DEPLOYED', 'sip-source': '0d29c715-fa35-5eaf-8be8-20cc73d8a4e6', 'sip-destination': 'd7ee402b-7f9e-5468-86ec-113c5ec22707', 'internal-links': []}, {'uuid': '05620711-2899-4562-952e-8a61600603f3', 'context-uuid': '226b9166-974e-57ff-821d-2f24e5a71b00', 'address-owner': '0x04cbF364a507Faf82006f8A1E8e86458013113Dd', 'status': 'DEPLOYED', 'sip-source': 'ce525139-c58a-5ee7-a527-94e344d8fa5e', 'sip-destination': 'b1655446-a3e1-5077-8006-0277028b9179', 'internal-links': []}], 'description': 'OK'}
2021-09-23 18:16:47,004 - PDL-Slicing/Transport - INFO - Retrieveing an element from the DB e2e_cs
2021-09-23 18:17:35,566 - PDL-Slicing/Transport - INFO - TRANSPORT_EVENT_MNGR: NO NEED TO PROCESS THIS EVENT.
2021-09-23 18:17:36,583 - PDL-Slicing/Transport - INFO - TRANSPORT_EVENT_MNGR: NO NEED TO PROCESS THIS EVENT.
2021-09-23 18:17:50,232 - PDL-Slicing/Transport - INFO - Received E2E CS terminate request.
2021-09-23 18:17:50,246 - PDL-Slicing/Transport - INFO - ORCH: Received E2E request info to terminate CS. Let's process it.
2021-09-23 18:17:50,247 - PDL-Slicing/Transport - INFO - TIME TERMINATE E2E - d623cd26-31cd-4a1a-be8c-2ad08092ab57 - 2021-09-23 18:17:50.247856
2021-09-23 18:17:50,248 - PDL-Slicing/Transport - INFO - Retrieveing an element from the DB e2e_cs
2021-09-23 18:17:50,249 - PDL-Slicing/Transport - INFO - TIME TERMINATE LOCAL - 069f600a-00b3-4969-8da8-015614b27a9f - 2021-09-23 18:17:50.249493
2021-09-23 18:17:50,249 - PDL-Slicing/Transport - INFO - SDN_MAPPER: Arrived a requests to terminate a local CS: 069f600a-00b3-4969-8da8-015614b27a9f
2021-09-23 18:17:50,264 - PDL-Slicing/Transport - INFO - Retrieveing an element from the DB e2e_cs
2021-09-23 18:17:50,500 - PDL-Slicing/Transport - INFO - TIME TERMINATE LOCAL - 069f600a-00b3-4969-8da8-015614b27a9f - 2021-09-23 18:17:50.500416
2021-09-23 18:17:50,501 - PDL-Slicing/Transport - INFO - Added local CS element.
2021-09-23 18:17:50,504 - PDL-Slicing/Transport - INFO - Retrieveing an element from the DB e2e_cs
2021-09-23 18:17:50,505 - PDL-Slicing/Transport - INFO - Updating Element in DB e2e_cs
2021-09-23 18:17:50,508 - PDL-Slicing/Transport - INFO - TIME TERMINATE BLOCKCHAIN - 05620711-2899-4562-952e-8a61600603f3 - 2021-09-23 18:17:50.508622
2021-09-23 18:17:50,738 - PDL-Slicing/Transport - INFO - BLOCKCHAIN_MAPPER: COST TERMINATE_CS - 36656 - 36
2021-09-23 18:17:50,742 - PDL-Slicing/Transport - INFO - ORCH: Waiting all the domains CS from other domains to be terminated.
2021-09-23 18:17:50,744 - PDL-Slicing/Transport - INFO - Retrieveing an element from the DB e2e_cs
2021-09-23 18:17:50,808 - PDL-Slicing/Transport - INFO - TRANSPORT_EVENT_MNGR: NO NEED TO PROCESS THIS EVENT.
2021-09-23 18:17:51,888 - PDL-Slicing/Transport - INFO - TRANSPORT_EVENT_MNGR: EVENT TO UPDATE A TERMINATED CS
2021-09-23 18:17:51,900 - PDL-Slicing/Transport - INFO - ORCH: Updating connectivity services information from another domain.
2021-09-23 18:17:51,900 - PDL-Slicing/Transport - INFO - Retrieving elements from DB e2e_cs
2021-09-23 18:17:51,900 - PDL-Slicing/Transport - INFO - Updating Element in DB e2e_cs
2021-09-23 18:17:51,900 - PDL-Slicing/Transport - INFO - TIME TERMINATE BLOCKCHAIN - 05620711-2899-4562-952e-8a61600603f3 - 2021-09-23 18:17:51.900678
2021-09-23 18:18:00,300 - PDL-Slicing/Transport - INFO - Retrieveing an element from the DB e2e_cs
2021-09-23 18:18:00,754 - PDL-Slicing/Transport - INFO - Retrieveing an element from the DB e2e_cs
2021-09-23 18:18:10,343 - PDL-Slicing/Transport - INFO - Retrieveing an element from the DB e2e_cs
2021-09-23 18:18:10,769 - PDL-Slicing/Transport - INFO - Retrieveing an element from the DB e2e_cs
2021-09-23 18:18:20,375 - PDL-Slicing/Transport - INFO - Retrieveing an element from the DB e2e_cs
2021-09-23 18:18:30,394 - PDL-Slicing/Transport - INFO - Retrieveing an element from the DB e2e_cs
2021-09-23 18:18:40,416 - PDL-Slicing/Transport - INFO - Retrieveing an element from the DB e2e_cs
2021-09-23 18:18:50,442 - PDL-Slicing/Transport - INFO - Retrieveing an element from the DB e2e_cs
2021-09-23 18:18:53,613 - PDL-Slicing/Transport - INFO - ORCH: Updating resources information in DDBBs.
2021-09-23 18:18:53,614 - PDL-Slicing/Transport - INFO - ORCH: Updating NEP Client (SIP) info.
2021-09-23 18:18:54,935 - PDL-Slicing/Transport - INFO - BLOCKCHAIN_MAPPER: COST_SIP_Update - 63294 - 1014
2021-09-23 18:18:54,937 - PDL-Slicing/Transport - INFO - ORCH: Updating NEP Client (SIP) info.
2021-09-23 18:18:55,867 - PDL-Slicing/Transport - INFO - BLOCKCHAIN_MAPPER: COST_PhysicalOption_Update - 44678 - 457
2021-09-23 18:18:56,274 - PDL-Slicing/Transport - INFO - BLOCKCHAIN_MAPPER: COST_LinkOption_Update - 58859 - 27303
2021-09-23 18:18:57,692 - PDL-Slicing/Transport - INFO - BLOCKCHAIN_MAPPER: COST_SIP_Update - 63300 - 1015
2021-09-23 18:18:57,694 - PDL-Slicing/Transport - INFO - ORCH: Updating NEP Client (SIP) info.
2021-09-23 18:18:58,816 - PDL-Slicing/Transport - INFO - BLOCKCHAIN_MAPPER: COST_SIP_Update - 63288 - 1013
2021-09-23 18:18:58,818 - PDL-Slicing/Transport - INFO - ORCH: Updating NEP Client (SIP) info.
2021-09-23 18:19:00,245 - PDL-Slicing/Transport - INFO - BLOCKCHAIN_MAPPER: COST_SIP_Update - 63282 - 1012
2021-09-23 18:19:00,246 - PDL-Slicing/Transport - INFO - Updating Element in DB e2e_cs
2021-09-23 18:19:00,247 - PDL-Slicing/Transport - INFO - TIME TERMINATE E2E - d623cd26-31cd-4a1a-be8c-2ad08092ab57 - 2021-09-23 18:19:00.246998
2021-09-23 18:19:00,248 - PDL-Slicing/Transport - INFO - ORCH: E2E CS request processed.
2021-09-23 18:19:00,466 - PDL-Slicing/Transport - INFO - Retrieveing an element from the DB e2e_cs
2021-09-23 18:41:51,751 - PDL-Slicing/Transport - INFO - TRANSPORT_EVENT_MNGR: NO NEED TO PROCESS THIS EVENT.
2021-09-23 18:41:52,946 - PDL-Slicing/Transport - INFO - TRANSPORT_EVENT_MNGR: NO NEED TO PROCESS THIS EVENT.
2021-09-23 18:44:01,697 - PDL-Slicing/Transport - INFO - TRANSPORT_EVENT_MNGR: NO NEED TO PROCESS THIS EVENT.
2021-09-23 18:44:03,230 - PDL-Slicing/Transport - INFO - TRANSPORT_EVENT_MNGR: NO NEED TO PROCESS THIS EVENT.
2021-09-23 18:50:16,464 - PDL-Slicing/Transport - INFO - TRANSPORT_EVENT_MNGR: NO NEED TO PROCESS THIS EVENT.
2021-09-23 18:50:18,857 - PDL-Slicing/Transport - INFO - TRANSPORT_EVENT_MNGR: NO NEED TO PROCESS THIS EVENT.
2021-09-23 18:52:33,720 - PDL-Slicing/Transport - INFO - TRANSPORT_EVENT_MNGR: NO NEED TO PROCESS THIS EVENT.
2021-09-23 18:52:36,107 - PDL-Slicing/Transport - INFO - TRANSPORT_EVENT_MNGR: NO NEED TO PROCESS THIS EVENT.
2021-09-23 18:58:20,748 - PDL-Slicing/Transport - INFO - TRANSPORT_EVENT_MNGR: NO NEED TO PROCESS THIS EVENT.
2021-09-23 18:58:23,469 - PDL-Slicing/Transport - INFO - TRANSPORT_EVENT_MNGR: NO NEED TO PROCESS THIS EVENT.
2021-09-23 19:00:27,392 - PDL-Slicing/Transport - INFO - TRANSPORT_EVENT_MNGR: NO NEED TO PROCESS THIS EVENT.
2021-09-23 19:00:29,848 - PDL-Slicing/Transport - INFO - TRANSPORT_EVENT_MNGR: NO NEED TO PROCESS THIS EVENT.
2021-09-23 19:00:39,107 - PDL-Slicing/Transport - INFO - TRANSPORT_EVENT_MNGR: NO NEED TO PROCESS THIS EVENT.
2021-09-23 19:00:41,433 - PDL-Slicing/Transport - INFO - TRANSPORT_EVENT_MNGR: NO NEED TO PROCESS THIS EVENT.
2021-09-23 19:01:52,576 - PDL-Slicing/Transport - INFO - TRANSPORT_EVENT_MNGR: NO NEED TO PROCESS THIS EVENT.
2021-09-23 19:01:53,814 - PDL-Slicing/Transport - INFO - TRANSPORT_EVENT_MNGR: NO NEED TO PROCESS THIS EVENT.
2021-09-23 19:04:42,146 - PDL-Slicing/Transport - INFO - TRANSPORT_EVENT_MNGR: NO NEED TO PROCESS THIS EVENT.
2021-09-23 19:04:43,395 - PDL-Slicing/Transport - INFO - TRANSPORT_EVENT_MNGR: NO NEED TO PROCESS THIS EVENT.
2021-09-23 19:05:56,426 - PDL-Slicing/Transport - INFO - TRANSPORT_EVENT_MNGR: NO NEED TO PROCESS THIS EVENT.
2021-09-23 19:05:57,549 - PDL-Slicing/Transport - INFO - TRANSPORT_EVENT_MNGR: NO NEED TO PROCESS THIS EVENT.
2021-09-23 19:08:45,277 - PDL-Slicing/Transport - INFO - TRANSPORT_EVENT_MNGR: NO NEED TO PROCESS THIS EVENT.
2021-09-23 19:08:46,316 - PDL-Slicing/Transport - INFO - TRANSPORT_EVENT_MNGR: NO NEED TO PROCESS THIS EVENT.
2021-09-23 19:10:47,511 - PDL-Slicing/Transport - INFO - TRANSPORT_EVENT_MNGR: NO NEED TO PROCESS THIS EVENT.
2021-09-23 19:10:51,186 - PDL-Slicing/Transport - INFO - TRANSPORT_EVENT_MNGR: NO NEED TO PROCESS THIS EVENT.
2021-09-23 19:11:26,298 - PDL-Slicing/Transport - INFO - TRANSPORT_EVENT_MNGR: NO NEED TO PROCESS THIS EVENT.
2021-09-23 19:11:27,373 - PDL-Slicing/Transport - INFO - TRANSPORT_EVENT_MNGR: NO NEED TO PROCESS THIS EVENT.
2021-09-23 19:15:34,989 - PDL-Slicing/Transport - INFO - TRANSPORT_EVENT_MNGR: NO NEED TO PROCESS THIS EVENT.
2021-09-23 19:15:36,506 - PDL-Slicing/Transport - INFO - TRANSPORT_EVENT_MNGR: NO NEED TO PROCESS THIS EVENT.
2021-09-23 19:20:14,544 - PDL-Slicing/Transport - INFO - TRANSPORT_EVENT_MNGR: NO NEED TO PROCESS THIS EVENT.
2021-09-23 19:20:15,745 - PDL-Slicing/Transport - INFO - TRANSPORT_EVENT_MNGR: NO NEED TO PROCESS THIS EVENT.
2021-09-23 19:22:46,319 - PDL-Slicing/Transport - INFO - TRANSPORT_EVENT_MNGR: NO NEED TO PROCESS THIS EVENT.
2021-09-23 19:22:47,331 - PDL-Slicing/Transport - INFO - TRANSPORT_EVENT_MNGR: NO NEED TO PROCESS THIS EVENT.
2021-09-23 19:27:23,146 - PDL-Slicing/Transport - INFO - TRANSPORT_EVENT_MNGR: NO NEED TO PROCESS THIS EVENT.
2021-09-23 19:27:24,327 - PDL-Slicing/Transport - INFO - TRANSPORT_EVENT_MNGR: NO NEED TO PROCESS THIS EVENT.
2021-09-23 19:28:56,511 - PDL-Slicing/Transport - INFO - TRANSPORT_EVENT_MNGR: NO NEED TO PROCESS THIS EVENT.
2021-09-23 19:28:57,576 - PDL-Slicing/Transport - INFO - TRANSPORT_EVENT_MNGR: NO NEED TO PROCESS THIS EVENT.
2021-09-23 19:35:57,191 - PDL-Slicing/Transport - INFO - TRANSPORT_EVENT_MNGR: NO NEED TO PROCESS THIS EVENT.
2021-09-23 19:35:58,290 - PDL-Slicing/Transport - INFO - TRANSPORT_EVENT_MNGR: NO NEED TO PROCESS THIS EVENT.
2021-09-23 19:38:06,075 - PDL-Slicing/Transport - INFO - TRANSPORT_EVENT_MNGR: NO NEED TO PROCESS THIS EVENT.
2021-09-23 19:38:08,270 - PDL-Slicing/Transport - INFO - TRANSPORT_EVENT_MNGR: NO NEED TO PROCESS THIS EVENT.
2021-09-23 19:50:14,134 - PDL-Slicing/Transport - INFO - TRANSPORT_EVENT_MNGR: NO NEED TO PROCESS THIS EVENT.
2021-09-23 19:50:15,202 - PDL-Slicing/Transport - INFO - TRANSPORT_EVENT_MNGR: NO NEED TO PROCESS THIS EVENT.
2021-09-23 20:10:41,057 - PDL-Slicing/Transport - INFO - TRANSPORT_EVENT_MNGR: NO NEED TO PROCESS THIS EVENT.
2021-09-23 20:10:42,258 - PDL-Slicing/Transport - INFO - TRANSPORT_EVENT_MNGR: NO NEED TO PROCESS THIS EVENT.
2021-09-23 20:14:26,692 - PDL-Slicing/Transport - INFO - TRANSPORT_EVENT_MNGR: NO NEED TO PROCESS THIS EVENT.
2021-09-23 20:14:27,711 - PDL-Slicing/Transport - INFO - TRANSPORT_EVENT_MNGR: NO NEED TO PROCESS THIS EVENT.
2021-09-23 20:23:04,970 - PDL-Slicing/Transport - INFO - TRANSPORT_EVENT_MNGR: NO NEED TO PROCESS THIS EVENT.
2021-09-23 20:23:06,008 - PDL-Slicing/Transport - INFO - TRANSPORT_EVENT_MNGR: NO NEED TO PROCESS THIS EVENT.
2021-09-23 20:31:03,923 - PDL-Slicing/Transport - INFO - TRANSPORT_EVENT_MNGR: NO NEED TO PROCESS THIS EVENT.
2021-09-23 20:31:04,974 - PDL-Slicing/Transport - INFO - TRANSPORT_EVENT_MNGR: NO NEED TO PROCESS THIS EVENT.
2021-09-23 20:38:00,073 - PDL-Slicing/Transport - INFO - TRANSPORT_EVENT_MNGR: NO NEED TO PROCESS THIS EVENT.
2021-09-23 20:38:01,238 - PDL-Slicing/Transport - INFO - TRANSPORT_EVENT_MNGR: NO NEED TO PROCESS THIS EVENT.
2021-09-23 20:42:35,348 - PDL-Slicing/Transport - INFO - TRANSPORT_EVENT_MNGR: NO NEED TO PROCESS THIS EVENT.
2021-09-23 20:42:36,368 - PDL-Slicing/Transport - INFO - TRANSPORT_EVENT_MNGR: NO NEED TO PROCESS THIS EVENT.
2021-09-23 21:01:21,247 - PDL-Slicing/Transport - INFO - TRANSPORT_EVENT_MNGR: NO NEED TO PROCESS THIS EVENT.
2021-09-23 21:01:22,323 - PDL-Slicing/Transport - INFO - TRANSPORT_EVENT_MNGR: NO NEED TO PROCESS THIS EVENT.
2021-09-23 21:07:41,719 - PDL-Slicing/Transport - INFO - TRANSPORT_EVENT_MNGR: NO NEED TO PROCESS THIS EVENT.
2021-09-23 21:07:42,740 - PDL-Slicing/Transport - INFO - TRANSPORT_EVENT_MNGR: NO NEED TO PROCESS THIS EVENT.
2021-09-23 21:31:00,373 - PDL-Slicing/Transport - INFO - TRANSPORT_EVENT_MNGR: NO NEED TO PROCESS THIS EVENT.
2021-09-23 21:31:02,446 - PDL-Slicing/Transport - INFO - TRANSPORT_EVENT_MNGR: NO NEED TO PROCESS THIS EVENT.
2021-09-23 21:32:46,679 - PDL-Slicing/Transport - INFO - TRANSPORT_EVENT_MNGR: NO NEED TO PROCESS THIS EVENT.
2021-09-23 21:32:47,730 - PDL-Slicing/Transport - INFO - TRANSPORT_EVENT_MNGR: NO NEED TO PROCESS THIS EVENT.
2021-09-23 21:52:59,947 - PDL-Slicing/Transport - INFO - TRANSPORT_EVENT_MNGR: NO NEED TO PROCESS THIS EVENT.
2021-09-23 21:53:03,020 - PDL-Slicing/Transport - INFO - TRANSPORT_EVENT_MNGR: NO NEED TO PROCESS THIS EVENT.
2021-09-23 21:53:39,388 - PDL-Slicing/Transport - INFO - TRANSPORT_EVENT_MNGR: NO NEED TO PROCESS THIS EVENT.
2021-09-23 21:53:40,409 - PDL-Slicing/Transport - INFO - TRANSPORT_EVENT_MNGR: NO NEED TO PROCESS THIS EVENT.
2021-09-23 22:36:38,049 - PDL-Slicing/Transport - INFO - TRANSPORT_EVENT_MNGR: NO NEED TO PROCESS THIS EVENT.
2021-09-23 22:36:39,198 - PDL-Slicing/Transport - INFO - TRANSPORT_EVENT_MNGR: NO NEED TO PROCESS THIS EVENT.
2021-09-23 22:39:10,715 - PDL-Slicing/Transport - INFO - TRANSPORT_EVENT_MNGR: NO NEED TO PROCESS THIS EVENT.
2021-09-23 22:39:11,728 - PDL-Slicing/Transport - INFO - TRANSPORT_EVENT_MNGR: NO NEED TO PROCESS THIS EVENT.
2021-09-23 22:45:11,371 - PDL-Slicing/Transport - INFO - TRANSPORT_EVENT_MNGR: NO NEED TO PROCESS THIS EVENT.
2021-09-23 22:45:12,566 - PDL-Slicing/Transport - INFO - TRANSPORT_EVENT_MNGR: NO NEED TO PROCESS THIS EVENT.
2021-09-23 22:51:37,170 - PDL-Slicing/Transport - INFO - TRANSPORT_EVENT_MNGR: NO NEED TO PROCESS THIS EVENT.
2021-09-23 22:51:38,273 - PDL-Slicing/Transport - INFO - TRANSPORT_EVENT_MNGR: NO NEED TO PROCESS THIS EVENT.
2021-09-23 22:51:52,356 - PDL-Slicing/Transport - INFO - TRANSPORT_EVENT_MNGR: NO NEED TO PROCESS THIS EVENT.
2021-09-23 22:51:53,397 - PDL-Slicing/Transport - INFO - TRANSPORT_EVENT_MNGR: NO NEED TO PROCESS THIS EVENT.
2021-09-23 22:53:56,514 - PDL-Slicing/Transport - INFO - TRANSPORT_EVENT_MNGR: NO NEED TO PROCESS THIS EVENT.
2021-09-23 22:53:57,528 - PDL-Slicing/Transport - INFO - TRANSPORT_EVENT_MNGR: NO NEED TO PROCESS THIS EVENT.
2021-09-23 23:08:36,368 - PDL-Slicing/Transport - INFO - TRANSPORT_EVENT_MNGR: NO NEED TO PROCESS THIS EVENT.
2021-09-23 23:08:38,517 - PDL-Slicing/Transport - INFO - TRANSPORT_EVENT_MNGR: NO NEED TO PROCESS THIS EVENT.
2021-09-23 23:13:16,505 - PDL-Slicing/Transport - INFO - TRANSPORT_EVENT_MNGR: NO NEED TO PROCESS THIS EVENT.
2021-09-23 23:13:17,516 - PDL-Slicing/Transport - INFO - TRANSPORT_EVENT_MNGR: NO NEED TO PROCESS THIS EVENT.
2021-09-23 23:35:22,527 - PDL-Slicing/Transport - INFO - TRANSPORT_EVENT_MNGR: NO NEED TO PROCESS THIS EVENT.
2021-09-23 23:35:23,578 - PDL-Slicing/Transport - INFO - TRANSPORT_EVENT_MNGR: NO NEED TO PROCESS THIS EVENT.
2021-09-23 23:37:44,131 - PDL-Slicing/Transport - INFO - TRANSPORT_EVENT_MNGR: NO NEED TO PROCESS THIS EVENT.
2021-09-23 23:37:45,152 - PDL-Slicing/Transport - INFO - TRANSPORT_EVENT_MNGR: NO NEED TO PROCESS THIS EVENT.
2021-09-24 00:09:17,072 - PDL-Slicing/Transport - INFO - TRANSPORT_EVENT_MNGR: NO NEED TO PROCESS THIS EVENT.
2021-09-24 00:09:18,171 - PDL-Slicing/Transport - INFO - TRANSPORT_EVENT_MNGR: NO NEED TO PROCESS THIS EVENT.
2021-09-24 00:11:43,420 - PDL-Slicing/Transport - INFO - TRANSPORT_EVENT_MNGR: NO NEED TO PROCESS THIS EVENT.
2021-09-24 00:11:44,494 - PDL-Slicing/Transport - INFO - TRANSPORT_EVENT_MNGR: NO NEED TO PROCESS THIS EVENT.
2021-09-24 00:24:10,974 - PDL-Slicing/Transport - INFO - TRANSPORT_EVENT_MNGR: NO NEED TO PROCESS THIS EVENT.
2021-09-24 00:24:12,194 - PDL-Slicing/Transport - INFO - TRANSPORT_EVENT_MNGR: NO NEED TO PROCESS THIS EVENT.
2021-09-24 00:26:08,475 - PDL-Slicing/Transport - INFO - TRANSPORT_EVENT_MNGR: NO NEED TO PROCESS THIS EVENT.
2021-09-24 00:26:09,490 - PDL-Slicing/Transport - INFO - TRANSPORT_EVENT_MNGR: NO NEED TO PROCESS THIS EVENT.
2021-09-24 00:48:17,494 - PDL-Slicing/Transport - INFO - TRANSPORT_EVENT_MNGR: NO NEED TO PROCESS THIS EVENT.
2021-09-24 00:48:18,807 - PDL-Slicing/Transport - INFO - TRANSPORT_EVENT_MNGR: NO NEED TO PROCESS THIS EVENT.
2021-09-24 00:53:27,698 - PDL-Slicing/Transport - INFO - TRANSPORT_EVENT_MNGR: NO NEED TO PROCESS THIS EVENT.
2021-09-24 00:53:29,021 - PDL-Slicing/Transport - INFO - TRANSPORT_EVENT_MNGR: NO NEED TO PROCESS THIS EVENT.
2021-09-24 00:54:55,770 - PDL-Slicing/Transport - INFO - TRANSPORT_EVENT_MNGR: NO NEED TO PROCESS THIS EVENT.
2021-09-24 00:54:56,851 - PDL-Slicing/Transport - INFO - TRANSPORT_EVENT_MNGR: NO NEED TO PROCESS THIS EVENT.
2021-09-24 01:07:07,220 - PDL-Slicing/Transport - INFO - TRANSPORT_EVENT_MNGR: NO NEED TO PROCESS THIS EVENT.
2021-09-24 01:07:09,289 - PDL-Slicing/Transport - INFO - TRANSPORT_EVENT_MNGR: NO NEED TO PROCESS THIS EVENT.
2021-09-24 01:08:00,895 - PDL-Slicing/Transport - INFO - TRANSPORT_EVENT_MNGR: NO NEED TO PROCESS THIS EVENT.
2021-09-24 01:08:01,908 - PDL-Slicing/Transport - INFO - TRANSPORT_EVENT_MNGR: NO NEED TO PROCESS THIS EVENT.
2021-09-24 01:12:39,584 - PDL-Slicing/Transport - INFO - TRANSPORT_EVENT_MNGR: NO NEED TO PROCESS THIS EVENT.
2021-09-24 01:12:40,823 - PDL-Slicing/Transport - INFO - TRANSPORT_EVENT_MNGR: NO NEED TO PROCESS THIS EVENT.
2021-09-24 01:21:22,380 - PDL-Slicing/Transport - INFO - TRANSPORT_EVENT_MNGR: NO NEED TO PROCESS THIS EVENT.
2021-09-24 01:21:23,391 - PDL-Slicing/Transport - INFO - TRANSPORT_EVENT_MNGR: NO NEED TO PROCESS THIS EVENT.
2021-09-24 01:21:46,561 - PDL-Slicing/Transport - INFO - TRANSPORT_EVENT_MNGR: NO NEED TO PROCESS THIS EVENT.
2021-09-24 01:21:47,628 - PDL-Slicing/Transport - INFO - TRANSPORT_EVENT_MNGR: NO NEED TO PROCESS THIS EVENT.
