2021-09-27 04:23:18,483 - PDL-Slicing/Transport - INFO - Configuring environment variables
2021-09-27 04:23:18,485 - PDL-Slicing/Transport - INFO - Configuring Blockchain connection
2021-09-27 04:23:18,497 - PDL-Slicing/Transport - INFO - Connection with te blockchain ready: True
2021-09-27 04:23:18,505 - PDL-Slicing/Transport - INFO - Current Ethereum block number: 2
2021-09-27 04:23:18,550 - PDL-Slicing/Transport - INFO - Abstraction process of the SDN local context.
2021-09-27 04:23:18,552 - PDL-Slicing/Transport - INFO - Topology abstraction using the vlink model.
2021-09-27 04:23:18,856 - PDL-Slicing/Transport - INFO - Element added into the DB context
2021-09-27 04:23:18,857 - PDL-Slicing/Transport - INFO - Internal E2E graph initalization for path computation.
2021-09-27 04:23:18,858 - PDL-Slicing/Transport - INFO - Retrieving elements from DB context
2021-09-27 04:23:18,859 - PDL-Slicing/Transport - INFO - VL_COMP: External SDN context added.
2021-09-27 04:23:18,859 - PDL-Slicing/Transport - INFO - Configuring permanent threads to manage Blockchain events (slicing and transport)
2021-09-27 04:23:18,888 - PDL-Slicing/Transport - INFO - Thread pool created with 20 workers
2021-09-27 04:27:19,845 - PDL-Slicing/Transport - INFO - TRANSPORT_EVENT_MNGR: NEW SET OF IDL
2021-09-27 04:27:19,857 - PDL-Slicing/Transport - INFO - BLOCKCHAIN_IDL - 2021-09-27 04:27:19.857096
2021-09-27 04:27:19,862 - PDL-Slicing/Transport - INFO - ORCH: Adding inter-domain links to the E2E graph for path conmputation.
2021-09-27 04:27:19,863 - PDL-Slicing/Transport - INFO - ORCH: Prepares E2E topology information.
2021-09-27 04:27:23,000 - PDL-Slicing/Transport - INFO - VL_COMP: Set of IDLs added.
2021-09-27 04:30:58,814 - PDL-Slicing/Transport - INFO - TRANSPORT_EVENT_MNGR: NEW SET OF IDL
2021-09-27 04:30:58,823 - PDL-Slicing/Transport - INFO - BLOCKCHAIN_IDL - 2021-09-27 04:30:58.823766
2021-09-27 04:30:58,828 - PDL-Slicing/Transport - INFO - ORCH: Adding inter-domain links to the E2E graph for path conmputation.
2021-09-27 04:30:58,828 - PDL-Slicing/Transport - INFO - ORCH: Prepares E2E topology information.
2021-09-27 04:31:04,274 - PDL-Slicing/Transport - INFO - VL_COMP: Set of IDLs added.
2021-09-27 04:32:47,816 - PDL-Slicing/Transport - INFO - TRANSPORT_EVENT_MNGR: NEW SET OF IDL
2021-09-27 04:32:47,818 - PDL-Slicing/Transport - INFO - BLOCKCHAIN_IDL - 2021-09-27 04:32:47.818952
2021-09-27 04:32:47,820 - PDL-Slicing/Transport - INFO - ORCH: Adding inter-domain links to the E2E graph for path conmputation.
2021-09-27 04:32:47,820 - PDL-Slicing/Transport - INFO - ORCH: Prepares E2E topology information.
2021-09-27 04:32:56,808 - PDL-Slicing/Transport - INFO - VL_COMP: Set of IDLs added.
2021-09-27 04:33:02,286 - PDL-Slicing/Transport - INFO - ORCH: Received IDL and context to distribute.
2021-09-27 04:33:02,290 - PDL-Slicing/Transport - INFO - VL_COMP: Set of IDLs added.
2021-09-27 04:33:02,290 - PDL-Slicing/Transport - INFO - ORCH: Get E2E topology from BL.
2021-09-27 04:33:02,489 - PDL-Slicing/Transport - INFO - ORCH: ADDING ANOTHER IDL.
2021-09-27 04:33:02,490 - PDL-Slicing/Transport - INFO - ORCH: Local E2E graph updated, distributing it and the IDLs.
2021-09-27 04:33:04,299 - PDL-Slicing/Transport - INFO - BLOCKCHAIN_MAPPER: COST E2E_TOPOLOGY  - 135384 - 2361
2021-09-27 04:33:04,673 - PDL-Slicing/Transport - INFO - TRANSPORT_EVENT_MNGR: NO NEED TO PROCESS THIS EVENT.
2021-09-27 04:34:07,002 - PDL-Slicing/Transport - INFO - ORCH: Preparing the context to be distributed.
2021-09-27 04:34:07,003 - PDL-Slicing/Transport - INFO - Retrieveing an element from the DB context
2021-09-27 04:34:08,403 - PDL-Slicing/Transport - INFO - BLOCKCHAIN_MAPPER: COST SIP  - 829855 - 991
2021-09-27 04:34:12,342 - PDL-Slicing/Transport - INFO - BLOCKCHAIN_MAPPER: COST SIP  - 799843 - 990
2021-09-27 04:34:17,978 - PDL-Slicing/Transport - INFO - BLOCKCHAIN_MAPPER: COST SIP  - 799831 - 989
2021-09-27 04:34:22,856 - PDL-Slicing/Transport - INFO - BLOCKCHAIN_MAPPER: COST SIP  - 799819 - 988
2021-09-27 04:34:27,981 - PDL-Slicing/Transport - INFO - BLOCKCHAIN_MAPPER: COST SIP  - 799855 - 991
2021-09-27 04:34:33,203 - PDL-Slicing/Transport - INFO - BLOCKCHAIN_MAPPER: COST SIP  - 799855 - 991
2021-09-27 04:34:36,993 - PDL-Slicing/Transport - INFO - BLOCKCHAIN_MAPPER: COST SIP  - 799855 - 991
2021-09-27 04:34:40,959 - PDL-Slicing/Transport - INFO - BLOCKCHAIN_MAPPER: COST SIP  - 799855 - 991
2021-09-27 04:34:45,173 - PDL-Slicing/Transport - INFO - BLOCKCHAIN_MAPPER: COST SIP  - 799855 - 991
2021-09-27 04:34:48,903 - PDL-Slicing/Transport - INFO - BLOCKCHAIN_MAPPER: COST SIP  - 799855 - 991
2021-09-27 04:34:52,595 - PDL-Slicing/Transport - INFO - BLOCKCHAIN_MAPPER: COST SIP  - 799831 - 989
2021-09-27 04:34:56,225 - PDL-Slicing/Transport - INFO - BLOCKCHAIN_MAPPER: COST SIP  - 799831 - 989
2021-09-27 04:34:59,841 - PDL-Slicing/Transport - INFO - BLOCKCHAIN_MAPPER: COST SIP  - 799831 - 989
2021-09-27 04:35:03,528 - PDL-Slicing/Transport - INFO - BLOCKCHAIN_MAPPER: COST SIP  - 799843 - 990
2021-09-27 04:35:07,049 - PDL-Slicing/Transport - INFO - BLOCKCHAIN_MAPPER: COST SIP  - 799831 - 989
2021-09-27 04:35:11,176 - PDL-Slicing/Transport - INFO - BLOCKCHAIN_MAPPER: COST SIP  - 799855 - 991
2021-09-27 04:35:15,744 - PDL-Slicing/Transport - INFO - BLOCKCHAIN_MAPPER: COST SIP  - 799831 - 989
2021-09-27 04:35:19,376 - PDL-Slicing/Transport - INFO - BLOCKCHAIN_MAPPER: COST SIP  - 799819 - 988
2021-09-27 04:35:23,007 - PDL-Slicing/Transport - INFO - BLOCKCHAIN_MAPPER: COST SIP  - 799843 - 990
2021-09-27 04:35:26,692 - PDL-Slicing/Transport - INFO - BLOCKCHAIN_MAPPER: COST SIP  - 799831 - 989
2021-09-27 04:35:30,060 - PDL-Slicing/Transport - INFO - BLOCKCHAIN_MAPPER: COST SIP  - 799855 - 991
2021-09-27 04:35:33,531 - PDL-Slicing/Transport - INFO - BLOCKCHAIN_MAPPER: COST SIP  - 799831 - 989
2021-09-27 04:35:37,024 - PDL-Slicing/Transport - INFO - BLOCKCHAIN_MAPPER: COST SIP  - 799819 - 988
2021-09-27 04:35:40,860 - PDL-Slicing/Transport - INFO - BLOCKCHAIN_MAPPER: COST SIP  - 799855 - 991
2021-09-27 04:35:44,434 - PDL-Slicing/Transport - INFO - BLOCKCHAIN_MAPPER: COST SIP  - 799819 - 988
2021-09-27 04:35:47,941 - PDL-Slicing/Transport - INFO - BLOCKCHAIN_MAPPER: COST SIP  - 799855 - 991
2021-09-27 04:35:51,527 - PDL-Slicing/Transport - INFO - BLOCKCHAIN_MAPPER: COST SIP  - 799831 - 989
2021-09-27 04:35:54,709 - PDL-Slicing/Transport - INFO - BLOCKCHAIN_MAPPER: COST SIP  - 799819 - 988
2021-09-27 04:35:58,516 - PDL-Slicing/Transport - INFO - BLOCKCHAIN_MAPPER: COST SIP  - 799819 - 988
2021-09-27 04:36:02,077 - PDL-Slicing/Transport - INFO - BLOCKCHAIN_MAPPER: COST SIP  - 799843 - 990
2021-09-27 04:36:05,497 - PDL-Slicing/Transport - INFO - BLOCKCHAIN_MAPPER: COST SIP  - 799855 - 991
2021-09-27 04:36:09,145 - PDL-Slicing/Transport - INFO - BLOCKCHAIN_MAPPER: COST SIP  - 799843 - 990
2021-09-27 04:36:14,733 - PDL-Slicing/Transport - INFO - BLOCKCHAIN_MAPPER: COST SIP  - 799843 - 990
2021-09-27 04:36:18,419 - PDL-Slicing/Transport - INFO - BLOCKCHAIN_MAPPER: COST SIP  - 799819 - 988
2021-09-27 04:36:21,870 - PDL-Slicing/Transport - INFO - BLOCKCHAIN_MAPPER: COST SIP  - 799831 - 989
2021-09-27 04:36:25,666 - PDL-Slicing/Transport - INFO - BLOCKCHAIN_MAPPER: COST SIP  - 799831 - 989
2021-09-27 04:36:29,313 - PDL-Slicing/Transport - INFO - BLOCKCHAIN_MAPPER: COST SIP  - 799855 - 991
2021-09-27 04:36:32,818 - PDL-Slicing/Transport - INFO - BLOCKCHAIN_MAPPER: COST SIP  - 799819 - 988
2021-09-27 04:36:36,514 - PDL-Slicing/Transport - INFO - BLOCKCHAIN_MAPPER: COST SIP  - 799807 - 987
2021-09-27 04:36:40,182 - PDL-Slicing/Transport - INFO - BLOCKCHAIN_MAPPER: COST SIP  - 799831 - 989
2021-09-27 04:36:43,947 - PDL-Slicing/Transport - INFO - BLOCKCHAIN_MAPPER: COST SIP  - 799819 - 988
2021-09-27 04:36:47,255 - PDL-Slicing/Transport - INFO - BLOCKCHAIN_MAPPER: COST SIP  - 799819 - 988
2021-09-27 04:36:50,564 - PDL-Slicing/Transport - INFO - BLOCKCHAIN_MAPPER: COST SIP  - 799855 - 991
2021-09-27 04:36:54,206 - PDL-Slicing/Transport - INFO - BLOCKCHAIN_MAPPER: COST SIP  - 799843 - 990
2021-09-27 04:36:57,604 - PDL-Slicing/Transport - INFO - BLOCKCHAIN_MAPPER: COST SIP  - 799831 - 989
2021-09-27 04:37:01,595 - PDL-Slicing/Transport - INFO - BLOCKCHAIN_MAPPER: COST SIP  - 799819 - 988
2021-09-27 04:37:05,276 - PDL-Slicing/Transport - INFO - BLOCKCHAIN_MAPPER: COST SIP  - 799843 - 990
2021-09-27 04:37:08,763 - PDL-Slicing/Transport - INFO - BLOCKCHAIN_MAPPER: COST SIP  - 799819 - 988
2021-09-27 04:37:14,216 - PDL-Slicing/Transport - INFO - BLOCKCHAIN_MAPPER: COST SIP  - 799819 - 988
2021-09-27 04:37:17,888 - PDL-Slicing/Transport - INFO - BLOCKCHAIN_MAPPER: COST SIP  - 799819 - 988
2021-09-27 04:37:21,588 - PDL-Slicing/Transport - INFO - BLOCKCHAIN_MAPPER: COST SIP  - 799855 - 991
2021-09-27 04:37:25,077 - PDL-Slicing/Transport - INFO - BLOCKCHAIN_MAPPER: COST SIP  - 799831 - 989
2021-09-27 04:37:28,783 - PDL-Slicing/Transport - INFO - BLOCKCHAIN_MAPPER: COST SIP  - 799831 - 989
2021-09-27 04:37:32,233 - PDL-Slicing/Transport - INFO - BLOCKCHAIN_MAPPER: COST SIP  - 799831 - 989
2021-09-27 04:37:35,992 - PDL-Slicing/Transport - INFO - BLOCKCHAIN_MAPPER: COST SIP  - 799855 - 991
2021-09-27 04:37:39,586 - PDL-Slicing/Transport - INFO - BLOCKCHAIN_MAPPER: COST SIP  - 799819 - 988
2021-09-27 04:37:43,279 - PDL-Slicing/Transport - INFO - BLOCKCHAIN_MAPPER: COST SIP  - 799843 - 990
2021-09-27 04:37:47,032 - PDL-Slicing/Transport - INFO - BLOCKCHAIN_MAPPER: COST SIP  - 799831 - 989
2021-09-27 04:37:50,937 - PDL-Slicing/Transport - INFO - BLOCKCHAIN_MAPPER: COST SIP  - 799819 - 988
2021-09-27 04:37:54,569 - PDL-Slicing/Transport - INFO - BLOCKCHAIN_MAPPER: COST SIP  - 799843 - 990
2021-09-27 04:37:58,162 - PDL-Slicing/Transport - INFO - BLOCKCHAIN_MAPPER: COST SIP  - 799855 - 991
2021-09-27 04:38:01,945 - PDL-Slicing/Transport - INFO - BLOCKCHAIN_MAPPER: COST SIP  - 799843 - 990
2021-09-27 04:38:06,251 - PDL-Slicing/Transport - INFO - BLOCKCHAIN_MAPPER: COST SIP  - 799831 - 989
2021-09-27 04:38:10,149 - PDL-Slicing/Transport - INFO - BLOCKCHAIN_MAPPER: COST SIP  - 799843 - 990
2021-09-27 04:38:15,692 - PDL-Slicing/Transport - INFO - BLOCKCHAIN_MAPPER: COST SIP  - 799831 - 989
2021-09-27 04:38:19,561 - PDL-Slicing/Transport - INFO - BLOCKCHAIN_MAPPER: COST SIP  - 799855 - 991
2021-09-27 04:38:23,365 - PDL-Slicing/Transport - INFO - BLOCKCHAIN_MAPPER: COST SIP  - 799855 - 991
2021-09-27 04:38:27,262 - PDL-Slicing/Transport - INFO - BLOCKCHAIN_MAPPER: COST SIP  - 799855 - 991
2021-09-27 04:38:30,962 - PDL-Slicing/Transport - INFO - BLOCKCHAIN_MAPPER: COST SIP  - 799855 - 991
2021-09-27 04:38:34,730 - PDL-Slicing/Transport - INFO - BLOCKCHAIN_MAPPER: COST SIP  - 799831 - 989
2021-09-27 04:38:38,426 - PDL-Slicing/Transport - INFO - BLOCKCHAIN_MAPPER: COST SIP  - 799855 - 991
2021-09-27 04:38:41,891 - PDL-Slicing/Transport - INFO - BLOCKCHAIN_MAPPER: COST SIP  - 799855 - 991
2021-09-27 04:38:45,569 - PDL-Slicing/Transport - INFO - BLOCKCHAIN_MAPPER: COST SIP  - 799855 - 991
2021-09-27 04:38:49,386 - PDL-Slicing/Transport - INFO - BLOCKCHAIN_MAPPER: COST SIP  - 799843 - 990
2021-09-27 04:38:52,881 - PDL-Slicing/Transport - INFO - BLOCKCHAIN_MAPPER: COST SIP  - 799843 - 990
2021-09-27 04:38:56,448 - PDL-Slicing/Transport - INFO - BLOCKCHAIN_MAPPER: COST SIP  - 799855 - 991
2021-09-27 04:39:00,336 - PDL-Slicing/Transport - INFO - BLOCKCHAIN_MAPPER: COST SIP  - 799855 - 991
2021-09-27 04:39:03,953 - PDL-Slicing/Transport - INFO - BLOCKCHAIN_MAPPER: COST SIP  - 799831 - 989
2021-09-27 04:39:07,580 - PDL-Slicing/Transport - INFO - BLOCKCHAIN_MAPPER: COST SIP  - 799831 - 989
2021-09-27 04:39:12,842 - PDL-Slicing/Transport - INFO - BLOCKCHAIN_MAPPER: COST SIP  - 799831 - 989
2021-09-27 04:39:16,676 - PDL-Slicing/Transport - INFO - BLOCKCHAIN_MAPPER: COST SIP  - 799819 - 988
2021-09-27 04:39:20,457 - PDL-Slicing/Transport - INFO - BLOCKCHAIN_MAPPER: COST SIP  - 799843 - 990
2021-09-27 04:39:24,186 - PDL-Slicing/Transport - INFO - BLOCKCHAIN_MAPPER: COST SIP  - 799831 - 989
2021-09-27 04:39:29,260 - PDL-Slicing/Transport - INFO - BLOCKCHAIN_MAPPER: COST SIP  - 799855 - 991
2021-09-27 04:39:35,562 - PDL-Slicing/Transport - INFO - BLOCKCHAIN_MAPPER: COST SIP  - 799843 - 990
2021-09-27 04:39:40,735 - PDL-Slicing/Transport - INFO - BLOCKCHAIN_MAPPER: COST SIP  - 799855 - 991
2021-09-27 04:39:44,156 - PDL-Slicing/Transport - INFO - BLOCKCHAIN_MAPPER: COST SIP  - 799855 - 991
2021-09-27 04:39:47,856 - PDL-Slicing/Transport - INFO - BLOCKCHAIN_MAPPER: COST SIP  - 799855 - 991
2021-09-27 04:39:51,127 - PDL-Slicing/Transport - INFO - BLOCKCHAIN_MAPPER: COST SIP  - 799855 - 991
2021-09-27 04:39:54,606 - PDL-Slicing/Transport - INFO - BLOCKCHAIN_MAPPER: COST SIP  - 799855 - 991
2021-09-27 04:39:58,019 - PDL-Slicing/Transport - INFO - BLOCKCHAIN_MAPPER: COST SIP  - 799855 - 991
2021-09-27 04:40:01,225 - PDL-Slicing/Transport - INFO - BLOCKCHAIN_MAPPER: COST SIP  - 799819 - 988
2021-09-27 04:40:04,524 - PDL-Slicing/Transport - INFO - BLOCKCHAIN_MAPPER: COST SIP  - 799831 - 989
2021-09-27 04:40:07,805 - PDL-Slicing/Transport - INFO - BLOCKCHAIN_MAPPER: COST SIP  - 799855 - 991
2021-09-27 04:40:12,421 - PDL-Slicing/Transport - INFO - BLOCKCHAIN_MAPPER: COST SIP  - 799843 - 990
2021-09-27 04:40:16,065 - PDL-Slicing/Transport - INFO - BLOCKCHAIN_MAPPER: COST SIP  - 799819 - 988
2021-09-27 04:40:19,481 - PDL-Slicing/Transport - INFO - BLOCKCHAIN_MAPPER: COST SIP  - 799831 - 989
2021-09-27 04:40:22,978 - PDL-Slicing/Transport - INFO - BLOCKCHAIN_MAPPER: COST SIP  - 799855 - 991
2021-09-27 04:40:26,423 - PDL-Slicing/Transport - INFO - BLOCKCHAIN_MAPPER: COST SIP  - 799855 - 991
2021-09-27 04:40:29,894 - PDL-Slicing/Transport - INFO - BLOCKCHAIN_MAPPER: COST SIP  - 799831 - 989
2021-09-27 04:40:33,589 - PDL-Slicing/Transport - INFO - BLOCKCHAIN_MAPPER: COST SIP  - 799855 - 991
2021-09-27 04:40:36,908 - PDL-Slicing/Transport - INFO - BLOCKCHAIN_MAPPER: COST SIP  - 799831 - 989
2021-09-27 04:40:40,348 - PDL-Slicing/Transport - INFO - BLOCKCHAIN_MAPPER: COST SIP  - 799819 - 988
2021-09-27 04:40:44,088 - PDL-Slicing/Transport - INFO - BLOCKCHAIN_MAPPER: COST SIP  - 799855 - 991
2021-09-27 04:40:47,596 - PDL-Slicing/Transport - INFO - BLOCKCHAIN_MAPPER: COST SIP  - 799855 - 991
2021-09-27 04:40:51,096 - PDL-Slicing/Transport - INFO - BLOCKCHAIN_MAPPER: COST SIP  - 799855 - 991
2021-09-27 04:40:54,536 - PDL-Slicing/Transport - INFO - BLOCKCHAIN_MAPPER: COST SIP  - 799843 - 990
2021-09-27 04:40:58,031 - PDL-Slicing/Transport - INFO - BLOCKCHAIN_MAPPER: COST SIP  - 799855 - 991
2021-09-27 04:41:01,555 - PDL-Slicing/Transport - INFO - BLOCKCHAIN_MAPPER: COST SIP  - 799831 - 989
2021-09-27 04:41:04,746 - PDL-Slicing/Transport - INFO - BLOCKCHAIN_MAPPER: COST SIP  - 799855 - 991
2021-09-27 04:41:08,407 - PDL-Slicing/Transport - INFO - BLOCKCHAIN_MAPPER: COST SIP  - 799843 - 990
2021-09-27 04:41:13,582 - PDL-Slicing/Transport - INFO - BLOCKCHAIN_MAPPER: COST SIP  - 799831 - 989
2021-09-27 04:41:17,235 - PDL-Slicing/Transport - INFO - BLOCKCHAIN_MAPPER: COST SIP  - 799819 - 988
2021-09-27 04:41:20,824 - PDL-Slicing/Transport - INFO - BLOCKCHAIN_MAPPER: COST SIP  - 799831 - 989
2021-09-27 04:41:24,404 - PDL-Slicing/Transport - INFO - BLOCKCHAIN_MAPPER: COST SIP  - 799819 - 988
2021-09-27 04:41:28,106 - PDL-Slicing/Transport - INFO - BLOCKCHAIN_MAPPER: COST SIP  - 799819 - 988
2021-09-27 04:41:31,613 - PDL-Slicing/Transport - INFO - BLOCKCHAIN_MAPPER: COST SIP  - 799843 - 990
2021-09-27 04:41:34,860 - PDL-Slicing/Transport - INFO - BLOCKCHAIN_MAPPER: COST SIP  - 799855 - 991
2021-09-27 04:41:38,305 - PDL-Slicing/Transport - INFO - BLOCKCHAIN_MAPPER: COST SIP  - 799843 - 990
2021-09-27 04:41:41,665 - PDL-Slicing/Transport - INFO - BLOCKCHAIN_MAPPER: COST SIP  - 799819 - 988
2021-09-27 04:41:45,076 - PDL-Slicing/Transport - INFO - BLOCKCHAIN_MAPPER: COST SIP  - 799831 - 989
2021-09-27 04:41:48,512 - PDL-Slicing/Transport - INFO - BLOCKCHAIN_MAPPER: COST SIP  - 799831 - 989
2021-09-27 04:41:52,218 - PDL-Slicing/Transport - INFO - BLOCKCHAIN_MAPPER: COST SIP  - 799855 - 991
2021-09-27 04:41:55,838 - PDL-Slicing/Transport - INFO - BLOCKCHAIN_MAPPER: COST SIP  - 799855 - 991
2021-09-27 04:41:59,218 - PDL-Slicing/Transport - INFO - BLOCKCHAIN_MAPPER: COST SIP  - 799843 - 990
2021-09-27 04:42:02,885 - PDL-Slicing/Transport - INFO - BLOCKCHAIN_MAPPER: COST SIP  - 799819 - 988
2021-09-27 04:42:06,412 - PDL-Slicing/Transport - INFO - BLOCKCHAIN_MAPPER: COST SIP  - 799855 - 991
2021-09-27 04:42:09,937 - PDL-Slicing/Transport - INFO - BLOCKCHAIN_MAPPER: COST SIP  - 799843 - 990
2021-09-27 04:42:14,992 - PDL-Slicing/Transport - INFO - BLOCKCHAIN_MAPPER: COST SIP  - 799855 - 991
2021-09-27 04:42:18,621 - PDL-Slicing/Transport - INFO - BLOCKCHAIN_MAPPER: COST SIP  - 799855 - 991
2021-09-27 04:42:22,106 - PDL-Slicing/Transport - INFO - BLOCKCHAIN_MAPPER: COST SIP  - 799819 - 988
2021-09-27 04:42:25,264 - PDL-Slicing/Transport - INFO - BLOCKCHAIN_MAPPER: COST SIP  - 799855 - 991
2021-09-27 04:42:28,790 - PDL-Slicing/Transport - INFO - BLOCKCHAIN_MAPPER: COST SIP  - 799855 - 991
2021-09-27 04:42:32,202 - PDL-Slicing/Transport - INFO - BLOCKCHAIN_MAPPER: COST SIP  - 799855 - 991
2021-09-27 04:42:35,679 - PDL-Slicing/Transport - INFO - BLOCKCHAIN_MAPPER: COST SIP  - 799819 - 988
2021-09-27 04:42:39,295 - PDL-Slicing/Transport - INFO - BLOCKCHAIN_MAPPER: COST SIP  - 799831 - 989
2021-09-27 04:42:42,712 - PDL-Slicing/Transport - INFO - BLOCKCHAIN_MAPPER: COST SIP  - 799843 - 990
2021-09-27 04:42:46,221 - PDL-Slicing/Transport - INFO - BLOCKCHAIN_MAPPER: COST SIP  - 799855 - 991
2021-09-27 04:42:49,811 - PDL-Slicing/Transport - INFO - BLOCKCHAIN_MAPPER: COST SIP  - 799807 - 987
2021-09-27 04:42:53,744 - PDL-Slicing/Transport - INFO - BLOCKCHAIN_MAPPER: COST SIP  - 799831 - 989
2021-09-27 04:42:57,391 - PDL-Slicing/Transport - INFO - BLOCKCHAIN_MAPPER: COST SIP  - 799831 - 989
2021-09-27 04:43:00,931 - PDL-Slicing/Transport - INFO - BLOCKCHAIN_MAPPER: COST SIP  - 799831 - 989
2021-09-27 04:43:04,452 - PDL-Slicing/Transport - INFO - BLOCKCHAIN_MAPPER: COST SIP  - 799819 - 988
2021-09-27 04:43:07,810 - PDL-Slicing/Transport - INFO - BLOCKCHAIN_MAPPER: COST SIP  - 799855 - 991
2021-09-27 04:43:13,046 - PDL-Slicing/Transport - INFO - BLOCKCHAIN_MAPPER: COST SIP  - 799831 - 989
2021-09-27 04:43:16,760 - PDL-Slicing/Transport - INFO - BLOCKCHAIN_MAPPER: COST SIP  - 799843 - 990
2021-09-27 04:43:20,053 - PDL-Slicing/Transport - INFO - BLOCKCHAIN_MAPPER: COST SIP  - 799855 - 991
2021-09-27 04:43:23,678 - PDL-Slicing/Transport - INFO - BLOCKCHAIN_MAPPER: COST SIP  - 799855 - 991
2021-09-27 04:43:27,233 - PDL-Slicing/Transport - INFO - BLOCKCHAIN_MAPPER: COST SIP  - 799855 - 991
2021-09-27 04:43:30,911 - PDL-Slicing/Transport - INFO - BLOCKCHAIN_MAPPER: COST SIP  - 799855 - 991
2021-09-27 04:43:37,899 - PDL-Slicing/Transport - INFO - BLOCKCHAIN_MAPPER: COST SIP  - 799831 - 989
2021-09-27 04:43:47,816 - PDL-Slicing/Transport - INFO - BLOCKCHAIN_MAPPER: COST SIP  - 799843 - 990
2021-09-27 04:43:56,407 - PDL-Slicing/Transport - INFO - BLOCKCHAIN_MAPPER: COST SIP  - 799855 - 991
2021-09-27 04:44:05,352 - PDL-Slicing/Transport - INFO - BLOCKCHAIN_MAPPER: COST SIP  - 799855 - 991
2021-09-27 04:44:15,973 - PDL-Slicing/Transport - INFO - BLOCKCHAIN_MAPPER: COST SIP  - 799819 - 988
2021-09-27 04:44:20,100 - PDL-Slicing/Transport - INFO - BLOCKCHAIN_MAPPER: COST SIP  - 799855 - 991
2021-09-27 04:44:23,752 - PDL-Slicing/Transport - INFO - BLOCKCHAIN_MAPPER: COST SIP  - 799855 - 991
2021-09-27 04:44:27,571 - PDL-Slicing/Transport - INFO - BLOCKCHAIN_MAPPER: COST SIP  - 799831 - 989
2021-09-27 04:44:31,195 - PDL-Slicing/Transport - INFO - BLOCKCHAIN_MAPPER: COST SIP  - 799831 - 989
2021-09-27 04:44:34,796 - PDL-Slicing/Transport - INFO - BLOCKCHAIN_MAPPER: COST SIP  - 799831 - 989
2021-09-27 04:44:38,575 - PDL-Slicing/Transport - INFO - BLOCKCHAIN_MAPPER: COST SIP  - 799831 - 989
2021-09-27 04:44:41,918 - PDL-Slicing/Transport - INFO - BLOCKCHAIN_MAPPER: COST SIP  - 799855 - 991
2021-09-27 04:44:45,377 - PDL-Slicing/Transport - INFO - BLOCKCHAIN_MAPPER: COST SIP  - 799807 - 987
2021-09-27 04:44:48,940 - PDL-Slicing/Transport - INFO - BLOCKCHAIN_MAPPER: COST SIP  - 799807 - 987
2021-09-27 04:44:52,382 - PDL-Slicing/Transport - INFO - BLOCKCHAIN_MAPPER: COST SIP  - 799831 - 989
2021-09-27 04:44:55,961 - PDL-Slicing/Transport - INFO - BLOCKCHAIN_MAPPER: COST SIP  - 799819 - 988
2021-09-27 04:44:59,538 - PDL-Slicing/Transport - INFO - BLOCKCHAIN_MAPPER: COST SIP  - 799831 - 989
2021-09-27 04:45:03,074 - PDL-Slicing/Transport - INFO - BLOCKCHAIN_MAPPER: COST SIP  - 799843 - 990
2021-09-27 04:45:06,470 - PDL-Slicing/Transport - INFO - BLOCKCHAIN_MAPPER: COST SIP  - 799855 - 991
2021-09-27 04:45:09,904 - PDL-Slicing/Transport - INFO - BLOCKCHAIN_MAPPER: COST SIP  - 799831 - 989
2021-09-27 04:45:15,041 - PDL-Slicing/Transport - INFO - BLOCKCHAIN_MAPPER: COST SIP  - 799831 - 989
2021-09-27 04:45:18,420 - PDL-Slicing/Transport - INFO - BLOCKCHAIN_MAPPER: COST SIP  - 799855 - 991
2021-09-27 04:45:21,873 - PDL-Slicing/Transport - INFO - BLOCKCHAIN_MAPPER: COST SIP  - 799831 - 989
2021-09-27 04:45:25,454 - PDL-Slicing/Transport - INFO - BLOCKCHAIN_MAPPER: COST SIP  - 799831 - 989
2021-09-27 04:45:28,861 - PDL-Slicing/Transport - INFO - BLOCKCHAIN_MAPPER: COST SIP  - 799843 - 990
2021-09-27 04:45:32,083 - PDL-Slicing/Transport - INFO - BLOCKCHAIN_MAPPER: COST SIP  - 799831 - 989
2021-09-27 04:45:36,243 - PDL-Slicing/Transport - INFO - BLOCKCHAIN_MAPPER: COST SIP  - 799819 - 988
2021-09-27 04:45:39,875 - PDL-Slicing/Transport - INFO - BLOCKCHAIN_MAPPER: COST SIP  - 799831 - 989
2021-09-27 04:45:43,425 - PDL-Slicing/Transport - INFO - BLOCKCHAIN_MAPPER: COST SIP  - 799831 - 989
2021-09-27 04:45:46,874 - PDL-Slicing/Transport - INFO - BLOCKCHAIN_MAPPER: COST SIP  - 799855 - 991
2021-09-27 04:45:50,224 - PDL-Slicing/Transport - INFO - BLOCKCHAIN_MAPPER: COST SIP  - 799819 - 988
2021-09-27 04:45:53,897 - PDL-Slicing/Transport - INFO - BLOCKCHAIN_MAPPER: COST SIP  - 799855 - 991
2021-09-27 04:45:57,556 - PDL-Slicing/Transport - INFO - BLOCKCHAIN_MAPPER: COST SIP  - 799819 - 988
2021-09-27 04:46:01,014 - PDL-Slicing/Transport - INFO - BLOCKCHAIN_MAPPER: COST SIP  - 799831 - 989
2021-09-27 04:46:04,612 - PDL-Slicing/Transport - INFO - BLOCKCHAIN_MAPPER: COST SIP  - 799819 - 988
2021-09-27 04:46:08,175 - PDL-Slicing/Transport - INFO - BLOCKCHAIN_MAPPER: COST SIP  - 799843 - 990
2021-09-27 04:46:13,452 - PDL-Slicing/Transport - INFO - BLOCKCHAIN_MAPPER: COST SIP  - 799831 - 989
2021-09-27 04:46:17,120 - PDL-Slicing/Transport - INFO - BLOCKCHAIN_MAPPER: COST SIP  - 799843 - 990
2021-09-27 04:46:20,802 - PDL-Slicing/Transport - INFO - BLOCKCHAIN_MAPPER: COST SIP  - 799843 - 990
2021-09-27 04:46:24,366 - PDL-Slicing/Transport - INFO - BLOCKCHAIN_MAPPER: COST SIP  - 799831 - 989
2021-09-27 04:46:27,988 - PDL-Slicing/Transport - INFO - BLOCKCHAIN_MAPPER: COST SIP  - 799843 - 990
2021-09-27 04:46:31,374 - PDL-Slicing/Transport - INFO - BLOCKCHAIN_MAPPER: COST SIP  - 799855 - 991
2021-09-27 04:46:35,008 - PDL-Slicing/Transport - INFO - BLOCKCHAIN_MAPPER: COST SIP  - 799819 - 988
2021-09-27 04:46:38,388 - PDL-Slicing/Transport - INFO - BLOCKCHAIN_MAPPER: COST SIP  - 799855 - 991
2021-09-27 04:46:42,647 - PDL-Slicing/Transport - INFO - BLOCKCHAIN_MAPPER: COST SIP  - 799831 - 989
2021-09-27 04:46:46,031 - PDL-Slicing/Transport - INFO - BLOCKCHAIN_MAPPER: COST SIP  - 799831 - 989
2021-09-27 04:46:49,497 - PDL-Slicing/Transport - INFO - BLOCKCHAIN_MAPPER: COST SIP  - 799855 - 991
2021-09-27 04:46:53,229 - PDL-Slicing/Transport - INFO - BLOCKCHAIN_MAPPER: COST SIP  - 799831 - 989
2021-09-27 04:46:56,780 - PDL-Slicing/Transport - INFO - BLOCKCHAIN_MAPPER: COST SIP  - 799831 - 989
2021-09-27 04:47:00,799 - PDL-Slicing/Transport - INFO - BLOCKCHAIN_MAPPER: COST SIP  - 799831 - 989
2021-09-27 04:47:04,736 - PDL-Slicing/Transport - INFO - BLOCKCHAIN_MAPPER: COST SIP  - 799819 - 988
2021-09-27 04:47:08,541 - PDL-Slicing/Transport - INFO - BLOCKCHAIN_MAPPER: COST SIP  - 799843 - 990
2021-09-27 04:47:13,500 - PDL-Slicing/Transport - INFO - BLOCKCHAIN_MAPPER: COST SIP  - 799831 - 989
2021-09-27 04:47:17,180 - PDL-Slicing/Transport - INFO - BLOCKCHAIN_MAPPER: COST SIP  - 799819 - 988
2021-09-27 04:47:20,377 - PDL-Slicing/Transport - INFO - BLOCKCHAIN_MAPPER: COST SIP  - 799831 - 989
2021-09-27 04:47:24,073 - PDL-Slicing/Transport - INFO - BLOCKCHAIN_MAPPER: COST SIP  - 799831 - 989
2021-09-27 04:47:27,618 - PDL-Slicing/Transport - INFO - BLOCKCHAIN_MAPPER: COST SIP  - 799843 - 990
2021-09-27 04:47:31,549 - PDL-Slicing/Transport - INFO - BLOCKCHAIN_MAPPER: COST SIP  - 799831 - 989
2021-09-27 04:47:35,210 - PDL-Slicing/Transport - INFO - BLOCKCHAIN_MAPPER: COST SIP  - 799843 - 990
2021-09-27 04:47:38,722 - PDL-Slicing/Transport - INFO - BLOCKCHAIN_MAPPER: COST SIP  - 799843 - 990
2021-09-27 04:47:42,330 - PDL-Slicing/Transport - INFO - BLOCKCHAIN_MAPPER: COST SIP  - 799819 - 988
2021-09-27 04:47:45,779 - PDL-Slicing/Transport - INFO - BLOCKCHAIN_MAPPER: COST SIP  - 799819 - 988
2021-09-27 04:47:49,306 - PDL-Slicing/Transport - INFO - BLOCKCHAIN_MAPPER: COST SIP  - 799831 - 989
2021-09-27 04:47:52,803 - PDL-Slicing/Transport - INFO - BLOCKCHAIN_MAPPER: COST SIP  - 799831 - 989
2021-09-27 04:47:56,247 - PDL-Slicing/Transport - INFO - BLOCKCHAIN_MAPPER: COST SIP  - 799831 - 989
2021-09-27 04:48:00,181 - PDL-Slicing/Transport - INFO - BLOCKCHAIN_MAPPER: COST SIP  - 799843 - 990
2021-09-27 04:48:03,739 - PDL-Slicing/Transport - INFO - BLOCKCHAIN_MAPPER: COST SIP  - 799831 - 989
2021-09-27 04:48:08,179 - PDL-Slicing/Transport - INFO - BLOCKCHAIN_MAPPER: COST SIP  - 799819 - 988
2021-09-27 04:48:13,609 - PDL-Slicing/Transport - INFO - BLOCKCHAIN_MAPPER: COST SIP  - 799831 - 989
2021-09-27 04:48:17,227 - PDL-Slicing/Transport - INFO - BLOCKCHAIN_MAPPER: COST SIP  - 799819 - 988
2021-09-27 04:48:20,816 - PDL-Slicing/Transport - INFO - BLOCKCHAIN_MAPPER: COST SIP  - 799807 - 987
2021-09-27 04:48:24,270 - PDL-Slicing/Transport - INFO - BLOCKCHAIN_MAPPER: COST SIP  - 799843 - 990
2021-09-27 04:48:27,771 - PDL-Slicing/Transport - INFO - BLOCKCHAIN_MAPPER: COST SIP  - 799843 - 990
2021-09-27 04:48:31,418 - PDL-Slicing/Transport - INFO - BLOCKCHAIN_MAPPER: COST SIP  - 799819 - 988
2021-09-27 04:48:35,238 - PDL-Slicing/Transport - INFO - BLOCKCHAIN_MAPPER: COST SIP  - 799831 - 989
2021-09-27 04:48:38,725 - PDL-Slicing/Transport - INFO - BLOCKCHAIN_MAPPER: COST SIP  - 799843 - 990
2021-09-27 04:48:42,145 - PDL-Slicing/Transport - INFO - BLOCKCHAIN_MAPPER: COST SIP  - 799855 - 991
2021-09-27 04:48:45,850 - PDL-Slicing/Transport - INFO - BLOCKCHAIN_MAPPER: COST SIP  - 799831 - 989
2021-09-27 04:48:49,411 - PDL-Slicing/Transport - INFO - BLOCKCHAIN_MAPPER: COST SIP  - 799855 - 991
2021-09-27 04:48:53,076 - PDL-Slicing/Transport - INFO - BLOCKCHAIN_MAPPER: COST SIP  - 799843 - 990
2021-09-27 04:48:56,637 - PDL-Slicing/Transport - INFO - BLOCKCHAIN_MAPPER: COST SIP  - 799831 - 989
2021-09-27 04:49:00,441 - PDL-Slicing/Transport - INFO - BLOCKCHAIN_MAPPER: COST SIP  - 799843 - 990
2021-09-27 04:49:04,051 - PDL-Slicing/Transport - INFO - BLOCKCHAIN_MAPPER: COST SIP  - 799843 - 990
2021-09-27 04:49:07,853 - PDL-Slicing/Transport - INFO - BLOCKCHAIN_MAPPER: COST SIP  - 799855 - 991
2021-09-27 04:49:13,080 - PDL-Slicing/Transport - INFO - BLOCKCHAIN_MAPPER: COST SIP  - 799831 - 989
2021-09-27 04:49:17,173 - PDL-Slicing/Transport - INFO - BLOCKCHAIN_MAPPER: COST SIP  - 799855 - 991
2021-09-27 04:49:20,743 - PDL-Slicing/Transport - INFO - BLOCKCHAIN_MAPPER: COST SIP  - 799819 - 988
2021-09-27 04:49:24,336 - PDL-Slicing/Transport - INFO - BLOCKCHAIN_MAPPER: COST SIP  - 799843 - 990
2021-09-27 04:49:28,031 - PDL-Slicing/Transport - INFO - BLOCKCHAIN_MAPPER: COST SIP  - 799831 - 989
2021-09-27 04:49:31,672 - PDL-Slicing/Transport - INFO - BLOCKCHAIN_MAPPER: COST SIP  - 799831 - 989
2021-09-27 04:49:35,456 - PDL-Slicing/Transport - INFO - BLOCKCHAIN_MAPPER: COST SIP  - 799831 - 989
2021-09-27 04:49:38,964 - PDL-Slicing/Transport - INFO - BLOCKCHAIN_MAPPER: COST SIP  - 799843 - 990
2021-09-27 04:49:42,601 - PDL-Slicing/Transport - INFO - BLOCKCHAIN_MAPPER: COST SIP  - 799819 - 988
2021-09-27 04:49:46,160 - PDL-Slicing/Transport - INFO - BLOCKCHAIN_MAPPER: COST SIP  - 799819 - 988
2021-09-27 04:49:49,640 - PDL-Slicing/Transport - INFO - BLOCKCHAIN_MAPPER: COST SIP  - 799855 - 991
2021-09-27 04:49:53,354 - PDL-Slicing/Transport - INFO - BLOCKCHAIN_MAPPER: COST SIP  - 799831 - 989
2021-09-27 04:49:57,309 - PDL-Slicing/Transport - INFO - BLOCKCHAIN_MAPPER: COST NEP  - 1221061 - 1549
2021-09-27 04:50:00,904 - PDL-Slicing/Transport - INFO - BLOCKCHAIN_MAPPER: COST NEP  - 1191061 - 1549
2021-09-27 04:50:05,515 - PDL-Slicing/Transport - INFO - BLOCKCHAIN_MAPPER: COST NEP  - 1191061 - 1549
2021-09-27 04:50:09,421 - PDL-Slicing/Transport - INFO - BLOCKCHAIN_MAPPER: COST NEP  - 1005922 - 1274
2021-09-27 04:50:15,177 - PDL-Slicing/Transport - INFO - BLOCKCHAIN_MAPPER: COST NEP  - 1005922 - 1274
2021-09-27 04:50:19,202 - PDL-Slicing/Transport - INFO - BLOCKCHAIN_MAPPER: COST NODE  - 708309 - 7830
2021-09-27 04:50:23,381 - PDL-Slicing/Transport - INFO - BLOCKCHAIN_MAPPER: COST NEP  - 1191061 - 1549
2021-09-27 04:50:27,525 - PDL-Slicing/Transport - INFO - BLOCKCHAIN_MAPPER: COST NEP  - 1191061 - 1549
2021-09-27 04:50:31,679 - PDL-Slicing/Transport - INFO - BLOCKCHAIN_MAPPER: COST NEP  - 1191061 - 1549
2021-09-27 04:50:36,175 - PDL-Slicing/Transport - INFO - BLOCKCHAIN_MAPPER: COST NEP  - 1191061 - 1549
2021-09-27 04:50:40,334 - PDL-Slicing/Transport - INFO - BLOCKCHAIN_MAPPER: COST NEP  - 1191061 - 1549
2021-09-27 04:50:44,562 - PDL-Slicing/Transport - INFO - BLOCKCHAIN_MAPPER: COST NEP  - 1191061 - 1549
2021-09-27 04:50:48,635 - PDL-Slicing/Transport - INFO - BLOCKCHAIN_MAPPER: COST NEP  - 1191061 - 1549
2021-09-27 04:50:53,134 - PDL-Slicing/Transport - INFO - BLOCKCHAIN_MAPPER: COST NEP  - 1191061 - 1549
2021-09-27 04:50:57,373 - PDL-Slicing/Transport - INFO - BLOCKCHAIN_MAPPER: COST NEP  - 1191061 - 1549
2021-09-27 04:51:01,820 - PDL-Slicing/Transport - INFO - BLOCKCHAIN_MAPPER: COST NEP  - 1191061 - 1549
2021-09-27 04:51:06,013 - PDL-Slicing/Transport - INFO - BLOCKCHAIN_MAPPER: COST NEP  - 1191061 - 1549
2021-09-27 04:51:11,074 - PDL-Slicing/Transport - INFO - BLOCKCHAIN_MAPPER: COST NEP  - 1191061 - 1549
2021-09-27 04:51:15,965 - PDL-Slicing/Transport - INFO - BLOCKCHAIN_MAPPER: COST NEP  - 1191061 - 1549
2021-09-27 04:51:20,276 - PDL-Slicing/Transport - INFO - BLOCKCHAIN_MAPPER: COST NEP  - 1191061 - 1549
2021-09-27 04:51:24,696 - PDL-Slicing/Transport - INFO - BLOCKCHAIN_MAPPER: COST NEP  - 1191061 - 1549
2021-09-27 04:51:29,164 - PDL-Slicing/Transport - INFO - BLOCKCHAIN_MAPPER: COST NEP  - 1191061 - 1549
2021-09-27 04:51:33,391 - PDL-Slicing/Transport - INFO - BLOCKCHAIN_MAPPER: COST NEP  - 1191061 - 1549
2021-09-27 04:51:38,068 - PDL-Slicing/Transport - INFO - BLOCKCHAIN_MAPPER: COST NEP  - 1191061 - 1549
2021-09-27 04:51:42,240 - PDL-Slicing/Transport - INFO - BLOCKCHAIN_MAPPER: COST NEP  - 1191061 - 1549
2021-09-27 04:51:46,279 - PDL-Slicing/Transport - INFO - BLOCKCHAIN_MAPPER: COST NEP  - 1191061 - 1549
2021-09-27 04:51:50,346 - PDL-Slicing/Transport - INFO - BLOCKCHAIN_MAPPER: COST NEP  - 1191061 - 1549
2021-09-27 04:51:54,914 - PDL-Slicing/Transport - INFO - BLOCKCHAIN_MAPPER: COST NEP  - 1191061 - 1549
2021-09-27 04:51:59,557 - PDL-Slicing/Transport - INFO - BLOCKCHAIN_MAPPER: COST NEP  - 1191061 - 1549
2021-09-27 04:52:04,172 - PDL-Slicing/Transport - INFO - BLOCKCHAIN_MAPPER: COST NEP  - 1191061 - 1549
2021-09-27 04:52:08,596 - PDL-Slicing/Transport - INFO - BLOCKCHAIN_MAPPER: COST NEP  - 1191061 - 1549
2021-09-27 04:52:14,464 - PDL-Slicing/Transport - INFO - BLOCKCHAIN_MAPPER: COST NEP  - 1191061 - 1549
2021-09-27 04:52:18,240 - PDL-Slicing/Transport - INFO - BLOCKCHAIN_MAPPER: COST NEP  - 1191061 - 1549
2021-09-27 04:52:22,183 - PDL-Slicing/Transport - INFO - BLOCKCHAIN_MAPPER: COST NEP  - 1191061 - 1549
2021-09-27 04:52:26,535 - PDL-Slicing/Transport - INFO - BLOCKCHAIN_MAPPER: COST NEP  - 1191061 - 1549
2021-09-27 04:52:30,982 - PDL-Slicing/Transport - INFO - BLOCKCHAIN_MAPPER: COST NEP  - 1191061 - 1549
2021-09-27 04:52:35,372 - PDL-Slicing/Transport - INFO - BLOCKCHAIN_MAPPER: COST NEP  - 1191061 - 1549
2021-09-27 04:52:39,609 - PDL-Slicing/Transport - INFO - BLOCKCHAIN_MAPPER: COST NEP  - 1191061 - 1549
2021-09-27 04:52:43,887 - PDL-Slicing/Transport - INFO - BLOCKCHAIN_MAPPER: COST NEP  - 1191061 - 1549
2021-09-27 04:52:48,203 - PDL-Slicing/Transport - INFO - BLOCKCHAIN_MAPPER: COST NEP  - 1191061 - 1549
2021-09-27 04:52:52,235 - PDL-Slicing/Transport - INFO - BLOCKCHAIN_MAPPER: COST NEP  - 1191061 - 1549
2021-09-27 04:52:56,261 - PDL-Slicing/Transport - INFO - BLOCKCHAIN_MAPPER: COST NEP  - 1191061 - 1549
2021-09-27 04:53:00,555 - PDL-Slicing/Transport - INFO - BLOCKCHAIN_MAPPER: COST NEP  - 1191061 - 1549
2021-09-27 04:53:04,781 - PDL-Slicing/Transport - INFO - BLOCKCHAIN_MAPPER: COST NEP  - 1191061 - 1549
2021-09-27 04:53:09,086 - PDL-Slicing/Transport - INFO - BLOCKCHAIN_MAPPER: COST NEP  - 1191061 - 1549
2021-09-27 04:53:14,901 - PDL-Slicing/Transport - INFO - BLOCKCHAIN_MAPPER: COST NEP  - 1191061 - 1549
2021-09-27 04:53:19,365 - PDL-Slicing/Transport - INFO - BLOCKCHAIN_MAPPER: COST NEP  - 1191061 - 1549
2021-09-27 04:53:23,458 - PDL-Slicing/Transport - INFO - BLOCKCHAIN_MAPPER: COST NEP  - 1191061 - 1549
2021-09-27 04:53:27,501 - PDL-Slicing/Transport - INFO - BLOCKCHAIN_MAPPER: COST NEP  - 1191061 - 1549
2021-09-27 04:53:31,876 - PDL-Slicing/Transport - INFO - BLOCKCHAIN_MAPPER: COST NEP  - 1191061 - 1549
2021-09-27 04:53:36,067 - PDL-Slicing/Transport - INFO - BLOCKCHAIN_MAPPER: COST NEP  - 1191061 - 1549
2021-09-27 04:53:41,163 - PDL-Slicing/Transport - INFO - BLOCKCHAIN_MAPPER: COST NEP  - 1191061 - 1549
2021-09-27 04:53:45,790 - PDL-Slicing/Transport - INFO - BLOCKCHAIN_MAPPER: COST NEP  - 1191061 - 1549
2021-09-27 04:53:49,758 - PDL-Slicing/Transport - INFO - BLOCKCHAIN_MAPPER: COST NEP  - 1191061 - 1549
2021-09-27 04:53:53,924 - PDL-Slicing/Transport - INFO - BLOCKCHAIN_MAPPER: COST NEP  - 1191061 - 1549
2021-09-27 04:53:57,872 - PDL-Slicing/Transport - INFO - BLOCKCHAIN_MAPPER: COST NEP  - 1191061 - 1549
2021-09-27 04:54:01,876 - PDL-Slicing/Transport - INFO - BLOCKCHAIN_MAPPER: COST NEP  - 1191061 - 1549
2021-09-27 04:54:05,892 - PDL-Slicing/Transport - INFO - BLOCKCHAIN_MAPPER: COST NEP  - 1191061 - 1549
2021-09-27 04:54:10,534 - PDL-Slicing/Transport - INFO - BLOCKCHAIN_MAPPER: COST NEP  - 1191061 - 1549
2021-09-27 04:54:16,230 - PDL-Slicing/Transport - INFO - BLOCKCHAIN_MAPPER: COST NEP  - 1191061 - 1549
2021-09-27 04:54:20,237 - PDL-Slicing/Transport - INFO - BLOCKCHAIN_MAPPER: COST NEP  - 1191061 - 1549
2021-09-27 04:54:24,340 - PDL-Slicing/Transport - INFO - BLOCKCHAIN_MAPPER: COST NEP  - 1191061 - 1549
2021-09-27 04:54:28,394 - PDL-Slicing/Transport - INFO - BLOCKCHAIN_MAPPER: COST NEP  - 1191061 - 1549
2021-09-27 04:54:32,978 - PDL-Slicing/Transport - INFO - BLOCKCHAIN_MAPPER: COST NEP  - 1191061 - 1549
2021-09-27 04:54:38,068 - PDL-Slicing/Transport - INFO - BLOCKCHAIN_MAPPER: COST NEP  - 1191061 - 1549
2021-09-27 04:54:42,433 - PDL-Slicing/Transport - INFO - BLOCKCHAIN_MAPPER: COST NEP  - 1191061 - 1549
2021-09-27 04:54:46,564 - PDL-Slicing/Transport - INFO - BLOCKCHAIN_MAPPER: COST NEP  - 1005922 - 1274
2021-09-27 04:54:50,952 - PDL-Slicing/Transport - INFO - BLOCKCHAIN_MAPPER: COST NEP  - 1005922 - 1274
2021-09-27 04:54:55,939 - PDL-Slicing/Transport - INFO - BLOCKCHAIN_MAPPER: COST NODE  - 2140162 - 96235
2021-09-27 04:55:00,163 - PDL-Slicing/Transport - INFO - BLOCKCHAIN_MAPPER: COST NEP  - 1191061 - 1549
2021-09-27 04:55:04,385 - PDL-Slicing/Transport - INFO - BLOCKCHAIN_MAPPER: COST NEP  - 1191061 - 1549
2021-09-27 04:55:08,592 - PDL-Slicing/Transport - INFO - BLOCKCHAIN_MAPPER: COST NEP  - 1191061 - 1549
2021-09-27 04:55:14,476 - PDL-Slicing/Transport - INFO - BLOCKCHAIN_MAPPER: COST NEP  - 1191061 - 1549
2021-09-27 04:55:18,964 - PDL-Slicing/Transport - INFO - BLOCKCHAIN_MAPPER: COST NEP  - 1191061 - 1549
2021-09-27 04:55:23,464 - PDL-Slicing/Transport - INFO - BLOCKCHAIN_MAPPER: COST NEP  - 1191061 - 1549
2021-09-27 04:55:27,893 - PDL-Slicing/Transport - INFO - BLOCKCHAIN_MAPPER: COST NEP  - 1191061 - 1549
2021-09-27 04:55:32,133 - PDL-Slicing/Transport - INFO - BLOCKCHAIN_MAPPER: COST NEP  - 1191061 - 1549
2021-09-27 04:55:36,164 - PDL-Slicing/Transport - INFO - BLOCKCHAIN_MAPPER: COST NEP  - 1191061 - 1549
2021-09-27 04:55:40,342 - PDL-Slicing/Transport - INFO - BLOCKCHAIN_MAPPER: COST NEP  - 1191061 - 1549
2021-09-27 04:55:44,672 - PDL-Slicing/Transport - INFO - BLOCKCHAIN_MAPPER: COST NEP  - 1191061 - 1549
2021-09-27 04:55:48,808 - PDL-Slicing/Transport - INFO - BLOCKCHAIN_MAPPER: COST NEP  - 1191061 - 1549
2021-09-27 04:55:53,017 - PDL-Slicing/Transport - INFO - BLOCKCHAIN_MAPPER: COST NEP  - 1191061 - 1549
2021-09-27 04:55:57,396 - PDL-Slicing/Transport - INFO - BLOCKCHAIN_MAPPER: COST NEP  - 1191061 - 1549
2021-09-27 04:56:01,939 - PDL-Slicing/Transport - INFO - BLOCKCHAIN_MAPPER: COST NEP  - 1191061 - 1549
2021-09-27 04:56:06,118 - PDL-Slicing/Transport - INFO - BLOCKCHAIN_MAPPER: COST NEP  - 1191061 - 1549
2021-09-27 04:56:10,812 - PDL-Slicing/Transport - INFO - BLOCKCHAIN_MAPPER: COST NEP  - 1191061 - 1549
2021-09-27 04:56:16,102 - PDL-Slicing/Transport - INFO - BLOCKCHAIN_MAPPER: COST NEP  - 1191061 - 1549
2021-09-27 04:56:20,265 - PDL-Slicing/Transport - INFO - BLOCKCHAIN_MAPPER: COST NEP  - 1191061 - 1549
2021-09-27 04:56:24,409 - PDL-Slicing/Transport - INFO - BLOCKCHAIN_MAPPER: COST NEP  - 1191061 - 1549
2021-09-27 04:56:28,412 - PDL-Slicing/Transport - INFO - BLOCKCHAIN_MAPPER: COST NEP  - 1191061 - 1549
2021-09-27 04:56:32,710 - PDL-Slicing/Transport - INFO - BLOCKCHAIN_MAPPER: COST NEP  - 1191061 - 1549
2021-09-27 04:56:36,877 - PDL-Slicing/Transport - INFO - BLOCKCHAIN_MAPPER: COST NEP  - 1191061 - 1549
2021-09-27 04:56:41,004 - PDL-Slicing/Transport - INFO - BLOCKCHAIN_MAPPER: COST NEP  - 1191061 - 1549
2021-09-27 04:56:45,232 - PDL-Slicing/Transport - INFO - BLOCKCHAIN_MAPPER: COST NEP  - 1191061 - 1549
2021-09-27 04:56:49,503 - PDL-Slicing/Transport - INFO - BLOCKCHAIN_MAPPER: COST NEP  - 1191061 - 1549
2021-09-27 04:56:54,001 - PDL-Slicing/Transport - INFO - BLOCKCHAIN_MAPPER: COST NEP  - 1191061 - 1549
2021-09-27 04:56:58,444 - PDL-Slicing/Transport - INFO - BLOCKCHAIN_MAPPER: COST NEP  - 1191061 - 1549
2021-09-27 04:57:02,739 - PDL-Slicing/Transport - INFO - BLOCKCHAIN_MAPPER: COST NEP  - 1191061 - 1549
2021-09-27 04:57:07,076 - PDL-Slicing/Transport - INFO - BLOCKCHAIN_MAPPER: COST NEP  - 1191061 - 1549
2021-09-27 04:57:12,965 - PDL-Slicing/Transport - INFO - BLOCKCHAIN_MAPPER: COST NEP  - 1191061 - 1549
2021-09-27 04:57:17,056 - PDL-Slicing/Transport - INFO - BLOCKCHAIN_MAPPER: COST NEP  - 1191061 - 1549
2021-09-27 04:57:21,098 - PDL-Slicing/Transport - INFO - BLOCKCHAIN_MAPPER: COST NEP  - 1191061 - 1549
2021-09-27 04:57:25,439 - PDL-Slicing/Transport - INFO - BLOCKCHAIN_MAPPER: COST NEP  - 1191061 - 1549
2021-09-27 04:57:29,784 - PDL-Slicing/Transport - INFO - BLOCKCHAIN_MAPPER: COST NEP  - 1191061 - 1549
2021-09-27 04:57:33,984 - PDL-Slicing/Transport - INFO - BLOCKCHAIN_MAPPER: COST NEP  - 1191061 - 1549
2021-09-27 04:57:38,093 - PDL-Slicing/Transport - INFO - BLOCKCHAIN_MAPPER: COST NEP  - 1191061 - 1549
2021-09-27 04:57:42,236 - PDL-Slicing/Transport - INFO - BLOCKCHAIN_MAPPER: COST NEP  - 1191061 - 1549
2021-09-27 04:57:46,749 - PDL-Slicing/Transport - INFO - BLOCKCHAIN_MAPPER: COST NEP  - 1191061 - 1549
2021-09-27 04:57:51,447 - PDL-Slicing/Transport - INFO - BLOCKCHAIN_MAPPER: COST NEP  - 1191061 - 1549
2021-09-27 04:57:55,689 - PDL-Slicing/Transport - INFO - BLOCKCHAIN_MAPPER: COST NEP  - 1191061 - 1549
2021-09-27 04:58:00,235 - PDL-Slicing/Transport - INFO - BLOCKCHAIN_MAPPER: COST NEP  - 1191061 - 1549
2021-09-27 04:58:04,767 - PDL-Slicing/Transport - INFO - BLOCKCHAIN_MAPPER: COST NEP  - 1191061 - 1549
2021-09-27 04:58:09,213 - PDL-Slicing/Transport - INFO - BLOCKCHAIN_MAPPER: COST NEP  - 1191061 - 1549
2021-09-27 04:58:14,858 - PDL-Slicing/Transport - INFO - BLOCKCHAIN_MAPPER: COST NEP  - 1191061 - 1549
2021-09-27 04:58:19,275 - PDL-Slicing/Transport - INFO - BLOCKCHAIN_MAPPER: COST NEP  - 1191061 - 1549
2021-09-27 04:58:23,317 - PDL-Slicing/Transport - INFO - BLOCKCHAIN_MAPPER: COST NEP  - 1191061 - 1549
2021-09-27 04:58:28,831 - PDL-Slicing/Transport - INFO - BLOCKCHAIN_MAPPER: COST NEP  - 1191061 - 1549
2021-09-27 04:58:34,092 - PDL-Slicing/Transport - INFO - BLOCKCHAIN_MAPPER: COST NEP  - 1191061 - 1549
2021-09-27 04:58:38,372 - PDL-Slicing/Transport - INFO - BLOCKCHAIN_MAPPER: COST NEP  - 1191061 - 1549
2021-09-27 04:58:42,851 - PDL-Slicing/Transport - INFO - BLOCKCHAIN_MAPPER: COST NEP  - 1191061 - 1549
2021-09-27 04:58:47,153 - PDL-Slicing/Transport - INFO - BLOCKCHAIN_MAPPER: COST NEP  - 1191061 - 1549
2021-09-27 04:58:51,699 - PDL-Slicing/Transport - INFO - BLOCKCHAIN_MAPPER: COST NEP  - 1191061 - 1549
2021-09-27 04:58:56,288 - PDL-Slicing/Transport - INFO - BLOCKCHAIN_MAPPER: COST NEP  - 1191061 - 1549
2021-09-27 04:59:01,180 - PDL-Slicing/Transport - INFO - BLOCKCHAIN_MAPPER: COST NEP  - 1191061 - 1549
2021-09-27 04:59:05,290 - PDL-Slicing/Transport - INFO - BLOCKCHAIN_MAPPER: COST NEP  - 1191061 - 1549
2021-09-27 04:59:09,777 - PDL-Slicing/Transport - INFO - BLOCKCHAIN_MAPPER: COST NEP  - 1191061 - 1549
2021-09-27 04:59:16,340 - PDL-Slicing/Transport - INFO - BLOCKCHAIN_MAPPER: COST NEP  - 1191061 - 1549
2021-09-27 04:59:21,017 - PDL-Slicing/Transport - INFO - BLOCKCHAIN_MAPPER: COST NEP  - 1191061 - 1549
2021-09-27 04:59:25,549 - PDL-Slicing/Transport - INFO - BLOCKCHAIN_MAPPER: COST NEP  - 1191061 - 1549
2021-09-27 04:59:30,193 - PDL-Slicing/Transport - INFO - BLOCKCHAIN_MAPPER: COST NEP  - 1005922 - 1274
2021-09-27 04:59:34,591 - PDL-Slicing/Transport - INFO - BLOCKCHAIN_MAPPER: COST NEP  - 1005922 - 1274
2021-09-27 04:59:39,061 - PDL-Slicing/Transport - INFO - BLOCKCHAIN_MAPPER: COST NEP  - 1005922 - 1274
2021-09-27 04:59:43,707 - PDL-Slicing/Transport - INFO - BLOCKCHAIN_MAPPER: COST NODE  - 2160846 - 97511
2021-09-27 04:59:47,620 - PDL-Slicing/Transport - INFO - BLOCKCHAIN_MAPPER: COST LINK  - 623874 - 659
2021-09-27 04:59:51,168 - PDL-Slicing/Transport - INFO - BLOCKCHAIN_MAPPER: COST LINK  - 593874 - 659
2021-09-27 04:59:54,780 - PDL-Slicing/Transport - INFO - BLOCKCHAIN_MAPPER: COST LINK  - 593874 - 659
2021-09-27 04:59:58,561 - PDL-Slicing/Transport - INFO - BLOCKCHAIN_MAPPER: COST LINK  - 593874 - 659
2021-09-27 05:00:02,216 - PDL-Slicing/Transport - INFO - BLOCKCHAIN_MAPPER: COST LINK  - 593874 - 659
2021-09-27 05:00:05,955 - PDL-Slicing/Transport - INFO - BLOCKCHAIN_MAPPER: COST LINK  - 593874 - 659
2021-09-27 05:00:18,922 - PDL-Slicing/Transport - INFO - TRANSPORT_EVENT_MNGR: NO NEED TO PROCESS THIS EVENT.
2021-09-27 05:00:18,979 - PDL-Slicing/Transport - INFO - BLOCKCHAIN_MAPPER: COST CONTEXT  - 7304210 - 450062
2021-09-27 05:00:18,982 - PDL-Slicing/Transport - INFO - ORCH: Local context distributed.
2021-09-27 05:00:22,232 - PDL-Slicing/Transport - INFO - TRANSPORT_EVENT_MNGR: NEW TOPOLOGY EVENT
2021-09-27 05:00:22,234 - PDL-Slicing/Transport - INFO - BLOCKCHAIN_CONTEXT - 2021-09-27 05:00:22.234493
2021-09-27 05:00:22,235 - PDL-Slicing/Transport - INFO - ORCH: Adding external SDN domain context information in the E2E Network graph.627ea8a3-f3cf-578b-b0dd-9e65a5a0e0a3
2021-09-27 05:05:47,311 - PDL-Slicing/Transport - INFO - VL_COMP: External SDN context added.
2021-09-27 05:10:34,653 - PDL-Slicing/Transport - INFO - TRANSPORT_EVENT_MNGR: NEW TOPOLOGY EVENT
2021-09-27 05:10:34,682 - PDL-Slicing/Transport - INFO - BLOCKCHAIN_CONTEXT - 2021-09-27 05:10:34.682354
2021-09-27 05:10:34,702 - PDL-Slicing/Transport - INFO - ORCH: Adding external SDN domain context information in the E2E Network graph.3d89bd76-e54d-5fab-9787-eb609f291ee0
2021-09-27 05:13:39,226 - PDL-Slicing/Transport - INFO - TRANSPORT_EVENT_MNGR: NEW TOPOLOGY EVENT
2021-09-27 05:13:39,228 - PDL-Slicing/Transport - INFO - BLOCKCHAIN_CONTEXT - 2021-09-27 05:13:39.228252
2021-09-27 05:13:39,231 - PDL-Slicing/Transport - INFO - ORCH: Adding external SDN domain context information in the E2E Network graph.226b9166-974e-57ff-821d-2f24e5a71b00
2021-09-27 05:14:45,119 - PDL-Slicing/Transport - INFO - VL_COMP: External SDN context added.
2021-09-27 05:16:23,448 - PDL-Slicing/Transport - INFO - VL_COMP: External SDN context added.
2021-09-27 09:05:44,902 - PDL-Slicing/Transport - INFO - TRANSPORT_EVENT_MNGR: NO NEED TO PROCESS THIS EVENT.
2021-09-27 09:05:46,568 - PDL-Slicing/Transport - INFO - TRANSPORT_EVENT_MNGR: NO NEED TO PROCESS THIS EVENT.
2021-09-27 09:09:43,341 - PDL-Slicing/Transport - INFO - TRANSPORT_EVENT_MNGR: NO NEED TO PROCESS THIS EVENT.
2021-09-27 09:09:44,574 - PDL-Slicing/Transport - INFO - TRANSPORT_EVENT_MNGR: NO NEED TO PROCESS THIS EVENT.
2021-09-27 09:10:15,999 - PDL-Slicing/Transport - INFO - TRANSPORT_EVENT_MNGR: NO NEED TO PROCESS THIS EVENT.
2021-09-27 09:10:17,026 - PDL-Slicing/Transport - INFO - TRANSPORT_EVENT_MNGR: NO NEED TO PROCESS THIS EVENT.
2021-09-27 09:13:58,654 - PDL-Slicing/Transport - INFO - TRANSPORT_EVENT_MNGR: NO NEED TO PROCESS THIS EVENT.
2021-09-27 09:13:59,750 - PDL-Slicing/Transport - INFO - TRANSPORT_EVENT_MNGR: NO NEED TO PROCESS THIS EVENT.
2021-09-27 09:16:13,537 - PDL-Slicing/Transport - INFO - TRANSPORT_EVENT_MNGR: NO NEED TO PROCESS THIS EVENT.
2021-09-27 09:16:16,179 - PDL-Slicing/Transport - INFO - TRANSPORT_EVENT_MNGR: NO NEED TO PROCESS THIS EVENT.
2021-09-27 09:20:10,560 - PDL-Slicing/Transport - INFO - TRANSPORT_EVENT_MNGR: NO NEED TO PROCESS THIS EVENT.
2021-09-27 09:20:13,421 - PDL-Slicing/Transport - INFO - TRANSPORT_EVENT_MNGR: NO NEED TO PROCESS THIS EVENT.
2021-09-27 09:25:34,930 - PDL-Slicing/Transport - INFO - TRANSPORT_EVENT_MNGR: NO NEED TO PROCESS THIS EVENT.
2021-09-27 09:25:36,281 - PDL-Slicing/Transport - INFO - TRANSPORT_EVENT_MNGR: NO NEED TO PROCESS THIS EVENT.
2021-09-27 09:26:18,020 - PDL-Slicing/Transport - INFO - TRANSPORT_EVENT_MNGR: NO NEED TO PROCESS THIS EVENT.
2021-09-27 09:26:19,075 - PDL-Slicing/Transport - INFO - TRANSPORT_EVENT_MNGR: NO NEED TO PROCESS THIS EVENT.
2021-09-27 09:27:04,469 - PDL-Slicing/Transport - INFO - TRANSPORT_EVENT_MNGR: NO NEED TO PROCESS THIS EVENT.
2021-09-27 09:27:05,790 - PDL-Slicing/Transport - INFO - TRANSPORT_EVENT_MNGR: NO NEED TO PROCESS THIS EVENT.
2021-09-27 09:30:40,741 - PDL-Slicing/Transport - INFO - TRANSPORT_EVENT_MNGR: NO NEED TO PROCESS THIS EVENT.
2021-09-27 09:30:42,977 - PDL-Slicing/Transport - INFO - TRANSPORT_EVENT_MNGR: NO NEED TO PROCESS THIS EVENT.
2021-09-27 09:32:42,738 - PDL-Slicing/Transport - INFO - TRANSPORT_EVENT_MNGR: NO NEED TO PROCESS THIS EVENT.
2021-09-27 09:32:43,812 - PDL-Slicing/Transport - INFO - TRANSPORT_EVENT_MNGR: NO NEED TO PROCESS THIS EVENT.
2021-09-27 09:33:41,823 - PDL-Slicing/Transport - INFO - TRANSPORT_EVENT_MNGR: EVENT TO CREATE A NEW CS
2021-09-27 09:33:41,834 - PDL-Slicing/Transport - INFO - ORCH: Received request to deploy a local CS: 1443f4d8-965a-4573-aed9-702ad8996ef4
2021-09-27 09:33:41,834 - PDL-Slicing/Transport - INFO - SDN_MAPPER: Arrived a requests to deploy a local CS.
2021-09-27 09:33:41,834 - PDL-Slicing/Transport - INFO - SDN_MAPPER: CS information: {'uuid': '1443f4d8-965a-4573-aed9-702ad8996ef4', 'context-uuid': '0bd7908e-c22b-574d-8bba-396d060e2611', 'address-owner': '0xB4BB87e6914C9af05f09D7b3E8de3D05a98e6c48', 'status': 'INSTANTIATING', 'sip-source': '1b7dbfae-2ef5-5d7c-b4ff-be8fba395f6d', 'sip-destination': '291796d9-a492-5837-9ccb-24389339d18a', 'internal-links': []} / Capacity: {'value': 375, 'unit': 'GHz'}/ Spectrum: {'lower-frequency': 191700000, 'upper-frequency': 192075000}
2021-09-27 09:33:41,834 - PDL-Slicing/Transport - INFO - {'tapi-connectivity:connectivity-service': [{'uuid': '1443f4d8-965a-4573-aed9-702ad8996ef4', 'connectivity-constraint': {'requested-capacity': {'total-size': {'value': 375, 'unit': 'GHz'}}, 'connectivity-direction': 'UNIDIRECTIONAL'}, 'end-point': [{'service-interface-point': {'service-interface-point-uuid': '1b7dbfae-2ef5-5d7c-b4ff-be8fba395f6d'}, 'layer-protocol-name': 'PHOTONIC_MEDIA', 'layer-protocol-qualifier': 'tapi-photonic-media:PHOTONIC_LAYER_QUALIFIER_NMC', 'local-id': '1b7dbfae-2ef5-5d7c-b4ff-be8fba395f6d', 'tapi-photonic-media:media-channel-connectivity-service-end-point-spec': {'mc-config': {'spectrum': {'frequency-constraint': {'adjustment-granularity': 'G_6_25GHZ', 'grid-type': 'FLEX'}, 'lower-frequency': 191700000, 'upper-frequency': 192075000}}}}, {'service-interface-point': {'service-interface-point-uuid': '291796d9-a492-5837-9ccb-24389339d18a'}, 'layer-protocol-name': 'PHOTONIC_MEDIA', 'layer-protocol-qualifier': 'tapi-photonic-media:PHOTONIC_LAYER_QUALIFIER_NMC', 'local-id': '291796d9-a492-5837-9ccb-24389339d18a'}]}]}
2021-09-27 09:33:42,084 - PDL-Slicing/Transport - INFO - Added local CS element.
2021-09-27 09:33:43,169 - PDL-Slicing/Transport - INFO - TRANSPORT_EVENT_MNGR: NO NEED TO PROCESS THIS EVENT.
2021-09-27 09:33:43,179 - PDL-Slicing/Transport - INFO - BLOCKCHAIN_MAPPER: COST DEPLOY_CS Update - 217674 - 498
2021-09-27 09:39:08,467 - PDL-Slicing/Transport - INFO - TRANSPORT_EVENT_MNGR: EVENT TO CREATE A NEW CS
2021-09-27 09:39:08,469 - PDL-Slicing/Transport - INFO - ORCH: Received request to deploy a local CS: 248fb7d9-d18c-46a5-82b4-4c5f9d8a6f8a
2021-09-27 09:39:08,469 - PDL-Slicing/Transport - INFO - SDN_MAPPER: Arrived a requests to deploy a local CS.
2021-09-27 09:39:08,469 - PDL-Slicing/Transport - INFO - SDN_MAPPER: CS information: {'uuid': '248fb7d9-d18c-46a5-82b4-4c5f9d8a6f8a', 'context-uuid': '0bd7908e-c22b-574d-8bba-396d060e2611', 'address-owner': '0xB4BB87e6914C9af05f09D7b3E8de3D05a98e6c48', 'status': 'INSTANTIATING', 'sip-source': 'cf92ece7-6e9d-5059-bb2e-f609f12396b9', 'sip-destination': 'aade6001-f00b-5e2f-a357-6a0a9d3de870', 'internal-links': []} / Capacity: {'value': 525, 'unit': 'GHz'}/ Spectrum: {'lower-frequency': 192075000, 'upper-frequency': 192600000}
2021-09-27 09:39:08,470 - PDL-Slicing/Transport - INFO - {'tapi-connectivity:connectivity-service': [{'uuid': '248fb7d9-d18c-46a5-82b4-4c5f9d8a6f8a', 'connectivity-constraint': {'requested-capacity': {'total-size': {'value': 525, 'unit': 'GHz'}}, 'connectivity-direction': 'UNIDIRECTIONAL'}, 'end-point': [{'service-interface-point': {'service-interface-point-uuid': 'cf92ece7-6e9d-5059-bb2e-f609f12396b9'}, 'layer-protocol-name': 'PHOTONIC_MEDIA', 'layer-protocol-qualifier': 'tapi-photonic-media:PHOTONIC_LAYER_QUALIFIER_NMC', 'local-id': 'cf92ece7-6e9d-5059-bb2e-f609f12396b9', 'tapi-photonic-media:media-channel-connectivity-service-end-point-spec': {'mc-config': {'spectrum': {'frequency-constraint': {'adjustment-granularity': 'G_6_25GHZ', 'grid-type': 'FLEX'}, 'lower-frequency': 192075000, 'upper-frequency': 192600000}}}}, {'service-interface-point': {'service-interface-point-uuid': 'aade6001-f00b-5e2f-a357-6a0a9d3de870'}, 'layer-protocol-name': 'PHOTONIC_MEDIA', 'layer-protocol-qualifier': 'tapi-photonic-media:PHOTONIC_LAYER_QUALIFIER_NMC', 'local-id': 'aade6001-f00b-5e2f-a357-6a0a9d3de870'}]}]}
2021-09-27 09:39:08,720 - PDL-Slicing/Transport - INFO - Added local CS element.
2021-09-27 09:39:11,471 - PDL-Slicing/Transport - INFO - BLOCKCHAIN_MAPPER: COST DEPLOY_CS Update - 217674 - 498
2021-09-27 09:39:11,517 - PDL-Slicing/Transport - INFO - TRANSPORT_EVENT_MNGR: NO NEED TO PROCESS THIS EVENT.
2021-09-27 09:41:14,255 - PDL-Slicing/Transport - INFO - TRANSPORT_EVENT_MNGR: NO NEED TO PROCESS THIS EVENT.
2021-09-27 09:41:17,313 - PDL-Slicing/Transport - INFO - TRANSPORT_EVENT_MNGR: NO NEED TO PROCESS THIS EVENT.
2021-09-27 09:41:33,422 - PDL-Slicing/Transport - INFO - TRANSPORT_EVENT_MNGR: EVENT TO TERMINATE A CS
2021-09-27 09:41:33,423 - PDL-Slicing/Transport - INFO - TIME TERMINATE BLOCKCHAIN - 1443f4d8-965a-4573-aed9-702ad8996ef4 - 2021-09-27 09:41:33.423327
2021-09-27 09:41:33,445 - PDL-Slicing/Transport - INFO - ORCH: Received request to terminate a local CS: 1443f4d8-965a-4573-aed9-702ad8996ef4
2021-09-27 09:41:33,445 - PDL-Slicing/Transport - INFO - SDN_MAPPER: Arrived a requests to terminate a local CS: 1443f4d8-965a-4573-aed9-702ad8996ef4
2021-09-27 09:41:33,697 - PDL-Slicing/Transport - INFO - Added local CS element.
2021-09-27 09:41:34,122 - PDL-Slicing/Transport - INFO - BLOCKCHAIN_MAPPER: COST TERMINATE_CS Update - 46242 - 46
2021-09-27 09:41:34,459 - PDL-Slicing/Transport - INFO - TRANSPORT_EVENT_MNGR: NO NEED TO PROCESS THIS EVENT.
2021-09-27 09:43:55,395 - PDL-Slicing/Transport - INFO - TRANSPORT_EVENT_MNGR: NO NEED TO PROCESS THIS EVENT.
2021-09-27 09:43:56,419 - PDL-Slicing/Transport - INFO - TRANSPORT_EVENT_MNGR: NO NEED TO PROCESS THIS EVENT.
2021-09-27 09:48:08,839 - PDL-Slicing/Transport - INFO - TRANSPORT_EVENT_MNGR: EVENT TO TERMINATE A CS
2021-09-27 09:48:08,840 - PDL-Slicing/Transport - INFO - TIME TERMINATE BLOCKCHAIN - 248fb7d9-d18c-46a5-82b4-4c5f9d8a6f8a - 2021-09-27 09:48:08.840969
2021-09-27 09:48:08,842 - PDL-Slicing/Transport - INFO - ORCH: Received request to terminate a local CS: 248fb7d9-d18c-46a5-82b4-4c5f9d8a6f8a
2021-09-27 09:48:08,843 - PDL-Slicing/Transport - INFO - SDN_MAPPER: Arrived a requests to terminate a local CS: 248fb7d9-d18c-46a5-82b4-4c5f9d8a6f8a
2021-09-27 09:48:09,093 - PDL-Slicing/Transport - INFO - Added local CS element.
2021-09-27 09:48:10,331 - PDL-Slicing/Transport - INFO - BLOCKCHAIN_MAPPER: COST TERMINATE_CS Update - 46242 - 46
2021-09-27 09:48:11,233 - PDL-Slicing/Transport - INFO - TRANSPORT_EVENT_MNGR: NO NEED TO PROCESS THIS EVENT.
2021-09-27 09:48:46,458 - PDL-Slicing/Transport - INFO - TRANSPORT_EVENT_MNGR: NO NEED TO PROCESS THIS EVENT.
2021-09-27 09:48:48,733 - PDL-Slicing/Transport - INFO - TRANSPORT_EVENT_MNGR: NO NEED TO PROCESS THIS EVENT.
2021-09-27 09:52:42,400 - PDL-Slicing/Transport - INFO - TRANSPORT_EVENT_MNGR: NO NEED TO PROCESS THIS EVENT.
2021-09-27 09:52:44,421 - PDL-Slicing/Transport - INFO - TRANSPORT_EVENT_MNGR: NO NEED TO PROCESS THIS EVENT.
2021-09-27 09:55:36,890 - PDL-Slicing/Transport - INFO - TRANSPORT_EVENT_MNGR: NO NEED TO PROCESS THIS EVENT.
2021-09-27 09:55:37,907 - PDL-Slicing/Transport - INFO - TRANSPORT_EVENT_MNGR: NO NEED TO PROCESS THIS EVENT.
2021-09-27 10:04:00,402 - PDL-Slicing/Transport - INFO - TRANSPORT_EVENT_MNGR: NO NEED TO PROCESS THIS EVENT.
2021-09-27 10:04:01,533 - PDL-Slicing/Transport - INFO - TRANSPORT_EVENT_MNGR: NO NEED TO PROCESS THIS EVENT.
2021-09-27 10:04:27,806 - PDL-Slicing/Transport - INFO - TRANSPORT_EVENT_MNGR: NO NEED TO PROCESS THIS EVENT.
2021-09-27 10:04:28,828 - PDL-Slicing/Transport - INFO - TRANSPORT_EVENT_MNGR: NO NEED TO PROCESS THIS EVENT.
2021-09-27 10:08:38,662 - PDL-Slicing/Transport - INFO - TRANSPORT_EVENT_MNGR: EVENT TO CREATE A NEW CS
2021-09-27 10:08:38,672 - PDL-Slicing/Transport - INFO - ORCH: Received request to deploy a local CS: 8730e4d7-3c99-42ba-965e-4a813d9df280
2021-09-27 10:08:38,672 - PDL-Slicing/Transport - INFO - SDN_MAPPER: Arrived a requests to deploy a local CS.
2021-09-27 10:08:38,672 - PDL-Slicing/Transport - INFO - SDN_MAPPER: CS information: {'uuid': '8730e4d7-3c99-42ba-965e-4a813d9df280', 'context-uuid': '0bd7908e-c22b-574d-8bba-396d060e2611', 'address-owner': '0xB4BB87e6914C9af05f09D7b3E8de3D05a98e6c48', 'status': 'INSTANTIATING', 'sip-source': 'ce525139-c58a-5ee7-a527-94e344d8fa5e', 'sip-destination': 'a9b6a9a3-99c5-5b37-bc83-d087abf94ceb', 'internal-links': []} / Capacity: {'value': 150, 'unit': 'GHz'}/ Spectrum: {'lower-frequency': 191700000, 'upper-frequency': 191850000}
2021-09-27 10:08:38,672 - PDL-Slicing/Transport - INFO - {'tapi-connectivity:connectivity-service': [{'uuid': '8730e4d7-3c99-42ba-965e-4a813d9df280', 'connectivity-constraint': {'requested-capacity': {'total-size': {'value': 150, 'unit': 'GHz'}}, 'connectivity-direction': 'UNIDIRECTIONAL'}, 'end-point': [{'service-interface-point': {'service-interface-point-uuid': 'ce525139-c58a-5ee7-a527-94e344d8fa5e'}, 'layer-protocol-name': 'PHOTONIC_MEDIA', 'layer-protocol-qualifier': 'tapi-photonic-media:PHOTONIC_LAYER_QUALIFIER_NMC', 'local-id': 'ce525139-c58a-5ee7-a527-94e344d8fa5e', 'tapi-photonic-media:media-channel-connectivity-service-end-point-spec': {'mc-config': {'spectrum': {'frequency-constraint': {'adjustment-granularity': 'G_6_25GHZ', 'grid-type': 'FLEX'}, 'lower-frequency': 191700000, 'upper-frequency': 191850000}}}}, {'service-interface-point': {'service-interface-point-uuid': 'a9b6a9a3-99c5-5b37-bc83-d087abf94ceb'}, 'layer-protocol-name': 'PHOTONIC_MEDIA', 'layer-protocol-qualifier': 'tapi-photonic-media:PHOTONIC_LAYER_QUALIFIER_NMC', 'local-id': 'a9b6a9a3-99c5-5b37-bc83-d087abf94ceb'}]}]}
2021-09-27 10:08:38,922 - PDL-Slicing/Transport - INFO - Added local CS element.
2021-09-27 10:08:39,837 - PDL-Slicing/Transport - INFO - TRANSPORT_EVENT_MNGR: NO NEED TO PROCESS THIS EVENT.
2021-09-27 10:08:39,844 - PDL-Slicing/Transport - INFO - BLOCKCHAIN_MAPPER: COST DEPLOY_CS Update - 217674 - 498
2021-09-27 10:12:50,112 - PDL-Slicing/Transport - INFO - TRANSPORT_EVENT_MNGR: EVENT TO TERMINATE A CS
2021-09-27 10:12:50,113 - PDL-Slicing/Transport - INFO - TIME TERMINATE BLOCKCHAIN - 8730e4d7-3c99-42ba-965e-4a813d9df280 - 2021-09-27 10:12:50.113687
2021-09-27 10:12:50,115 - PDL-Slicing/Transport - INFO - ORCH: Received request to terminate a local CS: 8730e4d7-3c99-42ba-965e-4a813d9df280
2021-09-27 10:12:50,115 - PDL-Slicing/Transport - INFO - SDN_MAPPER: Arrived a requests to terminate a local CS: 8730e4d7-3c99-42ba-965e-4a813d9df280
2021-09-27 10:12:50,366 - PDL-Slicing/Transport - INFO - Added local CS element.
2021-09-27 10:12:50,823 - PDL-Slicing/Transport - INFO - BLOCKCHAIN_MAPPER: COST TERMINATE_CS Update - 46242 - 46
2021-09-27 10:12:51,126 - PDL-Slicing/Transport - INFO - TRANSPORT_EVENT_MNGR: NO NEED TO PROCESS THIS EVENT.
2021-09-27 10:13:04,942 - PDL-Slicing/Transport - INFO - Received E2E CS deployment request.
2021-09-27 10:13:05,284 - PDL-Slicing/Transport - INFO - Selected SIPs available to be used. Starting the deployment.
2021-09-27 10:13:05,285 - PDL-Slicing/Transport - INFO - ORCH: Received E2E request info. Let's process it.
2021-09-27 10:13:05,286 - PDL-Slicing/Transport - INFO - TIME INSTANTIATE E2E - 0b46f332-9c36-4b8e-b74b-63b8d2ea295b - 2021-09-27 10:13:05.286115
2021-09-27 10:13:05,286 - PDL-Slicing/Transport - INFO - Element added into the DB e2e_cs
2021-09-27 10:13:05,286 - PDL-Slicing/Transport - INFO - ORCH: Calculates the 20 simplest paths.
2021-09-27 10:13:05,287 - PDL-Slicing/Transport - INFO - ORCH: Prepares E2E topology information.
2021-09-27 10:13:45,339 - PDL-Slicing/Transport - INFO - Retrieveing an element from the DB e2e_cs
2021-09-27 10:13:55,357 - PDL-Slicing/Transport - INFO - Retrieveing an element from the DB e2e_cs
2021-09-27 10:14:05,378 - PDL-Slicing/Transport - INFO - Retrieveing an element from the DB e2e_cs
2021-09-27 10:14:15,398 - PDL-Slicing/Transport - INFO - Retrieveing an element from the DB e2e_cs
2021-09-27 10:14:25,418 - PDL-Slicing/Transport - INFO - Retrieveing an element from the DB e2e_cs
2021-09-27 10:14:35,457 - PDL-Slicing/Transport - INFO - Retrieveing an element from the DB e2e_cs
2021-09-27 10:14:44,416 - PDL-Slicing/Transport - INFO - ORCH: Looks for the TAPI elements information involved in the route.
2021-09-27 10:14:45,478 - PDL-Slicing/Transport - INFO - Retrieveing an element from the DB e2e_cs
2021-09-27 10:14:55,502 - PDL-Slicing/Transport - INFO - Retrieveing an element from the DB e2e_cs
2021-09-27 10:15:05,530 - PDL-Slicing/Transport - INFO - Retrieveing an element from the DB e2e_cs
2021-09-27 10:15:15,551 - PDL-Slicing/Transport - INFO - Retrieveing an element from the DB e2e_cs
2021-09-27 10:15:25,574 - PDL-Slicing/Transport - INFO - Retrieveing an element from the DB e2e_cs
2021-09-27 10:15:35,606 - PDL-Slicing/Transport - INFO - Retrieveing an element from the DB e2e_cs
2021-09-27 10:15:45,634 - PDL-Slicing/Transport - INFO - Retrieveing an element from the DB e2e_cs
2021-09-27 10:15:55,650 - PDL-Slicing/Transport - INFO - Retrieveing an element from the DB e2e_cs
2021-09-27 10:16:05,673 - PDL-Slicing/Transport - INFO - Retrieveing an element from the DB e2e_cs
2021-09-27 10:16:15,725 - PDL-Slicing/Transport - INFO - Retrieveing an element from the DB e2e_cs
2021-09-27 10:16:25,741 - PDL-Slicing/Transport - INFO - Retrieveing an element from the DB e2e_cs
2021-09-27 10:16:35,758 - PDL-Slicing/Transport - INFO - Retrieveing an element from the DB e2e_cs
2021-09-27 10:16:45,783 - PDL-Slicing/Transport - INFO - Retrieveing an element from the DB e2e_cs
2021-09-27 10:16:55,803 - PDL-Slicing/Transport - INFO - Retrieveing an element from the DB e2e_cs
2021-09-27 10:17:05,822 - PDL-Slicing/Transport - INFO - Retrieveing an element from the DB e2e_cs
2021-09-27 10:17:15,840 - PDL-Slicing/Transport - INFO - Retrieveing an element from the DB e2e_cs
2021-09-27 10:17:25,859 - PDL-Slicing/Transport - INFO - Retrieveing an element from the DB e2e_cs
2021-09-27 10:17:35,874 - PDL-Slicing/Transport - INFO - Retrieveing an element from the DB e2e_cs
2021-09-27 10:17:45,892 - PDL-Slicing/Transport - INFO - Retrieveing an element from the DB e2e_cs
2021-09-27 10:17:55,911 - PDL-Slicing/Transport - INFO - Retrieveing an element from the DB e2e_cs
2021-09-27 10:18:05,938 - PDL-Slicing/Transport - INFO - Retrieveing an element from the DB e2e_cs
2021-09-27 10:18:15,962 - PDL-Slicing/Transport - INFO - Retrieveing an element from the DB e2e_cs
2021-09-27 10:18:25,990 - PDL-Slicing/Transport - INFO - Retrieveing an element from the DB e2e_cs
2021-09-27 10:18:36,015 - PDL-Slicing/Transport - INFO - Retrieveing an element from the DB e2e_cs
2021-09-27 10:18:46,038 - PDL-Slicing/Transport - INFO - Retrieveing an element from the DB e2e_cs
2021-09-27 10:18:56,083 - PDL-Slicing/Transport - INFO - Retrieveing an element from the DB e2e_cs
2021-09-27 10:19:06,106 - PDL-Slicing/Transport - INFO - Retrieveing an element from the DB e2e_cs
2021-09-27 10:19:16,124 - PDL-Slicing/Transport - INFO - Retrieveing an element from the DB e2e_cs
2021-09-27 10:19:20,759 - PDL-Slicing/Transport - INFO - ORCH: Updating information in the Blockchain to leave resources selected for other requests.
2021-09-27 10:19:24,098 - PDL-Slicing/Transport - INFO - BLOCKCHAIN_MAPPER: COST_NEP_Update - 281620 - 1568
2021-09-27 10:19:26,147 - PDL-Slicing/Transport - INFO - Retrieveing an element from the DB e2e_cs
2021-09-27 10:19:26,207 - PDL-Slicing/Transport - INFO - BLOCKCHAIN_MAPPER: COST_PhysicalOption_Update - 151696 - 603
2021-09-27 10:19:27,517 - PDL-Slicing/Transport - INFO - BLOCKCHAIN_MAPPER: COST_LinkOption_Update - 58883 - 27451
2021-09-27 10:19:27,519 - PDL-Slicing/Transport - INFO - ORCH: Saving and distributing the updated SIPs info.
2021-09-27 10:19:30,589 - PDL-Slicing/Transport - INFO - BLOCKCHAIN_MAPPER: COST_SIP_Update - 219075 - 1160
2021-09-27 10:19:33,263 - PDL-Slicing/Transport - INFO - BLOCKCHAIN_MAPPER: COST_SIP_Update - 219087 - 1161
2021-09-27 10:19:36,177 - PDL-Slicing/Transport - INFO - Retrieveing an element from the DB e2e_cs
2021-09-27 10:19:36,264 - PDL-Slicing/Transport - INFO - BLOCKCHAIN_MAPPER: COST_SIP_Update - 219063 - 1159
2021-09-27 10:19:38,969 - PDL-Slicing/Transport - INFO - BLOCKCHAIN_MAPPER: COST_SIP_Update - 204063 - 1159
2021-09-27 10:19:38,970 - PDL-Slicing/Transport - INFO - ORCH: E2E CS data object ready.
2021-09-27 10:19:38,971 - PDL-Slicing/Transport - INFO - Updating Element in DB e2e_cs
2021-09-27 10:19:38,972 - PDL-Slicing/Transport - INFO - ORCH: Sending Domain CSs requests.
2021-09-27 10:19:38,972 - PDL-Slicing/Transport - INFO - Sending domain CS request to the local SDN controller.
2021-09-27 10:19:38,973 - PDL-Slicing/Transport - INFO - TIME INSTANTIATE LOCAL - 62490ce8-7537-4e38-9476-7c9e3522e86e - 2021-09-27 10:19:38.973055
2021-09-27 10:19:38,973 - PDL-Slicing/Transport - INFO - SDN_MAPPER: Arrived a requests to deploy a local CS.
2021-09-27 10:19:38,973 - PDL-Slicing/Transport - INFO - SDN_MAPPER: CS information: {'uuid': '62490ce8-7537-4e38-9476-7c9e3522e86e', 'context-uuid': '0bd7908e-c22b-574d-8bba-396d060e2611', 'address-owner': '0xB4BB87e6914C9af05f09D7b3E8de3D05a98e6c48', 'status': 'INSTANTIATING', 'sip-source': 'fbdd154e-659e-54df-8d75-23575711978b', 'sip-destination': 'd7ee402b-7f9e-5468-86ec-113c5ec22707', 'internal-links': []} / Capacity: {'value': 375, 'unit': 'GHz'}/ Spectrum: {'lower-frequency': 191700000, 'upper-frequency': 192075000}
2021-09-27 10:19:38,973 - PDL-Slicing/Transport - INFO - {'tapi-connectivity:connectivity-service': [{'uuid': '62490ce8-7537-4e38-9476-7c9e3522e86e', 'connectivity-constraint': {'requested-capacity': {'total-size': {'value': 375, 'unit': 'GHz'}}, 'connectivity-direction': 'UNIDIRECTIONAL'}, 'end-point': [{'service-interface-point': {'service-interface-point-uuid': 'fbdd154e-659e-54df-8d75-23575711978b'}, 'layer-protocol-name': 'PHOTONIC_MEDIA', 'layer-protocol-qualifier': 'tapi-photonic-media:PHOTONIC_LAYER_QUALIFIER_NMC', 'local-id': 'fbdd154e-659e-54df-8d75-23575711978b', 'tapi-photonic-media:media-channel-connectivity-service-end-point-spec': {'mc-config': {'spectrum': {'frequency-constraint': {'adjustment-granularity': 'G_6_25GHZ', 'grid-type': 'FLEX'}, 'lower-frequency': 191700000, 'upper-frequency': 192075000}}}}, {'service-interface-point': {'service-interface-point-uuid': 'd7ee402b-7f9e-5468-86ec-113c5ec22707'}, 'layer-protocol-name': 'PHOTONIC_MEDIA', 'layer-protocol-qualifier': 'tapi-photonic-media:PHOTONIC_LAYER_QUALIFIER_NMC', 'local-id': 'd7ee402b-7f9e-5468-86ec-113c5ec22707'}]}]}
2021-09-27 10:19:39,224 - PDL-Slicing/Transport - INFO - TIME INSTANTIATE LOCAL - 62490ce8-7537-4e38-9476-7c9e3522e86e - 2021-09-27 10:19:39.224210
2021-09-27 10:19:39,224 - PDL-Slicing/Transport - INFO - Added local CS element.
2021-09-27 10:19:39,224 - PDL-Slicing/Transport - INFO - Retrieveing an element from the DB e2e_cs
2021-09-27 10:19:39,225 - PDL-Slicing/Transport - INFO - Updating Element in DB e2e_cs
2021-09-27 10:19:39,225 - PDL-Slicing/Transport - INFO - Distribute domain CS request to deploy in the Blockchain.
2021-09-27 10:19:39,225 - PDL-Slicing/Transport - INFO - TIME INSTANTIATE BLOCKCHAIN - 8ad107af-2a27-45bf-ac7d-845f44d6fe28 - 2021-09-27 10:19:39.225698
2021-09-27 10:19:39,226 - PDL-Slicing/Transport - INFO - BLOCKCHAIN_MAPPER: CS information: {'uuid': '8ad107af-2a27-45bf-ac7d-845f44d6fe28', 'context-uuid': '226b9166-974e-57ff-821d-2f24e5a71b00', 'address-owner': '0x48A15fB6BCC81a69247Fb22925d6e5a473Ea0A0b', 'status': 'INSTANTIATING', 'sip-source': 'ce525139-c58a-5ee7-a527-94e344d8fa5e', 'sip-destination': 'edb7c0b6-0a87-5ecd-84a2-0fb5ed015550', 'internal-links': []} / Capacity: {'value': 375, 'unit': 'GHz'}/ Spectrum: {'lower-frequency': 191700000, 'upper-frequency': 192075000}
2021-09-27 10:19:41,974 - PDL-Slicing/Transport - INFO - BLOCKCHAIN_MAPPER: COST DEPLOY_CS - 578195 - 418
2021-09-27 10:19:41,976 - PDL-Slicing/Transport - INFO - ORCH: Waiting all the domains CS to be deployed.
2021-09-27 10:19:41,977 - PDL-Slicing/Transport - INFO - Retrieveing an element from the DB e2e_cs
2021-09-27 10:19:42,060 - PDL-Slicing/Transport - INFO - TRANSPORT_EVENT_MNGR: NO NEED TO PROCESS THIS EVENT.
2021-09-27 10:19:44,828 - PDL-Slicing/Transport - INFO - TRANSPORT_EVENT_MNGR: EVENT TO UPDATE A DEPLOYED DOMAIN CS
2021-09-27 10:19:44,830 - PDL-Slicing/Transport - INFO - ORCH: Updating connectivity services information from another domain.
2021-09-27 10:19:44,830 - PDL-Slicing/Transport - INFO - Retrieving elements from DB e2e_cs
2021-09-27 10:19:44,830 - PDL-Slicing/Transport - INFO - Updating Element in DB e2e_cs
2021-09-27 10:19:44,830 - PDL-Slicing/Transport - INFO - TIME INSTANTIATE BLOCKCHAIN - 8ad107af-2a27-45bf-ac7d-845f44d6fe28 - 2021-09-27 10:19:44.830760
2021-09-27 10:19:46,217 - PDL-Slicing/Transport - INFO - Retrieveing an element from the DB e2e_cs
2021-09-27 10:19:51,990 - PDL-Slicing/Transport - INFO - Retrieveing an element from the DB e2e_cs
2021-09-27 10:19:56,235 - PDL-Slicing/Transport - INFO - Retrieveing an element from the DB e2e_cs
2021-09-27 10:20:01,998 - PDL-Slicing/Transport - INFO - Retrieveing an element from the DB e2e_cs
2021-09-27 10:20:01,998 - PDL-Slicing/Transport - INFO - Updating Element in DB e2e_cs
2021-09-27 10:20:01,999 - PDL-Slicing/Transport - INFO - TIME INSTANTIATE E2E - 0b46f332-9c36-4b8e-b74b-63b8d2ea295b - 2021-09-27 10:20:01.999181
2021-09-27 10:20:01,999 - PDL-Slicing/Transport - INFO - TIME LINKS CAPACITY - [] - 375GHz
2021-09-27 10:20:01,999 - PDL-Slicing/Transport - INFO - ORCH: E2E CS request processed.
2021-09-27 10:20:02,000 - PDL-Slicing/Transport - INFO - ORCH: e2e_cs_json: {'uuid': '0b46f332-9c36-4b8e-b74b-63b8d2ea295b', 'source': {'context_uuid': '0bd7908e-c22b-574d-8bba-396d060e2611', 'node_uuid': '589df6c1-90e1-51f5-bda4-b4cd6b2d01e4', 'sip_uuid': 'fbdd154e-659e-54df-8d75-23575711978b'}, 'destination': {'context_uuid': '226b9166-974e-57ff-821d-2f24e5a71b00', 'node_uuid': 'bc1cfe05-af20-59e7-85b8-eb096253c769', 'sip_uuid': 'edb7c0b6-0a87-5ecd-84a2-0fb5ed015550'}, 'status': 'DEPLOYED', 'capacity': {'value': 375, 'unit': 'GHz'}, 'spectrum': {'lower-frequency': 191700000, 'upper-frequency': 192075000}, 'route-nodes': [{'context_uuid': '0bd7908e-c22b-574d-8bba-396d060e2611', 'node_uuid': '589df6c1-90e1-51f5-bda4-b4cd6b2d01e4', 'nep_uuid': '845e72b6-fe13-5e13-aa98-6e1907c0374e', 'sip_uuid': 'fbdd154e-659e-54df-8d75-23575711978b', 'nep_direction': 'OUTPUT'}, {'context_uuid': '0bd7908e-c22b-574d-8bba-396d060e2611', 'node_uuid': '589df6c1-90e1-51f5-bda4-b4cd6b2d01e4', 'nep_uuid': '89937add-3380-58ab-94ff-9b2fb4efbeeb', 'sip_uuid': '', 'nep_direction': 'OUTPUT', 'link': 'a87bfec4-a289-48af-9830-e0408d28ee1e'}, {'context_uuid': '0bd7908e-c22b-574d-8bba-396d060e2611', 'node_uuid': '69c1ef5e-0d4a-5fb7-b729-b494313d3dc5', 'nep_uuid': '025217d1-19d2-5618-8f98-4c22d18465e0', 'sip_uuid': '', 'nep_direction': 'INPUT', 'link': 'a87bfec4-a289-48af-9830-e0408d28ee1e'}, {'context_uuid': '0bd7908e-c22b-574d-8bba-396d060e2611', 'node_uuid': '69c1ef5e-0d4a-5fb7-b729-b494313d3dc5', 'nep_uuid': 'bcb246d4-37b9-5a77-b88b-c27fc3d2c16b', 'sip_uuid': 'd7ee402b-7f9e-5468-86ec-113c5ec22707', 'nep_direction': 'OUTPUT', 'link': 'f7f5cdef-8bb0-42c4-a315-bbc852b0a193'}, {'context_uuid': '226b9166-974e-57ff-821d-2f24e5a71b00', 'node_uuid': 'bc1cfe05-af20-59e7-85b8-eb096253c769', 'nep_uuid': 'df00a549-9a86-5d57-be3e-3a05767fe26b', 'sip_uuid': 'ce525139-c58a-5ee7-a527-94e344d8fa5e', 'nep_direction': 'INPUT', 'link': 'f7f5cdef-8bb0-42c4-a315-bbc852b0a193'}, {'context_uuid': '226b9166-974e-57ff-821d-2f24e5a71b00', 'node_uuid': 'bc1cfe05-af20-59e7-85b8-eb096253c769', 'nep_uuid': '8d26b474-340d-54d8-befc-f5e4a4f6c17c', 'sip_uuid': 'edb7c0b6-0a87-5ecd-84a2-0fb5ed015550', 'nep_direction': 'INPUT'}], 'domain-cs': [{'uuid': '62490ce8-7537-4e38-9476-7c9e3522e86e', 'context-uuid': '0bd7908e-c22b-574d-8bba-396d060e2611', 'address-owner': '0xB4BB87e6914C9af05f09D7b3E8de3D05a98e6c48', 'status': 'DEPLOYED', 'sip-source': 'fbdd154e-659e-54df-8d75-23575711978b', 'sip-destination': 'd7ee402b-7f9e-5468-86ec-113c5ec22707', 'internal-links': []}, {'uuid': '8ad107af-2a27-45bf-ac7d-845f44d6fe28', 'context-uuid': '226b9166-974e-57ff-821d-2f24e5a71b00', 'address-owner': '0x48A15fB6BCC81a69247Fb22925d6e5a473Ea0A0b', 'status': 'DEPLOYED', 'sip-source': 'ce525139-c58a-5ee7-a527-94e344d8fa5e', 'sip-destination': 'edb7c0b6-0a87-5ecd-84a2-0fb5ed015550', 'internal-links': []}], 'description': 'OK'}
2021-09-27 10:20:06,258 - PDL-Slicing/Transport - INFO - Retrieveing an element from the DB e2e_cs
2021-09-27 10:21:38,679 - PDL-Slicing/Transport - INFO - TRANSPORT_EVENT_MNGR: NO NEED TO PROCESS THIS EVENT.
2021-09-27 10:21:40,961 - PDL-Slicing/Transport - INFO - TRANSPORT_EVENT_MNGR: NO NEED TO PROCESS THIS EVENT.
2021-09-27 10:22:18,053 - PDL-Slicing/Transport - INFO - TRANSPORT_EVENT_MNGR: NO NEED TO PROCESS THIS EVENT.
2021-09-27 10:22:20,342 - PDL-Slicing/Transport - INFO - TRANSPORT_EVENT_MNGR: NO NEED TO PROCESS THIS EVENT.
2021-09-27 10:25:28,981 - PDL-Slicing/Transport - INFO - TRANSPORT_EVENT_MNGR: NO NEED TO PROCESS THIS EVENT.
2021-09-27 10:25:31,210 - PDL-Slicing/Transport - INFO - TRANSPORT_EVENT_MNGR: NO NEED TO PROCESS THIS EVENT.
2021-09-27 10:26:57,107 - PDL-Slicing/Transport - INFO - TRANSPORT_EVENT_MNGR: NO NEED TO PROCESS THIS EVENT.
2021-09-27 10:26:58,443 - PDL-Slicing/Transport - INFO - TRANSPORT_EVENT_MNGR: NO NEED TO PROCESS THIS EVENT.
2021-09-27 10:30:20,751 - PDL-Slicing/Transport - INFO - TRANSPORT_EVENT_MNGR: NO NEED TO PROCESS THIS EVENT.
2021-09-27 10:30:22,091 - PDL-Slicing/Transport - INFO - TRANSPORT_EVENT_MNGR: NO NEED TO PROCESS THIS EVENT.
2021-09-27 10:33:48,734 - PDL-Slicing/Transport - INFO - Received E2E CS terminate request.
2021-09-27 10:33:48,743 - PDL-Slicing/Transport - INFO - ORCH: Received E2E request info to terminate CS. Let's process it.
2021-09-27 10:33:48,746 - PDL-Slicing/Transport - INFO - TIME TERMINATE E2E - 0b46f332-9c36-4b8e-b74b-63b8d2ea295b - 2021-09-27 10:33:48.746118
2021-09-27 10:33:48,746 - PDL-Slicing/Transport - INFO - Retrieveing an element from the DB e2e_cs
2021-09-27 10:33:48,746 - PDL-Slicing/Transport - INFO - TIME TERMINATE LOCAL - 62490ce8-7537-4e38-9476-7c9e3522e86e - 2021-09-27 10:33:48.746627
2021-09-27 10:33:48,746 - PDL-Slicing/Transport - INFO - SDN_MAPPER: Arrived a requests to terminate a local CS: 62490ce8-7537-4e38-9476-7c9e3522e86e
2021-09-27 10:33:48,759 - PDL-Slicing/Transport - INFO - Retrieveing an element from the DB e2e_cs
2021-09-27 10:33:48,996 - PDL-Slicing/Transport - INFO - TIME TERMINATE LOCAL - 62490ce8-7537-4e38-9476-7c9e3522e86e - 2021-09-27 10:33:48.996835
2021-09-27 10:33:48,997 - PDL-Slicing/Transport - INFO - Added local CS element.
2021-09-27 10:33:48,997 - PDL-Slicing/Transport - INFO - Retrieveing an element from the DB e2e_cs
2021-09-27 10:33:48,998 - PDL-Slicing/Transport - INFO - Updating Element in DB e2e_cs
2021-09-27 10:33:48,998 - PDL-Slicing/Transport - INFO - TIME TERMINATE BLOCKCHAIN - 8ad107af-2a27-45bf-ac7d-845f44d6fe28 - 2021-09-27 10:33:48.998781
2021-09-27 10:33:49,615 - PDL-Slicing/Transport - INFO - BLOCKCHAIN_MAPPER: COST TERMINATE_CS - 36656 - 36
2021-09-27 10:33:49,621 - PDL-Slicing/Transport - INFO - ORCH: Waiting all the domains CS from other domains to be terminated.
2021-09-27 10:33:49,625 - PDL-Slicing/Transport - INFO - Retrieveing an element from the DB e2e_cs
2021-09-27 10:33:49,631 - PDL-Slicing/Transport - INFO - TRANSPORT_EVENT_MNGR: NO NEED TO PROCESS THIS EVENT.
2021-09-27 10:33:50,641 - PDL-Slicing/Transport - INFO - TRANSPORT_EVENT_MNGR: EVENT TO UPDATE A TERMINATED CS
2021-09-27 10:33:50,642 - PDL-Slicing/Transport - INFO - ORCH: Updating connectivity services information from another domain.
2021-09-27 10:33:50,642 - PDL-Slicing/Transport - INFO - Retrieving elements from DB e2e_cs
2021-09-27 10:33:50,643 - PDL-Slicing/Transport - INFO - Updating Element in DB e2e_cs
2021-09-27 10:33:50,643 - PDL-Slicing/Transport - INFO - TIME TERMINATE BLOCKCHAIN - 8ad107af-2a27-45bf-ac7d-845f44d6fe28 - 2021-09-27 10:33:50.643111
2021-09-27 10:33:58,786 - PDL-Slicing/Transport - INFO - Retrieveing an element from the DB e2e_cs
2021-09-27 10:33:59,642 - PDL-Slicing/Transport - INFO - Retrieveing an element from the DB e2e_cs
2021-09-27 10:34:08,805 - PDL-Slicing/Transport - INFO - Retrieveing an element from the DB e2e_cs
2021-09-27 10:34:09,652 - PDL-Slicing/Transport - INFO - Retrieveing an element from the DB e2e_cs
2021-09-27 10:34:18,827 - PDL-Slicing/Transport - INFO - Retrieveing an element from the DB e2e_cs
2021-09-27 10:34:28,846 - PDL-Slicing/Transport - INFO - Retrieveing an element from the DB e2e_cs
2021-09-27 10:34:38,866 - PDL-Slicing/Transport - INFO - Retrieveing an element from the DB e2e_cs
2021-09-27 10:34:48,886 - PDL-Slicing/Transport - INFO - Retrieveing an element from the DB e2e_cs
2021-09-27 10:34:58,912 - PDL-Slicing/Transport - INFO - Retrieveing an element from the DB e2e_cs
2021-09-27 10:35:00,943 - PDL-Slicing/Transport - INFO - ORCH: Updating resources information in DDBBs.
2021-09-27 10:35:00,945 - PDL-Slicing/Transport - INFO - ORCH: Updating NEP Client (SIP) info.
2021-09-27 10:35:02,549 - PDL-Slicing/Transport - INFO - BLOCKCHAIN_MAPPER: COST_SIP_Update - 63294 - 1014
2021-09-27 10:35:02,551 - PDL-Slicing/Transport - INFO - ORCH: Updating Internal OUTPUT (Transmitter) NEP info.
2021-09-27 10:35:04,356 - PDL-Slicing/Transport - INFO - BLOCKCHAIN_MAPPER: COST_NEP_Update - 70883 - 1274
2021-09-27 10:35:04,358 - PDL-Slicing/Transport - INFO - ORCH: Updating Internal INPUT (Receiver) NEP info.
2021-09-27 10:35:04,358 - PDL-Slicing/Transport - INFO - ORCH: Updating NEP Client (SIP) info.
2021-09-27 10:35:05,153 - PDL-Slicing/Transport - INFO - BLOCKCHAIN_MAPPER: COST_PhysicalOption_Update - 44678 - 457
2021-09-27 10:35:05,514 - PDL-Slicing/Transport - INFO - BLOCKCHAIN_MAPPER: COST_LinkOption_Update - 58859 - 27303
2021-09-27 10:35:07,041 - PDL-Slicing/Transport - INFO - BLOCKCHAIN_MAPPER: COST_SIP_Update - 63300 - 1015
2021-09-27 10:35:07,042 - PDL-Slicing/Transport - INFO - ORCH: Updating NEP Client (SIP) info.
2021-09-27 10:35:08,571 - PDL-Slicing/Transport - INFO - BLOCKCHAIN_MAPPER: COST_SIP_Update - 63288 - 1013
2021-09-27 10:35:08,572 - PDL-Slicing/Transport - INFO - ORCH: Updating NEP Client (SIP) info.
2021-09-27 10:35:08,938 - PDL-Slicing/Transport - INFO - Retrieveing an element from the DB e2e_cs
2021-09-27 10:35:10,963 - PDL-Slicing/Transport - INFO - BLOCKCHAIN_MAPPER: COST_SIP_Update - 63288 - 1013
2021-09-27 10:35:10,964 - PDL-Slicing/Transport - INFO - Updating Element in DB e2e_cs
2021-09-27 10:35:10,964 - PDL-Slicing/Transport - INFO - TIME TERMINATE E2E - 0b46f332-9c36-4b8e-b74b-63b8d2ea295b - 2021-09-27 10:35:10.964767
2021-09-27 10:35:10,965 - PDL-Slicing/Transport - INFO - ORCH: E2E CS request processed.
2021-09-27 10:35:18,954 - PDL-Slicing/Transport - INFO - Retrieveing an element from the DB e2e_cs
2021-09-27 10:36:08,459 - PDL-Slicing/Transport - INFO - TRANSPORT_EVENT_MNGR: NO NEED TO PROCESS THIS EVENT.
2021-09-27 10:36:09,475 - PDL-Slicing/Transport - INFO - TRANSPORT_EVENT_MNGR: NO NEED TO PROCESS THIS EVENT.
2021-09-27 10:36:20,592 - PDL-Slicing/Transport - INFO - TRANSPORT_EVENT_MNGR: NO NEED TO PROCESS THIS EVENT.
2021-09-27 10:36:20,599 - PDL-Slicing/Transport - INFO - TRANSPORT_EVENT_MNGR: NO NEED TO PROCESS THIS EVENT.
2021-09-27 10:49:31,586 - PDL-Slicing/Transport - INFO - TRANSPORT_EVENT_MNGR: NO NEED TO PROCESS THIS EVENT.
2021-09-27 10:49:33,634 - PDL-Slicing/Transport - INFO - TRANSPORT_EVENT_MNGR: NO NEED TO PROCESS THIS EVENT.
2021-09-27 11:30:40,086 - PDL-Slicing/Transport - INFO - TRANSPORT_EVENT_MNGR: NO NEED TO PROCESS THIS EVENT.
2021-09-27 11:30:41,328 - PDL-Slicing/Transport - INFO - TRANSPORT_EVENT_MNGR: NO NEED TO PROCESS THIS EVENT.
2021-09-27 11:32:29,340 - PDL-Slicing/Transport - INFO - TRANSPORT_EVENT_MNGR: NO NEED TO PROCESS THIS EVENT.
2021-09-27 11:32:30,404 - PDL-Slicing/Transport - INFO - TRANSPORT_EVENT_MNGR: NO NEED TO PROCESS THIS EVENT.
2021-09-27 11:33:41,494 - PDL-Slicing/Transport - INFO - TRANSPORT_EVENT_MNGR: NO NEED TO PROCESS THIS EVENT.
2021-09-27 11:33:43,810 - PDL-Slicing/Transport - INFO - TRANSPORT_EVENT_MNGR: NO NEED TO PROCESS THIS EVENT.
2021-09-27 11:35:48,133 - PDL-Slicing/Transport - INFO - TRANSPORT_EVENT_MNGR: NO NEED TO PROCESS THIS EVENT.
2021-09-27 11:35:49,152 - PDL-Slicing/Transport - INFO - TRANSPORT_EVENT_MNGR: NO NEED TO PROCESS THIS EVENT.
2021-09-27 11:39:02,925 - PDL-Slicing/Transport - INFO - TRANSPORT_EVENT_MNGR: NO NEED TO PROCESS THIS EVENT.
2021-09-27 11:39:04,258 - PDL-Slicing/Transport - INFO - TRANSPORT_EVENT_MNGR: NO NEED TO PROCESS THIS EVENT.
2021-09-27 11:40:44,473 - PDL-Slicing/Transport - INFO - TRANSPORT_EVENT_MNGR: NO NEED TO PROCESS THIS EVENT.
2021-09-27 11:40:45,528 - PDL-Slicing/Transport - INFO - TRANSPORT_EVENT_MNGR: NO NEED TO PROCESS THIS EVENT.
2021-09-27 11:55:57,697 - PDL-Slicing/Transport - INFO - TRANSPORT_EVENT_MNGR: NO NEED TO PROCESS THIS EVENT.
2021-09-27 11:55:58,950 - PDL-Slicing/Transport - INFO - TRANSPORT_EVENT_MNGR: NO NEED TO PROCESS THIS EVENT.
2021-09-27 11:57:07,793 - PDL-Slicing/Transport - INFO - TRANSPORT_EVENT_MNGR: NO NEED TO PROCESS THIS EVENT.
2021-09-27 11:57:08,809 - PDL-Slicing/Transport - INFO - TRANSPORT_EVENT_MNGR: NO NEED TO PROCESS THIS EVENT.
2021-09-27 12:16:01,959 - PDL-Slicing/Transport - INFO - TRANSPORT_EVENT_MNGR: NO NEED TO PROCESS THIS EVENT.
2021-09-27 12:16:03,203 - PDL-Slicing/Transport - INFO - TRANSPORT_EVENT_MNGR: NO NEED TO PROCESS THIS EVENT.
2021-09-27 12:17:43,176 - PDL-Slicing/Transport - INFO - TRANSPORT_EVENT_MNGR: NO NEED TO PROCESS THIS EVENT.
2021-09-27 12:17:44,192 - PDL-Slicing/Transport - INFO - TRANSPORT_EVENT_MNGR: NO NEED TO PROCESS THIS EVENT.
2021-09-27 12:44:54,186 - PDL-Slicing/Transport - INFO - TRANSPORT_EVENT_MNGR: NO NEED TO PROCESS THIS EVENT.
2021-09-27 12:44:55,471 - PDL-Slicing/Transport - INFO - TRANSPORT_EVENT_MNGR: NO NEED TO PROCESS THIS EVENT.
2021-09-27 12:52:50,960 - PDL-Slicing/Transport - INFO - TRANSPORT_EVENT_MNGR: NO NEED TO PROCESS THIS EVENT.
2021-09-27 12:52:52,080 - PDL-Slicing/Transport - INFO - TRANSPORT_EVENT_MNGR: NO NEED TO PROCESS THIS EVENT.
2021-09-27 12:53:43,587 - PDL-Slicing/Transport - INFO - TRANSPORT_EVENT_MNGR: NO NEED TO PROCESS THIS EVENT.
2021-09-27 12:53:43,595 - PDL-Slicing/Transport - INFO - TRANSPORT_EVENT_MNGR: NO NEED TO PROCESS THIS EVENT.
2021-09-27 13:03:06,258 - PDL-Slicing/Transport - INFO - TRANSPORT_EVENT_MNGR: NO NEED TO PROCESS THIS EVENT.
2021-09-27 13:03:07,306 - PDL-Slicing/Transport - INFO - TRANSPORT_EVENT_MNGR: NO NEED TO PROCESS THIS EVENT.
2021-09-27 13:06:19,122 - PDL-Slicing/Transport - INFO - TRANSPORT_EVENT_MNGR: NO NEED TO PROCESS THIS EVENT.
2021-09-27 13:06:20,233 - PDL-Slicing/Transport - INFO - TRANSPORT_EVENT_MNGR: NO NEED TO PROCESS THIS EVENT.
2021-09-27 13:10:03,293 - PDL-Slicing/Transport - INFO - TRANSPORT_EVENT_MNGR: NO NEED TO PROCESS THIS EVENT.
2021-09-27 13:10:04,324 - PDL-Slicing/Transport - INFO - TRANSPORT_EVENT_MNGR: NO NEED TO PROCESS THIS EVENT.
2021-09-27 13:28:08,298 - PDL-Slicing/Transport - INFO - TRANSPORT_EVENT_MNGR: NO NEED TO PROCESS THIS EVENT.
2021-09-27 13:28:10,524 - PDL-Slicing/Transport - INFO - TRANSPORT_EVENT_MNGR: NO NEED TO PROCESS THIS EVENT.
2021-09-27 13:28:26,243 - PDL-Slicing/Transport - INFO - TRANSPORT_EVENT_MNGR: NO NEED TO PROCESS THIS EVENT.
2021-09-27 13:28:27,356 - PDL-Slicing/Transport - INFO - TRANSPORT_EVENT_MNGR: NO NEED TO PROCESS THIS EVENT.
2021-09-27 13:29:53,146 - PDL-Slicing/Transport - INFO - TRANSPORT_EVENT_MNGR: NO NEED TO PROCESS THIS EVENT.
2021-09-27 13:29:54,158 - PDL-Slicing/Transport - INFO - TRANSPORT_EVENT_MNGR: NO NEED TO PROCESS THIS EVENT.
2021-09-27 13:34:59,397 - PDL-Slicing/Transport - INFO - TRANSPORT_EVENT_MNGR: EVENT TO CREATE A NEW CS
2021-09-27 13:34:59,398 - PDL-Slicing/Transport - INFO - ORCH: Received request to deploy a local CS: 6d5cc5ca-16a3-4e7a-95e7-a9185d42bfd0
2021-09-27 13:34:59,398 - PDL-Slicing/Transport - INFO - SDN_MAPPER: Arrived a requests to deploy a local CS.
2021-09-27 13:34:59,398 - PDL-Slicing/Transport - INFO - SDN_MAPPER: CS information: {'uuid': '6d5cc5ca-16a3-4e7a-95e7-a9185d42bfd0', 'context-uuid': '0bd7908e-c22b-574d-8bba-396d060e2611', 'address-owner': '0xB4BB87e6914C9af05f09D7b3E8de3D05a98e6c48', 'status': 'INSTANTIATING', 'sip-source': 'e9f2cd83-622f-5693-a3ea-edda0238f675', 'sip-destination': 'aade6001-f00b-5e2f-a357-6a0a9d3de870', 'internal-links': []} / Capacity: {'value': 525, 'unit': 'GHz'}/ Spectrum: {'lower-frequency': 192600000, 'upper-frequency': 193125000}
2021-09-27 13:34:59,398 - PDL-Slicing/Transport - INFO - {'tapi-connectivity:connectivity-service': [{'uuid': '6d5cc5ca-16a3-4e7a-95e7-a9185d42bfd0', 'connectivity-constraint': {'requested-capacity': {'total-size': {'value': 525, 'unit': 'GHz'}}, 'connectivity-direction': 'UNIDIRECTIONAL'}, 'end-point': [{'service-interface-point': {'service-interface-point-uuid': 'e9f2cd83-622f-5693-a3ea-edda0238f675'}, 'layer-protocol-name': 'PHOTONIC_MEDIA', 'layer-protocol-qualifier': 'tapi-photonic-media:PHOTONIC_LAYER_QUALIFIER_NMC', 'local-id': 'e9f2cd83-622f-5693-a3ea-edda0238f675', 'tapi-photonic-media:media-channel-connectivity-service-end-point-spec': {'mc-config': {'spectrum': {'frequency-constraint': {'adjustment-granularity': 'G_6_25GHZ', 'grid-type': 'FLEX'}, 'lower-frequency': 192600000, 'upper-frequency': 193125000}}}}, {'service-interface-point': {'service-interface-point-uuid': 'aade6001-f00b-5e2f-a357-6a0a9d3de870'}, 'layer-protocol-name': 'PHOTONIC_MEDIA', 'layer-protocol-qualifier': 'tapi-photonic-media:PHOTONIC_LAYER_QUALIFIER_NMC', 'local-id': 'aade6001-f00b-5e2f-a357-6a0a9d3de870'}]}]}
2021-09-27 13:34:59,649 - PDL-Slicing/Transport - INFO - Added local CS element.
2021-09-27 13:35:00,593 - PDL-Slicing/Transport - INFO - TRANSPORT_EVENT_MNGR: NO NEED TO PROCESS THIS EVENT.
2021-09-27 13:35:00,611 - PDL-Slicing/Transport - INFO - BLOCKCHAIN_MAPPER: COST DEPLOY_CS Update - 217674 - 498
2021-09-27 13:37:07,787 - PDL-Slicing/Transport - INFO - TRANSPORT_EVENT_MNGR: NO NEED TO PROCESS THIS EVENT.
2021-09-27 13:37:08,803 - PDL-Slicing/Transport - INFO - TRANSPORT_EVENT_MNGR: NO NEED TO PROCESS THIS EVENT.
2021-09-27 13:37:09,818 - PDL-Slicing/Transport - INFO - TRANSPORT_EVENT_MNGR: EVENT TO TERMINATE A CS
2021-09-27 13:37:09,819 - PDL-Slicing/Transport - INFO - TIME TERMINATE BLOCKCHAIN - 6d5cc5ca-16a3-4e7a-95e7-a9185d42bfd0 - 2021-09-27 13:37:09.819353
2021-09-27 13:37:09,823 - PDL-Slicing/Transport - INFO - ORCH: Received request to terminate a local CS: 6d5cc5ca-16a3-4e7a-95e7-a9185d42bfd0
2021-09-27 13:37:09,823 - PDL-Slicing/Transport - INFO - SDN_MAPPER: Arrived a requests to terminate a local CS: 6d5cc5ca-16a3-4e7a-95e7-a9185d42bfd0
2021-09-27 13:37:10,073 - PDL-Slicing/Transport - INFO - Added local CS element.
2021-09-27 13:37:10,448 - PDL-Slicing/Transport - INFO - BLOCKCHAIN_MAPPER: COST TERMINATE_CS Update - 46242 - 46
2021-09-27 13:37:10,837 - PDL-Slicing/Transport - INFO - TRANSPORT_EVENT_MNGR: NO NEED TO PROCESS THIS EVENT.
2021-09-27 13:45:01,593 - PDL-Slicing/Transport - INFO - TRANSPORT_EVENT_MNGR: NO NEED TO PROCESS THIS EVENT.
2021-09-27 13:45:02,737 - PDL-Slicing/Transport - INFO - TRANSPORT_EVENT_MNGR: NO NEED TO PROCESS THIS EVENT.
2021-09-27 13:46:58,230 - PDL-Slicing/Transport - INFO - TRANSPORT_EVENT_MNGR: NO NEED TO PROCESS THIS EVENT.
2021-09-27 13:46:59,259 - PDL-Slicing/Transport - INFO - TRANSPORT_EVENT_MNGR: NO NEED TO PROCESS THIS EVENT.
2021-09-27 13:55:26,478 - PDL-Slicing/Transport - INFO - TRANSPORT_EVENT_MNGR: NO NEED TO PROCESS THIS EVENT.
2021-09-27 13:55:27,664 - PDL-Slicing/Transport - INFO - TRANSPORT_EVENT_MNGR: NO NEED TO PROCESS THIS EVENT.
2021-09-27 13:57:30,621 - PDL-Slicing/Transport - INFO - TRANSPORT_EVENT_MNGR: NO NEED TO PROCESS THIS EVENT.
2021-09-27 13:57:31,631 - PDL-Slicing/Transport - INFO - TRANSPORT_EVENT_MNGR: NO NEED TO PROCESS THIS EVENT.
2021-09-27 14:06:04,797 - PDL-Slicing/Transport - INFO - TRANSPORT_EVENT_MNGR: NO NEED TO PROCESS THIS EVENT.
2021-09-27 14:06:06,076 - PDL-Slicing/Transport - INFO - TRANSPORT_EVENT_MNGR: NO NEED TO PROCESS THIS EVENT.
2021-09-27 14:09:18,795 - PDL-Slicing/Transport - INFO - TRANSPORT_EVENT_MNGR: NO NEED TO PROCESS THIS EVENT.
2021-09-27 14:09:21,114 - PDL-Slicing/Transport - INFO - TRANSPORT_EVENT_MNGR: NO NEED TO PROCESS THIS EVENT.
2021-09-27 14:12:23,086 - PDL-Slicing/Transport - INFO - TRANSPORT_EVENT_MNGR: NO NEED TO PROCESS THIS EVENT.
2021-09-27 14:12:26,549 - PDL-Slicing/Transport - INFO - TRANSPORT_EVENT_MNGR: NO NEED TO PROCESS THIS EVENT.
2021-09-27 14:14:24,968 - PDL-Slicing/Transport - INFO - TRANSPORT_EVENT_MNGR: NO NEED TO PROCESS THIS EVENT.
2021-09-27 14:14:27,437 - PDL-Slicing/Transport - INFO - TRANSPORT_EVENT_MNGR: NO NEED TO PROCESS THIS EVENT.
2021-09-27 14:14:56,216 - PDL-Slicing/Transport - INFO - TRANSPORT_EVENT_MNGR: NO NEED TO PROCESS THIS EVENT.
2021-09-27 14:14:59,194 - PDL-Slicing/Transport - INFO - TRANSPORT_EVENT_MNGR: NO NEED TO PROCESS THIS EVENT.
2021-09-27 14:16:08,383 - PDL-Slicing/Transport - INFO - TRANSPORT_EVENT_MNGR: NO NEED TO PROCESS THIS EVENT.
2021-09-27 14:16:10,800 - PDL-Slicing/Transport - INFO - TRANSPORT_EVENT_MNGR: NO NEED TO PROCESS THIS EVENT.
2021-09-27 14:21:36,298 - PDL-Slicing/Transport - INFO - TRANSPORT_EVENT_MNGR: NO NEED TO PROCESS THIS EVENT.
2021-09-27 14:21:38,473 - PDL-Slicing/Transport - INFO - TRANSPORT_EVENT_MNGR: NO NEED TO PROCESS THIS EVENT.
2021-09-27 14:23:39,662 - PDL-Slicing/Transport - INFO - TRANSPORT_EVENT_MNGR: NO NEED TO PROCESS THIS EVENT.
2021-09-27 14:23:41,096 - PDL-Slicing/Transport - INFO - TRANSPORT_EVENT_MNGR: NO NEED TO PROCESS THIS EVENT.
2021-09-27 14:26:16,503 - PDL-Slicing/Transport - INFO - TRANSPORT_EVENT_MNGR: NO NEED TO PROCESS THIS EVENT.
2021-09-27 14:26:17,657 - PDL-Slicing/Transport - INFO - TRANSPORT_EVENT_MNGR: NO NEED TO PROCESS THIS EVENT.
2021-09-27 14:27:41,192 - PDL-Slicing/Transport - INFO - TRANSPORT_EVENT_MNGR: NO NEED TO PROCESS THIS EVENT.
2021-09-27 14:27:43,393 - PDL-Slicing/Transport - INFO - TRANSPORT_EVENT_MNGR: NO NEED TO PROCESS THIS EVENT.
2021-09-27 14:35:50,270 - PDL-Slicing/Transport - INFO - TRANSPORT_EVENT_MNGR: NO NEED TO PROCESS THIS EVENT.
2021-09-27 14:35:51,286 - PDL-Slicing/Transport - INFO - TRANSPORT_EVENT_MNGR: NO NEED TO PROCESS THIS EVENT.
2021-09-27 14:48:51,401 - PDL-Slicing/Transport - INFO - TRANSPORT_EVENT_MNGR: NO NEED TO PROCESS THIS EVENT.
2021-09-27 14:48:52,709 - PDL-Slicing/Transport - INFO - TRANSPORT_EVENT_MNGR: NO NEED TO PROCESS THIS EVENT.
2021-09-27 14:52:14,019 - PDL-Slicing/Transport - INFO - TRANSPORT_EVENT_MNGR: NO NEED TO PROCESS THIS EVENT.
2021-09-27 14:52:15,108 - PDL-Slicing/Transport - INFO - TRANSPORT_EVENT_MNGR: NO NEED TO PROCESS THIS EVENT.
2021-09-27 14:52:34,974 - PDL-Slicing/Transport - INFO - TRANSPORT_EVENT_MNGR: NO NEED TO PROCESS THIS EVENT.
2021-09-27 14:52:36,280 - PDL-Slicing/Transport - INFO - TRANSPORT_EVENT_MNGR: NO NEED TO PROCESS THIS EVENT.
2021-09-27 14:56:21,355 - PDL-Slicing/Transport - INFO - TRANSPORT_EVENT_MNGR: NO NEED TO PROCESS THIS EVENT.
2021-09-27 14:56:23,502 - PDL-Slicing/Transport - INFO - TRANSPORT_EVENT_MNGR: NO NEED TO PROCESS THIS EVENT.
2021-09-27 14:56:35,816 - PDL-Slicing/Transport - INFO - TRANSPORT_EVENT_MNGR: NO NEED TO PROCESS THIS EVENT.
2021-09-27 14:56:36,947 - PDL-Slicing/Transport - INFO - TRANSPORT_EVENT_MNGR: NO NEED TO PROCESS THIS EVENT.
2021-09-27 15:02:04,828 - PDL-Slicing/Transport - INFO - TRANSPORT_EVENT_MNGR: NO NEED TO PROCESS THIS EVENT.
2021-09-27 15:02:05,854 - PDL-Slicing/Transport - INFO - TRANSPORT_EVENT_MNGR: NO NEED TO PROCESS THIS EVENT.
2021-09-27 15:03:23,738 - PDL-Slicing/Transport - INFO - TRANSPORT_EVENT_MNGR: NO NEED TO PROCESS THIS EVENT.
2021-09-27 15:03:24,766 - PDL-Slicing/Transport - INFO - TRANSPORT_EVENT_MNGR: NO NEED TO PROCESS THIS EVENT.
2021-09-27 15:21:37,201 - PDL-Slicing/Transport - INFO - TRANSPORT_EVENT_MNGR: NO NEED TO PROCESS THIS EVENT.
2021-09-27 15:21:38,247 - PDL-Slicing/Transport - INFO - TRANSPORT_EVENT_MNGR: NO NEED TO PROCESS THIS EVENT.
2021-09-27 15:23:26,742 - PDL-Slicing/Transport - INFO - TRANSPORT_EVENT_MNGR: NO NEED TO PROCESS THIS EVENT.
2021-09-27 15:23:27,914 - PDL-Slicing/Transport - INFO - TRANSPORT_EVENT_MNGR: NO NEED TO PROCESS THIS EVENT.
2021-09-27 15:24:44,893 - PDL-Slicing/Transport - INFO - TRANSPORT_EVENT_MNGR: NO NEED TO PROCESS THIS EVENT.
2021-09-27 15:24:47,337 - PDL-Slicing/Transport - INFO - TRANSPORT_EVENT_MNGR: NO NEED TO PROCESS THIS EVENT.
2021-09-27 15:31:39,254 - PDL-Slicing/Transport - INFO - TRANSPORT_EVENT_MNGR: NO NEED TO PROCESS THIS EVENT.
2021-09-27 15:31:40,266 - PDL-Slicing/Transport - INFO - TRANSPORT_EVENT_MNGR: NO NEED TO PROCESS THIS EVENT.
2021-09-27 15:44:21,088 - PDL-Slicing/Transport - INFO - TRANSPORT_EVENT_MNGR: NO NEED TO PROCESS THIS EVENT.
2021-09-27 15:44:22,209 - PDL-Slicing/Transport - INFO - TRANSPORT_EVENT_MNGR: NO NEED TO PROCESS THIS EVENT.
2021-09-27 15:57:46,493 - PDL-Slicing/Transport - INFO - TRANSPORT_EVENT_MNGR: NO NEED TO PROCESS THIS EVENT.
2021-09-27 15:57:46,502 - PDL-Slicing/Transport - INFO - TRANSPORT_EVENT_MNGR: NO NEED TO PROCESS THIS EVENT.
2021-09-27 16:07:45,016 - PDL-Slicing/Transport - INFO - TRANSPORT_EVENT_MNGR: NO NEED TO PROCESS THIS EVENT.
2021-09-27 16:07:46,423 - PDL-Slicing/Transport - INFO - TRANSPORT_EVENT_MNGR: NO NEED TO PROCESS THIS EVENT.
2021-09-27 16:10:58,398 - PDL-Slicing/Transport - INFO - TRANSPORT_EVENT_MNGR: NO NEED TO PROCESS THIS EVENT.
2021-09-27 16:10:59,457 - PDL-Slicing/Transport - INFO - TRANSPORT_EVENT_MNGR: NO NEED TO PROCESS THIS EVENT.
2021-09-27 16:13:49,111 - PDL-Slicing/Transport - INFO - TRANSPORT_EVENT_MNGR: NO NEED TO PROCESS THIS EVENT.
2021-09-27 16:13:50,170 - PDL-Slicing/Transport - INFO - TRANSPORT_EVENT_MNGR: NO NEED TO PROCESS THIS EVENT.
2021-09-27 16:18:58,537 - PDL-Slicing/Transport - INFO - TRANSPORT_EVENT_MNGR: NO NEED TO PROCESS THIS EVENT.
2021-09-27 16:18:59,732 - PDL-Slicing/Transport - INFO - TRANSPORT_EVENT_MNGR: NO NEED TO PROCESS THIS EVENT.
2021-09-27 16:20:03,679 - PDL-Slicing/Transport - INFO - TRANSPORT_EVENT_MNGR: NO NEED TO PROCESS THIS EVENT.
2021-09-27 16:20:06,016 - PDL-Slicing/Transport - INFO - TRANSPORT_EVENT_MNGR: NO NEED TO PROCESS THIS EVENT.
2021-09-27 16:24:07,641 - PDL-Slicing/Transport - INFO - TRANSPORT_EVENT_MNGR: NO NEED TO PROCESS THIS EVENT.
2021-09-27 16:24:08,748 - PDL-Slicing/Transport - INFO - TRANSPORT_EVENT_MNGR: NO NEED TO PROCESS THIS EVENT.
2021-09-27 16:27:48,797 - PDL-Slicing/Transport - INFO - TRANSPORT_EVENT_MNGR: NO NEED TO PROCESS THIS EVENT.
2021-09-27 16:27:49,839 - PDL-Slicing/Transport - INFO - TRANSPORT_EVENT_MNGR: NO NEED TO PROCESS THIS EVENT.
2021-09-27 16:34:03,597 - PDL-Slicing/Transport - INFO - TRANSPORT_EVENT_MNGR: NO NEED TO PROCESS THIS EVENT.
2021-09-27 16:34:04,634 - PDL-Slicing/Transport - INFO - TRANSPORT_EVENT_MNGR: NO NEED TO PROCESS THIS EVENT.
2021-09-27 17:21:42,522 - PDL-Slicing/Transport - INFO - TRANSPORT_EVENT_MNGR: NO NEED TO PROCESS THIS EVENT.
2021-09-27 17:21:43,829 - PDL-Slicing/Transport - INFO - TRANSPORT_EVENT_MNGR: NO NEED TO PROCESS THIS EVENT.
2021-09-27 17:24:31,696 - PDL-Slicing/Transport - INFO - TRANSPORT_EVENT_MNGR: NO NEED TO PROCESS THIS EVENT.
2021-09-27 17:24:32,783 - PDL-Slicing/Transport - INFO - TRANSPORT_EVENT_MNGR: NO NEED TO PROCESS THIS EVENT.
2021-09-27 17:25:17,194 - PDL-Slicing/Transport - INFO - TRANSPORT_EVENT_MNGR: NO NEED TO PROCESS THIS EVENT.
2021-09-27 17:25:18,221 - PDL-Slicing/Transport - INFO - TRANSPORT_EVENT_MNGR: NO NEED TO PROCESS THIS EVENT.
2021-09-27 17:29:05,539 - PDL-Slicing/Transport - INFO - TRANSPORT_EVENT_MNGR: NO NEED TO PROCESS THIS EVENT.
2021-09-27 17:29:06,551 - PDL-Slicing/Transport - INFO - TRANSPORT_EVENT_MNGR: NO NEED TO PROCESS THIS EVENT.
2021-09-27 17:41:50,570 - PDL-Slicing/Transport - INFO - TRANSPORT_EVENT_MNGR: NO NEED TO PROCESS THIS EVENT.
2021-09-27 17:41:51,786 - PDL-Slicing/Transport - INFO - TRANSPORT_EVENT_MNGR: NO NEED TO PROCESS THIS EVENT.
2021-09-27 17:46:59,155 - PDL-Slicing/Transport - INFO - TRANSPORT_EVENT_MNGR: NO NEED TO PROCESS THIS EVENT.
2021-09-27 17:47:00,194 - PDL-Slicing/Transport - INFO - TRANSPORT_EVENT_MNGR: NO NEED TO PROCESS THIS EVENT.
