2021-09-15 03:34:35,357 - PDL-Slicing/Transport - INFO - Configuring environment variables
2021-09-15 03:34:35,359 - PDL-Slicing/Transport - INFO - Configuring Blockchain connection
2021-09-15 03:34:35,370 - PDL-Slicing/Transport - INFO - Connection with te blockchain ready: True
2021-09-15 03:34:35,378 - PDL-Slicing/Transport - INFO - Current Ethereum block number: 2
2021-09-15 03:34:35,445 - PDL-Slicing/Transport - INFO - Abstraction process of the SDN local context.
2021-09-15 03:34:35,446 - PDL-Slicing/Transport - INFO - Topology abstraction using the transparent model.
2021-09-15 03:34:35,673 - PDL-Slicing/Transport - INFO - Element added into the DB context
2021-09-15 03:34:35,679 - PDL-Slicing/Transport - INFO - Internal E2E graph initalization for path computation.
2021-09-15 03:34:35,680 - PDL-Slicing/Transport - INFO - Retrieving elements from DB context
2021-09-15 03:34:35,681 - PDL-Slicing/Transport - INFO - VL_COMP: External SDN context added.
2021-09-15 03:34:35,681 - PDL-Slicing/Transport - INFO - Configuring permanent threads to manage Blockchain events (slicing and transport)
2021-09-15 03:34:35,719 - PDL-Slicing/Transport - INFO - Thread pool created with 20 workers
2021-09-15 03:39:35,559 - PDL-Slicing/Transport - INFO - TRANSPORT_EVENT_MNGR: NEW SET OF IDL
2021-09-15 03:39:35,572 - PDL-Slicing/Transport - INFO - BLOCKCHAIN_IDL - 2021-09-15 03:39:35.572007
2021-09-15 03:39:35,582 - PDL-Slicing/Transport - INFO - ORCH: Adding inter-domain links to the E2E graph for path conmputation.
2021-09-15 03:39:35,583 - PDL-Slicing/Transport - INFO - ORCH: Prepares E2E topology information.
2021-09-15 03:39:38,125 - PDL-Slicing/Transport - INFO - VL_COMP: Set of IDLs added.
2021-09-15 03:43:26,715 - PDL-Slicing/Transport - INFO - TRANSPORT_EVENT_MNGR: NEW SET OF IDL
2021-09-15 03:43:26,717 - PDL-Slicing/Transport - INFO - BLOCKCHAIN_IDL - 2021-09-15 03:43:26.717155
2021-09-15 03:43:26,719 - PDL-Slicing/Transport - INFO - ORCH: Adding inter-domain links to the E2E graph for path conmputation.
2021-09-15 03:43:26,719 - PDL-Slicing/Transport - INFO - ORCH: Prepares E2E topology information.
2021-09-15 03:43:33,184 - PDL-Slicing/Transport - INFO - VL_COMP: Set of IDLs added.
2021-09-15 03:46:41,911 - PDL-Slicing/Transport - INFO - TRANSPORT_EVENT_MNGR: NEW SET OF IDL
2021-09-15 03:46:41,915 - PDL-Slicing/Transport - INFO - BLOCKCHAIN_IDL - 2021-09-15 03:46:41.914969
2021-09-15 03:46:41,930 - PDL-Slicing/Transport - INFO - ORCH: Adding inter-domain links to the E2E graph for path conmputation.
2021-09-15 03:46:41,930 - PDL-Slicing/Transport - INFO - ORCH: Prepares E2E topology information.
2021-09-15 03:46:48,167 - PDL-Slicing/Transport - INFO - VL_COMP: Set of IDLs added.
2021-09-15 03:48:41,848 - PDL-Slicing/Transport - INFO - ORCH: Received IDL and context to distribute.
2021-09-15 03:48:41,848 - PDL-Slicing/Transport - INFO - VL_COMP: Set of IDLs added.
2021-09-15 03:48:41,849 - PDL-Slicing/Transport - INFO - ORCH: Get E2E topology from BL.
2021-09-15 03:48:42,361 - PDL-Slicing/Transport - INFO - ORCH: ADDING ANOTHER IDL.
2021-09-15 03:48:42,362 - PDL-Slicing/Transport - INFO - ORCH: Local E2E graph updated, distributing it and the IDLs.
2021-09-15 03:48:44,346 - PDL-Slicing/Transport - INFO - BLOCKCHAIN_MAPPER: COST E2E_TOPOLOGY  - 135384 - 2361
2021-09-15 03:48:44,874 - PDL-Slicing/Transport - INFO - TRANSPORT_EVENT_MNGR: NO NEED TO PROCESS THIS EVENT.
2021-09-15 03:49:13,555 - PDL-Slicing/Transport - INFO - ORCH: Preparing the context to be distributed.
2021-09-15 03:49:13,556 - PDL-Slicing/Transport - INFO - Retrieveing an element from the DB context
2021-09-15 03:49:18,016 - PDL-Slicing/Transport - INFO - BLOCKCHAIN_MAPPER: COST SIP  - 799855 - 991
2021-09-15 03:49:22,061 - PDL-Slicing/Transport - INFO - BLOCKCHAIN_MAPPER: COST SIP  - 799843 - 990
2021-09-15 03:49:25,883 - PDL-Slicing/Transport - INFO - BLOCKCHAIN_MAPPER: COST SIP  - 799831 - 989
2021-09-15 03:49:29,808 - PDL-Slicing/Transport - INFO - BLOCKCHAIN_MAPPER: COST SIP  - 799819 - 988
2021-09-15 03:49:36,267 - PDL-Slicing/Transport - INFO - BLOCKCHAIN_MAPPER: COST SIP  - 799855 - 991
2021-09-15 03:49:40,056 - PDL-Slicing/Transport - INFO - BLOCKCHAIN_MAPPER: COST SIP  - 799855 - 991
2021-09-15 03:49:43,780 - PDL-Slicing/Transport - INFO - BLOCKCHAIN_MAPPER: COST SIP  - 799855 - 991
2021-09-15 03:49:47,151 - PDL-Slicing/Transport - INFO - BLOCKCHAIN_MAPPER: COST SIP  - 799855 - 991
2021-09-15 03:49:50,990 - PDL-Slicing/Transport - INFO - BLOCKCHAIN_MAPPER: COST SIP  - 799855 - 991
2021-09-15 03:49:54,658 - PDL-Slicing/Transport - INFO - BLOCKCHAIN_MAPPER: COST SIP  - 799855 - 991
2021-09-15 03:49:57,991 - PDL-Slicing/Transport - INFO - BLOCKCHAIN_MAPPER: COST SIP  - 799831 - 989
2021-09-15 03:50:01,622 - PDL-Slicing/Transport - INFO - BLOCKCHAIN_MAPPER: COST SIP  - 799831 - 989
2021-09-15 03:50:05,080 - PDL-Slicing/Transport - INFO - BLOCKCHAIN_MAPPER: COST SIP  - 799831 - 989
2021-09-15 03:50:08,624 - PDL-Slicing/Transport - INFO - BLOCKCHAIN_MAPPER: COST SIP  - 799843 - 990
2021-09-15 03:50:12,105 - PDL-Slicing/Transport - INFO - BLOCKCHAIN_MAPPER: COST SIP  - 799831 - 989
2021-09-15 03:50:15,722 - PDL-Slicing/Transport - INFO - BLOCKCHAIN_MAPPER: COST SIP  - 799855 - 991
2021-09-15 03:50:19,536 - PDL-Slicing/Transport - INFO - BLOCKCHAIN_MAPPER: COST SIP  - 799831 - 989
2021-09-15 03:50:23,207 - PDL-Slicing/Transport - INFO - BLOCKCHAIN_MAPPER: COST SIP  - 799819 - 988
2021-09-15 03:50:27,085 - PDL-Slicing/Transport - INFO - BLOCKCHAIN_MAPPER: COST SIP  - 799843 - 990
2021-09-15 03:50:32,476 - PDL-Slicing/Transport - INFO - BLOCKCHAIN_MAPPER: COST SIP  - 799831 - 989
2021-09-15 03:50:36,201 - PDL-Slicing/Transport - INFO - BLOCKCHAIN_MAPPER: COST SIP  - 799855 - 991
2021-09-15 03:50:39,892 - PDL-Slicing/Transport - INFO - BLOCKCHAIN_MAPPER: COST SIP  - 799831 - 989
2021-09-15 03:50:43,509 - PDL-Slicing/Transport - INFO - BLOCKCHAIN_MAPPER: COST SIP  - 799819 - 988
2021-09-15 03:50:47,018 - PDL-Slicing/Transport - INFO - BLOCKCHAIN_MAPPER: COST SIP  - 799855 - 991
2021-09-15 03:50:50,503 - PDL-Slicing/Transport - INFO - BLOCKCHAIN_MAPPER: COST SIP  - 799819 - 988
2021-09-15 03:50:54,136 - PDL-Slicing/Transport - INFO - BLOCKCHAIN_MAPPER: COST SIP  - 799855 - 991
2021-09-15 03:50:57,912 - PDL-Slicing/Transport - INFO - BLOCKCHAIN_MAPPER: COST SIP  - 799831 - 989
2021-09-15 03:51:01,652 - PDL-Slicing/Transport - INFO - BLOCKCHAIN_MAPPER: COST SIP  - 799819 - 988
2021-09-15 03:51:05,252 - PDL-Slicing/Transport - INFO - BLOCKCHAIN_MAPPER: COST SIP  - 799819 - 988
2021-09-15 03:51:08,834 - PDL-Slicing/Transport - INFO - BLOCKCHAIN_MAPPER: COST SIP  - 799843 - 990
2021-09-15 03:51:12,640 - PDL-Slicing/Transport - INFO - BLOCKCHAIN_MAPPER: COST SIP  - 799855 - 991
2021-09-15 03:51:15,994 - PDL-Slicing/Transport - INFO - BLOCKCHAIN_MAPPER: COST SIP  - 799843 - 990
2021-09-15 03:51:19,462 - PDL-Slicing/Transport - INFO - BLOCKCHAIN_MAPPER: COST SIP  - 799843 - 990
2021-09-15 03:51:22,957 - PDL-Slicing/Transport - INFO - BLOCKCHAIN_MAPPER: COST SIP  - 799819 - 988
2021-09-15 03:51:26,692 - PDL-Slicing/Transport - INFO - BLOCKCHAIN_MAPPER: COST SIP  - 799831 - 989
2021-09-15 03:51:30,322 - PDL-Slicing/Transport - INFO - BLOCKCHAIN_MAPPER: COST SIP  - 799831 - 989
2021-09-15 03:51:35,610 - PDL-Slicing/Transport - INFO - BLOCKCHAIN_MAPPER: COST SIP  - 799855 - 991
2021-09-15 03:51:39,516 - PDL-Slicing/Transport - INFO - BLOCKCHAIN_MAPPER: COST SIP  - 799819 - 988
2021-09-15 03:51:43,234 - PDL-Slicing/Transport - INFO - BLOCKCHAIN_MAPPER: COST SIP  - 799807 - 987
2021-09-15 03:51:46,847 - PDL-Slicing/Transport - INFO - BLOCKCHAIN_MAPPER: COST SIP  - 799831 - 989
2021-09-15 03:51:50,635 - PDL-Slicing/Transport - INFO - BLOCKCHAIN_MAPPER: COST SIP  - 799819 - 988
2021-09-15 03:51:54,332 - PDL-Slicing/Transport - INFO - BLOCKCHAIN_MAPPER: COST SIP  - 799819 - 988
2021-09-15 03:51:57,747 - PDL-Slicing/Transport - INFO - BLOCKCHAIN_MAPPER: COST SIP  - 799855 - 991
2021-09-15 03:52:01,352 - PDL-Slicing/Transport - INFO - BLOCKCHAIN_MAPPER: COST SIP  - 799843 - 990
2021-09-15 03:52:04,973 - PDL-Slicing/Transport - INFO - BLOCKCHAIN_MAPPER: COST SIP  - 799831 - 989
2021-09-15 03:52:08,467 - PDL-Slicing/Transport - INFO - BLOCKCHAIN_MAPPER: COST SIP  - 799819 - 988
2021-09-15 03:52:11,959 - PDL-Slicing/Transport - INFO - BLOCKCHAIN_MAPPER: COST SIP  - 799843 - 990
2021-09-15 03:52:15,441 - PDL-Slicing/Transport - INFO - BLOCKCHAIN_MAPPER: COST SIP  - 799819 - 988
2021-09-15 03:52:18,990 - PDL-Slicing/Transport - INFO - BLOCKCHAIN_MAPPER: COST SIP  - 799819 - 988
2021-09-15 03:52:22,582 - PDL-Slicing/Transport - INFO - BLOCKCHAIN_MAPPER: COST SIP  - 799819 - 988
2021-09-15 03:52:26,017 - PDL-Slicing/Transport - INFO - BLOCKCHAIN_MAPPER: COST SIP  - 799855 - 991
2021-09-15 03:52:29,749 - PDL-Slicing/Transport - INFO - BLOCKCHAIN_MAPPER: COST SIP  - 799831 - 989
2021-09-15 03:52:35,364 - PDL-Slicing/Transport - INFO - BLOCKCHAIN_MAPPER: COST SIP  - 799831 - 989
2021-09-15 03:52:39,098 - PDL-Slicing/Transport - INFO - BLOCKCHAIN_MAPPER: COST SIP  - 799831 - 989
2021-09-15 03:52:42,661 - PDL-Slicing/Transport - INFO - BLOCKCHAIN_MAPPER: COST SIP  - 799855 - 991
2021-09-15 03:52:46,432 - PDL-Slicing/Transport - INFO - BLOCKCHAIN_MAPPER: COST SIP  - 799819 - 988
2021-09-15 03:52:50,180 - PDL-Slicing/Transport - INFO - BLOCKCHAIN_MAPPER: COST SIP  - 799843 - 990
2021-09-15 03:52:53,677 - PDL-Slicing/Transport - INFO - BLOCKCHAIN_MAPPER: COST SIP  - 799831 - 989
2021-09-15 03:52:57,248 - PDL-Slicing/Transport - INFO - BLOCKCHAIN_MAPPER: COST SIP  - 799819 - 988
2021-09-15 03:53:01,073 - PDL-Slicing/Transport - INFO - BLOCKCHAIN_MAPPER: COST SIP  - 799843 - 990
2021-09-15 03:53:05,256 - PDL-Slicing/Transport - INFO - BLOCKCHAIN_MAPPER: COST SIP  - 799855 - 991
2021-09-15 03:53:09,387 - PDL-Slicing/Transport - INFO - BLOCKCHAIN_MAPPER: COST SIP  - 799843 - 990
2021-09-15 03:53:13,042 - PDL-Slicing/Transport - INFO - BLOCKCHAIN_MAPPER: COST SIP  - 799831 - 989
2021-09-15 03:53:16,704 - PDL-Slicing/Transport - INFO - BLOCKCHAIN_MAPPER: COST SIP  - 799843 - 990
2021-09-15 03:53:20,816 - PDL-Slicing/Transport - INFO - BLOCKCHAIN_MAPPER: COST SIP  - 799831 - 989
2021-09-15 03:53:24,372 - PDL-Slicing/Transport - INFO - BLOCKCHAIN_MAPPER: COST SIP  - 799855 - 991
2021-09-15 03:53:27,966 - PDL-Slicing/Transport - INFO - BLOCKCHAIN_MAPPER: COST SIP  - 799855 - 991
2021-09-15 03:53:33,045 - PDL-Slicing/Transport - INFO - BLOCKCHAIN_MAPPER: COST SIP  - 799855 - 991
2021-09-15 03:53:36,654 - PDL-Slicing/Transport - INFO - BLOCKCHAIN_MAPPER: COST SIP  - 799855 - 991
2021-09-15 03:53:40,251 - PDL-Slicing/Transport - INFO - BLOCKCHAIN_MAPPER: COST SIP  - 799831 - 989
2021-09-15 03:53:44,090 - PDL-Slicing/Transport - INFO - BLOCKCHAIN_MAPPER: COST SIP  - 799855 - 991
2021-09-15 03:53:47,768 - PDL-Slicing/Transport - INFO - BLOCKCHAIN_MAPPER: COST SIP  - 799855 - 991
2021-09-15 03:53:51,660 - PDL-Slicing/Transport - INFO - BLOCKCHAIN_MAPPER: COST SIP  - 799855 - 991
2021-09-15 03:53:55,079 - PDL-Slicing/Transport - INFO - BLOCKCHAIN_MAPPER: COST SIP  - 799843 - 990
2021-09-15 03:53:58,889 - PDL-Slicing/Transport - INFO - BLOCKCHAIN_MAPPER: COST SIP  - 799843 - 990
2021-09-15 03:54:02,324 - PDL-Slicing/Transport - INFO - BLOCKCHAIN_MAPPER: COST SIP  - 799855 - 991
2021-09-15 03:54:05,744 - PDL-Slicing/Transport - INFO - BLOCKCHAIN_MAPPER: COST SIP  - 799855 - 991
2021-09-15 03:54:09,334 - PDL-Slicing/Transport - INFO - BLOCKCHAIN_MAPPER: COST SIP  - 799831 - 989
2021-09-15 03:54:12,808 - PDL-Slicing/Transport - INFO - BLOCKCHAIN_MAPPER: COST SIP  - 799831 - 989
2021-09-15 03:54:17,485 - PDL-Slicing/Transport - INFO - BLOCKCHAIN_MAPPER: COST SIP  - 799831 - 989
2021-09-15 03:54:21,277 - PDL-Slicing/Transport - INFO - BLOCKCHAIN_MAPPER: COST SIP  - 799819 - 988
2021-09-15 03:54:25,029 - PDL-Slicing/Transport - INFO - BLOCKCHAIN_MAPPER: COST SIP  - 799843 - 990
2021-09-15 03:54:28,553 - PDL-Slicing/Transport - INFO - BLOCKCHAIN_MAPPER: COST SIP  - 799831 - 989
2021-09-15 03:54:34,616 - PDL-Slicing/Transport - INFO - BLOCKCHAIN_MAPPER: COST SIP  - 799855 - 991
2021-09-15 03:54:39,878 - PDL-Slicing/Transport - INFO - BLOCKCHAIN_MAPPER: COST SIP  - 799843 - 990
2021-09-15 03:54:44,279 - PDL-Slicing/Transport - INFO - BLOCKCHAIN_MAPPER: COST SIP  - 799855 - 991
2021-09-15 03:54:47,463 - PDL-Slicing/Transport - INFO - BLOCKCHAIN_MAPPER: COST SIP  - 799855 - 991
2021-09-15 03:54:50,628 - PDL-Slicing/Transport - INFO - BLOCKCHAIN_MAPPER: COST SIP  - 799855 - 991
2021-09-15 03:54:54,093 - PDL-Slicing/Transport - INFO - BLOCKCHAIN_MAPPER: COST SIP  - 799855 - 991
2021-09-15 03:54:57,472 - PDL-Slicing/Transport - INFO - BLOCKCHAIN_MAPPER: COST SIP  - 799855 - 991
2021-09-15 03:55:00,556 - PDL-Slicing/Transport - INFO - BLOCKCHAIN_MAPPER: COST SIP  - 799855 - 991
2021-09-15 03:55:04,050 - PDL-Slicing/Transport - INFO - BLOCKCHAIN_MAPPER: COST SIP  - 799819 - 988
2021-09-15 03:55:07,129 - PDL-Slicing/Transport - INFO - BLOCKCHAIN_MAPPER: COST SIP  - 799831 - 989
2021-09-15 03:55:10,181 - PDL-Slicing/Transport - INFO - BLOCKCHAIN_MAPPER: COST SIP  - 799855 - 991
2021-09-15 03:55:13,239 - PDL-Slicing/Transport - INFO - BLOCKCHAIN_MAPPER: COST SIP  - 799843 - 990
2021-09-15 03:55:16,462 - PDL-Slicing/Transport - INFO - BLOCKCHAIN_MAPPER: COST SIP  - 799819 - 988
2021-09-15 03:55:19,651 - PDL-Slicing/Transport - INFO - BLOCKCHAIN_MAPPER: COST SIP  - 799831 - 989
2021-09-15 03:55:22,889 - PDL-Slicing/Transport - INFO - BLOCKCHAIN_MAPPER: COST SIP  - 799855 - 991
2021-09-15 03:55:26,596 - PDL-Slicing/Transport - INFO - BLOCKCHAIN_MAPPER: COST SIP  - 799855 - 991
2021-09-15 03:55:29,967 - PDL-Slicing/Transport - INFO - BLOCKCHAIN_MAPPER: COST SIP  - 799831 - 989
2021-09-15 03:55:34,726 - PDL-Slicing/Transport - INFO - BLOCKCHAIN_MAPPER: COST SIP  - 799855 - 991
2021-09-15 03:55:38,048 - PDL-Slicing/Transport - INFO - BLOCKCHAIN_MAPPER: COST SIP  - 799831 - 989
2021-09-15 03:55:41,242 - PDL-Slicing/Transport - INFO - BLOCKCHAIN_MAPPER: COST SIP  - 799819 - 988
2021-09-15 03:55:44,517 - PDL-Slicing/Transport - INFO - BLOCKCHAIN_MAPPER: COST SIP  - 799855 - 991
2021-09-15 03:55:47,855 - PDL-Slicing/Transport - INFO - BLOCKCHAIN_MAPPER: COST SIP  - 799855 - 991
2021-09-15 03:55:51,302 - PDL-Slicing/Transport - INFO - BLOCKCHAIN_MAPPER: COST SIP  - 799855 - 991
2021-09-15 03:55:54,478 - PDL-Slicing/Transport - INFO - BLOCKCHAIN_MAPPER: COST SIP  - 799843 - 990
2021-09-15 03:55:57,780 - PDL-Slicing/Transport - INFO - BLOCKCHAIN_MAPPER: COST SIP  - 799855 - 991
2021-09-15 03:56:00,930 - PDL-Slicing/Transport - INFO - BLOCKCHAIN_MAPPER: COST SIP  - 799831 - 989
2021-09-15 03:56:04,210 - PDL-Slicing/Transport - INFO - BLOCKCHAIN_MAPPER: COST SIP  - 799855 - 991
2021-09-15 03:56:07,312 - PDL-Slicing/Transport - INFO - BLOCKCHAIN_MAPPER: COST SIP  - 799843 - 990
2021-09-15 03:56:10,556 - PDL-Slicing/Transport - INFO - BLOCKCHAIN_MAPPER: COST SIP  - 799831 - 989
2021-09-15 03:56:13,825 - PDL-Slicing/Transport - INFO - BLOCKCHAIN_MAPPER: COST SIP  - 799819 - 988
2021-09-15 03:56:17,152 - PDL-Slicing/Transport - INFO - BLOCKCHAIN_MAPPER: COST SIP  - 799831 - 989
2021-09-15 03:56:20,489 - PDL-Slicing/Transport - INFO - BLOCKCHAIN_MAPPER: COST SIP  - 799819 - 988
2021-09-15 03:56:24,477 - PDL-Slicing/Transport - INFO - BLOCKCHAIN_MAPPER: COST SIP  - 799819 - 988
2021-09-15 03:56:29,453 - PDL-Slicing/Transport - INFO - BLOCKCHAIN_MAPPER: COST SIP  - 799843 - 990
2021-09-15 03:56:34,570 - PDL-Slicing/Transport - INFO - BLOCKCHAIN_MAPPER: COST SIP  - 799855 - 991
2021-09-15 03:56:37,945 - PDL-Slicing/Transport - INFO - BLOCKCHAIN_MAPPER: COST SIP  - 799843 - 990
2021-09-15 03:56:41,333 - PDL-Slicing/Transport - INFO - BLOCKCHAIN_MAPPER: COST SIP  - 799819 - 988
2021-09-15 03:56:44,577 - PDL-Slicing/Transport - INFO - BLOCKCHAIN_MAPPER: COST SIP  - 799831 - 989
2021-09-15 03:56:47,913 - PDL-Slicing/Transport - INFO - BLOCKCHAIN_MAPPER: COST SIP  - 799831 - 989
2021-09-15 03:56:51,369 - PDL-Slicing/Transport - INFO - BLOCKCHAIN_MAPPER: COST SIP  - 799855 - 991
2021-09-15 03:56:54,208 - PDL-Slicing/Transport - INFO - BLOCKCHAIN_MAPPER: COST SIP  - 799855 - 991
2021-09-15 03:56:57,512 - PDL-Slicing/Transport - INFO - BLOCKCHAIN_MAPPER: COST SIP  - 799843 - 990
2021-09-15 03:57:01,030 - PDL-Slicing/Transport - INFO - BLOCKCHAIN_MAPPER: COST SIP  - 799819 - 988
2021-09-15 03:57:04,668 - PDL-Slicing/Transport - INFO - BLOCKCHAIN_MAPPER: COST SIP  - 799855 - 991
2021-09-15 03:57:08,207 - PDL-Slicing/Transport - INFO - BLOCKCHAIN_MAPPER: COST SIP  - 799843 - 990
2021-09-15 03:57:11,831 - PDL-Slicing/Transport - INFO - BLOCKCHAIN_MAPPER: COST SIP  - 799855 - 991
2021-09-15 03:57:15,060 - PDL-Slicing/Transport - INFO - BLOCKCHAIN_MAPPER: COST SIP  - 799855 - 991
2021-09-15 03:57:18,227 - PDL-Slicing/Transport - INFO - BLOCKCHAIN_MAPPER: COST SIP  - 799819 - 988
2021-09-15 03:57:21,798 - PDL-Slicing/Transport - INFO - BLOCKCHAIN_MAPPER: COST SIP  - 799855 - 991
2021-09-15 03:57:24,971 - PDL-Slicing/Transport - INFO - BLOCKCHAIN_MAPPER: COST SIP  - 799855 - 991
2021-09-15 03:57:28,097 - PDL-Slicing/Transport - INFO - BLOCKCHAIN_MAPPER: COST SIP  - 799855 - 991
2021-09-15 03:57:33,402 - PDL-Slicing/Transport - INFO - BLOCKCHAIN_MAPPER: COST SIP  - 799819 - 988
2021-09-15 03:57:36,814 - PDL-Slicing/Transport - INFO - BLOCKCHAIN_MAPPER: COST SIP  - 799831 - 989
2021-09-15 03:57:40,042 - PDL-Slicing/Transport - INFO - BLOCKCHAIN_MAPPER: COST SIP  - 799843 - 990
2021-09-15 03:57:43,356 - PDL-Slicing/Transport - INFO - BLOCKCHAIN_MAPPER: COST SIP  - 799855 - 991
2021-09-15 03:57:46,678 - PDL-Slicing/Transport - INFO - BLOCKCHAIN_MAPPER: COST SIP  - 799807 - 987
2021-09-15 03:57:50,024 - PDL-Slicing/Transport - INFO - BLOCKCHAIN_MAPPER: COST SIP  - 799831 - 989
2021-09-15 03:57:53,430 - PDL-Slicing/Transport - INFO - BLOCKCHAIN_MAPPER: COST SIP  - 799831 - 989
2021-09-15 03:57:56,706 - PDL-Slicing/Transport - INFO - BLOCKCHAIN_MAPPER: COST SIP  - 799831 - 989
2021-09-15 03:58:00,144 - PDL-Slicing/Transport - INFO - BLOCKCHAIN_MAPPER: COST SIP  - 799819 - 988
2021-09-15 03:58:03,518 - PDL-Slicing/Transport - INFO - BLOCKCHAIN_MAPPER: COST SIP  - 799855 - 991
2021-09-15 03:58:06,807 - PDL-Slicing/Transport - INFO - BLOCKCHAIN_MAPPER: COST SIP  - 799831 - 989
2021-09-15 03:58:10,001 - PDL-Slicing/Transport - INFO - BLOCKCHAIN_MAPPER: COST SIP  - 799843 - 990
2021-09-15 03:58:13,551 - PDL-Slicing/Transport - INFO - BLOCKCHAIN_MAPPER: COST SIP  - 799855 - 991
2021-09-15 03:58:16,762 - PDL-Slicing/Transport - INFO - BLOCKCHAIN_MAPPER: COST SIP  - 799855 - 991
2021-09-15 03:58:20,121 - PDL-Slicing/Transport - INFO - BLOCKCHAIN_MAPPER: COST SIP  - 799855 - 991
2021-09-15 03:58:23,516 - PDL-Slicing/Transport - INFO - BLOCKCHAIN_MAPPER: COST SIP  - 799855 - 991
2021-09-15 03:58:26,584 - PDL-Slicing/Transport - INFO - BLOCKCHAIN_MAPPER: COST SIP  - 799831 - 989
2021-09-15 03:58:29,908 - PDL-Slicing/Transport - INFO - BLOCKCHAIN_MAPPER: COST SIP  - 799843 - 990
2021-09-15 03:58:34,754 - PDL-Slicing/Transport - INFO - BLOCKCHAIN_MAPPER: COST SIP  - 799855 - 991
2021-09-15 03:58:37,938 - PDL-Slicing/Transport - INFO - BLOCKCHAIN_MAPPER: COST SIP  - 799855 - 991
2021-09-15 03:58:41,097 - PDL-Slicing/Transport - INFO - BLOCKCHAIN_MAPPER: COST SIP  - 799819 - 988
2021-09-15 03:58:44,232 - PDL-Slicing/Transport - INFO - BLOCKCHAIN_MAPPER: COST SIP  - 799855 - 991
2021-09-15 03:58:47,486 - PDL-Slicing/Transport - INFO - BLOCKCHAIN_MAPPER: COST SIP  - 799855 - 991
2021-09-15 03:58:51,231 - PDL-Slicing/Transport - INFO - BLOCKCHAIN_MAPPER: COST SIP  - 799831 - 989
2021-09-15 03:58:54,632 - PDL-Slicing/Transport - INFO - BLOCKCHAIN_MAPPER: COST SIP  - 799831 - 989
2021-09-15 03:58:57,601 - PDL-Slicing/Transport - INFO - BLOCKCHAIN_MAPPER: COST SIP  - 799831 - 989
2021-09-15 03:59:01,155 - PDL-Slicing/Transport - INFO - BLOCKCHAIN_MAPPER: COST SIP  - 799831 - 989
2021-09-15 03:59:04,370 - PDL-Slicing/Transport - INFO - BLOCKCHAIN_MAPPER: COST SIP  - 799855 - 991
2021-09-15 03:59:07,670 - PDL-Slicing/Transport - INFO - BLOCKCHAIN_MAPPER: COST SIP  - 799807 - 987
2021-09-15 03:59:11,012 - PDL-Slicing/Transport - INFO - BLOCKCHAIN_MAPPER: COST SIP  - 799807 - 987
2021-09-15 03:59:14,256 - PDL-Slicing/Transport - INFO - BLOCKCHAIN_MAPPER: COST SIP  - 799831 - 989
2021-09-15 03:59:17,643 - PDL-Slicing/Transport - INFO - BLOCKCHAIN_MAPPER: COST SIP  - 799819 - 988
2021-09-15 03:59:20,741 - PDL-Slicing/Transport - INFO - BLOCKCHAIN_MAPPER: COST SIP  - 799831 - 989
2021-09-15 03:59:24,208 - PDL-Slicing/Transport - INFO - BLOCKCHAIN_MAPPER: COST SIP  - 799843 - 990
2021-09-15 03:59:27,636 - PDL-Slicing/Transport - INFO - BLOCKCHAIN_MAPPER: COST SIP  - 799855 - 991
2021-09-15 03:59:32,471 - PDL-Slicing/Transport - INFO - BLOCKCHAIN_MAPPER: COST SIP  - 799831 - 989
2021-09-15 03:59:36,198 - PDL-Slicing/Transport - INFO - BLOCKCHAIN_MAPPER: COST SIP  - 799831 - 989
2021-09-15 03:59:39,511 - PDL-Slicing/Transport - INFO - BLOCKCHAIN_MAPPER: COST SIP  - 799855 - 991
2021-09-15 03:59:42,830 - PDL-Slicing/Transport - INFO - BLOCKCHAIN_MAPPER: COST SIP  - 799831 - 989
2021-09-15 03:59:46,274 - PDL-Slicing/Transport - INFO - BLOCKCHAIN_MAPPER: COST SIP  - 799831 - 989
2021-09-15 03:59:49,489 - PDL-Slicing/Transport - INFO - BLOCKCHAIN_MAPPER: COST SIP  - 799843 - 990
2021-09-15 03:59:52,891 - PDL-Slicing/Transport - INFO - BLOCKCHAIN_MAPPER: COST SIP  - 799831 - 989
2021-09-15 03:59:56,031 - PDL-Slicing/Transport - INFO - BLOCKCHAIN_MAPPER: COST SIP  - 799819 - 988
2021-09-15 03:59:59,227 - PDL-Slicing/Transport - INFO - BLOCKCHAIN_MAPPER: COST SIP  - 799831 - 989
2021-09-15 04:00:02,496 - PDL-Slicing/Transport - INFO - BLOCKCHAIN_MAPPER: COST SIP  - 799831 - 989
2021-09-15 04:00:06,008 - PDL-Slicing/Transport - INFO - BLOCKCHAIN_MAPPER: COST SIP  - 799855 - 991
2021-09-15 04:00:09,232 - PDL-Slicing/Transport - INFO - BLOCKCHAIN_MAPPER: COST SIP  - 799819 - 988
2021-09-15 04:00:12,524 - PDL-Slicing/Transport - INFO - BLOCKCHAIN_MAPPER: COST SIP  - 799855 - 991
2021-09-15 04:00:15,724 - PDL-Slicing/Transport - INFO - BLOCKCHAIN_MAPPER: COST SIP  - 799819 - 988
2021-09-15 04:00:18,734 - PDL-Slicing/Transport - INFO - BLOCKCHAIN_MAPPER: COST SIP  - 799831 - 989
2021-09-15 04:00:22,666 - PDL-Slicing/Transport - INFO - BLOCKCHAIN_MAPPER: COST SIP  - 799819 - 988
2021-09-15 04:00:26,029 - PDL-Slicing/Transport - INFO - BLOCKCHAIN_MAPPER: COST SIP  - 799843 - 990
2021-09-15 04:00:29,477 - PDL-Slicing/Transport - INFO - BLOCKCHAIN_MAPPER: COST SIP  - 799831 - 989
2021-09-15 04:00:34,263 - PDL-Slicing/Transport - INFO - BLOCKCHAIN_MAPPER: COST SIP  - 799843 - 990
2021-09-15 04:00:37,741 - PDL-Slicing/Transport - INFO - BLOCKCHAIN_MAPPER: COST SIP  - 799843 - 990
2021-09-15 04:00:41,073 - PDL-Slicing/Transport - INFO - BLOCKCHAIN_MAPPER: COST SIP  - 799831 - 989
2021-09-15 04:00:43,998 - PDL-Slicing/Transport - INFO - BLOCKCHAIN_MAPPER: COST SIP  - 799843 - 990
2021-09-15 04:00:47,829 - PDL-Slicing/Transport - INFO - BLOCKCHAIN_MAPPER: COST SIP  - 799855 - 991
2021-09-15 04:00:51,234 - PDL-Slicing/Transport - INFO - BLOCKCHAIN_MAPPER: COST SIP  - 799819 - 988
2021-09-15 04:00:54,602 - PDL-Slicing/Transport - INFO - BLOCKCHAIN_MAPPER: COST SIP  - 799855 - 991
2021-09-15 04:00:57,925 - PDL-Slicing/Transport - INFO - BLOCKCHAIN_MAPPER: COST SIP  - 799831 - 989
2021-09-15 04:01:01,244 - PDL-Slicing/Transport - INFO - BLOCKCHAIN_MAPPER: COST SIP  - 799831 - 989
2021-09-15 04:01:04,551 - PDL-Slicing/Transport - INFO - BLOCKCHAIN_MAPPER: COST SIP  - 799855 - 991
2021-09-15 04:01:07,976 - PDL-Slicing/Transport - INFO - BLOCKCHAIN_MAPPER: COST SIP  - 799831 - 989
2021-09-15 04:01:11,573 - PDL-Slicing/Transport - INFO - BLOCKCHAIN_MAPPER: COST SIP  - 799831 - 989
2021-09-15 04:01:14,922 - PDL-Slicing/Transport - INFO - BLOCKCHAIN_MAPPER: COST SIP  - 799831 - 989
2021-09-15 04:01:18,322 - PDL-Slicing/Transport - INFO - BLOCKCHAIN_MAPPER: COST SIP  - 799819 - 988
2021-09-15 04:01:21,863 - PDL-Slicing/Transport - INFO - BLOCKCHAIN_MAPPER: COST SIP  - 799843 - 990
2021-09-15 04:01:24,939 - PDL-Slicing/Transport - INFO - BLOCKCHAIN_MAPPER: COST SIP  - 799831 - 989
2021-09-15 04:01:28,191 - PDL-Slicing/Transport - INFO - BLOCKCHAIN_MAPPER: COST SIP  - 799819 - 988
2021-09-15 04:01:33,045 - PDL-Slicing/Transport - INFO - BLOCKCHAIN_MAPPER: COST SIP  - 799831 - 989
2021-09-15 04:01:37,540 - PDL-Slicing/Transport - INFO - BLOCKCHAIN_MAPPER: COST SIP  - 799831 - 989
2021-09-15 04:01:40,898 - PDL-Slicing/Transport - INFO - BLOCKCHAIN_MAPPER: COST SIP  - 799843 - 990
2021-09-15 04:01:44,228 - PDL-Slicing/Transport - INFO - BLOCKCHAIN_MAPPER: COST SIP  - 799831 - 989
2021-09-15 04:01:47,501 - PDL-Slicing/Transport - INFO - BLOCKCHAIN_MAPPER: COST SIP  - 799843 - 990
2021-09-15 04:01:50,864 - PDL-Slicing/Transport - INFO - BLOCKCHAIN_MAPPER: COST SIP  - 799843 - 990
2021-09-15 04:01:54,391 - PDL-Slicing/Transport - INFO - BLOCKCHAIN_MAPPER: COST SIP  - 799819 - 988
2021-09-15 04:01:57,406 - PDL-Slicing/Transport - INFO - BLOCKCHAIN_MAPPER: COST SIP  - 799819 - 988
2021-09-15 04:02:01,208 - PDL-Slicing/Transport - INFO - BLOCKCHAIN_MAPPER: COST SIP  - 799831 - 989
2021-09-15 04:02:04,645 - PDL-Slicing/Transport - INFO - BLOCKCHAIN_MAPPER: COST SIP  - 799831 - 989
2021-09-15 04:02:08,144 - PDL-Slicing/Transport - INFO - BLOCKCHAIN_MAPPER: COST SIP  - 799831 - 989
2021-09-15 04:02:11,385 - PDL-Slicing/Transport - INFO - BLOCKCHAIN_MAPPER: COST SIP  - 799843 - 990
2021-09-15 04:02:14,701 - PDL-Slicing/Transport - INFO - BLOCKCHAIN_MAPPER: COST SIP  - 799831 - 989
2021-09-15 04:02:18,112 - PDL-Slicing/Transport - INFO - BLOCKCHAIN_MAPPER: COST SIP  - 799819 - 988
2021-09-15 04:02:21,701 - PDL-Slicing/Transport - INFO - BLOCKCHAIN_MAPPER: COST SIP  - 799831 - 989
2021-09-15 04:02:25,077 - PDL-Slicing/Transport - INFO - BLOCKCHAIN_MAPPER: COST SIP  - 799819 - 988
2021-09-15 04:02:28,409 - PDL-Slicing/Transport - INFO - BLOCKCHAIN_MAPPER: COST SIP  - 799807 - 987
2021-09-15 04:02:32,778 - PDL-Slicing/Transport - INFO - BLOCKCHAIN_MAPPER: COST SIP  - 799843 - 990
2021-09-15 04:02:37,513 - PDL-Slicing/Transport - INFO - BLOCKCHAIN_MAPPER: COST SIP  - 799843 - 990
2021-09-15 04:02:40,524 - PDL-Slicing/Transport - INFO - BLOCKCHAIN_MAPPER: COST SIP  - 799819 - 988
2021-09-15 04:02:44,050 - PDL-Slicing/Transport - INFO - BLOCKCHAIN_MAPPER: COST SIP  - 799831 - 989
2021-09-15 04:02:47,425 - PDL-Slicing/Transport - INFO - BLOCKCHAIN_MAPPER: COST SIP  - 799843 - 990
2021-09-15 04:02:50,749 - PDL-Slicing/Transport - INFO - BLOCKCHAIN_MAPPER: COST SIP  - 799855 - 991
2021-09-15 04:02:54,210 - PDL-Slicing/Transport - INFO - BLOCKCHAIN_MAPPER: COST SIP  - 799831 - 989
2021-09-15 04:02:57,685 - PDL-Slicing/Transport - INFO - BLOCKCHAIN_MAPPER: COST SIP  - 799855 - 991
2021-09-15 04:03:00,912 - PDL-Slicing/Transport - INFO - BLOCKCHAIN_MAPPER: COST SIP  - 799843 - 990
2021-09-15 04:03:04,378 - PDL-Slicing/Transport - INFO - BLOCKCHAIN_MAPPER: COST SIP  - 799831 - 989
2021-09-15 04:03:09,641 - PDL-Slicing/Transport - INFO - BLOCKCHAIN_MAPPER: COST SIP  - 799843 - 990
2021-09-15 04:03:13,165 - PDL-Slicing/Transport - INFO - BLOCKCHAIN_MAPPER: COST SIP  - 799843 - 990
2021-09-15 04:03:16,864 - PDL-Slicing/Transport - INFO - BLOCKCHAIN_MAPPER: COST SIP  - 799855 - 991
2021-09-15 04:03:20,479 - PDL-Slicing/Transport - INFO - BLOCKCHAIN_MAPPER: COST SIP  - 799831 - 989
2021-09-15 04:03:23,985 - PDL-Slicing/Transport - INFO - BLOCKCHAIN_MAPPER: COST SIP  - 799855 - 991
2021-09-15 04:03:27,370 - PDL-Slicing/Transport - INFO - BLOCKCHAIN_MAPPER: COST SIP  - 799819 - 988
2021-09-15 04:03:31,725 - PDL-Slicing/Transport - INFO - BLOCKCHAIN_MAPPER: COST SIP  - 799843 - 990
2021-09-15 04:03:37,461 - PDL-Slicing/Transport - INFO - BLOCKCHAIN_MAPPER: COST SIP  - 799831 - 989
2021-09-15 04:03:41,449 - PDL-Slicing/Transport - INFO - BLOCKCHAIN_MAPPER: COST SIP  - 799831 - 989
2021-09-15 04:03:45,057 - PDL-Slicing/Transport - INFO - BLOCKCHAIN_MAPPER: COST SIP  - 799831 - 989
2021-09-15 04:03:49,056 - PDL-Slicing/Transport - INFO - BLOCKCHAIN_MAPPER: COST SIP  - 799843 - 990
2021-09-15 04:03:52,512 - PDL-Slicing/Transport - INFO - BLOCKCHAIN_MAPPER: COST SIP  - 799819 - 988
2021-09-15 04:03:56,456 - PDL-Slicing/Transport - INFO - BLOCKCHAIN_MAPPER: COST SIP  - 799819 - 988
2021-09-15 04:04:00,195 - PDL-Slicing/Transport - INFO - BLOCKCHAIN_MAPPER: COST SIP  - 799855 - 991
2021-09-15 04:04:03,708 - PDL-Slicing/Transport - INFO - BLOCKCHAIN_MAPPER: COST SIP  - 799831 - 989
2021-09-15 04:04:08,218 - PDL-Slicing/Transport - INFO - BLOCKCHAIN_MAPPER: COST NEP  - 1191061 - 1549
2021-09-15 04:04:11,975 - PDL-Slicing/Transport - INFO - BLOCKCHAIN_MAPPER: COST NEP  - 1191061 - 1549
2021-09-15 04:04:16,132 - PDL-Slicing/Transport - INFO - BLOCKCHAIN_MAPPER: COST NEP  - 1191061 - 1549
2021-09-15 04:04:19,694 - PDL-Slicing/Transport - INFO - BLOCKCHAIN_MAPPER: COST NEP  - 1005922 - 1274
2021-09-15 04:04:23,637 - PDL-Slicing/Transport - INFO - BLOCKCHAIN_MAPPER: COST NEP  - 1005922 - 1274
2021-09-15 04:04:27,370 - PDL-Slicing/Transport - INFO - BLOCKCHAIN_MAPPER: COST NODE  - 708309 - 7830
2021-09-15 04:04:32,650 - PDL-Slicing/Transport - INFO - BLOCKCHAIN_MAPPER: COST NEP  - 1191061 - 1549
2021-09-15 04:04:36,746 - PDL-Slicing/Transport - INFO - BLOCKCHAIN_MAPPER: COST NEP  - 1191061 - 1549
2021-09-15 04:04:40,674 - PDL-Slicing/Transport - INFO - BLOCKCHAIN_MAPPER: COST NEP  - 1191061 - 1549
2021-09-15 04:04:44,329 - PDL-Slicing/Transport - INFO - BLOCKCHAIN_MAPPER: COST NEP  - 1191061 - 1549
2021-09-15 04:04:48,313 - PDL-Slicing/Transport - INFO - BLOCKCHAIN_MAPPER: COST NEP  - 1191061 - 1549
2021-09-15 04:04:52,260 - PDL-Slicing/Transport - INFO - BLOCKCHAIN_MAPPER: COST NEP  - 1191061 - 1549
2021-09-15 04:04:56,136 - PDL-Slicing/Transport - INFO - BLOCKCHAIN_MAPPER: COST NEP  - 1191061 - 1549
2021-09-15 04:05:00,285 - PDL-Slicing/Transport - INFO - BLOCKCHAIN_MAPPER: COST NEP  - 1191061 - 1549
2021-09-15 04:05:04,315 - PDL-Slicing/Transport - INFO - BLOCKCHAIN_MAPPER: COST NEP  - 1191061 - 1549
2021-09-15 04:05:08,214 - PDL-Slicing/Transport - INFO - BLOCKCHAIN_MAPPER: COST NEP  - 1191061 - 1549
2021-09-15 04:05:12,354 - PDL-Slicing/Transport - INFO - BLOCKCHAIN_MAPPER: COST NEP  - 1191061 - 1549
2021-09-15 04:05:16,186 - PDL-Slicing/Transport - INFO - BLOCKCHAIN_MAPPER: COST NEP  - 1191061 - 1549
2021-09-15 04:05:20,081 - PDL-Slicing/Transport - INFO - BLOCKCHAIN_MAPPER: COST NEP  - 1191061 - 1549
2021-09-15 04:05:24,021 - PDL-Slicing/Transport - INFO - BLOCKCHAIN_MAPPER: COST NEP  - 1191061 - 1549
2021-09-15 04:05:27,822 - PDL-Slicing/Transport - INFO - BLOCKCHAIN_MAPPER: COST NEP  - 1191061 - 1549
2021-09-15 04:05:33,369 - PDL-Slicing/Transport - INFO - BLOCKCHAIN_MAPPER: COST NEP  - 1191061 - 1549
2021-09-15 04:05:37,847 - PDL-Slicing/Transport - INFO - BLOCKCHAIN_MAPPER: COST NEP  - 1191061 - 1549
2021-09-15 04:05:41,781 - PDL-Slicing/Transport - INFO - BLOCKCHAIN_MAPPER: COST NEP  - 1191061 - 1549
2021-09-15 04:05:45,615 - PDL-Slicing/Transport - INFO - BLOCKCHAIN_MAPPER: COST NEP  - 1191061 - 1549
2021-09-15 04:05:50,020 - PDL-Slicing/Transport - INFO - BLOCKCHAIN_MAPPER: COST NEP  - 1191061 - 1549
2021-09-15 04:05:53,880 - PDL-Slicing/Transport - INFO - BLOCKCHAIN_MAPPER: COST NEP  - 1191061 - 1549
2021-09-15 04:05:58,223 - PDL-Slicing/Transport - INFO - BLOCKCHAIN_MAPPER: COST NEP  - 1191061 - 1549
2021-09-15 04:06:02,231 - PDL-Slicing/Transport - INFO - BLOCKCHAIN_MAPPER: COST NEP  - 1191061 - 1549
2021-09-15 04:06:06,058 - PDL-Slicing/Transport - INFO - BLOCKCHAIN_MAPPER: COST NEP  - 1191061 - 1549
2021-09-15 04:06:10,122 - PDL-Slicing/Transport - INFO - BLOCKCHAIN_MAPPER: COST NEP  - 1191061 - 1549
2021-09-15 04:06:13,786 - PDL-Slicing/Transport - INFO - BLOCKCHAIN_MAPPER: COST NEP  - 1191061 - 1549
2021-09-15 04:06:17,465 - PDL-Slicing/Transport - INFO - BLOCKCHAIN_MAPPER: COST NEP  - 1191061 - 1549
2021-09-15 04:06:21,648 - PDL-Slicing/Transport - INFO - BLOCKCHAIN_MAPPER: COST NEP  - 1191061 - 1549
2021-09-15 04:06:25,607 - PDL-Slicing/Transport - INFO - BLOCKCHAIN_MAPPER: COST NEP  - 1191061 - 1549
2021-09-15 04:06:29,465 - PDL-Slicing/Transport - INFO - BLOCKCHAIN_MAPPER: COST NEP  - 1191061 - 1549
2021-09-15 04:06:34,968 - PDL-Slicing/Transport - INFO - BLOCKCHAIN_MAPPER: COST NEP  - 1191061 - 1549
2021-09-15 04:06:38,961 - PDL-Slicing/Transport - INFO - BLOCKCHAIN_MAPPER: COST NEP  - 1191061 - 1549
2021-09-15 04:06:42,572 - PDL-Slicing/Transport - INFO - BLOCKCHAIN_MAPPER: COST NEP  - 1191061 - 1549
2021-09-15 04:06:46,599 - PDL-Slicing/Transport - INFO - BLOCKCHAIN_MAPPER: COST NEP  - 1191061 - 1549
2021-09-15 04:06:50,779 - PDL-Slicing/Transport - INFO - BLOCKCHAIN_MAPPER: COST NEP  - 1191061 - 1549
2021-09-15 04:06:54,818 - PDL-Slicing/Transport - INFO - BLOCKCHAIN_MAPPER: COST NEP  - 1191061 - 1549
2021-09-15 04:06:58,617 - PDL-Slicing/Transport - INFO - BLOCKCHAIN_MAPPER: COST NEP  - 1191061 - 1549
2021-09-15 04:07:03,036 - PDL-Slicing/Transport - INFO - BLOCKCHAIN_MAPPER: COST NEP  - 1191061 - 1549
2021-09-15 04:07:07,279 - PDL-Slicing/Transport - INFO - BLOCKCHAIN_MAPPER: COST NEP  - 1191061 - 1549
2021-09-15 04:07:11,092 - PDL-Slicing/Transport - INFO - BLOCKCHAIN_MAPPER: COST NEP  - 1191061 - 1549
2021-09-15 04:07:15,099 - PDL-Slicing/Transport - INFO - BLOCKCHAIN_MAPPER: COST NEP  - 1191061 - 1549
2021-09-15 04:07:19,119 - PDL-Slicing/Transport - INFO - BLOCKCHAIN_MAPPER: COST NEP  - 1191061 - 1549
2021-09-15 04:07:23,256 - PDL-Slicing/Transport - INFO - BLOCKCHAIN_MAPPER: COST NEP  - 1191061 - 1549
2021-09-15 04:07:27,416 - PDL-Slicing/Transport - INFO - BLOCKCHAIN_MAPPER: COST NEP  - 1191061 - 1549
2021-09-15 04:07:32,493 - PDL-Slicing/Transport - INFO - BLOCKCHAIN_MAPPER: COST NEP  - 1191061 - 1549
2021-09-15 04:07:36,603 - PDL-Slicing/Transport - INFO - BLOCKCHAIN_MAPPER: COST NEP  - 1191061 - 1549
2021-09-15 04:07:40,669 - PDL-Slicing/Transport - INFO - BLOCKCHAIN_MAPPER: COST NEP  - 1191061 - 1549
2021-09-15 04:07:44,544 - PDL-Slicing/Transport - INFO - BLOCKCHAIN_MAPPER: COST NEP  - 1191061 - 1549
2021-09-15 04:07:48,912 - PDL-Slicing/Transport - INFO - BLOCKCHAIN_MAPPER: COST NEP  - 1191061 - 1549
2021-09-15 04:07:52,944 - PDL-Slicing/Transport - INFO - BLOCKCHAIN_MAPPER: COST NEP  - 1191061 - 1549
2021-09-15 04:07:56,916 - PDL-Slicing/Transport - INFO - BLOCKCHAIN_MAPPER: COST NEP  - 1191061 - 1549
2021-09-15 04:08:01,023 - PDL-Slicing/Transport - INFO - BLOCKCHAIN_MAPPER: COST NEP  - 1191061 - 1549
2021-09-15 04:08:04,940 - PDL-Slicing/Transport - INFO - BLOCKCHAIN_MAPPER: COST NEP  - 1191061 - 1549
2021-09-15 04:08:08,818 - PDL-Slicing/Transport - INFO - BLOCKCHAIN_MAPPER: COST NEP  - 1191061 - 1549
2021-09-15 04:08:12,747 - PDL-Slicing/Transport - INFO - BLOCKCHAIN_MAPPER: COST NEP  - 1191061 - 1549
2021-09-15 04:08:16,760 - PDL-Slicing/Transport - INFO - BLOCKCHAIN_MAPPER: COST NEP  - 1191061 - 1549
2021-09-15 04:08:21,749 - PDL-Slicing/Transport - INFO - BLOCKCHAIN_MAPPER: COST NEP  - 1191061 - 1549
2021-09-15 04:08:26,169 - PDL-Slicing/Transport - INFO - BLOCKCHAIN_MAPPER: COST NEP  - 1191061 - 1549
2021-09-15 04:08:30,208 - PDL-Slicing/Transport - INFO - BLOCKCHAIN_MAPPER: COST NEP  - 1191061 - 1549
2021-09-15 04:08:35,989 - PDL-Slicing/Transport - INFO - BLOCKCHAIN_MAPPER: COST NEP  - 1191061 - 1549
2021-09-15 04:08:39,968 - PDL-Slicing/Transport - INFO - BLOCKCHAIN_MAPPER: COST NEP  - 1005922 - 1274
2021-09-15 04:08:43,901 - PDL-Slicing/Transport - INFO - BLOCKCHAIN_MAPPER: COST NEP  - 1005922 - 1274
2021-09-15 04:08:48,607 - PDL-Slicing/Transport - INFO - BLOCKCHAIN_MAPPER: COST NODE  - 2140162 - 96235
2021-09-15 04:08:52,655 - PDL-Slicing/Transport - INFO - BLOCKCHAIN_MAPPER: COST NEP  - 1191061 - 1549
2021-09-15 04:08:56,575 - PDL-Slicing/Transport - INFO - BLOCKCHAIN_MAPPER: COST NEP  - 1191061 - 1549
2021-09-15 04:09:00,637 - PDL-Slicing/Transport - INFO - BLOCKCHAIN_MAPPER: COST NEP  - 1191061 - 1549
2021-09-15 04:09:04,623 - PDL-Slicing/Transport - INFO - BLOCKCHAIN_MAPPER: COST NEP  - 1191061 - 1549
2021-09-15 04:09:08,587 - PDL-Slicing/Transport - INFO - BLOCKCHAIN_MAPPER: COST NEP  - 1191061 - 1549
2021-09-15 04:09:12,600 - PDL-Slicing/Transport - INFO - BLOCKCHAIN_MAPPER: COST NEP  - 1191061 - 1549
2021-09-15 04:09:17,513 - PDL-Slicing/Transport - INFO - BLOCKCHAIN_MAPPER: COST NEP  - 1191061 - 1549
2021-09-15 04:09:21,695 - PDL-Slicing/Transport - INFO - BLOCKCHAIN_MAPPER: COST NEP  - 1191061 - 1549
2021-09-15 04:09:25,596 - PDL-Slicing/Transport - INFO - BLOCKCHAIN_MAPPER: COST NEP  - 1191061 - 1549
2021-09-15 04:09:29,413 - PDL-Slicing/Transport - INFO - BLOCKCHAIN_MAPPER: COST NEP  - 1191061 - 1549
2021-09-15 04:09:35,025 - PDL-Slicing/Transport - INFO - BLOCKCHAIN_MAPPER: COST NEP  - 1191061 - 1549
2021-09-15 04:09:39,571 - PDL-Slicing/Transport - INFO - BLOCKCHAIN_MAPPER: COST NEP  - 1191061 - 1549
2021-09-15 04:09:44,496 - PDL-Slicing/Transport - INFO - BLOCKCHAIN_MAPPER: COST NEP  - 1191061 - 1549
2021-09-15 04:09:48,522 - PDL-Slicing/Transport - INFO - BLOCKCHAIN_MAPPER: COST NEP  - 1191061 - 1549
2021-09-15 04:09:52,874 - PDL-Slicing/Transport - INFO - BLOCKCHAIN_MAPPER: COST NEP  - 1191061 - 1549
2021-09-15 04:09:57,463 - PDL-Slicing/Transport - INFO - BLOCKCHAIN_MAPPER: COST NEP  - 1191061 - 1549
2021-09-15 04:10:01,683 - PDL-Slicing/Transport - INFO - BLOCKCHAIN_MAPPER: COST NEP  - 1191061 - 1549
2021-09-15 04:10:05,575 - PDL-Slicing/Transport - INFO - BLOCKCHAIN_MAPPER: COST NEP  - 1191061 - 1549
2021-09-15 04:10:09,836 - PDL-Slicing/Transport - INFO - BLOCKCHAIN_MAPPER: COST NEP  - 1191061 - 1549
2021-09-15 04:10:13,870 - PDL-Slicing/Transport - INFO - BLOCKCHAIN_MAPPER: COST NEP  - 1191061 - 1549
2021-09-15 04:10:19,216 - PDL-Slicing/Transport - INFO - BLOCKCHAIN_MAPPER: COST NEP  - 1191061 - 1549
2021-09-15 04:10:23,300 - PDL-Slicing/Transport - INFO - BLOCKCHAIN_MAPPER: COST NEP  - 1191061 - 1549
2021-09-15 04:10:27,172 - PDL-Slicing/Transport - INFO - BLOCKCHAIN_MAPPER: COST NEP  - 1191061 - 1549
2021-09-15 04:10:32,432 - PDL-Slicing/Transport - INFO - BLOCKCHAIN_MAPPER: COST NEP  - 1191061 - 1549
2021-09-15 04:10:36,394 - PDL-Slicing/Transport - INFO - BLOCKCHAIN_MAPPER: COST NEP  - 1191061 - 1549
2021-09-15 04:10:40,340 - PDL-Slicing/Transport - INFO - BLOCKCHAIN_MAPPER: COST NEP  - 1191061 - 1549
2021-09-15 04:10:44,311 - PDL-Slicing/Transport - INFO - BLOCKCHAIN_MAPPER: COST NEP  - 1191061 - 1549
2021-09-15 04:10:48,436 - PDL-Slicing/Transport - INFO - BLOCKCHAIN_MAPPER: COST NEP  - 1191061 - 1549
2021-09-15 04:10:52,930 - PDL-Slicing/Transport - INFO - BLOCKCHAIN_MAPPER: COST NEP  - 1191061 - 1549
2021-09-15 04:10:57,100 - PDL-Slicing/Transport - INFO - BLOCKCHAIN_MAPPER: COST NEP  - 1191061 - 1549
2021-09-15 04:11:01,171 - PDL-Slicing/Transport - INFO - BLOCKCHAIN_MAPPER: COST NEP  - 1191061 - 1549
2021-09-15 04:11:04,940 - PDL-Slicing/Transport - INFO - BLOCKCHAIN_MAPPER: COST NEP  - 1191061 - 1549
2021-09-15 04:11:09,111 - PDL-Slicing/Transport - INFO - BLOCKCHAIN_MAPPER: COST NEP  - 1191061 - 1549
2021-09-15 04:11:13,261 - PDL-Slicing/Transport - INFO - BLOCKCHAIN_MAPPER: COST NEP  - 1191061 - 1549
2021-09-15 04:11:17,750 - PDL-Slicing/Transport - INFO - BLOCKCHAIN_MAPPER: COST NEP  - 1191061 - 1549
2021-09-15 04:11:22,082 - PDL-Slicing/Transport - INFO - BLOCKCHAIN_MAPPER: COST NEP  - 1191061 - 1549
2021-09-15 04:11:26,396 - PDL-Slicing/Transport - INFO - BLOCKCHAIN_MAPPER: COST NEP  - 1191061 - 1549
2021-09-15 04:11:31,304 - PDL-Slicing/Transport - INFO - BLOCKCHAIN_MAPPER: COST NEP  - 1191061 - 1549
2021-09-15 04:11:35,801 - PDL-Slicing/Transport - INFO - BLOCKCHAIN_MAPPER: COST NEP  - 1191061 - 1549
2021-09-15 04:11:40,041 - PDL-Slicing/Transport - INFO - BLOCKCHAIN_MAPPER: COST NEP  - 1191061 - 1549
2021-09-15 04:11:43,625 - PDL-Slicing/Transport - INFO - BLOCKCHAIN_MAPPER: COST NEP  - 1191061 - 1549
2021-09-15 04:11:48,596 - PDL-Slicing/Transport - INFO - BLOCKCHAIN_MAPPER: COST NEP  - 1191061 - 1549
2021-09-15 04:11:53,641 - PDL-Slicing/Transport - INFO - BLOCKCHAIN_MAPPER: COST NEP  - 1191061 - 1549
2021-09-15 04:11:58,645 - PDL-Slicing/Transport - INFO - BLOCKCHAIN_MAPPER: COST NEP  - 1191061 - 1549
2021-09-15 04:12:03,066 - PDL-Slicing/Transport - INFO - BLOCKCHAIN_MAPPER: COST NEP  - 1191061 - 1549
2021-09-15 04:12:07,367 - PDL-Slicing/Transport - INFO - BLOCKCHAIN_MAPPER: COST NEP  - 1191061 - 1549
2021-09-15 04:12:11,563 - PDL-Slicing/Transport - INFO - BLOCKCHAIN_MAPPER: COST NEP  - 1191061 - 1549
2021-09-15 04:12:15,807 - PDL-Slicing/Transport - INFO - BLOCKCHAIN_MAPPER: COST NEP  - 1191061 - 1549
2021-09-15 04:12:20,781 - PDL-Slicing/Transport - INFO - BLOCKCHAIN_MAPPER: COST NEP  - 1191061 - 1549
2021-09-15 04:12:25,202 - PDL-Slicing/Transport - INFO - BLOCKCHAIN_MAPPER: COST NEP  - 1191061 - 1549
2021-09-15 04:12:29,522 - PDL-Slicing/Transport - INFO - BLOCKCHAIN_MAPPER: COST NEP  - 1191061 - 1549
2021-09-15 04:12:35,804 - PDL-Slicing/Transport - INFO - BLOCKCHAIN_MAPPER: COST NEP  - 1191061 - 1549
2021-09-15 04:12:40,037 - PDL-Slicing/Transport - INFO - BLOCKCHAIN_MAPPER: COST NEP  - 1191061 - 1549
2021-09-15 04:12:44,087 - PDL-Slicing/Transport - INFO - BLOCKCHAIN_MAPPER: COST NEP  - 1191061 - 1549
2021-09-15 04:12:48,002 - PDL-Slicing/Transport - INFO - BLOCKCHAIN_MAPPER: COST NEP  - 1191061 - 1549
2021-09-15 04:12:51,754 - PDL-Slicing/Transport - INFO - BLOCKCHAIN_MAPPER: COST NEP  - 1191061 - 1549
2021-09-15 04:12:55,598 - PDL-Slicing/Transport - INFO - BLOCKCHAIN_MAPPER: COST NEP  - 1191061 - 1549
2021-09-15 04:12:59,654 - PDL-Slicing/Transport - INFO - BLOCKCHAIN_MAPPER: COST NEP  - 1191061 - 1549
2021-09-15 04:13:03,488 - PDL-Slicing/Transport - INFO - BLOCKCHAIN_MAPPER: COST NEP  - 1191061 - 1549
2021-09-15 04:13:07,731 - PDL-Slicing/Transport - INFO - BLOCKCHAIN_MAPPER: COST NEP  - 1191061 - 1549
2021-09-15 04:13:12,223 - PDL-Slicing/Transport - INFO - BLOCKCHAIN_MAPPER: COST NEP  - 1005922 - 1274
2021-09-15 04:13:20,412 - PDL-Slicing/Transport - INFO - TRANSPORT_EVENT_MNGR: NEW TOPOLOGY EVENT
2021-09-15 04:13:20,436 - PDL-Slicing/Transport - INFO - BLOCKCHAIN_CONTEXT - 2021-09-15 04:13:20.417468
2021-09-15 04:13:20,474 - PDL-Slicing/Transport - INFO - ORCH: Adding external SDN domain context information in the E2E Network graph.627ea8a3-f3cf-578b-b0dd-9e65a5a0e0a3
2021-09-15 04:13:20,546 - PDL-Slicing/Transport - INFO - BLOCKCHAIN_MAPPER: COST NEP  - 1005922 - 1274
2021-09-15 04:13:24,752 - PDL-Slicing/Transport - INFO - BLOCKCHAIN_MAPPER: COST NEP  - 1005922 - 1274
2021-09-15 04:13:29,518 - PDL-Slicing/Transport - INFO - BLOCKCHAIN_MAPPER: COST NODE  - 2160846 - 97511
2021-09-15 04:13:34,608 - PDL-Slicing/Transport - INFO - BLOCKCHAIN_MAPPER: COST NEP  - 1005922 - 1274
2021-09-15 04:13:38,447 - PDL-Slicing/Transport - INFO - BLOCKCHAIN_MAPPER: COST NEP  - 1005922 - 1274
2021-09-15 04:13:42,005 - PDL-Slicing/Transport - INFO - BLOCKCHAIN_MAPPER: COST NODE  - 616461 - 3189
2021-09-15 04:13:46,223 - PDL-Slicing/Transport - INFO - BLOCKCHAIN_MAPPER: COST NEP  - 1005922 - 1274
2021-09-15 04:13:50,726 - PDL-Slicing/Transport - INFO - BLOCKCHAIN_MAPPER: COST NEP  - 1005922 - 1274
2021-09-15 04:13:54,503 - PDL-Slicing/Transport - INFO - BLOCKCHAIN_MAPPER: COST NEP  - 1005922 - 1274
2021-09-15 04:13:58,192 - PDL-Slicing/Transport - INFO - BLOCKCHAIN_MAPPER: COST NODE  - 616713 - 4451
2021-09-15 04:14:02,185 - PDL-Slicing/Transport - INFO - BLOCKCHAIN_MAPPER: COST LINK  - 676034 - 771
2021-09-15 04:14:06,175 - PDL-Slicing/Transport - INFO - BLOCKCHAIN_MAPPER: COST LINK  - 676034 - 771
2021-09-15 04:14:09,887 - PDL-Slicing/Transport - INFO - BLOCKCHAIN_MAPPER: COST LINK  - 676034 - 771
2021-09-15 04:14:13,830 - PDL-Slicing/Transport - INFO - BLOCKCHAIN_MAPPER: COST LINK  - 676034 - 771
2021-09-15 04:14:18,194 - PDL-Slicing/Transport - INFO - BLOCKCHAIN_MAPPER: COST LINK  - 676034 - 771
2021-09-15 04:14:22,658 - PDL-Slicing/Transport - INFO - BLOCKCHAIN_MAPPER: COST LINK  - 676034 - 771
2021-09-15 04:14:28,038 - PDL-Slicing/Transport - INFO - BLOCKCHAIN_MAPPER: COST LINK  - 676034 - 771
2021-09-15 04:14:35,689 - PDL-Slicing/Transport - INFO - BLOCKCHAIN_MAPPER: COST LINK  - 676034 - 771
2021-09-15 04:14:39,970 - PDL-Slicing/Transport - INFO - BLOCKCHAIN_MAPPER: COST LINK  - 676034 - 771
2021-09-15 04:14:44,233 - PDL-Slicing/Transport - INFO - BLOCKCHAIN_MAPPER: COST LINK  - 676034 - 771
2021-09-15 04:14:48,371 - PDL-Slicing/Transport - INFO - BLOCKCHAIN_MAPPER: COST LINK  - 676034 - 771
2021-09-15 04:14:52,734 - PDL-Slicing/Transport - INFO - BLOCKCHAIN_MAPPER: COST LINK  - 676034 - 771
2021-09-15 04:15:04,149 - PDL-Slicing/Transport - INFO - TRANSPORT_EVENT_MNGR: NO NEED TO PROCESS THIS EVENT.
2021-09-15 04:15:04,355 - PDL-Slicing/Transport - INFO - BLOCKCHAIN_MAPPER: COST CONTEXT  - 7483477 - 463022
2021-09-15 04:15:04,359 - PDL-Slicing/Transport - INFO - ORCH: Local context distributed.
2021-09-15 04:18:23,253 - PDL-Slicing/Transport - INFO - VL_COMP: External SDN context added.
2021-09-15 04:24:00,876 - PDL-Slicing/Transport - INFO - TRANSPORT_EVENT_MNGR: NEW TOPOLOGY EVENT
2021-09-15 04:24:00,895 - PDL-Slicing/Transport - INFO - BLOCKCHAIN_CONTEXT - 2021-09-15 04:24:00.895440
2021-09-15 04:24:00,907 - PDL-Slicing/Transport - INFO - ORCH: Adding external SDN domain context information in the E2E Network graph.3d89bd76-e54d-5fab-9787-eb609f291ee0
2021-09-15 04:26:59,237 - PDL-Slicing/Transport - INFO - TRANSPORT_EVENT_MNGR: NEW TOPOLOGY EVENT
2021-09-15 04:26:59,257 - PDL-Slicing/Transport - INFO - BLOCKCHAIN_CONTEXT - 2021-09-15 04:26:59.257302
2021-09-15 04:26:59,263 - PDL-Slicing/Transport - INFO - ORCH: Adding external SDN domain context information in the E2E Network graph.226b9166-974e-57ff-821d-2f24e5a71b00
2021-09-15 04:28:05,915 - PDL-Slicing/Transport - INFO - VL_COMP: External SDN context added.
2021-09-15 04:29:36,365 - PDL-Slicing/Transport - INFO - VL_COMP: External SDN context added.
2021-09-15 05:24:14,727 - PDL-Slicing/Transport - INFO - Received E2E CS deployment request.
2021-09-15 05:24:15,468 - PDL-Slicing/Transport - INFO - Selected SIPs available to be used. Starting the deployment.
2021-09-15 05:24:15,474 - PDL-Slicing/Transport - INFO - ORCH: Received E2E request info. Let's process it.
2021-09-15 05:24:15,474 - PDL-Slicing/Transport - INFO - TIME INSTANTIATE E2E - c93cf99c-73b9-4262-9f37-af3915fbe761 - 2021-09-15 05:24:15.474791
2021-09-15 05:24:15,474 - PDL-Slicing/Transport - INFO - Element added into the DB e2e_cs
2021-09-15 05:24:15,475 - PDL-Slicing/Transport - INFO - ORCH: Calculates the 20 simplest paths.
2021-09-15 05:24:15,508 - PDL-Slicing/Transport - INFO - ORCH: Prepares E2E topology information.
2021-09-15 05:24:55,537 - PDL-Slicing/Transport - INFO - Retrieveing an element from the DB e2e_cs
2021-09-15 05:25:05,588 - PDL-Slicing/Transport - INFO - Retrieveing an element from the DB e2e_cs
2021-09-15 05:25:07,082 - PDL-Slicing/Transport - INFO - ORCH: Looks for the TAPI elements information involved in the route.
2021-09-15 05:25:15,612 - PDL-Slicing/Transport - INFO - Retrieveing an element from the DB e2e_cs
2021-09-15 05:25:25,646 - PDL-Slicing/Transport - INFO - Retrieveing an element from the DB e2e_cs
2021-09-15 05:25:35,670 - PDL-Slicing/Transport - INFO - Retrieveing an element from the DB e2e_cs
2021-09-15 05:25:45,690 - PDL-Slicing/Transport - INFO - Retrieveing an element from the DB e2e_cs
2021-09-15 05:25:55,706 - PDL-Slicing/Transport - INFO - Retrieveing an element from the DB e2e_cs
2021-09-15 05:26:05,727 - PDL-Slicing/Transport - INFO - Retrieveing an element from the DB e2e_cs
2021-09-15 05:26:15,746 - PDL-Slicing/Transport - INFO - Retrieveing an element from the DB e2e_cs
2021-09-15 05:26:25,768 - PDL-Slicing/Transport - INFO - Retrieveing an element from the DB e2e_cs
2021-09-15 05:26:35,787 - PDL-Slicing/Transport - INFO - Retrieveing an element from the DB e2e_cs
2021-09-15 05:26:45,824 - PDL-Slicing/Transport - INFO - Retrieveing an element from the DB e2e_cs
2021-09-15 05:26:53,743 - PDL-Slicing/Transport - INFO - ORCH: Updating information in the Blockchain to leave resources selected for other requests.
2021-09-15 05:26:55,241 - PDL-Slicing/Transport - INFO - BLOCKCHAIN_MAPPER: COST NEP Update - 281620 - 1568
2021-09-15 05:26:55,842 - PDL-Slicing/Transport - INFO - Retrieveing an element from the DB e2e_cs
2021-09-15 05:26:57,089 - PDL-Slicing/Transport - INFO - BLOCKCHAIN_MAPPER: COST NEP Update - 281620 - 1568
2021-09-15 05:26:57,971 - PDL-Slicing/Transport - INFO - BLOCKCHAIN_MAPPER: COST PhysicalOption Update - 151696 - 603
2021-09-15 05:26:58,336 - PDL-Slicing/Transport - INFO - BLOCKCHAIN_MAPPER: COST LinkOption Update - 58883 - 27451
2021-09-15 05:27:00,076 - PDL-Slicing/Transport - INFO - BLOCKCHAIN_MAPPER: COST NEP Update - 281620 - 1568
2021-09-15 05:27:00,077 - PDL-Slicing/Transport - INFO - ORCH: Saving and distributing the updated SIPs info.
2021-09-15 05:27:01,385 - PDL-Slicing/Transport - INFO - BLOCKCHAIN_MAPPER: COST SIP Update - 219075 - 1160
2021-09-15 05:27:02,626 - PDL-Slicing/Transport - INFO - BLOCKCHAIN_MAPPER: COST SIP Update - 219087 - 1161
2021-09-15 05:27:03,978 - PDL-Slicing/Transport - INFO - BLOCKCHAIN_MAPPER: COST SIP Update - 219063 - 1159
2021-09-15 05:27:05,222 - PDL-Slicing/Transport - INFO - BLOCKCHAIN_MAPPER: COST SIP Update - 219063 - 1159
2021-09-15 05:27:05,224 - PDL-Slicing/Transport - INFO - ORCH: E2E CS data object ready.
2021-09-15 05:27:05,224 - PDL-Slicing/Transport - INFO - Updating Element in DB e2e_cs
2021-09-15 05:27:05,225 - PDL-Slicing/Transport - INFO - ORCH: Sending Domain CSs requests.
2021-09-15 05:27:05,226 - PDL-Slicing/Transport - INFO - Sending domain CS request to the local SDN controller.
2021-09-15 05:27:05,226 - PDL-Slicing/Transport - INFO - TIME INSTANTIATE LOCAL - ee0e1b05-3f4a-45e9-94b3-b216e46628e4 - 2021-09-15 05:27:05.226348
2021-09-15 05:27:05,226 - PDL-Slicing/Transport - INFO - SDN_MAPPER: Arrived a requests to deploy a local CS.
2021-09-15 05:27:05,226 - PDL-Slicing/Transport - INFO - SDN_MAPPER: CS information: {'uuid': 'ee0e1b05-3f4a-45e9-94b3-b216e46628e4', 'context-uuid': '0bd7908e-c22b-574d-8bba-396d060e2611', 'address-owner': '0x30c38EDdF86153d020eF5E04066758DcE20C7D29', 'status': 'INSTANTIATING', 'sip-source': 'fbdd154e-659e-54df-8d75-23575711978b', 'sip-destination': 'd7ee402b-7f9e-5468-86ec-113c5ec22707', 'internal-links': ['71505848-d2b3-57dd-8069-295ce111ec61', 'eb2c8d8c-f527-5aa5-9a2a-9f479e713706']} / Capacity: {'value': 525, 'unit': 'GHz'}/ Spectrum: {'lower-frequency': 191700000, 'upper-frequency': 192225000}
2021-09-15 05:27:05,477 - PDL-Slicing/Transport - INFO - TIME INSTANTIATE LOCAL - ee0e1b05-3f4a-45e9-94b3-b216e46628e4 - 2021-09-15 05:27:05.477470
2021-09-15 05:27:05,477 - PDL-Slicing/Transport - INFO - Added local CS element.
2021-09-15 05:27:05,478 - PDL-Slicing/Transport - INFO - Retrieveing an element from the DB e2e_cs
2021-09-15 05:27:05,478 - PDL-Slicing/Transport - INFO - Updating Element in DB e2e_cs
2021-09-15 05:27:05,478 - PDL-Slicing/Transport - INFO - Distribute domain CS request to deploy in the Blockchain.
2021-09-15 05:27:05,479 - PDL-Slicing/Transport - INFO - TIME INSTANTIATE BLOCKCHAIN - 954dfe2d-4162-4ebb-8127-7420ab623cc2 - 2021-09-15 05:27:05.479032
2021-09-15 05:27:05,479 - PDL-Slicing/Transport - INFO - BLOCKCHAIN_MAPPER: CS information: {'uuid': '954dfe2d-4162-4ebb-8127-7420ab623cc2', 'context-uuid': '226b9166-974e-57ff-821d-2f24e5a71b00', 'address-owner': '0xc124293221113648fdf84f518e0dD544E3f1f0C6', 'status': 'INSTANTIATING', 'sip-source': 'ce525139-c58a-5ee7-a527-94e344d8fa5e', 'sip-destination': 'f9dc5177-f923-5873-a8eb-c40a8b90312a', 'internal-links': ['6e576b11-cafa-5ca7-a79a-ba013f523900']} / Capacity: {'value': 525, 'unit': 'GHz'}/ Spectrum: {'lower-frequency': 191700000, 'upper-frequency': 192225000}
2021-09-15 05:27:05,865 - PDL-Slicing/Transport - INFO - Retrieveing an element from the DB e2e_cs
2021-09-15 05:27:06,491 - PDL-Slicing/Transport - INFO - BLOCKCHAIN_MAPPER: COST DEPLOY_CS - 629177 - 456
2021-09-15 05:27:06,512 - PDL-Slicing/Transport - INFO - ORCH: Waiting all the domains CS to be deployed.
2021-09-15 05:27:06,515 - PDL-Slicing/Transport - INFO - Retrieveing an element from the DB e2e_cs
2021-09-15 05:27:07,192 - PDL-Slicing/Transport - INFO - TRANSPORT_EVENT_MNGR: NO NEED TO PROCESS THIS EVENT.
2021-09-15 05:27:08,285 - PDL-Slicing/Transport - INFO - TRANSPORT_EVENT_MNGR: EVENT TO UPDATE A DEPLOYED DOMAIN CS
2021-09-15 05:27:08,287 - PDL-Slicing/Transport - INFO - TIME INSTANTIATE BLOCKCHAIN - 954dfe2d-4162-4ebb-8127-7420ab623cc2 - 2021-09-15 05:27:08.287170
2021-09-15 05:27:08,288 - PDL-Slicing/Transport - INFO - ORCH: Updating connectivity services information from another domain.
2021-09-15 05:27:08,288 - PDL-Slicing/Transport - INFO - Retrieving elements from DB e2e_cs
2021-09-15 05:27:08,288 - PDL-Slicing/Transport - INFO - Updating Element in DB e2e_cs
2021-09-15 05:27:08,288 - PDL-Slicing/Transport - INFO - TIME INSTANTIATE BLOCKCHAIN - 954dfe2d-4162-4ebb-8127-7420ab623cc2 - 2021-09-15 05:27:08.288322
2021-09-15 05:27:15,886 - PDL-Slicing/Transport - INFO - Retrieveing an element from the DB e2e_cs
2021-09-15 05:27:16,535 - PDL-Slicing/Transport - INFO - Retrieveing an element from the DB e2e_cs
2021-09-15 05:27:25,902 - PDL-Slicing/Transport - INFO - Retrieveing an element from the DB e2e_cs
2021-09-15 05:27:26,542 - PDL-Slicing/Transport - INFO - Retrieveing an element from the DB e2e_cs
2021-09-15 05:27:26,542 - PDL-Slicing/Transport - INFO - Updating Element in DB e2e_cs
2021-09-15 05:27:26,543 - PDL-Slicing/Transport - INFO - TIME INSTANTIATE E2E - c93cf99c-73b9-4262-9f37-af3915fbe761 - 2021-09-15 05:27:26.543836
2021-09-15 05:27:26,546 - PDL-Slicing/Transport - INFO - TIME LINKS CAPACITY - ['71505848-d2b3-57dd-8069-295ce111ec61', 'eb2c8d8c-f527-5aa5-9a2a-9f479e713706'] - 525GHz
2021-09-15 05:27:26,546 - PDL-Slicing/Transport - INFO - TIME LINKS CAPACITY - ['6e576b11-cafa-5ca7-a79a-ba013f523900'] - 525GHz
2021-09-15 05:27:26,547 - PDL-Slicing/Transport - INFO - ORCH: E2E CS request processed.
2021-09-15 05:27:35,970 - PDL-Slicing/Transport - INFO - Retrieveing an element from the DB e2e_cs
2021-09-15 05:32:40,560 - PDL-Slicing/Transport - INFO - Received E2E CS terminate request.
2021-09-15 05:32:40,562 - PDL-Slicing/Transport - INFO - ORCH: Received E2E request info to terminate CS. Let's process it.
2021-09-15 05:32:40,562 - PDL-Slicing/Transport - INFO - TIME TERMINATE E2E - c93cf99c-73b9-4262-9f37-af3915fbe761 - 2021-09-15 05:32:40.562737
2021-09-15 05:32:40,562 - PDL-Slicing/Transport - INFO - Retrieveing an element from the DB e2e_cs
2021-09-15 05:32:40,563 - PDL-Slicing/Transport - INFO - TIME TERMINATE LOCAL - ee0e1b05-3f4a-45e9-94b3-b216e46628e4 - 2021-09-15 05:32:40.563050
2021-09-15 05:32:40,563 - PDL-Slicing/Transport - INFO - SDN_MAPPER: Arrived a requests to terminate a local CS: ee0e1b05-3f4a-45e9-94b3-b216e46628e4
2021-09-15 05:32:40,568 - PDL-Slicing/Transport - INFO - Retrieveing an element from the DB e2e_cs
2021-09-15 05:32:40,813 - PDL-Slicing/Transport - INFO - TIME TERMINATE LOCAL - ee0e1b05-3f4a-45e9-94b3-b216e46628e4 - 2021-09-15 05:32:40.813425
2021-09-15 05:32:40,814 - PDL-Slicing/Transport - INFO - Added local CS element.
2021-09-15 05:32:40,817 - PDL-Slicing/Transport - INFO - Retrieveing an element from the DB e2e_cs
2021-09-15 05:32:40,818 - PDL-Slicing/Transport - INFO - Updating Element in DB e2e_cs
2021-09-15 05:32:40,819 - PDL-Slicing/Transport - INFO - TIME TERMINATE BLOCKCHAIN - 954dfe2d-4162-4ebb-8127-7420ab623cc2 - 2021-09-15 05:32:40.819086
2021-09-15 05:32:41,528 - PDL-Slicing/Transport - INFO - BLOCKCHAIN_MAPPER: COST TERMINATE_CS Update - 36656 - 954dfe2d-4162-4ebb-8127-7420ab623cc2
2021-09-15 05:32:41,531 - PDL-Slicing/Transport - INFO - ORCH: Waiting all the domains CS from other domains to be terminated.
2021-09-15 05:32:41,551 - PDL-Slicing/Transport - INFO - Retrieveing an element from the DB e2e_cs
2021-09-15 05:32:41,907 - PDL-Slicing/Transport - INFO - TRANSPORT_EVENT_MNGR: NO NEED TO PROCESS THIS EVENT.
2021-09-15 05:32:42,929 - PDL-Slicing/Transport - INFO - TRANSPORT_EVENT_MNGR: EVENT TO UPDATE A TERMINATED CS
2021-09-15 05:32:42,939 - PDL-Slicing/Transport - INFO - TIME TERMINATE BLOCKCHAIN - 954dfe2d-4162-4ebb-8127-7420ab623cc2 - 2021-09-15 05:32:42.939103
2021-09-15 05:32:42,940 - PDL-Slicing/Transport - INFO - ORCH: Updating connectivity services information from another domain.
2021-09-15 05:32:42,942 - PDL-Slicing/Transport - INFO - Retrieving elements from DB e2e_cs
2021-09-15 05:32:42,942 - PDL-Slicing/Transport - INFO - Updating Element in DB e2e_cs
2021-09-15 05:32:42,942 - PDL-Slicing/Transport - INFO - TIME TERMINATE BLOCKCHAIN - 954dfe2d-4162-4ebb-8127-7420ab623cc2 - 2021-09-15 05:32:42.942432
2021-09-15 05:32:50,592 - PDL-Slicing/Transport - INFO - Retrieveing an element from the DB e2e_cs
2021-09-15 05:32:51,562 - PDL-Slicing/Transport - INFO - Retrieveing an element from the DB e2e_cs
2021-09-15 05:33:00,605 - PDL-Slicing/Transport - INFO - Retrieveing an element from the DB e2e_cs
2021-09-15 05:33:01,570 - PDL-Slicing/Transport - INFO - Retrieveing an element from the DB e2e_cs
2021-09-15 05:33:10,623 - PDL-Slicing/Transport - INFO - Retrieveing an element from the DB e2e_cs
2021-09-15 05:33:20,646 - PDL-Slicing/Transport - INFO - Retrieveing an element from the DB e2e_cs
2021-09-15 05:33:30,682 - PDL-Slicing/Transport - INFO - Retrieveing an element from the DB e2e_cs
2021-09-15 05:33:40,716 - PDL-Slicing/Transport - INFO - Retrieveing an element from the DB e2e_cs
2021-09-15 05:33:47,775 - PDL-Slicing/Transport - INFO - ORCH: Updating resources information in DDBBs.
2021-09-15 05:33:47,776 - PDL-Slicing/Transport - INFO - ORCH: Updating NEP Client (SIP) info.
2021-09-15 05:33:48,835 - PDL-Slicing/Transport - INFO - BLOCKCHAIN_MAPPER: COST SIP Update - 63294 - 1014
2021-09-15 05:33:48,836 - PDL-Slicing/Transport - INFO - ORCH: Updating Internal OUTPUT (Transmitter) NEP info.
2021-09-15 05:33:50,286 - PDL-Slicing/Transport - INFO - BLOCKCHAIN_MAPPER: COST NEP Update - 70883 - 1274
2021-09-15 05:33:50,287 - PDL-Slicing/Transport - INFO - ORCH: Updating Internal INPUT (Receiver) NEP info.
2021-09-15 05:33:50,288 - PDL-Slicing/Transport - INFO - ORCH: Updating Internal OUTPUT (Transmitter) NEP info.
2021-09-15 05:33:50,742 - PDL-Slicing/Transport - INFO - Retrieveing an element from the DB e2e_cs
2021-09-15 05:33:51,841 - PDL-Slicing/Transport - INFO - BLOCKCHAIN_MAPPER: COST NEP Update - 70883 - 1274
2021-09-15 05:33:51,842 - PDL-Slicing/Transport - INFO - ORCH: Updating Internal INPUT (Receiver) NEP info.
2021-09-15 05:33:51,842 - PDL-Slicing/Transport - INFO - ORCH: Updating NEP Client (SIP) info.
2021-09-15 05:33:52,658 - PDL-Slicing/Transport - INFO - BLOCKCHAIN_MAPPER: COST PhysicalOption Update - 44678 - 457
2021-09-15 05:33:53,073 - PDL-Slicing/Transport - INFO - BLOCKCHAIN_MAPPER: COST LinkOption Update - 58859 - 27303
2021-09-15 05:33:54,273 - PDL-Slicing/Transport - INFO - BLOCKCHAIN_MAPPER: COST SIP Update - 63300 - 1015
2021-09-15 05:33:54,274 - PDL-Slicing/Transport - INFO - ORCH: Updating NEP Client (SIP) info.
2021-09-15 05:33:55,653 - PDL-Slicing/Transport - INFO - BLOCKCHAIN_MAPPER: COST SIP Update - 63288 - 1013
2021-09-15 05:33:55,654 - PDL-Slicing/Transport - INFO - ORCH: Updating Internal OUTPUT (Transmitter) NEP info.
2021-09-15 05:33:57,628 - PDL-Slicing/Transport - INFO - BLOCKCHAIN_MAPPER: COST NEP Update - 70883 - 1274
2021-09-15 05:33:57,629 - PDL-Slicing/Transport - INFO - ORCH: Updating Internal INPUT (Receiver) NEP info.
2021-09-15 05:33:57,630 - PDL-Slicing/Transport - INFO - ORCH: Updating NEP Client (SIP) info.
2021-09-15 05:33:58,887 - PDL-Slicing/Transport - INFO - BLOCKCHAIN_MAPPER: COST SIP Update - 63288 - 1013
2021-09-15 05:33:58,888 - PDL-Slicing/Transport - INFO - Updating Element in DB e2e_cs
2021-09-15 05:33:58,889 - PDL-Slicing/Transport - INFO - TIME TERMINATE E2E - c93cf99c-73b9-4262-9f37-af3915fbe761 - 2021-09-15 05:33:58.889745
2021-09-15 05:33:58,890 - PDL-Slicing/Transport - INFO - ORCH: E2E CS request processed.
2021-09-15 05:34:00,759 - PDL-Slicing/Transport - INFO - Retrieveing an element from the DB e2e_cs
2021-09-15 05:39:13,324 - PDL-Slicing/Transport - INFO - TRANSPORT_EVENT_MNGR: EVENT TO CREATE A NEW CS
2021-09-15 05:39:13,330 - PDL-Slicing/Transport - INFO - TIME INSTANTIATE BLOCKCHAIN - 5934930c-1b1e-4e92-a0a7-aef36c0f43db - 2021-09-15 05:39:13.330708
2021-09-15 05:39:13,331 - PDL-Slicing/Transport - INFO - ORCH: Received request to deploy a local CS: 5934930c-1b1e-4e92-a0a7-aef36c0f43db
2021-09-15 05:39:13,332 - PDL-Slicing/Transport - INFO - SDN_MAPPER: Arrived a requests to deploy a local CS.
2021-09-15 05:39:13,332 - PDL-Slicing/Transport - INFO - SDN_MAPPER: CS information: {'uuid': '5934930c-1b1e-4e92-a0a7-aef36c0f43db', 'context-uuid': '0bd7908e-c22b-574d-8bba-396d060e2611', 'address-owner': '0x30c38EDdF86153d020eF5E04066758DcE20C7D29', 'status': 'INSTANTIATING', 'sip-source': '1b7dbfae-2ef5-5d7c-b4ff-be8fba395f6d', 'sip-destination': 'aade6001-f00b-5e2f-a357-6a0a9d3de870', 'internal-links': ['74b475ce-d473-517f-bb77-be4c7499afb1', '6e576b11-cafa-5ca7-a79a-ba013f523900']} / Capacity: {'value': 225, 'unit': 'GHz'}/ Spectrum: {'lower-frequency': 191700000, 'upper-frequency': 191925000}
2021-09-15 05:39:13,583 - PDL-Slicing/Transport - INFO - Added local CS element.
2021-09-15 05:39:14,210 - PDL-Slicing/Transport - INFO - BLOCKCHAIN_MAPPER: COST DEPLOY_CS Update - 231285 - 576
2021-09-15 05:39:14,356 - PDL-Slicing/Transport - INFO - TRANSPORT_EVENT_MNGR: NO NEED TO PROCESS THIS EVENT.
2021-09-15 05:49:16,940 - PDL-Slicing/Transport - INFO - TRANSPORT_EVENT_MNGR: NO NEED TO PROCESS THIS EVENT.
2021-09-15 05:49:18,118 - PDL-Slicing/Transport - INFO - TRANSPORT_EVENT_MNGR: NO NEED TO PROCESS THIS EVENT.
2021-09-15 05:49:19,149 - PDL-Slicing/Transport - INFO - TRANSPORT_EVENT_MNGR: EVENT TO TERMINATE A CS
2021-09-15 05:49:19,153 - PDL-Slicing/Transport - INFO - TIME TERMINATE BLOCKCHAIN - 5934930c-1b1e-4e92-a0a7-aef36c0f43db - 2021-09-15 05:49:19.153264
2021-09-15 05:49:19,158 - PDL-Slicing/Transport - INFO - ORCH: Received request to terminate a local CS: 5934930c-1b1e-4e92-a0a7-aef36c0f43db
2021-09-15 05:49:19,158 - PDL-Slicing/Transport - INFO - SDN_MAPPER: Arrived a requests to terminate a local CS: 5934930c-1b1e-4e92-a0a7-aef36c0f43db
2021-09-15 05:49:19,409 - PDL-Slicing/Transport - INFO - Added local CS element.
2021-09-15 05:49:19,718 - PDL-Slicing/Transport - INFO - BLOCKCHAIN_MAPPER: COST TERMINATE_CS Update - 46242 - {'uuid': '5934930c-1b1e-4e92-a0a7-aef36c0f43db', 'owner': '0x30c38EDdF86153d020eF5E04066758DcE20C7D29', 'status': 'TERMINATED'}
2021-09-15 05:49:20,177 - PDL-Slicing/Transport - INFO - TRANSPORT_EVENT_MNGR: NO NEED TO PROCESS THIS EVENT.
2021-09-15 05:50:41,725 - PDL-Slicing/Transport - INFO - TRANSPORT_EVENT_MNGR: NO NEED TO PROCESS THIS EVENT.
2021-09-15 05:50:43,900 - PDL-Slicing/Transport - INFO - TRANSPORT_EVENT_MNGR: NO NEED TO PROCESS THIS EVENT.
2021-09-15 06:06:06,335 - PDL-Slicing/Transport - INFO - TRANSPORT_EVENT_MNGR: NO NEED TO PROCESS THIS EVENT.
2021-09-15 06:06:07,369 - PDL-Slicing/Transport - INFO - TRANSPORT_EVENT_MNGR: EVENT TO CREATE A NEW CS
2021-09-15 06:06:07,372 - PDL-Slicing/Transport - INFO - TIME INSTANTIATE BLOCKCHAIN - 8adf579b-78eb-484d-9ede-142a2bad3aa4 - 2021-09-15 06:06:07.372445
2021-09-15 06:06:07,374 - PDL-Slicing/Transport - INFO - ORCH: Received request to deploy a local CS: 8adf579b-78eb-484d-9ede-142a2bad3aa4
2021-09-15 06:06:07,374 - PDL-Slicing/Transport - INFO - SDN_MAPPER: Arrived a requests to deploy a local CS.
2021-09-15 06:06:07,374 - PDL-Slicing/Transport - INFO - SDN_MAPPER: CS information: {'uuid': '8adf579b-78eb-484d-9ede-142a2bad3aa4', 'context-uuid': '0bd7908e-c22b-574d-8bba-396d060e2611', 'address-owner': '0x30c38EDdF86153d020eF5E04066758DcE20C7D29', 'status': 'INSTANTIATING', 'sip-source': 'ce525139-c58a-5ee7-a527-94e344d8fa5e', 'sip-destination': '0ef74f99-1acc-57bd-ab9d-4b958b06c513', 'internal-links': []} / Capacity: {'value': 150, 'unit': 'GHz'}/ Spectrum: {'lower-frequency': 192075000, 'upper-frequency': 192225000}
2021-09-15 06:06:07,625 - PDL-Slicing/Transport - INFO - Added local CS element.
2021-09-15 06:06:08,575 - PDL-Slicing/Transport - INFO - TRANSPORT_EVENT_MNGR: NO NEED TO PROCESS THIS EVENT.
2021-09-15 06:06:08,581 - PDL-Slicing/Transport - INFO - BLOCKCHAIN_MAPPER: COST DEPLOY_CS Update - 217674 - 498
2021-09-15 06:06:08,583 - PDL-Slicing/Transport - INFO - TRANSPORT_EVENT_MNGR: NO NEED TO PROCESS THIS EVENT.
2021-09-15 06:06:35,288 - PDL-Slicing/Transport - INFO - TRANSPORT_EVENT_MNGR: NO NEED TO PROCESS THIS EVENT.
2021-09-15 06:06:36,449 - PDL-Slicing/Transport - INFO - TRANSPORT_EVENT_MNGR: EVENT TO TERMINATE A CS
2021-09-15 06:06:36,465 - PDL-Slicing/Transport - INFO - TIME TERMINATE BLOCKCHAIN - 8adf579b-78eb-484d-9ede-142a2bad3aa4 - 2021-09-15 06:06:36.465522
2021-09-15 06:06:36,466 - PDL-Slicing/Transport - INFO - TRANSPORT_EVENT_MNGR: NO NEED TO PROCESS THIS EVENT.
2021-09-15 06:06:36,466 - PDL-Slicing/Transport - INFO - ORCH: Received request to terminate a local CS: 8adf579b-78eb-484d-9ede-142a2bad3aa4
2021-09-15 06:06:36,467 - PDL-Slicing/Transport - INFO - SDN_MAPPER: Arrived a requests to terminate a local CS: 8adf579b-78eb-484d-9ede-142a2bad3aa4
2021-09-15 06:06:36,718 - PDL-Slicing/Transport - INFO - Added local CS element.
2021-09-15 06:06:37,778 - PDL-Slicing/Transport - INFO - TRANSPORT_EVENT_MNGR: NO NEED TO PROCESS THIS EVENT.
2021-09-15 06:06:37,864 - PDL-Slicing/Transport - INFO - BLOCKCHAIN_MAPPER: COST TERMINATE_CS Update - 46242 - {'uuid': '8adf579b-78eb-484d-9ede-142a2bad3aa4', 'owner': '0x30c38EDdF86153d020eF5E04066758DcE20C7D29', 'status': 'TERMINATED'}
2021-09-15 06:11:48,705 - PDL-Slicing/Transport - INFO - TRANSPORT_EVENT_MNGR: NO NEED TO PROCESS THIS EVENT.
2021-09-15 06:11:48,712 - PDL-Slicing/Transport - INFO - TRANSPORT_EVENT_MNGR: EVENT TO CREATE A NEW CS
2021-09-15 06:11:48,718 - PDL-Slicing/Transport - INFO - TIME INSTANTIATE BLOCKCHAIN - 6ac97b6f-948d-4f4f-aa86-210584bf9cb3 - 2021-09-15 06:11:48.718011
2021-09-15 06:11:48,726 - PDL-Slicing/Transport - INFO - ORCH: Received request to deploy a local CS: 6ac97b6f-948d-4f4f-aa86-210584bf9cb3
2021-09-15 06:11:48,726 - PDL-Slicing/Transport - INFO - SDN_MAPPER: Arrived a requests to deploy a local CS.
2021-09-15 06:11:48,726 - PDL-Slicing/Transport - INFO - SDN_MAPPER: CS information: {'uuid': '6ac97b6f-948d-4f4f-aa86-210584bf9cb3', 'context-uuid': '0bd7908e-c22b-574d-8bba-396d060e2611', 'address-owner': '0x30c38EDdF86153d020eF5E04066758DcE20C7D29', 'status': 'INSTANTIATING', 'sip-source': 'cf92ece7-6e9d-5059-bb2e-f609f12396b9', 'sip-destination': 'eb287d83-f05e-53ec-ab5a-adf6bd2b5418', 'internal-links': []} / Capacity: {'value': 300, 'unit': 'GHz'}/ Spectrum: {'lower-frequency': 191925000, 'upper-frequency': 192225000}
2021-09-15 06:11:48,976 - PDL-Slicing/Transport - INFO - Added local CS element.
2021-09-15 06:11:50,611 - PDL-Slicing/Transport - INFO - BLOCKCHAIN_MAPPER: COST DEPLOY_CS Update - 217674 - 498
2021-09-15 06:11:50,940 - PDL-Slicing/Transport - INFO - TRANSPORT_EVENT_MNGR: NO NEED TO PROCESS THIS EVENT.
2021-09-15 06:11:50,958 - PDL-Slicing/Transport - INFO - TRANSPORT_EVENT_MNGR: NO NEED TO PROCESS THIS EVENT.
2021-09-15 06:26:11,538 - PDL-Slicing/Transport - INFO - TRANSPORT_EVENT_MNGR: NO NEED TO PROCESS THIS EVENT.
2021-09-15 06:26:12,572 - PDL-Slicing/Transport - INFO - TRANSPORT_EVENT_MNGR: EVENT TO TERMINATE A CS
2021-09-15 06:26:12,578 - PDL-Slicing/Transport - INFO - TIME TERMINATE BLOCKCHAIN - 6ac97b6f-948d-4f4f-aa86-210584bf9cb3 - 2021-09-15 06:26:12.578385
2021-09-15 06:26:12,580 - PDL-Slicing/Transport - INFO - TRANSPORT_EVENT_MNGR: NO NEED TO PROCESS THIS EVENT.
2021-09-15 06:26:12,580 - PDL-Slicing/Transport - INFO - ORCH: Received request to terminate a local CS: 6ac97b6f-948d-4f4f-aa86-210584bf9cb3
2021-09-15 06:26:12,581 - PDL-Slicing/Transport - INFO - SDN_MAPPER: Arrived a requests to terminate a local CS: 6ac97b6f-948d-4f4f-aa86-210584bf9cb3
2021-09-15 06:26:12,831 - PDL-Slicing/Transport - INFO - Added local CS element.
2021-09-15 06:26:13,239 - PDL-Slicing/Transport - INFO - BLOCKCHAIN_MAPPER: COST TERMINATE_CS Update - 46242 - {'uuid': '6ac97b6f-948d-4f4f-aa86-210584bf9cb3', 'owner': '0x30c38EDdF86153d020eF5E04066758DcE20C7D29', 'status': 'TERMINATED'}
2021-09-15 06:26:13,608 - PDL-Slicing/Transport - INFO - TRANSPORT_EVENT_MNGR: NO NEED TO PROCESS THIS EVENT.
2021-09-15 06:39:17,810 - PDL-Slicing/Transport - INFO - TRANSPORT_EVENT_MNGR: NO NEED TO PROCESS THIS EVENT.
2021-09-15 06:39:19,990 - PDL-Slicing/Transport - INFO - TRANSPORT_EVENT_MNGR: NO NEED TO PROCESS THIS EVENT.
2021-09-15 06:41:08,294 - PDL-Slicing/Transport - INFO - TRANSPORT_EVENT_MNGR: NO NEED TO PROCESS THIS EVENT.
2021-09-15 06:41:09,539 - PDL-Slicing/Transport - INFO - TRANSPORT_EVENT_MNGR: NO NEED TO PROCESS THIS EVENT.
2021-09-15 06:42:19,038 - PDL-Slicing/Transport - INFO - TRANSPORT_EVENT_MNGR: NO NEED TO PROCESS THIS EVENT.
2021-09-15 06:42:20,052 - PDL-Slicing/Transport - INFO - TRANSPORT_EVENT_MNGR: NO NEED TO PROCESS THIS EVENT.
2021-09-15 06:42:35,346 - PDL-Slicing/Transport - INFO - TRANSPORT_EVENT_MNGR: NO NEED TO PROCESS THIS EVENT.
2021-09-15 06:42:36,365 - PDL-Slicing/Transport - INFO - TRANSPORT_EVENT_MNGR: NO NEED TO PROCESS THIS EVENT.
2021-09-15 07:01:45,528 - PDL-Slicing/Transport - INFO - TRANSPORT_EVENT_MNGR: NO NEED TO PROCESS THIS EVENT.
2021-09-15 07:01:46,598 - PDL-Slicing/Transport - INFO - TRANSPORT_EVENT_MNGR: NO NEED TO PROCESS THIS EVENT.
2021-09-15 07:06:12,509 - PDL-Slicing/Transport - INFO - TRANSPORT_EVENT_MNGR: NO NEED TO PROCESS THIS EVENT.
2021-09-15 07:06:13,525 - PDL-Slicing/Transport - INFO - TRANSPORT_EVENT_MNGR: NO NEED TO PROCESS THIS EVENT.
2021-09-15 07:10:40,574 - PDL-Slicing/Transport - INFO - TRANSPORT_EVENT_MNGR: NO NEED TO PROCESS THIS EVENT.
2021-09-15 07:10:41,913 - PDL-Slicing/Transport - INFO - TRANSPORT_EVENT_MNGR: NO NEED TO PROCESS THIS EVENT.
2021-09-15 07:16:59,048 - PDL-Slicing/Transport - INFO - TRANSPORT_EVENT_MNGR: NO NEED TO PROCESS THIS EVENT.
2021-09-15 07:17:00,086 - PDL-Slicing/Transport - INFO - TRANSPORT_EVENT_MNGR: NO NEED TO PROCESS THIS EVENT.
2021-09-15 07:31:01,346 - PDL-Slicing/Transport - INFO - TRANSPORT_EVENT_MNGR: NO NEED TO PROCESS THIS EVENT.
2021-09-15 07:31:02,509 - PDL-Slicing/Transport - INFO - TRANSPORT_EVENT_MNGR: NO NEED TO PROCESS THIS EVENT.
2021-09-15 07:34:22,516 - PDL-Slicing/Transport - INFO - TRANSPORT_EVENT_MNGR: NO NEED TO PROCESS THIS EVENT.
2021-09-15 07:34:23,527 - PDL-Slicing/Transport - INFO - TRANSPORT_EVENT_MNGR: NO NEED TO PROCESS THIS EVENT.
2021-09-15 07:50:17,112 - PDL-Slicing/Transport - INFO - TRANSPORT_EVENT_MNGR: NO NEED TO PROCESS THIS EVENT.
2021-09-15 07:50:18,354 - PDL-Slicing/Transport - INFO - TRANSPORT_EVENT_MNGR: NO NEED TO PROCESS THIS EVENT.
2021-09-15 07:54:44,748 - PDL-Slicing/Transport - INFO - TRANSPORT_EVENT_MNGR: NO NEED TO PROCESS THIS EVENT.
2021-09-15 07:54:45,892 - PDL-Slicing/Transport - INFO - TRANSPORT_EVENT_MNGR: NO NEED TO PROCESS THIS EVENT.
2021-09-15 07:54:45,901 - PDL-Slicing/Transport - INFO - TRANSPORT_EVENT_MNGR: NO NEED TO PROCESS THIS EVENT.
2021-09-15 07:54:46,922 - PDL-Slicing/Transport - INFO - TRANSPORT_EVENT_MNGR: NO NEED TO PROCESS THIS EVENT.
2021-09-15 07:55:46,912 - PDL-Slicing/Transport - INFO - TRANSPORT_EVENT_MNGR: NO NEED TO PROCESS THIS EVENT.
2021-09-15 07:55:47,989 - PDL-Slicing/Transport - INFO - TRANSPORT_EVENT_MNGR: NO NEED TO PROCESS THIS EVENT.
2021-09-15 08:03:07,812 - PDL-Slicing/Transport - INFO - TRANSPORT_EVENT_MNGR: NO NEED TO PROCESS THIS EVENT.
2021-09-15 08:03:08,936 - PDL-Slicing/Transport - INFO - TRANSPORT_EVENT_MNGR: NO NEED TO PROCESS THIS EVENT.
2021-09-15 08:07:42,083 - PDL-Slicing/Transport - INFO - TRANSPORT_EVENT_MNGR: NO NEED TO PROCESS THIS EVENT.
2021-09-15 08:07:43,117 - PDL-Slicing/Transport - INFO - TRANSPORT_EVENT_MNGR: NO NEED TO PROCESS THIS EVENT.
2021-09-15 08:38:29,479 - PDL-Slicing/Transport - INFO - TRANSPORT_EVENT_MNGR: NO NEED TO PROCESS THIS EVENT.
2021-09-15 08:38:31,346 - PDL-Slicing/Transport - INFO - TRANSPORT_EVENT_MNGR: NO NEED TO PROCESS THIS EVENT.
2021-09-15 08:42:53,781 - PDL-Slicing/Transport - INFO - TRANSPORT_EVENT_MNGR: NO NEED TO PROCESS THIS EVENT.
2021-09-15 08:42:54,866 - PDL-Slicing/Transport - INFO - TRANSPORT_EVENT_MNGR: NO NEED TO PROCESS THIS EVENT.
2021-09-15 08:47:16,675 - PDL-Slicing/Transport - INFO - TRANSPORT_EVENT_MNGR: NO NEED TO PROCESS THIS EVENT.
2021-09-15 08:47:17,959 - PDL-Slicing/Transport - INFO - TRANSPORT_EVENT_MNGR: NO NEED TO PROCESS THIS EVENT.
2021-09-15 08:47:48,352 - PDL-Slicing/Transport - INFO - TRANSPORT_EVENT_MNGR: NO NEED TO PROCESS THIS EVENT.
2021-09-15 08:47:49,363 - PDL-Slicing/Transport - INFO - TRANSPORT_EVENT_MNGR: NO NEED TO PROCESS THIS EVENT.
2021-09-15 09:02:07,883 - PDL-Slicing/Transport - INFO - TRANSPORT_EVENT_MNGR: NO NEED TO PROCESS THIS EVENT.
2021-09-15 09:02:10,000 - PDL-Slicing/Transport - INFO - TRANSPORT_EVENT_MNGR: NO NEED TO PROCESS THIS EVENT.
2021-09-15 09:04:28,089 - PDL-Slicing/Transport - INFO - TRANSPORT_EVENT_MNGR: NO NEED TO PROCESS THIS EVENT.
2021-09-15 09:04:29,340 - PDL-Slicing/Transport - INFO - TRANSPORT_EVENT_MNGR: NO NEED TO PROCESS THIS EVENT.
2021-09-15 09:11:39,565 - PDL-Slicing/Transport - INFO - TRANSPORT_EVENT_MNGR: NO NEED TO PROCESS THIS EVENT.
2021-09-15 09:11:40,815 - PDL-Slicing/Transport - INFO - TRANSPORT_EVENT_MNGR: NO NEED TO PROCESS THIS EVENT.
2021-09-15 09:11:55,961 - PDL-Slicing/Transport - INFO - TRANSPORT_EVENT_MNGR: NO NEED TO PROCESS THIS EVENT.
2021-09-15 09:11:56,973 - PDL-Slicing/Transport - INFO - TRANSPORT_EVENT_MNGR: NO NEED TO PROCESS THIS EVENT.
2021-09-15 09:20:11,491 - PDL-Slicing/Transport - INFO - TRANSPORT_EVENT_MNGR: NO NEED TO PROCESS THIS EVENT.
2021-09-15 09:20:12,520 - PDL-Slicing/Transport - INFO - TRANSPORT_EVENT_MNGR: NO NEED TO PROCESS THIS EVENT.
2021-09-15 09:24:41,634 - PDL-Slicing/Transport - INFO - TRANSPORT_EVENT_MNGR: NO NEED TO PROCESS THIS EVENT.
2021-09-15 09:24:42,704 - PDL-Slicing/Transport - INFO - TRANSPORT_EVENT_MNGR: NO NEED TO PROCESS THIS EVENT.
2021-09-15 09:29:26,859 - PDL-Slicing/Transport - INFO - TRANSPORT_EVENT_MNGR: NO NEED TO PROCESS THIS EVENT.
2021-09-15 09:29:28,213 - PDL-Slicing/Transport - INFO - TRANSPORT_EVENT_MNGR: EVENT TO CREATE A NEW CS
2021-09-15 09:29:28,217 - PDL-Slicing/Transport - INFO - TIME INSTANTIATE BLOCKCHAIN - dc16612e-3c28-4b2b-a84a-760943a3e678 - 2021-09-15 09:29:28.214459
2021-09-15 09:29:28,222 - PDL-Slicing/Transport - INFO - ORCH: Received request to deploy a local CS: dc16612e-3c28-4b2b-a84a-760943a3e678
2021-09-15 09:29:28,222 - PDL-Slicing/Transport - INFO - SDN_MAPPER: Arrived a requests to deploy a local CS.
2021-09-15 09:29:28,222 - PDL-Slicing/Transport - INFO - SDN_MAPPER: CS information: {'uuid': 'dc16612e-3c28-4b2b-a84a-760943a3e678', 'context-uuid': '0bd7908e-c22b-574d-8bba-396d060e2611', 'address-owner': '0x30c38EDdF86153d020eF5E04066758DcE20C7D29', 'status': 'INSTANTIATING', 'sip-source': 'c2f1950f-f2bb-59bc-9729-0f2b75186ad6', 'sip-destination': '0ef74f99-1acc-57bd-ab9d-4b958b06c513', 'internal-links': []} / Capacity: {'value': 600, 'unit': 'GHz'}/ Spectrum: {'lower-frequency': 192225000, 'upper-frequency': 192825000}
2021-09-15 09:29:28,474 - PDL-Slicing/Transport - INFO - Added local CS element.
2021-09-15 09:29:29,697 - PDL-Slicing/Transport - INFO - TRANSPORT_EVENT_MNGR: NO NEED TO PROCESS THIS EVENT.
2021-09-15 09:29:30,260 - PDL-Slicing/Transport - INFO - BLOCKCHAIN_MAPPER: COST DEPLOY_CS Update - 217674 - 498
2021-09-15 09:29:30,724 - PDL-Slicing/Transport - INFO - TRANSPORT_EVENT_MNGR: NO NEED TO PROCESS THIS EVENT.
2021-09-15 09:32:47,582 - PDL-Slicing/Transport - INFO - TRANSPORT_EVENT_MNGR: NO NEED TO PROCESS THIS EVENT.
2021-09-15 09:32:48,647 - PDL-Slicing/Transport - INFO - TRANSPORT_EVENT_MNGR: EVENT TO TERMINATE A CS
2021-09-15 09:32:48,649 - PDL-Slicing/Transport - INFO - TIME TERMINATE BLOCKCHAIN - dc16612e-3c28-4b2b-a84a-760943a3e678 - 2021-09-15 09:32:48.649215
2021-09-15 09:32:48,653 - PDL-Slicing/Transport - INFO - ORCH: Received request to terminate a local CS: dc16612e-3c28-4b2b-a84a-760943a3e678
2021-09-15 09:32:48,654 - PDL-Slicing/Transport - INFO - SDN_MAPPER: Arrived a requests to terminate a local CS: dc16612e-3c28-4b2b-a84a-760943a3e678
2021-09-15 09:32:48,904 - PDL-Slicing/Transport - INFO - Added local CS element.
2021-09-15 09:32:49,522 - PDL-Slicing/Transport - INFO - BLOCKCHAIN_MAPPER: COST TERMINATE_CS Update - 46242 - {'uuid': 'dc16612e-3c28-4b2b-a84a-760943a3e678', 'owner': '0x30c38EDdF86153d020eF5E04066758DcE20C7D29', 'status': 'TERMINATED'}
2021-09-15 09:32:49,687 - PDL-Slicing/Transport - INFO - TRANSPORT_EVENT_MNGR: NO NEED TO PROCESS THIS EVENT.
2021-09-15 09:32:49,700 - PDL-Slicing/Transport - INFO - TRANSPORT_EVENT_MNGR: NO NEED TO PROCESS THIS EVENT.
2021-09-15 09:45:35,724 - PDL-Slicing/Transport - INFO - TRANSPORT_EVENT_MNGR: NO NEED TO PROCESS THIS EVENT.
2021-09-15 09:45:37,855 - PDL-Slicing/Transport - INFO - TRANSPORT_EVENT_MNGR: NO NEED TO PROCESS THIS EVENT.
2021-09-15 09:49:22,942 - PDL-Slicing/Transport - INFO - TRANSPORT_EVENT_MNGR: EVENT TO CREATE A NEW CS
2021-09-15 09:49:22,944 - PDL-Slicing/Transport - INFO - TIME INSTANTIATE BLOCKCHAIN - abdd868f-589e-4e9d-b33e-125980e878b4 - 2021-09-15 09:49:22.944168
2021-09-15 09:49:22,944 - PDL-Slicing/Transport - INFO - ORCH: Received request to deploy a local CS: abdd868f-589e-4e9d-b33e-125980e878b4
2021-09-15 09:49:22,944 - PDL-Slicing/Transport - INFO - SDN_MAPPER: Arrived a requests to deploy a local CS.
2021-09-15 09:49:22,944 - PDL-Slicing/Transport - INFO - SDN_MAPPER: CS information: {'uuid': 'abdd868f-589e-4e9d-b33e-125980e878b4', 'context-uuid': '0bd7908e-c22b-574d-8bba-396d060e2611', 'address-owner': '0x30c38EDdF86153d020eF5E04066758DcE20C7D29', 'status': 'INSTANTIATING', 'sip-source': 'e9f2cd83-622f-5693-a3ea-edda0238f675', 'sip-destination': 'aade6001-f00b-5e2f-a357-6a0a9d3de870', 'internal-links': ['74b475ce-d473-517f-bb77-be4c7499afb1', '6e576b11-cafa-5ca7-a79a-ba013f523900']} / Capacity: {'value': 75, 'unit': 'GHz'}/ Spectrum: {'lower-frequency': 192525000, 'upper-frequency': 192600000}
2021-09-15 09:49:23,195 - PDL-Slicing/Transport - INFO - Added local CS element.
2021-09-15 09:49:24,174 - PDL-Slicing/Transport - INFO - TRANSPORT_EVENT_MNGR: NO NEED TO PROCESS THIS EVENT.
2021-09-15 09:49:24,177 - PDL-Slicing/Transport - INFO - BLOCKCHAIN_MAPPER: COST DEPLOY_CS Update - 231273 - 575
2021-09-15 09:50:04,556 - PDL-Slicing/Transport - INFO - TRANSPORT_EVENT_MNGR: NO NEED TO PROCESS THIS EVENT.
2021-09-15 09:50:05,573 - PDL-Slicing/Transport - INFO - TRANSPORT_EVENT_MNGR: NO NEED TO PROCESS THIS EVENT.
2021-09-15 10:08:17,055 - PDL-Slicing/Transport - INFO - TRANSPORT_EVENT_MNGR: EVENT TO TERMINATE A CS
2021-09-15 10:08:17,056 - PDL-Slicing/Transport - INFO - TIME TERMINATE BLOCKCHAIN - abdd868f-589e-4e9d-b33e-125980e878b4 - 2021-09-15 10:08:17.056538
2021-09-15 10:08:17,064 - PDL-Slicing/Transport - INFO - ORCH: Received request to terminate a local CS: abdd868f-589e-4e9d-b33e-125980e878b4
2021-09-15 10:08:17,064 - PDL-Slicing/Transport - INFO - SDN_MAPPER: Arrived a requests to terminate a local CS: abdd868f-589e-4e9d-b33e-125980e878b4
2021-09-15 10:08:17,315 - PDL-Slicing/Transport - INFO - Added local CS element.
2021-09-15 10:08:17,827 - PDL-Slicing/Transport - INFO - BLOCKCHAIN_MAPPER: COST TERMINATE_CS Update - 46242 - {'uuid': 'abdd868f-589e-4e9d-b33e-125980e878b4', 'owner': '0x30c38EDdF86153d020eF5E04066758DcE20C7D29', 'status': 'TERMINATED'}
2021-09-15 10:08:18,131 - PDL-Slicing/Transport - INFO - TRANSPORT_EVENT_MNGR: NO NEED TO PROCESS THIS EVENT.
2021-09-15 10:13:11,729 - PDL-Slicing/Transport - INFO - TRANSPORT_EVENT_MNGR: NO NEED TO PROCESS THIS EVENT.
2021-09-15 10:13:13,163 - PDL-Slicing/Transport - INFO - TRANSPORT_EVENT_MNGR: NO NEED TO PROCESS THIS EVENT.
2021-09-15 10:16:34,616 - PDL-Slicing/Transport - INFO - TRANSPORT_EVENT_MNGR: NO NEED TO PROCESS THIS EVENT.
2021-09-15 10:16:35,636 - PDL-Slicing/Transport - INFO - TRANSPORT_EVENT_MNGR: NO NEED TO PROCESS THIS EVENT.
2021-09-15 10:58:54,415 - PDL-Slicing/Transport - INFO - TRANSPORT_EVENT_MNGR: NO NEED TO PROCESS THIS EVENT.
2021-09-15 10:58:56,578 - PDL-Slicing/Transport - INFO - TRANSPORT_EVENT_MNGR: NO NEED TO PROCESS THIS EVENT.
2021-09-15 10:59:56,960 - PDL-Slicing/Transport - INFO - TRANSPORT_EVENT_MNGR: NO NEED TO PROCESS THIS EVENT.
2021-09-15 10:59:58,092 - PDL-Slicing/Transport - INFO - TRANSPORT_EVENT_MNGR: NO NEED TO PROCESS THIS EVENT.
2021-09-15 11:00:35,548 - PDL-Slicing/Transport - INFO - TRANSPORT_EVENT_MNGR: NO NEED TO PROCESS THIS EVENT.
2021-09-15 11:00:36,561 - PDL-Slicing/Transport - INFO - TRANSPORT_EVENT_MNGR: NO NEED TO PROCESS THIS EVENT.
2021-09-15 11:22:22,575 - PDL-Slicing/Transport - INFO - TRANSPORT_EVENT_MNGR: NO NEED TO PROCESS THIS EVENT.
2021-09-15 11:22:23,597 - PDL-Slicing/Transport - INFO - TRANSPORT_EVENT_MNGR: NO NEED TO PROCESS THIS EVENT.
2021-09-15 11:34:05,708 - PDL-Slicing/Transport - INFO - TRANSPORT_EVENT_MNGR: NO NEED TO PROCESS THIS EVENT.
2021-09-15 11:34:07,818 - PDL-Slicing/Transport - INFO - TRANSPORT_EVENT_MNGR: NO NEED TO PROCESS THIS EVENT.
2021-09-15 11:36:22,198 - PDL-Slicing/Transport - INFO - TRANSPORT_EVENT_MNGR: NO NEED TO PROCESS THIS EVENT.
2021-09-15 11:36:24,224 - PDL-Slicing/Transport - INFO - TRANSPORT_EVENT_MNGR: NO NEED TO PROCESS THIS EVENT.
2021-09-15 11:40:23,752 - PDL-Slicing/Transport - INFO - TRANSPORT_EVENT_MNGR: NO NEED TO PROCESS THIS EVENT.
2021-09-15 11:40:24,864 - PDL-Slicing/Transport - INFO - TRANSPORT_EVENT_MNGR: NO NEED TO PROCESS THIS EVENT.
2021-09-15 11:54:11,414 - PDL-Slicing/Transport - INFO - TRANSPORT_EVENT_MNGR: NO NEED TO PROCESS THIS EVENT.
2021-09-15 11:54:12,693 - PDL-Slicing/Transport - INFO - TRANSPORT_EVENT_MNGR: NO NEED TO PROCESS THIS EVENT.
2021-09-15 11:59:56,296 - PDL-Slicing/Transport - INFO - TRANSPORT_EVENT_MNGR: NO NEED TO PROCESS THIS EVENT.
2021-09-15 11:59:57,741 - PDL-Slicing/Transport - INFO - TRANSPORT_EVENT_MNGR: NO NEED TO PROCESS THIS EVENT.
2021-09-15 12:01:21,493 - PDL-Slicing/Transport - INFO - TRANSPORT_EVENT_MNGR: NO NEED TO PROCESS THIS EVENT.
2021-09-15 12:01:22,503 - PDL-Slicing/Transport - INFO - TRANSPORT_EVENT_MNGR: NO NEED TO PROCESS THIS EVENT.
2021-09-15 12:02:58,752 - PDL-Slicing/Transport - INFO - TRANSPORT_EVENT_MNGR: NO NEED TO PROCESS THIS EVENT.
2021-09-15 12:02:59,766 - PDL-Slicing/Transport - INFO - TRANSPORT_EVENT_MNGR: NO NEED TO PROCESS THIS EVENT.
2021-09-15 12:14:17,022 - PDL-Slicing/Transport - INFO - TRANSPORT_EVENT_MNGR: NO NEED TO PROCESS THIS EVENT.
2021-09-15 12:14:18,032 - PDL-Slicing/Transport - INFO - TRANSPORT_EVENT_MNGR: NO NEED TO PROCESS THIS EVENT.
2021-09-15 12:19:29,856 - PDL-Slicing/Transport - INFO - TRANSPORT_EVENT_MNGR: EVENT TO CREATE A NEW CS
2021-09-15 12:19:29,859 - PDL-Slicing/Transport - INFO - TIME INSTANTIATE BLOCKCHAIN - 2f1a2feb-3188-4c9f-98d1-69a8fc92b72b - 2021-09-15 12:19:29.859301
2021-09-15 12:19:29,869 - PDL-Slicing/Transport - INFO - ORCH: Received request to deploy a local CS: 2f1a2feb-3188-4c9f-98d1-69a8fc92b72b
2021-09-15 12:19:29,870 - PDL-Slicing/Transport - INFO - SDN_MAPPER: Arrived a requests to deploy a local CS.
2021-09-15 12:19:29,870 - PDL-Slicing/Transport - INFO - SDN_MAPPER: CS information: {'uuid': '2f1a2feb-3188-4c9f-98d1-69a8fc92b72b', 'context-uuid': '0bd7908e-c22b-574d-8bba-396d060e2611', 'address-owner': '0x30c38EDdF86153d020eF5E04066758DcE20C7D29', 'status': 'INSTANTIATING', 'sip-source': '5604afdd-e2c2-548b-badb-d6deb2163b1a', 'sip-destination': 'eb287d83-f05e-53ec-ab5a-adf6bd2b5418', 'internal-links': []} / Capacity: {'value': 225, 'unit': 'GHz'}/ Spectrum: {'lower-frequency': 192600000, 'upper-frequency': 192825000}
2021-09-15 12:19:30,120 - PDL-Slicing/Transport - INFO - Added local CS element.
2021-09-15 12:19:31,787 - PDL-Slicing/Transport - INFO - TRANSPORT_EVENT_MNGR: NO NEED TO PROCESS THIS EVENT.
2021-09-15 12:19:32,044 - PDL-Slicing/Transport - INFO - BLOCKCHAIN_MAPPER: COST DEPLOY_CS Update - 217674 - 498
2021-09-15 12:20:08,960 - PDL-Slicing/Transport - INFO - TRANSPORT_EVENT_MNGR: EVENT TO TERMINATE A CS
2021-09-15 12:20:08,971 - PDL-Slicing/Transport - INFO - TIME TERMINATE BLOCKCHAIN - 2f1a2feb-3188-4c9f-98d1-69a8fc92b72b - 2021-09-15 12:20:08.971751
2021-09-15 12:20:08,980 - PDL-Slicing/Transport - INFO - ORCH: Received request to terminate a local CS: 2f1a2feb-3188-4c9f-98d1-69a8fc92b72b
2021-09-15 12:20:08,980 - PDL-Slicing/Transport - INFO - SDN_MAPPER: Arrived a requests to terminate a local CS: 2f1a2feb-3188-4c9f-98d1-69a8fc92b72b
2021-09-15 12:20:09,230 - PDL-Slicing/Transport - INFO - Added local CS element.
2021-09-15 12:20:09,843 - PDL-Slicing/Transport - INFO - BLOCKCHAIN_MAPPER: COST TERMINATE_CS Update - 46242 - {'uuid': '2f1a2feb-3188-4c9f-98d1-69a8fc92b72b', 'owner': '0x30c38EDdF86153d020eF5E04066758DcE20C7D29', 'status': 'TERMINATED'}
2021-09-15 12:20:10,109 - PDL-Slicing/Transport - INFO - TRANSPORT_EVENT_MNGR: NO NEED TO PROCESS THIS EVENT.
2021-09-15 12:24:49,081 - PDL-Slicing/Transport - INFO - TRANSPORT_EVENT_MNGR: NO NEED TO PROCESS THIS EVENT.
2021-09-15 12:24:50,500 - PDL-Slicing/Transport - INFO - TRANSPORT_EVENT_MNGR: EVENT TO CREATE A NEW CS
2021-09-15 12:24:50,507 - PDL-Slicing/Transport - INFO - TIME INSTANTIATE BLOCKCHAIN - 5957edec-0594-439e-8789-5159f17a1f71 - 2021-09-15 12:24:50.507806
2021-09-15 12:24:50,512 - PDL-Slicing/Transport - INFO - ORCH: Received request to deploy a local CS: 5957edec-0594-439e-8789-5159f17a1f71
2021-09-15 12:24:50,513 - PDL-Slicing/Transport - INFO - SDN_MAPPER: Arrived a requests to deploy a local CS.
2021-09-15 12:24:50,513 - PDL-Slicing/Transport - INFO - SDN_MAPPER: CS information: {'uuid': '5957edec-0594-439e-8789-5159f17a1f71', 'context-uuid': '0bd7908e-c22b-574d-8bba-396d060e2611', 'address-owner': '0x30c38EDdF86153d020eF5E04066758DcE20C7D29', 'status': 'INSTANTIATING', 'sip-source': '9856cf93-77b5-5d36-9160-54c97f6a9445', 'sip-destination': 'aade6001-f00b-5e2f-a357-6a0a9d3de870', 'internal-links': ['6e576b11-cafa-5ca7-a79a-ba013f523900']} / Capacity: {'value': 225, 'unit': 'GHz'}/ Spectrum: {'lower-frequency': 193200000, 'upper-frequency': 193425000}
2021-09-15 12:24:50,763 - PDL-Slicing/Transport - INFO - Added local CS element.
2021-09-15 12:24:51,802 - PDL-Slicing/Transport - INFO - TRANSPORT_EVENT_MNGR: NO NEED TO PROCESS THIS EVENT.
2021-09-15 12:24:52,243 - PDL-Slicing/Transport - INFO - BLOCKCHAIN_MAPPER: COST DEPLOY_CS Update - 224473 - 536
2021-09-15 12:24:53,032 - PDL-Slicing/Transport - INFO - TRANSPORT_EVENT_MNGR: NO NEED TO PROCESS THIS EVENT.
2021-09-15 12:26:47,401 - PDL-Slicing/Transport - INFO - TRANSPORT_EVENT_MNGR: NO NEED TO PROCESS THIS EVENT.
2021-09-15 12:26:48,503 - PDL-Slicing/Transport - INFO - TRANSPORT_EVENT_MNGR: NO NEED TO PROCESS THIS EVENT.
2021-09-15 12:27:33,245 - PDL-Slicing/Transport - INFO - TRANSPORT_EVENT_MNGR: NO NEED TO PROCESS THIS EVENT.
2021-09-15 12:27:33,267 - PDL-Slicing/Transport - INFO - TRANSPORT_EVENT_MNGR: EVENT TO TERMINATE A CS
2021-09-15 12:27:33,268 - PDL-Slicing/Transport - INFO - TIME TERMINATE BLOCKCHAIN - 5957edec-0594-439e-8789-5159f17a1f71 - 2021-09-15 12:27:33.268974
2021-09-15 12:27:33,270 - PDL-Slicing/Transport - INFO - ORCH: Received request to terminate a local CS: 5957edec-0594-439e-8789-5159f17a1f71
2021-09-15 12:27:33,270 - PDL-Slicing/Transport - INFO - SDN_MAPPER: Arrived a requests to terminate a local CS: 5957edec-0594-439e-8789-5159f17a1f71
2021-09-15 12:27:33,520 - PDL-Slicing/Transport - INFO - Added local CS element.
2021-09-15 12:27:34,176 - PDL-Slicing/Transport - INFO - BLOCKCHAIN_MAPPER: COST TERMINATE_CS Update - 46242 - {'uuid': '5957edec-0594-439e-8789-5159f17a1f71', 'owner': '0x30c38EDdF86153d020eF5E04066758DcE20C7D29', 'status': 'TERMINATED'}
2021-09-15 12:27:34,299 - PDL-Slicing/Transport - INFO - TRANSPORT_EVENT_MNGR: NO NEED TO PROCESS THIS EVENT.
2021-09-15 12:27:34,301 - PDL-Slicing/Transport - INFO - TRANSPORT_EVENT_MNGR: NO NEED TO PROCESS THIS EVENT.
2021-09-15 12:46:35,303 - PDL-Slicing/Transport - INFO - TRANSPORT_EVENT_MNGR: NO NEED TO PROCESS THIS EVENT.
2021-09-15 12:46:36,341 - PDL-Slicing/Transport - INFO - TRANSPORT_EVENT_MNGR: NO NEED TO PROCESS THIS EVENT.
2021-09-15 13:19:43,964 - PDL-Slicing/Transport - INFO - TRANSPORT_EVENT_MNGR: NO NEED TO PROCESS THIS EVENT.
2021-09-15 13:19:45,301 - PDL-Slicing/Transport - INFO - TRANSPORT_EVENT_MNGR: EVENT TO CREATE A NEW CS
2021-09-15 13:19:45,305 - PDL-Slicing/Transport - INFO - TIME INSTANTIATE BLOCKCHAIN - 5c8a9984-133b-4582-b306-704055068dde - 2021-09-15 13:19:45.305647
2021-09-15 13:19:45,314 - PDL-Slicing/Transport - INFO - ORCH: Received request to deploy a local CS: 5c8a9984-133b-4582-b306-704055068dde
2021-09-15 13:19:45,315 - PDL-Slicing/Transport - INFO - SDN_MAPPER: Arrived a requests to deploy a local CS.
2021-09-15 13:19:45,315 - PDL-Slicing/Transport - INFO - SDN_MAPPER: CS information: {'uuid': '5c8a9984-133b-4582-b306-704055068dde', 'context-uuid': '0bd7908e-c22b-574d-8bba-396d060e2611', 'address-owner': '0x30c38EDdF86153d020eF5E04066758DcE20C7D29', 'status': 'INSTANTIATING', 'sip-source': 'c592dd27-ea8a-5485-a76f-309bff357e35', 'sip-destination': '0ef74f99-1acc-57bd-ab9d-4b958b06c513', 'internal-links': []} / Capacity: {'value': 225, 'unit': 'GHz'}/ Spectrum: {'lower-frequency': 193425000, 'upper-frequency': 193650000}
2021-09-15 13:19:45,565 - PDL-Slicing/Transport - INFO - Added local CS element.
2021-09-15 13:19:46,550 - PDL-Slicing/Transport - INFO - BLOCKCHAIN_MAPPER: COST DEPLOY_CS Update - 217674 - 498
2021-09-15 13:19:46,555 - PDL-Slicing/Transport - INFO - TRANSPORT_EVENT_MNGR: NO NEED TO PROCESS THIS EVENT.
2021-09-15 13:19:46,560 - PDL-Slicing/Transport - INFO - TRANSPORT_EVENT_MNGR: NO NEED TO PROCESS THIS EVENT.
2021-09-15 13:28:58,698 - PDL-Slicing/Transport - INFO - TRANSPORT_EVENT_MNGR: NO NEED TO PROCESS THIS EVENT.
2021-09-15 13:28:58,699 - PDL-Slicing/Transport - INFO - TRANSPORT_EVENT_MNGR: EVENT TO TERMINATE A CS
2021-09-15 13:28:58,700 - PDL-Slicing/Transport - INFO - TIME TERMINATE BLOCKCHAIN - 5c8a9984-133b-4582-b306-704055068dde - 2021-09-15 13:28:58.700410
2021-09-15 13:28:58,701 - PDL-Slicing/Transport - INFO - ORCH: Received request to terminate a local CS: 5c8a9984-133b-4582-b306-704055068dde
2021-09-15 13:28:58,701 - PDL-Slicing/Transport - INFO - SDN_MAPPER: Arrived a requests to terminate a local CS: 5c8a9984-133b-4582-b306-704055068dde
2021-09-15 13:28:58,952 - PDL-Slicing/Transport - INFO - Added local CS element.
2021-09-15 13:28:59,529 - PDL-Slicing/Transport - INFO - BLOCKCHAIN_MAPPER: COST TERMINATE_CS Update - 46242 - {'uuid': '5c8a9984-133b-4582-b306-704055068dde', 'owner': '0x30c38EDdF86153d020eF5E04066758DcE20C7D29', 'status': 'TERMINATED'}
2021-09-15 13:28:59,773 - PDL-Slicing/Transport - INFO - TRANSPORT_EVENT_MNGR: NO NEED TO PROCESS THIS EVENT.
2021-09-15 13:29:00,796 - PDL-Slicing/Transport - INFO - TRANSPORT_EVENT_MNGR: NO NEED TO PROCESS THIS EVENT.
2021-09-15 13:32:58,095 - PDL-Slicing/Transport - INFO - TRANSPORT_EVENT_MNGR: EVENT TO CREATE A NEW CS
2021-09-15 13:32:58,102 - PDL-Slicing/Transport - INFO - TIME INSTANTIATE BLOCKCHAIN - 3f4b73dc-0142-4624-bb97-6e6245a462dc - 2021-09-15 13:32:58.102142
2021-09-15 13:32:58,107 - PDL-Slicing/Transport - INFO - ORCH: Received request to deploy a local CS: 3f4b73dc-0142-4624-bb97-6e6245a462dc
2021-09-15 13:32:58,107 - PDL-Slicing/Transport - INFO - SDN_MAPPER: Arrived a requests to deploy a local CS.
2021-09-15 13:32:58,107 - PDL-Slicing/Transport - INFO - SDN_MAPPER: CS information: {'uuid': '3f4b73dc-0142-4624-bb97-6e6245a462dc', 'context-uuid': '0bd7908e-c22b-574d-8bba-396d060e2611', 'address-owner': '0x30c38EDdF86153d020eF5E04066758DcE20C7D29', 'status': 'INSTANTIATING', 'sip-source': 'bfda90f8-818d-5d3c-8406-32de277de6a1', 'sip-destination': 'aade6001-f00b-5e2f-a357-6a0a9d3de870', 'internal-links': ['74b475ce-d473-517f-bb77-be4c7499afb1', '6e576b11-cafa-5ca7-a79a-ba013f523900']} / Capacity: {'value': 450, 'unit': 'GHz'}/ Spectrum: {'lower-frequency': 192825000, 'upper-frequency': 193275000}
2021-09-15 13:32:58,359 - PDL-Slicing/Transport - INFO - Added local CS element.
2021-09-15 13:32:59,412 - PDL-Slicing/Transport - INFO - TRANSPORT_EVENT_MNGR: NO NEED TO PROCESS THIS EVENT.
2021-09-15 13:32:59,419 - PDL-Slicing/Transport - INFO - BLOCKCHAIN_MAPPER: COST DEPLOY_CS Update - 231285 - 576
2021-09-15 13:33:37,792 - PDL-Slicing/Transport - INFO - TRANSPORT_EVENT_MNGR: EVENT TO TERMINATE A CS
2021-09-15 13:33:37,796 - PDL-Slicing/Transport - INFO - TIME TERMINATE BLOCKCHAIN - 3f4b73dc-0142-4624-bb97-6e6245a462dc - 2021-09-15 13:33:37.796680
2021-09-15 13:33:37,804 - PDL-Slicing/Transport - INFO - ORCH: Received request to terminate a local CS: 3f4b73dc-0142-4624-bb97-6e6245a462dc
2021-09-15 13:33:37,804 - PDL-Slicing/Transport - INFO - SDN_MAPPER: Arrived a requests to terminate a local CS: 3f4b73dc-0142-4624-bb97-6e6245a462dc
2021-09-15 13:33:38,054 - PDL-Slicing/Transport - INFO - Added local CS element.
2021-09-15 13:33:38,465 - PDL-Slicing/Transport - INFO - BLOCKCHAIN_MAPPER: COST TERMINATE_CS Update - 46242 - {'uuid': '3f4b73dc-0142-4624-bb97-6e6245a462dc', 'owner': '0x30c38EDdF86153d020eF5E04066758DcE20C7D29', 'status': 'TERMINATED'}
2021-09-15 13:33:38,820 - PDL-Slicing/Transport - INFO - TRANSPORT_EVENT_MNGR: NO NEED TO PROCESS THIS EVENT.
2021-09-15 13:52:31,096 - PDL-Slicing/Transport - INFO - TRANSPORT_EVENT_MNGR: NO NEED TO PROCESS THIS EVENT.
2021-09-15 13:52:34,379 - PDL-Slicing/Transport - INFO - TRANSPORT_EVENT_MNGR: NO NEED TO PROCESS THIS EVENT.
2021-09-15 13:53:18,797 - PDL-Slicing/Transport - INFO - TRANSPORT_EVENT_MNGR: NO NEED TO PROCESS THIS EVENT.
2021-09-15 13:53:19,814 - PDL-Slicing/Transport - INFO - TRANSPORT_EVENT_MNGR: NO NEED TO PROCESS THIS EVENT.
2021-09-15 13:57:50,409 - PDL-Slicing/Transport - INFO - TRANSPORT_EVENT_MNGR: NO NEED TO PROCESS THIS EVENT.
2021-09-15 13:57:51,671 - PDL-Slicing/Transport - INFO - TRANSPORT_EVENT_MNGR: NO NEED TO PROCESS THIS EVENT.
2021-09-15 14:02:12,421 - PDL-Slicing/Transport - INFO - TRANSPORT_EVENT_MNGR: NO NEED TO PROCESS THIS EVENT.
2021-09-15 14:02:13,455 - PDL-Slicing/Transport - INFO - TRANSPORT_EVENT_MNGR: NO NEED TO PROCESS THIS EVENT.
2021-09-15 14:09:26,708 - PDL-Slicing/Transport - INFO - TRANSPORT_EVENT_MNGR: EVENT TO CREATE A NEW CS
2021-09-15 14:09:26,709 - PDL-Slicing/Transport - INFO - TIME INSTANTIATE BLOCKCHAIN - 90553a4a-09d5-4f3a-95c9-921ed2c830d8 - 2021-09-15 14:09:26.709247
2021-09-15 14:09:26,710 - PDL-Slicing/Transport - INFO - ORCH: Received request to deploy a local CS: 90553a4a-09d5-4f3a-95c9-921ed2c830d8
2021-09-15 14:09:26,710 - PDL-Slicing/Transport - INFO - SDN_MAPPER: Arrived a requests to deploy a local CS.
2021-09-15 14:09:26,711 - PDL-Slicing/Transport - INFO - SDN_MAPPER: CS information: {'uuid': '90553a4a-09d5-4f3a-95c9-921ed2c830d8', 'context-uuid': '0bd7908e-c22b-574d-8bba-396d060e2611', 'address-owner': '0x30c38EDdF86153d020eF5E04066758DcE20C7D29', 'status': 'INSTANTIATING', 'sip-source': '6f25bb11-2a8c-53b5-90f1-ffc7029b4456', 'sip-destination': '0ef74f99-1acc-57bd-ab9d-4b958b06c513', 'internal-links': ['74b475ce-d473-517f-bb77-be4c7499afb1']} / Capacity: {'value': 600, 'unit': 'GHz'}/ Spectrum: {'lower-frequency': 193275000, 'upper-frequency': 193875000}
2021-09-15 14:09:26,961 - PDL-Slicing/Transport - INFO - Added local CS element.
2021-09-15 14:09:28,183 - PDL-Slicing/Transport - INFO - BLOCKCHAIN_MAPPER: COST DEPLOY_CS Update - 224473 - 536
2021-09-15 14:09:28,871 - PDL-Slicing/Transport - INFO - TRANSPORT_EVENT_MNGR: NO NEED TO PROCESS THIS EVENT.
2021-09-15 14:14:02,441 - PDL-Slicing/Transport - INFO - TRANSPORT_EVENT_MNGR: EVENT TO TERMINATE A CS
2021-09-15 14:14:02,471 - PDL-Slicing/Transport - INFO - TIME TERMINATE BLOCKCHAIN - 90553a4a-09d5-4f3a-95c9-921ed2c830d8 - 2021-09-15 14:14:02.471174
2021-09-15 14:14:02,475 - PDL-Slicing/Transport - INFO - ORCH: Received request to terminate a local CS: 90553a4a-09d5-4f3a-95c9-921ed2c830d8
2021-09-15 14:14:02,475 - PDL-Slicing/Transport - INFO - SDN_MAPPER: Arrived a requests to terminate a local CS: 90553a4a-09d5-4f3a-95c9-921ed2c830d8
2021-09-15 14:14:02,726 - PDL-Slicing/Transport - INFO - Added local CS element.
2021-09-15 14:14:03,151 - PDL-Slicing/Transport - INFO - BLOCKCHAIN_MAPPER: COST TERMINATE_CS Update - 46242 - {'uuid': '90553a4a-09d5-4f3a-95c9-921ed2c830d8', 'owner': '0x30c38EDdF86153d020eF5E04066758DcE20C7D29', 'status': 'TERMINATED'}
2021-09-15 14:14:03,505 - PDL-Slicing/Transport - INFO - TRANSPORT_EVENT_MNGR: NO NEED TO PROCESS THIS EVENT.
